10:04:15.022 [main] INFO org.keysupport.api.pkix.cache.DownloadAndVerifyAllPlaybookCRLs - CMS object is 239569 bytes in size
10:04:15.031 [main] INFO org.keysupport.api.pkix.cache.DownloadAndVerifyAllPlaybookCRLs - CMS object contains 150 certificates
10:04:15.031 [main] INFO org.keysupport.api.pkix.cache.DownloadAndVerifyAllPlaybookCRLs - CMS Cert: CN=Boeing PCA G3,OU=certservers,O=Boeing,C=US
10:04:15.031 [main] INFO org.keysupport.api.pkix.cache.DownloadAndVerifyAllPlaybookCRLs - CMS Cert: CN=Bureau of the Census Agency CA,OU=Department of Commerce,O=U.S. Government,C=US
10:04:15.031 [main] INFO org.keysupport.api.pkix.cache.DownloadAndVerifyAllPlaybookCRLs - CMS Cert: CN=Carillon Federal Services PIV-I CA1,OU=Certification Authorities,O=Carillon Federal Services Inc.,C=US
10:04:15.032 [main] INFO org.keysupport.api.pkix.cache.DownloadAndVerifyAllPlaybookCRLs - CMS Cert: CN=Carillon Federal Services PIV-I CA2,OU=Certification Authorities,O=Carillon Federal Services Inc.,C=US
10:04:15.032 [main] INFO org.keysupport.api.pkix.cache.DownloadAndVerifyAllPlaybookCRLs - CMS Cert: CN=Carillon PKI Services G2 Root CA 2,OU=Certification Authorities,O=Carillon Information Security Inc.,C=CA
10:04:15.032 [main] INFO org.keysupport.api.pkix.cache.DownloadAndVerifyAllPlaybookCRLs - CMS Cert: CN=CertiPath Bridge CA - G3,OU=Certification Authorities,O=CertiPath,C=US
10:04:15.032 [main] INFO org.keysupport.api.pkix.cache.DownloadAndVerifyAllPlaybookCRLs - CMS Cert: CN=CertiPath Bridge CA - G3,OU=Certification Authorities,O=CertiPath,C=US
10:04:15.032 [main] INFO org.keysupport.api.pkix.cache.DownloadAndVerifyAllPlaybookCRLs - CMS Cert: CN=CertiPath Bridge CA - G3,OU=Certification Authorities,O=CertiPath,C=US
10:04:15.032 [main] INFO org.keysupport.api.pkix.cache.DownloadAndVerifyAllPlaybookCRLs - CMS Cert: CN=CertiPath Bridge CA - G3,OU=Certification Authorities,O=CertiPath,C=US
10:04:15.032 [main] INFO org.keysupport.api.pkix.cache.DownloadAndVerifyAllPlaybookCRLs - CMS Cert: CN=DigiCert Class 3 SSP Intermediate CA - G4,O=DigiCert\, Inc.,C=US
10:04:15.032 [main] INFO org.keysupport.api.pkix.cache.DownloadAndVerifyAllPlaybookCRLs - CMS Cert: CN=DigiCert Federal SSP Intermediate CA - G5,O=DigiCert\, Inc.,C=US
10:04:15.033 [main] INFO org.keysupport.api.pkix.cache.DownloadAndVerifyAllPlaybookCRLs - CMS Cert: CN=DigiCert Federal SSP Intermediate CA - G6,O=DigiCert\, Inc.,C=US
10:04:15.033 [main] INFO org.keysupport.api.pkix.cache.DownloadAndVerifyAllPlaybookCRLs - CMS Cert: CN=DigiCert Federated ID CA - G2,O=DigiCert\, Inc.,C=US
10:04:15.033 [main] INFO org.keysupport.api.pkix.cache.DownloadAndVerifyAllPlaybookCRLs - CMS Cert: CN=DigiCert Federated ID L3 CA,OU=www.digicert.com,O=DigiCert Inc,C=US
10:04:15.033 [main] INFO org.keysupport.api.pkix.cache.DownloadAndVerifyAllPlaybookCRLs - CMS Cert: CN=DocuSign Root CA,OU=TSCP,O=DocuSign Inc.,C=US
10:04:15.033 [main] INFO org.keysupport.api.pkix.cache.DownloadAndVerifyAllPlaybookCRLs - CMS Cert: CN=DOD DERILITY CA-1,OU=PKI,OU=DoD,O=U.S. Government,C=US
10:04:15.033 [main] INFO org.keysupport.api.pkix.cache.DownloadAndVerifyAllPlaybookCRLs - CMS Cert: CN=DOD EMAIL CA-49,OU=PKI,OU=DoD,O=U.S. Government,C=US
10:04:15.033 [main] INFO org.keysupport.api.pkix.cache.DownloadAndVerifyAllPlaybookCRLs - CMS Cert: CN=DOD EMAIL CA-50,OU=PKI,OU=DoD,O=U.S. Government,C=US
10:04:15.033 [main] INFO org.keysupport.api.pkix.cache.DownloadAndVerifyAllPlaybookCRLs - CMS Cert: CN=DOD EMAIL CA-51,OU=PKI,OU=DoD,O=U.S. Government,C=US
10:04:15.033 [main] INFO org.keysupport.api.pkix.cache.DownloadAndVerifyAllPlaybookCRLs - CMS Cert: CN=DOD EMAIL CA-52,OU=PKI,OU=DoD,O=U.S. Government,C=US
10:04:15.033 [main] INFO org.keysupport.api.pkix.cache.DownloadAndVerifyAllPlaybookCRLs - CMS Cert: CN=DOD EMAIL CA-59,OU=PKI,OU=DoD,O=U.S. Government,C=US
10:04:15.033 [main] INFO org.keysupport.api.pkix.cache.DownloadAndVerifyAllPlaybookCRLs - CMS Cert: CN=DOD EMAIL CA-62,OU=PKI,OU=DoD,O=U.S. Government,C=US
10:04:15.034 [main] INFO org.keysupport.api.pkix.cache.DownloadAndVerifyAllPlaybookCRLs - CMS Cert: CN=DOD EMAIL CA-63,OU=PKI,OU=DoD,O=U.S. Government,C=US
10:04:15.034 [main] INFO org.keysupport.api.pkix.cache.DownloadAndVerifyAllPlaybookCRLs - CMS Cert: CN=DOD EMAIL CA-64,OU=PKI,OU=DoD,O=U.S. Government,C=US
10:04:15.034 [main] INFO org.keysupport.api.pkix.cache.DownloadAndVerifyAllPlaybookCRLs - CMS Cert: CN=DOD EMAIL CA-65,OU=PKI,OU=DoD,O=U.S. Government,C=US
10:04:15.034 [main] INFO org.keysupport.api.pkix.cache.DownloadAndVerifyAllPlaybookCRLs - CMS Cert: CN=DOD ID CA-49,OU=PKI,OU=DoD,O=U.S. Government,C=US
10:04:15.034 [main] INFO org.keysupport.api.pkix.cache.DownloadAndVerifyAllPlaybookCRLs - CMS Cert: CN=DOD ID CA-50,OU=PKI,OU=DoD,O=U.S. Government,C=US
10:04:15.034 [main] INFO org.keysupport.api.pkix.cache.DownloadAndVerifyAllPlaybookCRLs - CMS Cert: CN=DOD ID CA-51,OU=PKI,OU=DoD,O=U.S. Government,C=US
10:04:15.034 [main] INFO org.keysupport.api.pkix.cache.DownloadAndVerifyAllPlaybookCRLs - CMS Cert: CN=DOD ID CA-52,OU=PKI,OU=DoD,O=U.S. Government,C=US
10:04:15.034 [main] INFO org.keysupport.api.pkix.cache.DownloadAndVerifyAllPlaybookCRLs - CMS Cert: CN=DOD ID CA-59,OU=PKI,OU=DoD,O=U.S. Government,C=US
10:04:15.034 [main] INFO org.keysupport.api.pkix.cache.DownloadAndVerifyAllPlaybookCRLs - CMS Cert: CN=DOD ID CA-62,OU=PKI,OU=DoD,O=U.S. Government,C=US
10:04:15.034 [main] INFO org.keysupport.api.pkix.cache.DownloadAndVerifyAllPlaybookCRLs - CMS Cert: CN=DOD ID CA-63,OU=PKI,OU=DoD,O=U.S. Government,C=US
10:04:15.035 [main] INFO org.keysupport.api.pkix.cache.DownloadAndVerifyAllPlaybookCRLs - CMS Cert: CN=DOD ID CA-64,OU=PKI,OU=DoD,O=U.S. Government,C=US
10:04:15.035 [main] INFO org.keysupport.api.pkix.cache.DownloadAndVerifyAllPlaybookCRLs - CMS Cert: CN=DOD ID CA-65,OU=PKI,OU=DoD,O=U.S. Government,C=US
10:04:15.035 [main] INFO org.keysupport.api.pkix.cache.DownloadAndVerifyAllPlaybookCRLs - CMS Cert: CN=DoD Interoperability Root CA 2,OU=PKI,OU=DoD,O=U.S. Government,C=US
10:04:15.035 [main] INFO org.keysupport.api.pkix.cache.DownloadAndVerifyAllPlaybookCRLs - CMS Cert: CN=DoD Root CA 3,OU=PKI,OU=DoD,O=U.S. Government,C=US
10:04:15.035 [main] INFO org.keysupport.api.pkix.cache.DownloadAndVerifyAllPlaybookCRLs - CMS Cert: CN=DOD SW CA-53,OU=PKI,OU=DoD,O=U.S. Government,C=US
10:04:15.035 [main] INFO org.keysupport.api.pkix.cache.DownloadAndVerifyAllPlaybookCRLs - CMS Cert: CN=DOD SW CA-54,OU=PKI,OU=DoD,O=U.S. Government,C=US
10:04:15.035 [main] INFO org.keysupport.api.pkix.cache.DownloadAndVerifyAllPlaybookCRLs - CMS Cert: CN=DOD SW CA-60,OU=PKI,OU=DoD,O=U.S. Government,C=US
10:04:15.035 [main] INFO org.keysupport.api.pkix.cache.DownloadAndVerifyAllPlaybookCRLs - CMS Cert: CN=DOD SW CA-66,OU=PKI,OU=DoD,O=U.S. Government,C=US
10:04:15.035 [main] INFO org.keysupport.api.pkix.cache.DownloadAndVerifyAllPlaybookCRLs - CMS Cert: CN=DOD SW CA-67,OU=PKI,OU=DoD,O=U.S. Government,C=US
10:04:15.035 [main] INFO org.keysupport.api.pkix.cache.DownloadAndVerifyAllPlaybookCRLs - CMS Cert: CN=DOE SSP CA,OU=Certification Authorities,OU=Department of Energy,O=U.S. Government,C=US
10:04:15.035 [main] INFO org.keysupport.api.pkix.cache.DownloadAndVerifyAllPlaybookCRLs - CMS Cert: CN=ECA Root CA 4,OU=ECA,O=U.S. Government,C=US
10:04:15.035 [main] INFO org.keysupport.api.pkix.cache.DownloadAndVerifyAllPlaybookCRLs - CMS Cert: CN=Eid Passport LRA 2 CA,OU=Eid Passport PIV-I LRA Network,O=Eid Passport\, Inc.,C=US
10:04:15.036 [main] INFO org.keysupport.api.pkix.cache.DownloadAndVerifyAllPlaybookCRLs - CMS Cert: CN=Eid Passport LRA CA 3,OU=RAPIDGate PIV Interoperable LRA,O=Eid Passport\, Inc.,C=US
10:04:15.036 [main] INFO org.keysupport.api.pkix.cache.DownloadAndVerifyAllPlaybookCRLs - CMS Cert: CN=Entrust Derived Credential SSP CA,OU=Certification Authorities,O=Entrust,C=US
10:04:15.036 [main] INFO org.keysupport.api.pkix.cache.DownloadAndVerifyAllPlaybookCRLs - CMS Cert: CN=Entrust Derived Credential SSP CA,OU=Certification Authorities,O=Entrust,C=US
10:04:15.036 [main] INFO org.keysupport.api.pkix.cache.DownloadAndVerifyAllPlaybookCRLs - CMS Cert: CN=Exostar Digital Certificate Service Signing CA 1,O=Exostar UK Limited,C=GB
10:04:15.036 [main] INFO org.keysupport.api.pkix.cache.DownloadAndVerifyAllPlaybookCRLs - CMS Cert: CN=Exostar Federated Identity Service Root CA 2,OU=Certification Authorities,O=Exostar LLC,C=US
10:04:15.036 [main] INFO org.keysupport.api.pkix.cache.DownloadAndVerifyAllPlaybookCRLs - CMS Cert: CN=Exostar Federated Identity Service Signing CA 3,DC=evincible,DC=com
10:04:15.036 [main] INFO org.keysupport.api.pkix.cache.DownloadAndVerifyAllPlaybookCRLs - CMS Cert: CN=Exostar Federated Identity Service Signing CA 4,DC=evincible,DC=com
10:04:15.036 [main] INFO org.keysupport.api.pkix.cache.DownloadAndVerifyAllPlaybookCRLs - CMS Cert: CN=Federal Bridge CA G4,OU=FPKI,O=U.S. Government,C=US
10:04:15.036 [main] INFO org.keysupport.api.pkix.cache.DownloadAndVerifyAllPlaybookCRLs - CMS Cert: CN=Federal Bridge CA G4,OU=FPKI,O=U.S. Government,C=US
10:04:15.036 [main] INFO org.keysupport.api.pkix.cache.DownloadAndVerifyAllPlaybookCRLs - CMS Cert: CN=Federal Bridge CA G4,OU=FPKI,O=U.S. Government,C=US
10:04:15.036 [main] INFO org.keysupport.api.pkix.cache.DownloadAndVerifyAllPlaybookCRLs - CMS Cert: CN=Federal Bridge CA G4,OU=FPKI,O=U.S. Government,C=US
10:04:15.036 [main] INFO org.keysupport.api.pkix.cache.DownloadAndVerifyAllPlaybookCRLs - CMS Cert: CN=Federal Bridge CA G4,OU=FPKI,O=U.S. Government,C=US
10:04:15.037 [main] INFO org.keysupport.api.pkix.cache.DownloadAndVerifyAllPlaybookCRLs - CMS Cert: CN=Federal Bridge CA G4,OU=FPKI,O=U.S. Government,C=US
10:04:15.037 [main] INFO org.keysupport.api.pkix.cache.DownloadAndVerifyAllPlaybookCRLs - CMS Cert: CN=Federal Common Policy CA G2,OU=FPKI,O=U.S. Government,C=US
10:04:15.037 [main] INFO org.keysupport.api.pkix.cache.DownloadAndVerifyAllPlaybookCRLs - CMS Cert: CN=Federal Common Policy CA G2,OU=FPKI,O=U.S. Government,C=US
10:04:15.037 [main] INFO org.keysupport.api.pkix.cache.DownloadAndVerifyAllPlaybookCRLs - CMS Cert: CN=FTI Certification Authority,OU=FTI PKI Trust Infrastructure,O=Foundation for Trusted Identity,C=US
10:04:15.037 [main] INFO org.keysupport.api.pkix.cache.DownloadAndVerifyAllPlaybookCRLs - CMS Cert: CN=HHS-FPKI-Intermediate-CA-E1,OU=Certification Authorities,OU=HHS,O=U.S. Government,C=US
10:04:15.037 [main] INFO org.keysupport.api.pkix.cache.DownloadAndVerifyAllPlaybookCRLs - CMS Cert: CN=HHS-FPKI-Intermediate-CA-E1,OU=Certification Authorities,OU=HHS,O=U.S. Government,C=US
10:04:15.037 [main] INFO org.keysupport.api.pkix.cache.DownloadAndVerifyAllPlaybookCRLs - CMS Cert: CN=IdenTrust ECA Component S23,OU=Certification Authorities,OU=ECA,O=U.S. Government,C=US
10:04:15.037 [main] INFO org.keysupport.api.pkix.cache.DownloadAndVerifyAllPlaybookCRLs - CMS Cert: CN=IdenTrust ECA S22,OU=Certification Authorities,OU=ECA,O=U.S. Government,C=US
10:04:15.037 [main] INFO org.keysupport.api.pkix.cache.DownloadAndVerifyAllPlaybookCRLs - CMS Cert: CN=IdenTrust ECA S22C,OU=Certification Authorities,OU=ECA,O=U.S. Government,C=US
10:04:15.037 [main] INFO org.keysupport.api.pkix.cache.DownloadAndVerifyAllPlaybookCRLs - CMS Cert: CN=IdenTrust ECA S23,OU=Certification Authorities,OU=ECA,O=U.S. Government,C=US
10:04:15.037 [main] INFO org.keysupport.api.pkix.cache.DownloadAndVerifyAllPlaybookCRLs - CMS Cert: CN=IdenTrust Global Common Root CA 1,O=IdenTrust,C=US
10:04:15.038 [main] INFO org.keysupport.api.pkix.cache.DownloadAndVerifyAllPlaybookCRLs - CMS Cert: CN=IGC CA 1,OU=IdenTrust Global Common,O=IdenTrust,C=US
10:04:15.038 [main] INFO org.keysupport.api.pkix.cache.DownloadAndVerifyAllPlaybookCRLs - CMS Cert: CN=IGC Device CA 1,OU=IdenTrust Global Common,O=IdenTrust,C=US
10:04:15.038 [main] INFO org.keysupport.api.pkix.cache.DownloadAndVerifyAllPlaybookCRLs - CMS Cert: CN=IGC Device CA 2,OU=IdenTrust Global Common,O=IdenTrust,C=US
10:04:15.038 [main] INFO org.keysupport.api.pkix.cache.DownloadAndVerifyAllPlaybookCRLs - CMS Cert: CN=IGC Server CA 1,OU=IdenTrust Global Common,O=IdenTrust,C=US
10:04:15.038 [main] INFO org.keysupport.api.pkix.cache.DownloadAndVerifyAllPlaybookCRLs - CMS Cert: CN=Leidos FBCA Cloud PKI CA-1,O=Leidos
10:04:15.038 [main] INFO org.keysupport.api.pkix.cache.DownloadAndVerifyAllPlaybookCRLs - CMS Cert: CN=Lockheed Martin Certification Authority 4 G2,OU=Certification Authorities,O=Lockheed Martin Corporation,C=US
10:04:15.038 [main] INFO org.keysupport.api.pkix.cache.DownloadAndVerifyAllPlaybookCRLs - CMS Cert: CN=Lockheed Martin Root Certification Authority 2,OU=Certification Authorities,O=Lockheed Martin Corporation,L=Denver,ST=Colorado,C=US
10:04:15.038 [main] INFO org.keysupport.api.pkix.cache.DownloadAndVerifyAllPlaybookCRLs - CMS Cert: CN=Ministerie van Defensie PKIoverheid Organisatie Persoon CA - G3,2.5.4.97=#0c0e4e54524e4c2d3237333730393835,O=Ministerie van Defensie,C=NL
10:04:15.038 [main] INFO org.keysupport.api.pkix.cache.DownloadAndVerifyAllPlaybookCRLs - CMS Cert: CN=Naval Reactors SSP Agency CA G3,OU=U.S. Department of Energy,O=U.S. Government,C=US
10:04:15.038 [main] INFO org.keysupport.api.pkix.cache.DownloadAndVerifyAllPlaybookCRLs - CMS Cert: CN=Naval Reactors SSP Device CA G3,OU=U.S. Department of Energy,O=U.S. Government,C=US
10:04:15.038 [main] INFO org.keysupport.api.pkix.cache.DownloadAndVerifyAllPlaybookCRLs - CMS Cert: CN=Northrop Grumman Corporate Root CA-G2,OU=Northrop Grumman Information Technology,O=Northrop Grumman Corporation,C=US
10:04:15.038 [main] INFO org.keysupport.api.pkix.cache.DownloadAndVerifyAllPlaybookCRLs - CMS Cert: CN=Northrop Grumman Corporate Signing CA-G2,OU=Northrop Grumman Information Technology,O=Northrop Grumman Corporation,C=US
10:04:15.038 [main] INFO org.keysupport.api.pkix.cache.DownloadAndVerifyAllPlaybookCRLs - CMS Cert: CN=NRC PROD G6 Fed SSP CA,OU=U.S. Nuclear Regulatory Commission,O=U.S. Government,C=US
10:04:15.038 [main] INFO org.keysupport.api.pkix.cache.DownloadAndVerifyAllPlaybookCRLs - CMS Cert: CN=NRC SSP Agency CA G3,OU=U.S. Nuclear Regulatory Commission,O=U.S. Government,C=US
10:04:15.038 [main] INFO org.keysupport.api.pkix.cache.DownloadAndVerifyAllPlaybookCRLs - CMS Cert: CN=NRC SSP Agency CA G4,OU=U.S. Nuclear Regulatory Commission,O=U.S. Government,C=US
10:04:15.038 [main] INFO org.keysupport.api.pkix.cache.DownloadAndVerifyAllPlaybookCRLs - CMS Cert: CN=NRC SSP Device CA G3,OU=U.S. Nuclear Regulatory Commission,O=U.S. Government,C=US
10:04:15.039 [main] INFO org.keysupport.api.pkix.cache.DownloadAndVerifyAllPlaybookCRLs - CMS Cert: CN=NRC SSP Device CA G4,OU=U.S. Nuclear Regulatory Commission,O=U.S. Government,C=US
10:04:15.039 [main] INFO org.keysupport.api.pkix.cache.DownloadAndVerifyAllPlaybookCRLs - CMS Cert: CN=ORC NFI CA 3,O=ORC PKI,C=US
10:04:15.039 [main] INFO org.keysupport.api.pkix.cache.DownloadAndVerifyAllPlaybookCRLs - CMS Cert: CN=ORC SSP 4,O=ORC PKI,C=US
10:04:15.039 [main] INFO org.keysupport.api.pkix.cache.DownloadAndVerifyAllPlaybookCRLs - CMS Cert: CN=Raytheon Class 3 MASCA,OU=Class3-g2,O=cas,DC=raytheon,DC=com
10:04:15.039 [main] INFO org.keysupport.api.pkix.cache.DownloadAndVerifyAllPlaybookCRLs - CMS Cert: CN=Raytheon Technologies Medium Assurance CA,OU=Class3-G3,O=CAs,DC=rtx,DC=com
10:04:15.039 [main] INFO org.keysupport.api.pkix.cache.DownloadAndVerifyAllPlaybookCRLs - CMS Cert: CN=SAFE Identity Bridge CA,OU=Certification Authorities,O=SAFE Identity,C=US
10:04:15.039 [main] INFO org.keysupport.api.pkix.cache.DownloadAndVerifyAllPlaybookCRLs - CMS Cert: CN=SAIC FBCA Cloud PKI CA 1,OU=IdenTrust Global Common,O=SAIC LLC,C=US
10:04:15.039 [main] INFO org.keysupport.api.pkix.cache.DownloadAndVerifyAllPlaybookCRLs - CMS Cert: CN=Senate PIV-I CA G4,OU=Office of the Sergeant at Arms,OU=U.S. Senate,O=U.S. Government,C=US
10:04:15.039 [main] INFO org.keysupport.api.pkix.cache.DownloadAndVerifyAllPlaybookCRLs - CMS Cert: CN=Senate PIV-I CA G5 PROD,OU=Office of the Sergeant at Arms,OU=U.S. Senate,O=U.S. Government,C=US
10:04:15.039 [main] INFO org.keysupport.api.pkix.cache.DownloadAndVerifyAllPlaybookCRLs - CMS Cert: CN=Senate PIV-I Device CA G4,OU=Office of the Sergeant at Arms,OU=U.S. Senate,O=U.S. Government,C=US
10:04:15.039 [main] INFO org.keysupport.api.pkix.cache.DownloadAndVerifyAllPlaybookCRLs - CMS Cert: CN=Senate PIV-I Device CA G5 PROD,OU=Office of the Sergeant at Arms,OU=U.S. Senate,O=U.S. Government,C=US
10:04:15.039 [main] INFO org.keysupport.api.pkix.cache.DownloadAndVerifyAllPlaybookCRLs - CMS Cert: CN=STRAC Bridge Root Certification Authority,OU=STRAC PKI Trust Infrastructure,O=STRAC,C=US
10:04:15.039 [main] INFO org.keysupport.api.pkix.cache.DownloadAndVerifyAllPlaybookCRLs - CMS Cert: CN=STRAC Bridge Root Certification Authority,OU=STRAC PKI Trust Infrastructure,O=STRAC,C=US
10:04:15.039 [main] INFO org.keysupport.api.pkix.cache.DownloadAndVerifyAllPlaybookCRLs - CMS Cert: CN=SureID Inc. CA1,OU=SureID PIV-I,O=SureID\, Inc.,C=US
10:04:15.039 [main] INFO org.keysupport.api.pkix.cache.DownloadAndVerifyAllPlaybookCRLs - CMS Cert: CN=SureID Inc. Device CA2,O=SureID\, Inc.,C=US
10:04:15.039 [main] INFO org.keysupport.api.pkix.cache.DownloadAndVerifyAllPlaybookCRLs - CMS Cert: CN=Symantec Class 3 SSP Intermediate CA - G3,OU=Symantec Trust Network,O=Symantec Corporation,C=US
10:04:15.039 [main] INFO org.keysupport.api.pkix.cache.DownloadAndVerifyAllPlaybookCRLs - CMS Cert: CN=Symantec SSP Intermediate CA - G4,O=Symantec Corporation,C=US
10:04:15.039 [main] INFO org.keysupport.api.pkix.cache.DownloadAndVerifyAllPlaybookCRLs - CMS Cert: CN=TSCP SHA256 Bridge CA,OU=CAs,O=TSCP Inc.,C=US
10:04:15.040 [main] INFO org.keysupport.api.pkix.cache.DownloadAndVerifyAllPlaybookCRLs - CMS Cert: CN=U.S. Department of Education Agency CA - G4,OU=U.S. Department of Education,O=U.S. Government,C=US
10:04:15.040 [main] INFO org.keysupport.api.pkix.cache.DownloadAndVerifyAllPlaybookCRLs - CMS Cert: CN=U.S. Department of Education Agency CA - G5,OU=U.S. Department of Education,O=U.S. Government,C=US
10:04:15.040 [main] INFO org.keysupport.api.pkix.cache.DownloadAndVerifyAllPlaybookCRLs - CMS Cert: CN=U.S. Department of Education Device CA - G4,OU=U.S. Department of Education,O=U.S. Government,C=US
10:04:15.040 [main] INFO org.keysupport.api.pkix.cache.DownloadAndVerifyAllPlaybookCRLs - CMS Cert: CN=U.S. Department of Education Device CA - G5,OU=U.S. Department of Education,O=U.S. Government,C=US
10:04:15.040 [main] INFO org.keysupport.api.pkix.cache.DownloadAndVerifyAllPlaybookCRLs - CMS Cert: CN=U.S. Department of State AD High Assurance CA,CN=AIA,CN=Public Key Services,CN=Services,CN=Configuration,DC=state,DC=sbu
10:04:15.040 [main] INFO org.keysupport.api.pkix.cache.DownloadAndVerifyAllPlaybookCRLs - CMS Cert: CN=U.S. Department of State AD Root CA,CN=AIA,CN=Public Key Services,CN=Services,CN=Configuration,DC=state,DC=sbu
10:04:15.040 [main] INFO org.keysupport.api.pkix.cache.DownloadAndVerifyAllPlaybookCRLs - CMS Cert: CN=U.S. Department of State AD Root CA,CN=AIA,CN=Public Key Services,CN=Services,CN=Configuration,DC=state,DC=sbu
10:04:15.040 [main] INFO org.keysupport.api.pkix.cache.DownloadAndVerifyAllPlaybookCRLs - CMS Cert: CN=U.S. Department of Transportation Agency CA G4,OU=U.S. Department of Transportation,O=U.S. Government,C=US
10:04:15.040 [main] INFO org.keysupport.api.pkix.cache.DownloadAndVerifyAllPlaybookCRLs - CMS Cert: CN=U.S. Department of Transportation Agency CA G5,OU=U.S. Department of Transportation,O=U.S. Government,C=US
10:04:15.040 [main] INFO org.keysupport.api.pkix.cache.DownloadAndVerifyAllPlaybookCRLs - CMS Cert: CN=U.S. Department of Transportation Device CA G4,OU=U.S. Department of Transportation,O=U.S. Government,C=US
10:04:15.040 [main] INFO org.keysupport.api.pkix.cache.DownloadAndVerifyAllPlaybookCRLs - CMS Cert: CN=U.S. Department of Transportation Device CA G5,OU=U.S. Department of Transportation,O=U.S. Government,C=US
10:04:15.040 [main] INFO org.keysupport.api.pkix.cache.DownloadAndVerifyAllPlaybookCRLs - CMS Cert: CN=USPTO_INTR_CA1,CN=AIA,CN=Public Key Services,CN=Services,CN=Configuration,DC=uspto,DC=gov
10:04:15.040 [main] INFO org.keysupport.api.pkix.cache.DownloadAndVerifyAllPlaybookCRLs - CMS Cert: CN=USPTO_INTR_CA1,CN=AIA,CN=Public Key Services,CN=Services,CN=Configuration,DC=uspto,DC=gov
10:04:15.040 [main] INFO org.keysupport.api.pkix.cache.DownloadAndVerifyAllPlaybookCRLs - CMS Cert: CN=USPTO_INTR_CA1,CN=AIA,CN=Public Key Services,CN=Services,CN=Configuration,DC=uspto,DC=gov
10:04:15.040 [main] INFO org.keysupport.api.pkix.cache.DownloadAndVerifyAllPlaybookCRLs - CMS Cert: CN=Verizon SSP CA A2,OU=SSP,O=Verizon,C=US
10:04:15.041 [main] INFO org.keysupport.api.pkix.cache.DownloadAndVerifyAllPlaybookCRLs - CMS Cert: CN=Veterans Affairs CA B3,OU=PKI,OU=Services,DC=va,DC=gov
10:04:15.041 [main] INFO org.keysupport.api.pkix.cache.DownloadAndVerifyAllPlaybookCRLs - CMS Cert: CN=Veterans Affairs User CA B1,OU=PKI,OU=Services,DC=va,DC=gov
10:04:15.041 [main] INFO org.keysupport.api.pkix.cache.DownloadAndVerifyAllPlaybookCRLs - CMS Cert: CN=WidePoint ECA 8,OU=Certification Authorities,OU=ECA,O=U.S. Government,C=US
10:04:15.041 [main] INFO org.keysupport.api.pkix.cache.DownloadAndVerifyAllPlaybookCRLs - CMS Cert: CN=WidePoint NFI CA 5,O=ORC PKI,C=US
10:04:15.041 [main] INFO org.keysupport.api.pkix.cache.DownloadAndVerifyAllPlaybookCRLs - CMS Cert: CN=WidePoint NFI CA 6,O=ORC PKI,C=US
10:04:15.041 [main] INFO org.keysupport.api.pkix.cache.DownloadAndVerifyAllPlaybookCRLs - CMS Cert: CN=WidePoint NFI Root 2,OU=Certification Authorities,O=WidePoint,C=US
10:04:15.041 [main] INFO org.keysupport.api.pkix.cache.DownloadAndVerifyAllPlaybookCRLs - CMS Cert: CN=WidePoint ORC ECA 7,OU=Certification Authorities,OU=ECA,O=U.S. Government,C=US
10:04:15.041 [main] INFO org.keysupport.api.pkix.cache.DownloadAndVerifyAllPlaybookCRLs - CMS Cert: CN=WidePoint ORC NFI 4,OU=Certification Authorities,O=WidePoint,C=US
10:04:15.041 [main] INFO org.keysupport.api.pkix.cache.DownloadAndVerifyAllPlaybookCRLs - CMS Cert: CN=WidePoint ORC SSP 5,O=ORC PKI,C=US
10:04:15.041 [main] INFO org.keysupport.api.pkix.cache.DownloadAndVerifyAllPlaybookCRLs - CMS Cert: OU=Department of Veterans Affairs CA,OU=Certification Authorities,OU=Department of Veterans Affairs,O=U.S. Government,C=US
10:04:15.041 [main] INFO org.keysupport.api.pkix.cache.DownloadAndVerifyAllPlaybookCRLs - CMS Cert: OU=Department of Veterans Affairs CA,OU=Certification Authorities,OU=Department of Veterans Affairs,O=U.S. Government,C=US
10:04:15.041 [main] INFO org.keysupport.api.pkix.cache.DownloadAndVerifyAllPlaybookCRLs - CMS Cert: OU=DHS CA4,OU=Certification Authorities,OU=Department of Homeland Security,O=U.S. Government,C=US
10:04:15.041 [main] INFO org.keysupport.api.pkix.cache.DownloadAndVerifyAllPlaybookCRLs - CMS Cert: OU=DHS CA4,OU=Certification Authorities,OU=Department of Homeland Security,O=U.S. Government,C=US
10:04:15.041 [main] INFO org.keysupport.api.pkix.cache.DownloadAndVerifyAllPlaybookCRLs - CMS Cert: OU=Entrust Managed Services NFI Root CA,OU=Certification Authorities,O=Entrust,C=US
10:04:15.041 [main] INFO org.keysupport.api.pkix.cache.DownloadAndVerifyAllPlaybookCRLs - CMS Cert: OU=Entrust Managed Services NFI Root CA,OU=Certification Authorities,O=Entrust,C=US
10:04:15.041 [main] INFO org.keysupport.api.pkix.cache.DownloadAndVerifyAllPlaybookCRLs - CMS Cert: OU=Entrust Managed Services Root CA,OU=Certification Authorities,O=Entrust,C=US
10:04:15.041 [main] INFO org.keysupport.api.pkix.cache.DownloadAndVerifyAllPlaybookCRLs - CMS Cert: OU=Entrust Managed Services Root CA,OU=Certification Authorities,O=Entrust,C=US
10:04:15.041 [main] INFO org.keysupport.api.pkix.cache.DownloadAndVerifyAllPlaybookCRLs - CMS Cert: OU=Entrust Managed Services SSP CA,OU=Certification Authorities,O=Entrust,C=US
10:04:15.041 [main] INFO org.keysupport.api.pkix.cache.DownloadAndVerifyAllPlaybookCRLs - CMS Cert: OU=Entrust Managed Services SSP CA,OU=Certification Authorities,O=Entrust,C=US
10:04:15.041 [main] INFO org.keysupport.api.pkix.cache.DownloadAndVerifyAllPlaybookCRLs - CMS Cert: OU=Entrust NFI Medium Assurance SSP CA,OU=Certification Authorities,O=Entrust,C=US
10:04:15.041 [main] INFO org.keysupport.api.pkix.cache.DownloadAndVerifyAllPlaybookCRLs - CMS Cert: OU=Entrust NFI Medium Assurance SSP CA,OU=Certification Authorities,O=Entrust,C=US
10:04:15.042 [main] INFO org.keysupport.api.pkix.cache.DownloadAndVerifyAllPlaybookCRLs - CMS Cert: OU=Fiscal Service,OU=Department of the Treasury,O=U.S. Government,C=US
10:04:15.042 [main] INFO org.keysupport.api.pkix.cache.DownloadAndVerifyAllPlaybookCRLs - CMS Cert: OU=GPO PCA,OU=Certification Authorities,OU=Government Printing Office,O=U.S. Government,C=US
10:04:15.042 [main] INFO org.keysupport.api.pkix.cache.DownloadAndVerifyAllPlaybookCRLs - CMS Cert: OU=GPO SCA,OU=Certification Authorities,OU=Government Printing Office,O=U.S. Government,C=US
10:04:15.042 [main] INFO org.keysupport.api.pkix.cache.DownloadAndVerifyAllPlaybookCRLs - CMS Cert: OU=NASA Operational CA,OU=Certification Authorities,OU=NASA,O=U.S. Government,C=US
10:04:15.042 [main] INFO org.keysupport.api.pkix.cache.DownloadAndVerifyAllPlaybookCRLs - CMS Cert: OU=NASA Operational CA,OU=Certification Authorities,OU=NASA,O=U.S. Government,C=US
10:04:15.042 [main] INFO org.keysupport.api.pkix.cache.DownloadAndVerifyAllPlaybookCRLs - CMS Cert: OU=OCIO CA,OU=Certification Authorities,OU=Department of the Treasury,O=U.S. Government,C=US
10:04:15.042 [main] INFO org.keysupport.api.pkix.cache.DownloadAndVerifyAllPlaybookCRLs - CMS Cert: OU=OCIO CA,OU=Certification Authorities,OU=Department of the Treasury,O=U.S. Government,C=US
10:04:15.042 [main] INFO org.keysupport.api.pkix.cache.DownloadAndVerifyAllPlaybookCRLs - CMS Cert: OU=Social Security Administration Certification Authority,OU=SSA,O=U.S. Government,C=US
10:04:15.042 [main] INFO org.keysupport.api.pkix.cache.DownloadAndVerifyAllPlaybookCRLs - CMS Cert: OU=Social Security Administration Certification Authority,OU=SSA,O=U.S. Government,C=US
10:04:15.042 [main] INFO org.keysupport.api.pkix.cache.DownloadAndVerifyAllPlaybookCRLs - CMS Cert: OU=U.S. Department of State PIV CA2,OU=Certification Authorities,OU=PIV,OU=Department of State,O=U.S. Government,C=US
10:04:15.042 [main] INFO org.keysupport.api.pkix.cache.DownloadAndVerifyAllPlaybookCRLs - CMS Cert: OU=U.S. Department of State PIV CA2,OU=Certification Authorities,OU=PIV,OU=Department of State,O=U.S. Government,C=US
10:04:15.042 [main] INFO org.keysupport.api.pkix.cache.DownloadAndVerifyAllPlaybookCRLs - CMS Cert: OU=US Treasury Root CA,OU=Certification Authorities,OU=Department of the Treasury,O=U.S. Government,C=US
10:04:15.042 [main] INFO org.keysupport.api.pkix.cache.DownloadAndVerifyAllPlaybookCRLs - CMS Cert: OU=US Treasury Root CA,OU=Certification Authorities,OU=Department of the Treasury,O=U.S. Government,C=US
10:04:15.068 [main] INFO org.keysupport.api.pkix.cache.DownloadAndVerifyAllPlaybookCRLs - File is 29546 bytes in size
10:04:15.141 [main] INFO org.keysupport.api.pkix.cache.DownloadAndVerifyAllPlaybookCRLs - Downloading CRL data: http://pub.carillonfedserv.com/CRL/CFSCA1.crl
10:04:15.933 [main] INFO org.keysupport.api.pkix.cache.DownloadAndVerifyAllPlaybookCRLs - HTTP fetch time: 791ms
10:04:15.933 [main] INFO org.keysupport.api.pkix.cache.DownloadAndVerifyAllPlaybookCRLs - File is 65571 bytes in size
10:04:15.933 [main] INFO org.keysupport.api.pkix.cache.DownloadAndVerifyAllPlaybookCRLs - CRL Issuer: CN=Carillon Federal Services PIV-I CA1,OU=Certification Authorities,O=Carillon Federal Services Inc.,C=US
10:04:15.962 [main] INFO org.keysupport.api.pkix.cache.DownloadAndVerifyAllPlaybookCRLs - CRL thisUpdate: Wed Nov 30 06:00:02 EST 2022
10:04:15.962 [main] INFO org.keysupport.api.pkix.cache.DownloadAndVerifyAllPlaybookCRLs - CRL nextUpdate: Wed Nov 30 06:00:02 EST 2022
10:04:15.966 [main] INFO org.keysupport.api.pkix.cache.DownloadAndVerifyAllPlaybookCRLs - CRL Entries: 1630
10:04:16.145 [main] INFO org.keysupport.api.pkix.cache.DownloadAndVerifyAllPlaybookCRLs - Found issuer in our intermediate store: CN=Carillon Federal Services PIV-I CA1,OU=Certification Authorities,O=Carillon Federal Services Inc.,C=US
10:04:16.148 [main] INFO org.keysupport.api.pkix.cache.DownloadAndVerifyAllPlaybookCRLs - CRL Signature verified: http://pub.carillonfedserv.com/CRL/CFSCA1.crl
10:04:16.148 [main] INFO org.keysupport.api.pkix.cache.DownloadAndVerifyAllPlaybookCRLs - Downloading CRL data: http://pub.carillonfedserv.com/CRL/CFSCA2.crl
10:04:16.222 [main] INFO org.keysupport.api.pkix.cache.DownloadAndVerifyAllPlaybookCRLs - HTTP fetch time: 74ms
10:04:16.222 [main] INFO org.keysupport.api.pkix.cache.DownloadAndVerifyAllPlaybookCRLs - File is 1264 bytes in size
10:04:16.223 [main] INFO org.keysupport.api.pkix.cache.DownloadAndVerifyAllPlaybookCRLs - CRL Issuer: CN=Carillon Federal Services PIV-I CA2,OU=Certification Authorities,O=Carillon Federal Services Inc.,C=US
10:04:16.223 [main] INFO org.keysupport.api.pkix.cache.DownloadAndVerifyAllPlaybookCRLs - CRL thisUpdate: Wed Nov 30 06:00:02 EST 2022
10:04:16.223 [main] INFO org.keysupport.api.pkix.cache.DownloadAndVerifyAllPlaybookCRLs - CRL nextUpdate: Wed Nov 30 06:00:02 EST 2022
10:04:16.223 [main] INFO org.keysupport.api.pkix.cache.DownloadAndVerifyAllPlaybookCRLs - CRL Entries: 12
10:04:16.224 [main] INFO org.keysupport.api.pkix.cache.DownloadAndVerifyAllPlaybookCRLs - Found issuer in our intermediate store: CN=Carillon Federal Services PIV-I CA2,OU=Certification Authorities,O=Carillon Federal Services Inc.,C=US
10:04:16.226 [main] INFO org.keysupport.api.pkix.cache.DownloadAndVerifyAllPlaybookCRLs - CRL Signature verified: http://pub.carillonfedserv.com/CRL/CFSCA2.crl
10:04:16.227 [main] INFO org.keysupport.api.pkix.cache.DownloadAndVerifyAllPlaybookCRLs - Downloading CRL data: http://pki.treas.gov/VA_CA2.crl
10:04:18.911 [main] INFO org.keysupport.api.pkix.cache.DownloadAndVerifyAllPlaybookCRLs - HTTP fetch time: 2684ms
10:04:18.913 [main] INFO org.keysupport.api.pkix.cache.DownloadAndVerifyAllPlaybookCRLs - File is 5344290 bytes in size
10:04:18.914 [main] INFO org.keysupport.api.pkix.cache.DownloadAndVerifyAllPlaybookCRLs - CRL Issuer: OU=Department of Veterans Affairs CA,OU=Certification Authorities,OU=Department of Veterans Affairs,O=U.S. Government,C=US
10:04:18.914 [main] INFO org.keysupport.api.pkix.cache.DownloadAndVerifyAllPlaybookCRLs - CRL thisUpdate: Wed Nov 30 07:38:49 EST 2022
10:04:18.914 [main] INFO org.keysupport.api.pkix.cache.DownloadAndVerifyAllPlaybookCRLs - CRL nextUpdate: Wed Nov 30 07:38:49 EST 2022
10:04:18.987 [main] INFO org.keysupport.api.pkix.cache.DownloadAndVerifyAllPlaybookCRLs - CRL Entries: 231710
10:04:18.987 [main] INFO org.keysupport.api.pkix.cache.DownloadAndVerifyAllPlaybookCRLs - Found issuer in our intermediate store: OU=Department of Veterans Affairs CA,OU=Certification Authorities,OU=Department of Veterans Affairs,O=U.S. Government,C=US
10:04:18.993 [main] INFO org.keysupport.api.pkix.cache.DownloadAndVerifyAllPlaybookCRLs - CRL Signature verified: http://pki.treas.gov/VA_CA2.crl
10:04:18.993 [main] INFO org.keysupport.api.pkix.cache.DownloadAndVerifyAllPlaybookCRLs - Downloading CRL data: http://pki.treas.gov/DHS_CA3.crl
10:04:26.409 [main] INFO org.keysupport.api.pkix.cache.DownloadAndVerifyAllPlaybookCRLs - HTTP fetch time: 7416ms
10:04:26.437 [main] INFO org.keysupport.api.pkix.cache.DownloadAndVerifyAllPlaybookCRLs - File is 16566837 bytes in size
10:04:26.437 [main] INFO org.keysupport.api.pkix.cache.DownloadAndVerifyAllPlaybookCRLs - CRL Issuer: OU=DHS CA4,OU=Certification Authorities,OU=Department of Homeland Security,O=U.S. Government,C=US
10:04:26.437 [main] INFO org.keysupport.api.pkix.cache.DownloadAndVerifyAllPlaybookCRLs - CRL thisUpdate: Wed Nov 30 02:32:22 EST 2022
10:04:26.438 [main] INFO org.keysupport.api.pkix.cache.DownloadAndVerifyAllPlaybookCRLs - CRL nextUpdate: Wed Nov 30 02:32:22 EST 2022
10:04:26.605 [main] INFO org.keysupport.api.pkix.cache.DownloadAndVerifyAllPlaybookCRLs - CRL Entries: 439000
10:04:26.606 [main] INFO org.keysupport.api.pkix.cache.DownloadAndVerifyAllPlaybookCRLs - Found issuer in our intermediate store: OU=DHS CA4,OU=Certification Authorities,OU=Department of Homeland Security,O=U.S. Government,C=US
10:04:26.621 [main] INFO org.keysupport.api.pkix.cache.DownloadAndVerifyAllPlaybookCRLs - CRL Signature verified: http://pki.treas.gov/DHS_CA3.crl
10:04:26.621 [main] INFO org.keysupport.api.pkix.cache.DownloadAndVerifyAllPlaybookCRLs - Downloading CRL data: http://crl.disa.mil/crl/DODIDCA_65.crl
10:04:27.174 [main] INFO org.keysupport.api.pkix.cache.DownloadAndVerifyAllPlaybookCRLs - HTTP fetch time: 553ms
10:04:27.175 [main] INFO org.keysupport.api.pkix.cache.DownloadAndVerifyAllPlaybookCRLs - File is 2488845 bytes in size
10:04:27.175 [main] INFO org.keysupport.api.pkix.cache.DownloadAndVerifyAllPlaybookCRLs - CRL Issuer: CN=DOD ID CA-65,OU=PKI,OU=DoD,O=U.S. Government,C=US
10:04:27.175 [main] INFO org.keysupport.api.pkix.cache.DownloadAndVerifyAllPlaybookCRLs - CRL thisUpdate: Wed Nov 30 03:00:00 EST 2022
10:04:27.175 [main] INFO org.keysupport.api.pkix.cache.DownloadAndVerifyAllPlaybookCRLs - CRL nextUpdate: Wed Nov 30 03:00:00 EST 2022
10:04:27.204 [main] INFO org.keysupport.api.pkix.cache.DownloadAndVerifyAllPlaybookCRLs - CRL Entries: 60585
10:04:27.205 [main] INFO org.keysupport.api.pkix.cache.DownloadAndVerifyAllPlaybookCRLs - Found issuer in our intermediate store: CN=DOD ID CA-65,OU=PKI,OU=DoD,O=U.S. Government,C=US
10:04:27.208 [main] INFO org.keysupport.api.pkix.cache.DownloadAndVerifyAllPlaybookCRLs - CRL Signature verified: http://crl.disa.mil/crl/DODIDCA_65.crl
10:04:27.208 [main] INFO org.keysupport.api.pkix.cache.DownloadAndVerifyAllPlaybookCRLs - Downloading CRL data: http://crl.disa.mil/crl/DODIDCA_64.crl
10:04:27.420 [main] INFO org.keysupport.api.pkix.cache.DownloadAndVerifyAllPlaybookCRLs - HTTP fetch time: 212ms
10:04:27.420 [main] INFO org.keysupport.api.pkix.cache.DownloadAndVerifyAllPlaybookCRLs - File is 2595919 bytes in size
10:04:27.420 [main] INFO org.keysupport.api.pkix.cache.DownloadAndVerifyAllPlaybookCRLs - CRL Issuer: CN=DOD ID CA-64,OU=PKI,OU=DoD,O=U.S. Government,C=US
10:04:27.420 [main] INFO org.keysupport.api.pkix.cache.DownloadAndVerifyAllPlaybookCRLs - CRL thisUpdate: Wed Nov 30 03:00:00 EST 2022
10:04:27.420 [main] INFO org.keysupport.api.pkix.cache.DownloadAndVerifyAllPlaybookCRLs - CRL nextUpdate: Wed Nov 30 03:00:00 EST 2022
10:04:27.451 [main] INFO org.keysupport.api.pkix.cache.DownloadAndVerifyAllPlaybookCRLs - CRL Entries: 62765
10:04:27.451 [main] INFO org.keysupport.api.pkix.cache.DownloadAndVerifyAllPlaybookCRLs - Found issuer in our intermediate store: CN=DOD ID CA-64,OU=PKI,OU=DoD,O=U.S. Government,C=US
10:04:27.454 [main] INFO org.keysupport.api.pkix.cache.DownloadAndVerifyAllPlaybookCRLs - CRL Signature verified: http://crl.disa.mil/crl/DODIDCA_64.crl
10:04:27.454 [main] INFO org.keysupport.api.pkix.cache.DownloadAndVerifyAllPlaybookCRLs - Downloading CRL data: http://crl.disa.mil/crl/DODIDCA_63.crl
10:04:27.697 [main] INFO org.keysupport.api.pkix.cache.DownloadAndVerifyAllPlaybookCRLs - HTTP fetch time: 243ms
10:04:27.712 [main] INFO org.keysupport.api.pkix.cache.DownloadAndVerifyAllPlaybookCRLs - File is 2449577 bytes in size
10:04:27.712 [main] INFO org.keysupport.api.pkix.cache.DownloadAndVerifyAllPlaybookCRLs - CRL Issuer: CN=DOD ID CA-63,OU=PKI,OU=DoD,O=U.S. Government,C=US
10:04:27.712 [main] INFO org.keysupport.api.pkix.cache.DownloadAndVerifyAllPlaybookCRLs - CRL thisUpdate: Wed Nov 30 03:00:00 EST 2022
10:04:27.712 [main] INFO org.keysupport.api.pkix.cache.DownloadAndVerifyAllPlaybookCRLs - CRL nextUpdate: Wed Nov 30 03:00:00 EST 2022
10:04:27.737 [main] INFO org.keysupport.api.pkix.cache.DownloadAndVerifyAllPlaybookCRLs - CRL Entries: 60767
10:04:27.737 [main] INFO org.keysupport.api.pkix.cache.DownloadAndVerifyAllPlaybookCRLs - Found issuer in our intermediate store: CN=DOD ID CA-63,OU=PKI,OU=DoD,O=U.S. Government,C=US
10:04:27.740 [main] INFO org.keysupport.api.pkix.cache.DownloadAndVerifyAllPlaybookCRLs - CRL Signature verified: http://crl.disa.mil/crl/DODIDCA_63.crl
10:04:27.740 [main] INFO org.keysupport.api.pkix.cache.DownloadAndVerifyAllPlaybookCRLs - Downloading CRL data: http://crl.disa.mil/crl/DODIDCA_59.crl
10:04:31.488 [main] INFO org.keysupport.api.pkix.cache.DownloadAndVerifyAllPlaybookCRLs - HTTP fetch time: 3748ms
10:04:31.517 [main] INFO org.keysupport.api.pkix.cache.DownloadAndVerifyAllPlaybookCRLs - File is 50145426 bytes in size
10:04:31.517 [main] INFO org.keysupport.api.pkix.cache.DownloadAndVerifyAllPlaybookCRLs - CRL Issuer: CN=DOD ID CA-59,OU=PKI,OU=DoD,O=U.S. Government,C=US
10:04:31.517 [main] INFO org.keysupport.api.pkix.cache.DownloadAndVerifyAllPlaybookCRLs - CRL thisUpdate: Wed Nov 30 03:00:00 EST 2022
10:04:31.517 [main] INFO org.keysupport.api.pkix.cache.DownloadAndVerifyAllPlaybookCRLs - CRL nextUpdate: Wed Nov 30 03:00:00 EST 2022
10:04:32.420 [main] INFO org.keysupport.api.pkix.cache.DownloadAndVerifyAllPlaybookCRLs - CRL Entries: 2211549
10:04:32.420 [main] INFO org.keysupport.api.pkix.cache.DownloadAndVerifyAllPlaybookCRLs - Found issuer in our intermediate store: CN=DOD ID CA-59,OU=PKI,OU=DoD,O=U.S. Government,C=US
10:04:32.465 [main] INFO org.keysupport.api.pkix.cache.DownloadAndVerifyAllPlaybookCRLs - CRL Signature verified: http://crl.disa.mil/crl/DODIDCA_59.crl
10:04:32.465 [main] INFO org.keysupport.api.pkix.cache.DownloadAndVerifyAllPlaybookCRLs - Downloading CRL data: http://nfimediumsspweb.managed.entrust.com/CRLs/NFIMEDIUMSSPCA2.crl
10:04:33.145 [main] INFO org.keysupport.api.pkix.cache.DownloadAndVerifyAllPlaybookCRLs - HTTP fetch time: 680ms
10:04:33.146 [main] INFO org.keysupport.api.pkix.cache.DownloadAndVerifyAllPlaybookCRLs - File is 2374654 bytes in size
10:04:33.146 [main] INFO org.keysupport.api.pkix.cache.DownloadAndVerifyAllPlaybookCRLs - CRL Issuer: OU=Entrust NFI Medium Assurance SSP CA,OU=Certification Authorities,O=Entrust,C=US
10:04:33.146 [main] INFO org.keysupport.api.pkix.cache.DownloadAndVerifyAllPlaybookCRLs - CRL thisUpdate: Wed Nov 30 06:37:29 EST 2022
10:04:33.146 [main] INFO org.keysupport.api.pkix.cache.DownloadAndVerifyAllPlaybookCRLs - CRL nextUpdate: Wed Nov 30 06:37:29 EST 2022
10:04:33.174 [main] INFO org.keysupport.api.pkix.cache.DownloadAndVerifyAllPlaybookCRLs - CRL Entries: 93900
10:04:33.175 [main] INFO org.keysupport.api.pkix.cache.DownloadAndVerifyAllPlaybookCRLs - Found issuer in our intermediate store: OU=Entrust NFI Medium Assurance SSP CA,OU=Certification Authorities,O=Entrust,C=US
10:04:33.177 [main] INFO org.keysupport.api.pkix.cache.DownloadAndVerifyAllPlaybookCRLs - CRL Signature verified: http://nfimediumsspweb.managed.entrust.com/CRLs/NFIMEDIUMSSPCA2.crl
10:04:33.177 [main] INFO org.keysupport.api.pkix.cache.DownloadAndVerifyAllPlaybookCRLs - Downloading CRL data: http://nfimediumsspweb.managed.entrust.com/CRLs/NFIMEDIUMSSPCA1.crl
10:04:33.402 [main] INFO org.keysupport.api.pkix.cache.DownloadAndVerifyAllPlaybookCRLs - HTTP fetch time: 225ms
10:04:33.404 [main] INFO org.keysupport.api.pkix.cache.DownloadAndVerifyAllPlaybookCRLs - File is 2374655 bytes in size
10:04:33.404 [main] INFO org.keysupport.api.pkix.cache.DownloadAndVerifyAllPlaybookCRLs - CRL Issuer: OU=Entrust NFI Medium Assurance SSP CA,OU=Certification Authorities,O=Entrust,C=US
10:04:33.404 [main] INFO org.keysupport.api.pkix.cache.DownloadAndVerifyAllPlaybookCRLs - CRL thisUpdate: Wed Nov 30 06:37:29 EST 2022
10:04:33.404 [main] INFO org.keysupport.api.pkix.cache.DownloadAndVerifyAllPlaybookCRLs - CRL nextUpdate: Wed Nov 30 06:37:29 EST 2022
10:04:33.432 [main] INFO org.keysupport.api.pkix.cache.DownloadAndVerifyAllPlaybookCRLs - CRL Entries: 93900
10:04:33.432 [main] INFO org.keysupport.api.pkix.cache.DownloadAndVerifyAllPlaybookCRLs - Found issuer in our intermediate store: OU=Entrust NFI Medium Assurance SSP CA,OU=Certification Authorities,O=Entrust,C=US
10:04:33.435 [main] INFO org.keysupport.api.pkix.cache.DownloadAndVerifyAllPlaybookCRLs - CRL Signature verified: http://nfimediumsspweb.managed.entrust.com/CRLs/NFIMEDIUMSSPCA1.crl
10:04:33.435 [main] INFO org.keysupport.api.pkix.cache.DownloadAndVerifyAllPlaybookCRLs - Downloading CRL data: http://sspweb.managed.entrust.com/CRLs/EMSSSPCA3.crl
10:04:36.050 [main] INFO org.keysupport.api.pkix.cache.DownloadAndVerifyAllPlaybookCRLs - HTTP fetch time: 2615ms
10:04:36.057 [main] INFO org.keysupport.api.pkix.cache.DownloadAndVerifyAllPlaybookCRLs - File is 24576352 bytes in size
10:04:36.057 [main] INFO org.keysupport.api.pkix.cache.DownloadAndVerifyAllPlaybookCRLs - CRL Issuer: OU=Entrust Managed Services SSP CA,OU=Certification Authorities,O=Entrust,C=US
10:04:36.057 [main] INFO org.keysupport.api.pkix.cache.DownloadAndVerifyAllPlaybookCRLs - CRL thisUpdate: Wed Nov 30 05:00:06 EST 2022
10:04:36.057 [main] INFO org.keysupport.api.pkix.cache.DownloadAndVerifyAllPlaybookCRLs - CRL nextUpdate: Wed Nov 30 05:00:06 EST 2022
10:04:36.476 [main] INFO org.keysupport.api.pkix.cache.DownloadAndVerifyAllPlaybookCRLs - CRL Entries: 1050695
10:04:36.477 [main] INFO org.keysupport.api.pkix.cache.DownloadAndVerifyAllPlaybookCRLs - Found issuer in our intermediate store: OU=Entrust Managed Services SSP CA,OU=Certification Authorities,O=Entrust,C=US
10:04:36.498 [main] INFO org.keysupport.api.pkix.cache.DownloadAndVerifyAllPlaybookCRLs - CRL Signature verified: http://sspweb.managed.entrust.com/CRLs/EMSSSPCA3.crl
10:04:36.499 [main] INFO org.keysupport.api.pkix.cache.DownloadAndVerifyAllPlaybookCRLs - Downloading CRL data: http://feddcsweb.managed.entrust.com/CRLs/FedDCSCA1.crl
10:04:37.421 [main] INFO org.keysupport.api.pkix.cache.DownloadAndVerifyAllPlaybookCRLs - HTTP fetch time: 922ms
10:04:37.424 [main] INFO org.keysupport.api.pkix.cache.DownloadAndVerifyAllPlaybookCRLs - File is 8106912 bytes in size
10:04:37.425 [main] INFO org.keysupport.api.pkix.cache.DownloadAndVerifyAllPlaybookCRLs - CRL Issuer: CN=Entrust Derived Credential SSP CA,OU=Certification Authorities,O=Entrust,C=US
10:04:37.425 [main] INFO org.keysupport.api.pkix.cache.DownloadAndVerifyAllPlaybookCRLs - CRL thisUpdate: Wed Nov 30 09:00:09 EST 2022
10:04:37.425 [main] INFO org.keysupport.api.pkix.cache.DownloadAndVerifyAllPlaybookCRLs - CRL nextUpdate: Wed Nov 30 09:00:09 EST 2022
10:04:37.509 [main] INFO org.keysupport.api.pkix.cache.DownloadAndVerifyAllPlaybookCRLs - CRL Entries: 219102
10:04:37.509 [main] INFO org.keysupport.api.pkix.cache.DownloadAndVerifyAllPlaybookCRLs - Found issuer in our intermediate store: CN=Entrust Derived Credential SSP CA,OU=Certification Authorities,O=Entrust,C=US
10:04:37.517 [main] INFO org.keysupport.api.pkix.cache.DownloadAndVerifyAllPlaybookCRLs - CRL Signature verified: http://feddcsweb.managed.entrust.com/CRLs/FedDCSCA1.crl
10:04:37.517 [main] INFO org.keysupport.api.pkix.cache.DownloadAndVerifyAllPlaybookCRLs - Downloading CRL data: http://pki.fti.org/fti_ca/crl/FTICA.crl
10:04:38.069 [main] INFO org.keysupport.api.pkix.cache.DownloadAndVerifyAllPlaybookCRLs - HTTP fetch time: 552ms
10:04:38.069 [main] INFO org.keysupport.api.pkix.cache.DownloadAndVerifyAllPlaybookCRLs - File is 160608 bytes in size
10:04:38.070 [main] INFO org.keysupport.api.pkix.cache.DownloadAndVerifyAllPlaybookCRLs - CRL Issuer: CN=FTI Certification Authority,OU=FTI PKI Trust Infrastructure,O=Foundation for Trusted Identity,C=US
10:04:38.070 [main] INFO org.keysupport.api.pkix.cache.DownloadAndVerifyAllPlaybookCRLs - CRL thisUpdate: Wed Nov 30 09:00:01 EST 2022
10:04:38.070 [main] INFO org.keysupport.api.pkix.cache.DownloadAndVerifyAllPlaybookCRLs - CRL nextUpdate: Wed Nov 30 09:00:01 EST 2022
10:04:38.072 [main] INFO org.keysupport.api.pkix.cache.DownloadAndVerifyAllPlaybookCRLs - CRL Entries: 4568
10:04:38.073 [main] INFO org.keysupport.api.pkix.cache.DownloadAndVerifyAllPlaybookCRLs - Found issuer in our intermediate store: CN=FTI Certification Authority,OU=FTI PKI Trust Infrastructure,O=Foundation for Trusted Identity,C=US
10:04:38.075 [main] INFO org.keysupport.api.pkix.cache.DownloadAndVerifyAllPlaybookCRLs - CRL Signature verified: http://pki.fti.org/fti_ca/crl/FTICA.crl
10:04:38.076 [main] INFO org.keysupport.api.pkix.cache.DownloadAndVerifyAllPlaybookCRLs - Downloading CRL data: http://hhspkicrl.managed.entrust.com/CRLs/HHSEntrustCA2.crl
10:04:41.818 [main] INFO org.keysupport.api.pkix.cache.DownloadAndVerifyAllPlaybookCRLs - HTTP fetch time: 3742ms
10:04:41.820 [main] INFO org.keysupport.api.pkix.cache.DownloadAndVerifyAllPlaybookCRLs - File is 7072729 bytes in size
10:04:41.820 [main] INFO org.keysupport.api.pkix.cache.DownloadAndVerifyAllPlaybookCRLs - CRL Issuer: CN=HHS-FPKI-Intermediate-CA-E1,OU=Certification Authorities,OU=HHS,O=U.S. Government,C=US
10:04:41.820 [main] INFO org.keysupport.api.pkix.cache.DownloadAndVerifyAllPlaybookCRLs - CRL thisUpdate: Wed Nov 30 04:29:35 EST 2022
10:04:41.820 [main] INFO org.keysupport.api.pkix.cache.DownloadAndVerifyAllPlaybookCRLs - CRL nextUpdate: Wed Nov 30 04:29:35 EST 2022
10:04:41.908 [main] INFO org.keysupport.api.pkix.cache.DownloadAndVerifyAllPlaybookCRLs - CRL Entries: 244079
10:04:41.908 [main] INFO org.keysupport.api.pkix.cache.DownloadAndVerifyAllPlaybookCRLs - Found issuer in our intermediate store: CN=HHS-FPKI-Intermediate-CA-E1,OU=Certification Authorities,OU=HHS,O=U.S. Government,C=US
10:04:41.916 [main] INFO org.keysupport.api.pkix.cache.DownloadAndVerifyAllPlaybookCRLs - CRL Signature verified: http://hhspkicrl.managed.entrust.com/CRLs/HHSEntrustCA2.crl
10:04:41.916 [main] INFO org.keysupport.api.pkix.cache.DownloadAndVerifyAllPlaybookCRLs - Downloading CRL data: http://onsite-crl.pki.digicert.com/USDepartmentofEnergyNavalReactorsPIVG3/LatestCRL.crl
10:04:42.204 [main] INFO org.keysupport.api.pkix.cache.DownloadAndVerifyAllPlaybookCRLs - HTTP fetch time: 288ms
10:04:42.204 [main] INFO org.keysupport.api.pkix.cache.DownloadAndVerifyAllPlaybookCRLs - File is 500 bytes in size
10:04:42.204 [main] INFO org.keysupport.api.pkix.cache.DownloadAndVerifyAllPlaybookCRLs - CRL Issuer: CN=Naval Reactors SSP Agency CA G3,OU=U.S. Department of Energy,O=U.S. Government,C=US
10:04:42.204 [main] INFO org.keysupport.api.pkix.cache.DownloadAndVerifyAllPlaybookCRLs - CRL thisUpdate: Wed Nov 30 07:51:35 EST 2022
10:04:42.204 [main] INFO org.keysupport.api.pkix.cache.DownloadAndVerifyAllPlaybookCRLs - CRL nextUpdate: Wed Nov 30 07:51:35 EST 2022
10:04:42.204 [main] INFO org.keysupport.api.pkix.cache.DownloadAndVerifyAllPlaybookCRLs - CRL Entries: 0
10:04:42.205 [main] INFO org.keysupport.api.pkix.cache.DownloadAndVerifyAllPlaybookCRLs - Found issuer in our intermediate store: CN=Naval Reactors SSP Agency CA G3,OU=U.S. Department of Energy,O=U.S. Government,C=US
10:04:42.206 [main] INFO org.keysupport.api.pkix.cache.DownloadAndVerifyAllPlaybookCRLs - CRL Signature verified: http://onsite-crl.pki.digicert.com/USDepartmentofEnergyNavalReactorsPIVG3/LatestCRL.crl
10:04:42.206 [main] INFO org.keysupport.api.pkix.cache.DownloadAndVerifyAllPlaybookCRLs - Downloading CRL data: http://pki-crl.symauth.com/ca_23580f2ce24946eab1793386d8e1b510/LatestCRL.crl
10:04:42.886 [main] INFO org.keysupport.api.pkix.cache.DownloadAndVerifyAllPlaybookCRLs - HTTP fetch time: 680ms
10:04:42.886 [main] INFO org.keysupport.api.pkix.cache.DownloadAndVerifyAllPlaybookCRLs - File is 142003 bytes in size
10:04:42.887 [main] INFO org.keysupport.api.pkix.cache.DownloadAndVerifyAllPlaybookCRLs - CRL Issuer: CN=NRC SSP Agency CA G4,OU=U.S. Nuclear Regulatory Commission,O=U.S. Government,C=US
10:04:42.887 [main] INFO org.keysupport.api.pkix.cache.DownloadAndVerifyAllPlaybookCRLs - CRL thisUpdate: Wed Nov 30 07:52:20 EST 2022
10:04:42.887 [main] INFO org.keysupport.api.pkix.cache.DownloadAndVerifyAllPlaybookCRLs - CRL nextUpdate: Wed Nov 30 07:52:20 EST 2022
10:04:42.888 [main] INFO org.keysupport.api.pkix.cache.DownloadAndVerifyAllPlaybookCRLs - CRL Entries: 2888
10:04:42.889 [main] INFO org.keysupport.api.pkix.cache.DownloadAndVerifyAllPlaybookCRLs - Found issuer in our intermediate store: CN=NRC SSP Agency CA G4,OU=U.S. Nuclear Regulatory Commission,O=U.S. Government,C=US
10:04:42.890 [main] INFO org.keysupport.api.pkix.cache.DownloadAndVerifyAllPlaybookCRLs - CRL Signature verified: http://pki-crl.symauth.com/ca_23580f2ce24946eab1793386d8e1b510/LatestCRL.crl
10:04:42.890 [main] INFO org.keysupport.api.pkix.cache.DownloadAndVerifyAllPlaybookCRLs - Downloading CRL data: http://pki-crl.symauth.com/ca_ce00affea217ea042db01becf36671a4/LatestCRL.crl
10:04:43.062 [main] INFO org.keysupport.api.pkix.cache.DownloadAndVerifyAllPlaybookCRLs - HTTP fetch time: 171ms
10:04:43.062 [main] INFO org.keysupport.api.pkix.cache.DownloadAndVerifyAllPlaybookCRLs - File is 756 bytes in size
10:04:43.062 [main] INFO org.keysupport.api.pkix.cache.DownloadAndVerifyAllPlaybookCRLs - CRL Issuer: CN=NRC PROD G6 Fed SSP CA,OU=U.S. Nuclear Regulatory Commission,O=U.S. Government,C=US
10:04:43.062 [main] INFO org.keysupport.api.pkix.cache.DownloadAndVerifyAllPlaybookCRLs - CRL thisUpdate: Wed Nov 30 07:49:01 EST 2022
10:04:43.062 [main] INFO org.keysupport.api.pkix.cache.DownloadAndVerifyAllPlaybookCRLs - CRL nextUpdate: Wed Nov 30 07:49:01 EST 2022
10:04:43.062 [main] INFO org.keysupport.api.pkix.cache.DownloadAndVerifyAllPlaybookCRLs - CRL Entries: 0
10:04:43.063 [main] INFO org.keysupport.api.pkix.cache.DownloadAndVerifyAllPlaybookCRLs - Found issuer in our intermediate store: CN=NRC PROD G6 Fed SSP CA,OU=U.S. Nuclear Regulatory Commission,O=U.S. Government,C=US
10:04:43.105 [main] INFO org.keysupport.api.pkix.cache.DownloadAndVerifyAllPlaybookCRLs - CRL Signature verified: http://pki-crl.symauth.com/ca_ce00affea217ea042db01becf36671a4/LatestCRL.crl
10:04:43.105 [main] INFO org.keysupport.api.pkix.cache.DownloadAndVerifyAllPlaybookCRLs - Downloading CRL data: http://crl-server.orc.com/CRLs/ORCSSP4.crl
10:04:43.281 [main] INFO org.keysupport.api.pkix.cache.DownloadAndVerifyAllPlaybookCRLs - HTTP fetch time: 176ms
10:04:43.281 [main] INFO org.keysupport.api.pkix.cache.DownloadAndVerifyAllPlaybookCRLs - File is 10164 bytes in size
10:04:43.281 [main] INFO org.keysupport.api.pkix.cache.DownloadAndVerifyAllPlaybookCRLs - CRL Issuer: CN=ORC SSP 4,O=ORC PKI,C=US
10:04:43.281 [main] INFO org.keysupport.api.pkix.cache.DownloadAndVerifyAllPlaybookCRLs - CRL thisUpdate: Wed Nov 30 08:28:54 EST 2022
10:04:43.281 [main] INFO org.keysupport.api.pkix.cache.DownloadAndVerifyAllPlaybookCRLs - CRL nextUpdate: Wed Nov 30 08:28:54 EST 2022
10:04:43.281 [main] INFO org.keysupport.api.pkix.cache.DownloadAndVerifyAllPlaybookCRLs - CRL Entries: 232
10:04:43.282 [main] INFO org.keysupport.api.pkix.cache.DownloadAndVerifyAllPlaybookCRLs - Found issuer in our intermediate store: CN=ORC SSP 4,O=ORC PKI,C=US
10:04:43.283 [main] INFO org.keysupport.api.pkix.cache.DownloadAndVerifyAllPlaybookCRLs - CRL Signature verified: http://crl-server.orc.com/CRLs/ORCSSP4.crl
10:04:43.283 [main] INFO org.keysupport.api.pkix.cache.DownloadAndVerifyAllPlaybookCRLs - Downloading CRL data: http://pki-crl.symauth.com/ca_fc26996dc726cf860f12aa77d4270098/LatestCRL.crl
10:04:43.457 [main] INFO org.keysupport.api.pkix.cache.DownloadAndVerifyAllPlaybookCRLs - HTTP fetch time: 174ms
10:04:43.457 [main] INFO org.keysupport.api.pkix.cache.DownloadAndVerifyAllPlaybookCRLs - File is 13067 bytes in size
10:04:43.457 [main] INFO org.keysupport.api.pkix.cache.DownloadAndVerifyAllPlaybookCRLs - CRL Issuer: CN=Senate PIV-I CA G5 PROD,OU=Office of the Sergeant at Arms,OU=U.S. Senate,O=U.S. Government,C=US
10:04:43.457 [main] INFO org.keysupport.api.pkix.cache.DownloadAndVerifyAllPlaybookCRLs - CRL thisUpdate: Wed Nov 30 07:49:14 EST 2022
10:04:43.457 [main] INFO org.keysupport.api.pkix.cache.DownloadAndVerifyAllPlaybookCRLs - CRL nextUpdate: Wed Nov 30 07:49:14 EST 2022
10:04:43.458 [main] INFO org.keysupport.api.pkix.cache.DownloadAndVerifyAllPlaybookCRLs - CRL Entries: 256
10:04:43.458 [main] INFO org.keysupport.api.pkix.cache.DownloadAndVerifyAllPlaybookCRLs - Found issuer in our intermediate store: CN=Senate PIV-I CA G5 PROD,OU=Office of the Sergeant at Arms,OU=U.S. Senate,O=U.S. Government,C=US
10:04:43.459 [main] INFO org.keysupport.api.pkix.cache.DownloadAndVerifyAllPlaybookCRLs - CRL Signature verified: http://pki-crl.symauth.com/ca_fc26996dc726cf860f12aa77d4270098/LatestCRL.crl
10:04:43.459 [main] INFO org.keysupport.api.pkix.cache.DownloadAndVerifyAllPlaybookCRLs - Downloading CRL data: http://pki-crl.symauth.com/ca_db1ff205d5a9b79af46c7896d15cb2a9/LatestCRL.crl
10:04:43.872 [main] INFO org.keysupport.api.pkix.cache.DownloadAndVerifyAllPlaybookCRLs - HTTP fetch time: 413ms
10:04:43.872 [main] INFO org.keysupport.api.pkix.cache.DownloadAndVerifyAllPlaybookCRLs - File is 65492 bytes in size
10:04:43.872 [main] INFO org.keysupport.api.pkix.cache.DownloadAndVerifyAllPlaybookCRLs - CRL Issuer: CN=U.S. Department of Education Agency CA - G5,OU=U.S. Department of Education,O=U.S. Government,C=US
10:04:43.872 [main] INFO org.keysupport.api.pkix.cache.DownloadAndVerifyAllPlaybookCRLs - CRL thisUpdate: Wed Nov 30 07:49:05 EST 2022
10:04:43.873 [main] INFO org.keysupport.api.pkix.cache.DownloadAndVerifyAllPlaybookCRLs - CRL nextUpdate: Wed Nov 30 07:49:05 EST 2022
10:04:43.873 [main] INFO org.keysupport.api.pkix.cache.DownloadAndVerifyAllPlaybookCRLs - CRL Entries: 1326
10:04:43.874 [main] INFO org.keysupport.api.pkix.cache.DownloadAndVerifyAllPlaybookCRLs - Found issuer in our intermediate store: CN=U.S. Department of Education Agency CA - G5,OU=U.S. Department of Education,O=U.S. Government,C=US
10:04:43.875 [main] INFO org.keysupport.api.pkix.cache.DownloadAndVerifyAllPlaybookCRLs - CRL Signature verified: http://pki-crl.symauth.com/ca_db1ff205d5a9b79af46c7896d15cb2a9/LatestCRL.crl
10:04:43.875 [main] INFO org.keysupport.api.pkix.cache.DownloadAndVerifyAllPlaybookCRLs - Downloading CRL data: http://crls.pki.state.gov/crls/DoSADPKIPIVCA2-1.crl
10:04:48.950 [main] INFO org.keysupport.api.pkix.cache.DownloadAndVerifyAllPlaybookCRLs - HTTP fetch time: 5075ms
10:04:48.951 [main] INFO org.keysupport.api.pkix.cache.DownloadAndVerifyAllPlaybookCRLs - File is 3893231 bytes in size
10:04:48.951 [main] INFO org.keysupport.api.pkix.cache.DownloadAndVerifyAllPlaybookCRLs - CRL Issuer: OU=U.S. Department of State PIV CA2,OU=Certification Authorities,OU=PIV,OU=Department of State,O=U.S. Government,C=US
10:04:48.952 [main] INFO org.keysupport.api.pkix.cache.DownloadAndVerifyAllPlaybookCRLs - CRL thisUpdate: Tue Nov 29 23:38:55 EST 2022
10:04:48.952 [main] INFO org.keysupport.api.pkix.cache.DownloadAndVerifyAllPlaybookCRLs - CRL nextUpdate: Tue Nov 29 23:38:55 EST 2022
10:04:48.991 [main] INFO org.keysupport.api.pkix.cache.DownloadAndVerifyAllPlaybookCRLs - CRL Entries: 103819
10:04:48.992 [main] INFO org.keysupport.api.pkix.cache.DownloadAndVerifyAllPlaybookCRLs - Found issuer in our intermediate store: OU=U.S. Department of State PIV CA2,OU=Certification Authorities,OU=PIV,OU=Department of State,O=U.S. Government,C=US
10:04:48.996 [main] INFO org.keysupport.api.pkix.cache.DownloadAndVerifyAllPlaybookCRLs - CRL Signature verified: http://crls.pki.state.gov/crls/DoSADPKIPIVCA2-1.crl
10:04:48.996 [main] INFO org.keysupport.api.pkix.cache.DownloadAndVerifyAllPlaybookCRLs - Downloading CRL data: http://onsite-crl.pki.digicert.com/USDepartmentofTransportationFAAPIVG5/LatestCRL.crl
10:04:52.820 [main] INFO org.keysupport.api.pkix.cache.DownloadAndVerifyAllPlaybookCRLs - HTTP fetch time: 3824ms
10:04:52.834 [main] INFO org.keysupport.api.pkix.cache.DownloadAndVerifyAllPlaybookCRLs - File is 4132780 bytes in size
10:04:52.835 [main] INFO org.keysupport.api.pkix.cache.DownloadAndVerifyAllPlaybookCRLs - CRL Issuer: CN=U.S. Department of Transportation Agency CA G5,OU=U.S. Department of Transportation,O=U.S. Government,C=US
10:04:52.835 [main] INFO org.keysupport.api.pkix.cache.DownloadAndVerifyAllPlaybookCRLs - CRL thisUpdate: Wed Nov 30 07:51:40 EST 2022
10:04:52.835 [main] INFO org.keysupport.api.pkix.cache.DownloadAndVerifyAllPlaybookCRLs - CRL nextUpdate: Wed Nov 30 07:51:40 EST 2022
10:04:52.886 [main] INFO org.keysupport.api.pkix.cache.DownloadAndVerifyAllPlaybookCRLs - CRL Entries: 84355
10:04:52.886 [main] INFO org.keysupport.api.pkix.cache.DownloadAndVerifyAllPlaybookCRLs - Found issuer in our intermediate store: CN=U.S. Department of Transportation Agency CA G5,OU=U.S. Department of Transportation,O=U.S. Government,C=US
10:04:52.891 [main] INFO org.keysupport.api.pkix.cache.DownloadAndVerifyAllPlaybookCRLs - CRL Signature verified: http://onsite-crl.pki.digicert.com/USDepartmentofTransportationFAAPIVG5/LatestCRL.crl
10:04:52.891 [main] INFO org.keysupport.api.pkix.cache.DownloadAndVerifyAllPlaybookCRLs - Downloading CRL data: http://ipki.uspto.gov/IPKI/CRLs/CombinedCRL3.crl
10:04:53.999 [main] INFO org.keysupport.api.pkix.cache.DownloadAndVerifyAllPlaybookCRLs - HTTP fetch time: 1108ms
10:04:53.999 [main] INFO org.keysupport.api.pkix.cache.DownloadAndVerifyAllPlaybookCRLs - File is 738365 bytes in size
10:04:54.000 [main] INFO org.keysupport.api.pkix.cache.DownloadAndVerifyAllPlaybookCRLs - CRL Issuer: CN=USPTO_INTR_CA1,CN=AIA,CN=Public Key Services,CN=Services,CN=Configuration,DC=uspto,DC=gov
10:04:54.000 [main] INFO org.keysupport.api.pkix.cache.DownloadAndVerifyAllPlaybookCRLs - CRL thisUpdate: Wed Nov 30 08:59:16 EST 2022
10:04:54.000 [main] INFO org.keysupport.api.pkix.cache.DownloadAndVerifyAllPlaybookCRLs - CRL nextUpdate: Wed Nov 30 08:59:16 EST 2022
10:04:54.011 [main] INFO org.keysupport.api.pkix.cache.DownloadAndVerifyAllPlaybookCRLs - CRL Entries: 19941
10:04:54.012 [main] INFO org.keysupport.api.pkix.cache.DownloadAndVerifyAllPlaybookCRLs - Found issuer in our intermediate store: CN=USPTO_INTR_CA1,CN=AIA,CN=Public Key Services,CN=Services,CN=Configuration,DC=uspto,DC=gov
10:04:54.014 [main] INFO org.keysupport.api.pkix.cache.DownloadAndVerifyAllPlaybookCRLs - CRL Signature verified: http://ipki.uspto.gov/IPKI/CRLs/CombinedCRL3.crl
10:04:54.014 [main] INFO org.keysupport.api.pkix.cache.DownloadAndVerifyAllPlaybookCRLs - Downloading CRL data: http://crl.pki.va.gov/PKI/CRL/VET-SSP-CA-B1.crl
10:04:54.244 [main] ERROR org.keysupport.api.singletons.HTTPClientSingleton - Failed to render CRL
java.security.cert.CRLException: Empty input
	at java.base/sun.security.provider.X509Factory.engineGenerateCRL(X509Factory.java:402)
	at java.base/java.security.cert.CertificateFactory.generateCRL(CertificateFactory.java:513)
	at org.keysupport.api.singletons.HTTPClientSingleton.getCrl(HTTPClientSingleton.java:87)
	at org.keysupport.api.pkix.cache.DownloadAndVerifyAllPlaybookCRLs.main(DownloadAndVerifyAllPlaybookCRLs.java:116)
10:04:54.330 [main] INFO org.keysupport.api.pkix.cache.DownloadAndVerifyAllPlaybookCRLs - HTTP fetch time: 316ms
10:04:54.330 [main] ERROR org.keysupport.api.pkix.cache.DownloadAndVerifyAllPlaybookCRLs - Failed to render CRL
10:04:54.330 [main] ERROR org.keysupport.api.pkix.cache.DownloadAndVerifyAllPlaybookCRLs - We should reject this CRL: http://crl.pki.va.gov/PKI/CRL/VET-SSP-CA-B1.crl
10:04:54.330 [main] INFO org.keysupport.api.pkix.cache.DownloadAndVerifyAllPlaybookCRLs - Downloading CRL data: http://crl.pki.va.gov/PKI/CRL/VACAB3.crl
10:04:54.450 [main] ERROR org.keysupport.api.singletons.HTTPClientSingleton - Failed to render CRL
java.security.cert.CRLException: Empty input
	at java.base/sun.security.provider.X509Factory.engineGenerateCRL(X509Factory.java:402)
	at java.base/java.security.cert.CertificateFactory.generateCRL(CertificateFactory.java:513)
	at org.keysupport.api.singletons.HTTPClientSingleton.getCrl(HTTPClientSingleton.java:87)
	at org.keysupport.api.pkix.cache.DownloadAndVerifyAllPlaybookCRLs.main(DownloadAndVerifyAllPlaybookCRLs.java:116)
10:04:54.450 [main] INFO org.keysupport.api.pkix.cache.DownloadAndVerifyAllPlaybookCRLs - HTTP fetch time: 120ms
10:04:54.450 [main] ERROR org.keysupport.api.pkix.cache.DownloadAndVerifyAllPlaybookCRLs - Failed to render CRL
10:04:54.451 [main] ERROR org.keysupport.api.pkix.cache.DownloadAndVerifyAllPlaybookCRLs - We should reject this CRL: http://crl.pki.va.gov/PKI/CRL/VACAB3.crl
10:04:54.451 [main] INFO org.keysupport.api.pkix.cache.DownloadAndVerifyAllPlaybookCRLs - Downloading CRL data: http://crl.xca.xpki.com/CRLs/XTec_PIVI_CA1.crl
10:04:55.040 [main] INFO org.keysupport.api.pkix.cache.DownloadAndVerifyAllPlaybookCRLs - HTTP fetch time: 589ms
10:04:55.040 [main] INFO org.keysupport.api.pkix.cache.DownloadAndVerifyAllPlaybookCRLs - File is 1248096 bytes in size
10:04:55.040 [main] INFO org.keysupport.api.pkix.cache.DownloadAndVerifyAllPlaybookCRLs - CRL Issuer: CN=WidePoint ORC NFI 4,OU=Certification Authorities,O=WidePoint,C=US
10:04:55.040 [main] INFO org.keysupport.api.pkix.cache.DownloadAndVerifyAllPlaybookCRLs - CRL thisUpdate: Wed Nov 30 08:17:29 EST 2022
10:04:55.041 [main] INFO org.keysupport.api.pkix.cache.DownloadAndVerifyAllPlaybookCRLs - CRL nextUpdate: Wed Nov 30 08:17:29 EST 2022
10:04:55.053 [main] INFO org.keysupport.api.pkix.cache.DownloadAndVerifyAllPlaybookCRLs - CRL Entries: 29008
10:04:55.054 [main] INFO org.keysupport.api.pkix.cache.DownloadAndVerifyAllPlaybookCRLs - Found issuer in our intermediate store: CN=WidePoint ORC NFI 4,OU=Certification Authorities,O=WidePoint,C=US
10:04:55.056 [main] INFO org.keysupport.api.pkix.cache.DownloadAndVerifyAllPlaybookCRLs - CRL Signature verified: http://crl.xca.xpki.com/CRLs/XTec_PIVI_CA1.crl
10:04:55.056 [main] INFO org.keysupport.api.pkix.cache.DownloadAndVerifyAllPlaybookCRLs - Downloading CRL data: http://crl-server.orc.com/CRLs/WIDEPOINTORCSSP5.crl
10:04:55.177 [main] INFO org.keysupport.api.pkix.cache.DownloadAndVerifyAllPlaybookCRLs - HTTP fetch time: 121ms
10:04:55.177 [main] INFO org.keysupport.api.pkix.cache.DownloadAndVerifyAllPlaybookCRLs - File is 21964 bytes in size
10:04:55.177 [main] INFO org.keysupport.api.pkix.cache.DownloadAndVerifyAllPlaybookCRLs - CRL Issuer: CN=WidePoint ORC SSP 5,O=ORC PKI,C=US
10:04:55.177 [main] INFO org.keysupport.api.pkix.cache.DownloadAndVerifyAllPlaybookCRLs - CRL thisUpdate: Wed Nov 30 08:28:54 EST 2022
10:04:55.177 [main] INFO org.keysupport.api.pkix.cache.DownloadAndVerifyAllPlaybookCRLs - CRL nextUpdate: Wed Nov 30 08:28:54 EST 2022
10:04:55.178 [main] INFO org.keysupport.api.pkix.cache.DownloadAndVerifyAllPlaybookCRLs - CRL Entries: 407
10:04:55.178 [main] INFO org.keysupport.api.pkix.cache.DownloadAndVerifyAllPlaybookCRLs - Found issuer in our intermediate store: CN=WidePoint ORC SSP 5,O=ORC PKI,C=US
10:04:55.181 [main] INFO org.keysupport.api.pkix.cache.DownloadAndVerifyAllPlaybookCRLs - CRL Signature verified: http://crl-server.orc.com/CRLs/WIDEPOINTORCSSP5.crl
10:04:55.181 [main] INFO org.keysupport.api.pkix.cache.DownloadAndVerifyAllPlaybookCRLs - Downloading CRL data: http://crl-server.orc.com/CRLs/WIDEPOINTNFI5.crl
10:04:55.232 [main] INFO org.keysupport.api.pkix.cache.DownloadAndVerifyAllPlaybookCRLs - HTTP fetch time: 51ms
10:04:55.232 [main] INFO org.keysupport.api.pkix.cache.DownloadAndVerifyAllPlaybookCRLs - File is 53823 bytes in size
10:04:55.233 [main] INFO org.keysupport.api.pkix.cache.DownloadAndVerifyAllPlaybookCRLs - CRL Issuer: CN=WidePoint NFI CA 5,O=ORC PKI,C=US
10:04:55.233 [main] INFO org.keysupport.api.pkix.cache.DownloadAndVerifyAllPlaybookCRLs - CRL thisUpdate: Wed Nov 30 09:10:00 EST 2022
10:04:55.233 [main] INFO org.keysupport.api.pkix.cache.DownloadAndVerifyAllPlaybookCRLs - CRL nextUpdate: Wed Nov 30 09:10:00 EST 2022
10:04:55.233 [main] INFO org.keysupport.api.pkix.cache.DownloadAndVerifyAllPlaybookCRLs - CRL Entries: 771
10:04:55.234 [main] INFO org.keysupport.api.pkix.cache.DownloadAndVerifyAllPlaybookCRLs - Found issuer in our intermediate store: CN=WidePoint NFI CA 5,O=ORC PKI,C=US
10:04:55.235 [main] INFO org.keysupport.api.pkix.cache.DownloadAndVerifyAllPlaybookCRLs - CRL Signature verified: http://crl-server.orc.com/CRLs/WIDEPOINTNFI5.crl
10:04:55.235 [main] INFO org.keysupport.api.pkix.cache.DownloadAndVerifyAllPlaybookCRLs - Downloading CRL data: http://crl-server.orc.com/CRLs/WIDEPOINTNFI6.crl
10:04:55.266 [main] INFO org.keysupport.api.pkix.cache.DownloadAndVerifyAllPlaybookCRLs - HTTP fetch time: 31ms
10:04:55.267 [main] INFO org.keysupport.api.pkix.cache.DownloadAndVerifyAllPlaybookCRLs - File is 40593 bytes in size
10:04:55.267 [main] INFO org.keysupport.api.pkix.cache.DownloadAndVerifyAllPlaybookCRLs - CRL Issuer: CN=WidePoint NFI CA 6,O=ORC PKI,C=US
10:04:55.267 [main] INFO org.keysupport.api.pkix.cache.DownloadAndVerifyAllPlaybookCRLs - CRL thisUpdate: Wed Nov 30 08:28:53 EST 2022
10:04:55.267 [main] INFO org.keysupport.api.pkix.cache.DownloadAndVerifyAllPlaybookCRLs - CRL nextUpdate: Wed Nov 30 08:28:53 EST 2022
10:04:55.268 [main] INFO org.keysupport.api.pkix.cache.DownloadAndVerifyAllPlaybookCRLs - CRL Entries: 1015
10:04:55.269 [main] INFO org.keysupport.api.pkix.cache.DownloadAndVerifyAllPlaybookCRLs - Found issuer in our intermediate store: CN=WidePoint NFI CA 6,O=ORC PKI,C=US
10:04:55.270 [main] INFO org.keysupport.api.pkix.cache.DownloadAndVerifyAllPlaybookCRLs - CRL Signature verified: http://crl-server.orc.com/CRLs/WIDEPOINTNFI6.crl
10:04:55.270 [main] INFO org.keysupport.api.pkix.cache.DownloadAndVerifyAllPlaybookCRLs - Downloading CRL data: http://pki.treasury.gov/VA_CA1.crl
10:04:58.319 [main] INFO org.keysupport.api.pkix.cache.DownloadAndVerifyAllPlaybookCRLs - HTTP fetch time: 3049ms
10:04:58.320 [main] INFO org.keysupport.api.pkix.cache.DownloadAndVerifyAllPlaybookCRLs - File is 5344290 bytes in size
10:04:58.321 [main] INFO org.keysupport.api.pkix.cache.DownloadAndVerifyAllPlaybookCRLs - CRL Issuer: OU=Department of Veterans Affairs CA,OU=Certification Authorities,OU=Department of Veterans Affairs,O=U.S. Government,C=US
10:04:58.321 [main] INFO org.keysupport.api.pkix.cache.DownloadAndVerifyAllPlaybookCRLs - CRL thisUpdate: Wed Nov 30 07:38:49 EST 2022
10:04:58.321 [main] INFO org.keysupport.api.pkix.cache.DownloadAndVerifyAllPlaybookCRLs - CRL nextUpdate: Wed Nov 30 07:38:49 EST 2022
10:04:58.396 [main] INFO org.keysupport.api.pkix.cache.DownloadAndVerifyAllPlaybookCRLs - CRL Entries: 231710
10:04:58.397 [main] INFO org.keysupport.api.pkix.cache.DownloadAndVerifyAllPlaybookCRLs - Found issuer in our intermediate store: OU=Department of Veterans Affairs CA,OU=Certification Authorities,OU=Department of Veterans Affairs,O=U.S. Government,C=US
10:04:58.403 [main] INFO org.keysupport.api.pkix.cache.DownloadAndVerifyAllPlaybookCRLs - CRL Signature verified: http://pki.treasury.gov/VA_CA1.crl
10:04:58.403 [main] INFO org.keysupport.api.pkix.cache.DownloadAndVerifyAllPlaybookCRLs - Downloading CRL data: http://pki.treasury.gov/VA_CA.crl
10:05:00.632 [main] INFO org.keysupport.api.pkix.cache.DownloadAndVerifyAllPlaybookCRLs - HTTP fetch time: 2229ms
10:05:00.634 [main] INFO org.keysupport.api.pkix.cache.DownloadAndVerifyAllPlaybookCRLs - File is 5344290 bytes in size
10:05:00.634 [main] INFO org.keysupport.api.pkix.cache.DownloadAndVerifyAllPlaybookCRLs - CRL Issuer: OU=Department of Veterans Affairs CA,OU=Certification Authorities,OU=Department of Veterans Affairs,O=U.S. Government,C=US
10:05:00.634 [main] INFO org.keysupport.api.pkix.cache.DownloadAndVerifyAllPlaybookCRLs - CRL thisUpdate: Wed Nov 30 07:38:49 EST 2022
10:05:00.634 [main] INFO org.keysupport.api.pkix.cache.DownloadAndVerifyAllPlaybookCRLs - CRL nextUpdate: Wed Nov 30 07:38:49 EST 2022
10:05:00.705 [main] INFO org.keysupport.api.pkix.cache.DownloadAndVerifyAllPlaybookCRLs - CRL Entries: 231710
10:05:00.706 [main] INFO org.keysupport.api.pkix.cache.DownloadAndVerifyAllPlaybookCRLs - Found issuer in our intermediate store: OU=Department of Veterans Affairs CA,OU=Certification Authorities,OU=Department of Veterans Affairs,O=U.S. Government,C=US
10:05:00.711 [main] INFO org.keysupport.api.pkix.cache.DownloadAndVerifyAllPlaybookCRLs - CRL Signature verified: http://pki.treasury.gov/VA_CA.crl
10:05:00.711 [main] INFO org.keysupport.api.pkix.cache.DownloadAndVerifyAllPlaybookCRLs - Downloading CRL data: http://pki.treasury.gov/DHS_CA2.crl
10:05:06.650 [main] INFO org.keysupport.api.pkix.cache.DownloadAndVerifyAllPlaybookCRLs - HTTP fetch time: 5939ms
10:05:06.687 [main] INFO org.keysupport.api.pkix.cache.DownloadAndVerifyAllPlaybookCRLs - File is 16566837 bytes in size
10:05:06.688 [main] INFO org.keysupport.api.pkix.cache.DownloadAndVerifyAllPlaybookCRLs - CRL Issuer: OU=DHS CA4,OU=Certification Authorities,OU=Department of Homeland Security,O=U.S. Government,C=US
10:05:06.688 [main] INFO org.keysupport.api.pkix.cache.DownloadAndVerifyAllPlaybookCRLs - CRL thisUpdate: Wed Nov 30 02:32:22 EST 2022
10:05:06.688 [main] INFO org.keysupport.api.pkix.cache.DownloadAndVerifyAllPlaybookCRLs - CRL nextUpdate: Wed Nov 30 02:32:22 EST 2022
10:05:06.887 [main] INFO org.keysupport.api.pkix.cache.DownloadAndVerifyAllPlaybookCRLs - CRL Entries: 439000
10:05:06.887 [main] INFO org.keysupport.api.pkix.cache.DownloadAndVerifyAllPlaybookCRLs - Found issuer in our intermediate store: OU=DHS CA4,OU=Certification Authorities,OU=Department of Homeland Security,O=U.S. Government,C=US
10:05:06.902 [main] INFO org.keysupport.api.pkix.cache.DownloadAndVerifyAllPlaybookCRLs - CRL Signature verified: http://pki.treasury.gov/DHS_CA2.crl
10:05:06.902 [main] INFO org.keysupport.api.pkix.cache.DownloadAndVerifyAllPlaybookCRLs - Downloading CRL data: http://crl.disa.mil/crl/DODIDCA_52.crl
10:05:06.975 [main] INFO org.keysupport.api.pkix.cache.DownloadAndVerifyAllPlaybookCRLs - HTTP fetch time: 73ms
10:05:06.976 [main] INFO org.keysupport.api.pkix.cache.DownloadAndVerifyAllPlaybookCRLs - File is 473 bytes in size
10:05:06.976 [main] INFO org.keysupport.api.pkix.cache.DownloadAndVerifyAllPlaybookCRLs - CRL Issuer: CN=DOD ID CA-52,OU=PKI,OU=DoD,O=U.S. Government,C=US
10:05:06.976 [main] INFO org.keysupport.api.pkix.cache.DownloadAndVerifyAllPlaybookCRLs - CRL thisUpdate: Tue Nov 29 04:00:00 EST 2022
10:05:06.976 [main] INFO org.keysupport.api.pkix.cache.DownloadAndVerifyAllPlaybookCRLs - CRL nextUpdate: Tue Nov 29 04:00:00 EST 2022
10:05:06.976 [main] INFO org.keysupport.api.pkix.cache.DownloadAndVerifyAllPlaybookCRLs - CRL Entries: 0
10:05:06.976 [main] INFO org.keysupport.api.pkix.cache.DownloadAndVerifyAllPlaybookCRLs - Found issuer in our intermediate store: CN=DOD ID CA-52,OU=PKI,OU=DoD,O=U.S. Government,C=US
10:05:06.977 [main] INFO org.keysupport.api.pkix.cache.DownloadAndVerifyAllPlaybookCRLs - CRL Signature verified: http://crl.disa.mil/crl/DODIDCA_52.crl
10:05:06.977 [main] INFO org.keysupport.api.pkix.cache.DownloadAndVerifyAllPlaybookCRLs - Downloading CRL data: http://crl.disa.mil/crl/DODIDCA_51.crl
10:05:07.018 [main] INFO org.keysupport.api.pkix.cache.DownloadAndVerifyAllPlaybookCRLs - HTTP fetch time: 41ms
10:05:07.018 [main] INFO org.keysupport.api.pkix.cache.DownloadAndVerifyAllPlaybookCRLs - File is 473 bytes in size
10:05:07.018 [main] INFO org.keysupport.api.pkix.cache.DownloadAndVerifyAllPlaybookCRLs - CRL Issuer: CN=DOD ID CA-51,OU=PKI,OU=DoD,O=U.S. Government,C=US
10:05:07.018 [main] INFO org.keysupport.api.pkix.cache.DownloadAndVerifyAllPlaybookCRLs - CRL thisUpdate: Wed Nov 30 05:00:00 EST 2022
10:05:07.018 [main] INFO org.keysupport.api.pkix.cache.DownloadAndVerifyAllPlaybookCRLs - CRL nextUpdate: Wed Nov 30 05:00:00 EST 2022
10:05:07.018 [main] INFO org.keysupport.api.pkix.cache.DownloadAndVerifyAllPlaybookCRLs - CRL Entries: 0
10:05:07.019 [main] INFO org.keysupport.api.pkix.cache.DownloadAndVerifyAllPlaybookCRLs - Found issuer in our intermediate store: CN=DOD ID CA-51,OU=PKI,OU=DoD,O=U.S. Government,C=US
10:05:07.019 [main] INFO org.keysupport.api.pkix.cache.DownloadAndVerifyAllPlaybookCRLs - CRL Signature verified: http://crl.disa.mil/crl/DODIDCA_51.crl
10:05:07.019 [main] INFO org.keysupport.api.pkix.cache.DownloadAndVerifyAllPlaybookCRLs - Downloading CRL data: http://crl.disa.mil/crl/DODIDCA_50.crl
10:05:07.038 [main] INFO org.keysupport.api.pkix.cache.DownloadAndVerifyAllPlaybookCRLs - HTTP fetch time: 19ms
10:05:07.038 [main] INFO org.keysupport.api.pkix.cache.DownloadAndVerifyAllPlaybookCRLs - File is 473 bytes in size
10:05:07.039 [main] INFO org.keysupport.api.pkix.cache.DownloadAndVerifyAllPlaybookCRLs - CRL Issuer: CN=DOD ID CA-50,OU=PKI,OU=DoD,O=U.S. Government,C=US
10:05:07.039 [main] INFO org.keysupport.api.pkix.cache.DownloadAndVerifyAllPlaybookCRLs - CRL thisUpdate: Tue Nov 29 06:00:00 EST 2022
10:05:07.039 [main] INFO org.keysupport.api.pkix.cache.DownloadAndVerifyAllPlaybookCRLs - CRL nextUpdate: Tue Nov 29 06:00:00 EST 2022
10:05:07.039 [main] INFO org.keysupport.api.pkix.cache.DownloadAndVerifyAllPlaybookCRLs - CRL Entries: 0
10:05:07.039 [main] INFO org.keysupport.api.pkix.cache.DownloadAndVerifyAllPlaybookCRLs - Found issuer in our intermediate store: CN=DOD ID CA-50,OU=PKI,OU=DoD,O=U.S. Government,C=US
10:05:07.039 [main] INFO org.keysupport.api.pkix.cache.DownloadAndVerifyAllPlaybookCRLs - CRL Signature verified: http://crl.disa.mil/crl/DODIDCA_50.crl
10:05:07.039 [main] INFO org.keysupport.api.pkix.cache.DownloadAndVerifyAllPlaybookCRLs - Downloading CRL data: http://crl.disa.mil/crl/DODIDCA_49.crl
10:05:07.063 [main] INFO org.keysupport.api.pkix.cache.DownloadAndVerifyAllPlaybookCRLs - HTTP fetch time: 24ms
10:05:07.063 [main] INFO org.keysupport.api.pkix.cache.DownloadAndVerifyAllPlaybookCRLs - File is 473 bytes in size
10:05:07.063 [main] INFO org.keysupport.api.pkix.cache.DownloadAndVerifyAllPlaybookCRLs - CRL Issuer: CN=DOD ID CA-49,OU=PKI,OU=DoD,O=U.S. Government,C=US
10:05:07.063 [main] INFO org.keysupport.api.pkix.cache.DownloadAndVerifyAllPlaybookCRLs - CRL thisUpdate: Wed Nov 30 07:00:00 EST 2022
10:05:07.063 [main] INFO org.keysupport.api.pkix.cache.DownloadAndVerifyAllPlaybookCRLs - CRL nextUpdate: Wed Nov 30 07:00:00 EST 2022
10:05:07.063 [main] INFO org.keysupport.api.pkix.cache.DownloadAndVerifyAllPlaybookCRLs - CRL Entries: 0
10:05:07.064 [main] INFO org.keysupport.api.pkix.cache.DownloadAndVerifyAllPlaybookCRLs - Found issuer in our intermediate store: CN=DOD ID CA-49,OU=PKI,OU=DoD,O=U.S. Government,C=US
10:05:07.064 [main] INFO org.keysupport.api.pkix.cache.DownloadAndVerifyAllPlaybookCRLs - CRL Signature verified: http://crl.disa.mil/crl/DODIDCA_49.crl
10:05:07.064 [main] INFO org.keysupport.api.pkix.cache.DownloadAndVerifyAllPlaybookCRLs - Downloading CRL data: http://sspweb.managed.entrust.com/CRLs/EMSSSPCA2.crl
10:05:09.112 [main] INFO org.keysupport.api.pkix.cache.DownloadAndVerifyAllPlaybookCRLs - HTTP fetch time: 2047ms
10:05:09.181 [main] INFO org.keysupport.api.pkix.cache.DownloadAndVerifyAllPlaybookCRLs - File is 24576352 bytes in size
10:05:09.182 [main] INFO org.keysupport.api.pkix.cache.DownloadAndVerifyAllPlaybookCRLs - CRL Issuer: OU=Entrust Managed Services SSP CA,OU=Certification Authorities,O=Entrust,C=US
10:05:09.182 [main] INFO org.keysupport.api.pkix.cache.DownloadAndVerifyAllPlaybookCRLs - CRL thisUpdate: Wed Nov 30 05:00:05 EST 2022
10:05:09.182 [main] INFO org.keysupport.api.pkix.cache.DownloadAndVerifyAllPlaybookCRLs - CRL nextUpdate: Wed Nov 30 05:00:05 EST 2022
10:05:09.666 [main] INFO org.keysupport.api.pkix.cache.DownloadAndVerifyAllPlaybookCRLs - CRL Entries: 1050695
10:05:09.667 [main] INFO org.keysupport.api.pkix.cache.DownloadAndVerifyAllPlaybookCRLs - Found issuer in our intermediate store: OU=Entrust Managed Services SSP CA,OU=Certification Authorities,O=Entrust,C=US
10:05:09.689 [main] INFO org.keysupport.api.pkix.cache.DownloadAndVerifyAllPlaybookCRLs - CRL Signature verified: http://sspweb.managed.entrust.com/CRLs/EMSSSPCA2.crl
10:05:09.689 [main] INFO org.keysupport.api.pkix.cache.DownloadAndVerifyAllPlaybookCRLs - Downloading CRL data: http://feddcsweb.managed.entrust.com/CRLs/FedDCSCA.crl
10:05:10.273 [main] INFO org.keysupport.api.pkix.cache.DownloadAndVerifyAllPlaybookCRLs - HTTP fetch time: 583ms
10:05:10.274 [main] INFO org.keysupport.api.pkix.cache.DownloadAndVerifyAllPlaybookCRLs - File is 8106912 bytes in size
10:05:10.275 [main] INFO org.keysupport.api.pkix.cache.DownloadAndVerifyAllPlaybookCRLs - CRL Issuer: CN=Entrust Derived Credential SSP CA,OU=Certification Authorities,O=Entrust,C=US
10:05:10.275 [main] INFO org.keysupport.api.pkix.cache.DownloadAndVerifyAllPlaybookCRLs - CRL thisUpdate: Wed Nov 30 09:00:09 EST 2022
10:05:10.275 [main] INFO org.keysupport.api.pkix.cache.DownloadAndVerifyAllPlaybookCRLs - CRL nextUpdate: Wed Nov 30 09:00:09 EST 2022
10:05:10.361 [main] INFO org.keysupport.api.pkix.cache.DownloadAndVerifyAllPlaybookCRLs - CRL Entries: 219102
10:05:10.361 [main] INFO org.keysupport.api.pkix.cache.DownloadAndVerifyAllPlaybookCRLs - Found issuer in our intermediate store: CN=Entrust Derived Credential SSP CA,OU=Certification Authorities,O=Entrust,C=US
10:05:10.370 [main] INFO org.keysupport.api.pkix.cache.DownloadAndVerifyAllPlaybookCRLs - CRL Signature verified: http://feddcsweb.managed.entrust.com/CRLs/FedDCSCA.crl
10:05:10.370 [main] INFO org.keysupport.api.pkix.cache.DownloadAndVerifyAllPlaybookCRLs - Downloading CRL data: http://hhspkicrl.managed.entrust.com/CRLs/HHSEntrustCA1.crl
10:05:15.644 [main] INFO org.keysupport.api.pkix.cache.DownloadAndVerifyAllPlaybookCRLs - HTTP fetch time: 5274ms
10:05:15.689 [main] INFO org.keysupport.api.pkix.cache.DownloadAndVerifyAllPlaybookCRLs - File is 7072729 bytes in size
10:05:15.689 [main] INFO org.keysupport.api.pkix.cache.DownloadAndVerifyAllPlaybookCRLs - CRL Issuer: CN=HHS-FPKI-Intermediate-CA-E1,OU=Certification Authorities,OU=HHS,O=U.S. Government,C=US
10:05:15.689 [main] INFO org.keysupport.api.pkix.cache.DownloadAndVerifyAllPlaybookCRLs - CRL thisUpdate: Wed Nov 30 04:29:35 EST 2022
10:05:15.689 [main] INFO org.keysupport.api.pkix.cache.DownloadAndVerifyAllPlaybookCRLs - CRL nextUpdate: Wed Nov 30 04:29:35 EST 2022
10:05:15.780 [main] INFO org.keysupport.api.pkix.cache.DownloadAndVerifyAllPlaybookCRLs - CRL Entries: 244079
10:05:15.781 [main] INFO org.keysupport.api.pkix.cache.DownloadAndVerifyAllPlaybookCRLs - Found issuer in our intermediate store: CN=HHS-FPKI-Intermediate-CA-E1,OU=Certification Authorities,OU=HHS,O=U.S. Government,C=US
10:05:15.787 [main] INFO org.keysupport.api.pkix.cache.DownloadAndVerifyAllPlaybookCRLs - CRL Signature verified: http://hhspkicrl.managed.entrust.com/CRLs/HHSEntrustCA1.crl
10:05:15.787 [main] INFO org.keysupport.api.pkix.cache.DownloadAndVerifyAllPlaybookCRLs - Downloading CRL data: http://pki.treasury.gov/NASA_Operational_CA3.crl
10:05:17.919 [main] INFO org.keysupport.api.pkix.cache.DownloadAndVerifyAllPlaybookCRLs - HTTP fetch time: 2132ms
10:05:17.921 [main] INFO org.keysupport.api.pkix.cache.DownloadAndVerifyAllPlaybookCRLs - File is 3937874 bytes in size
10:05:17.921 [main] INFO org.keysupport.api.pkix.cache.DownloadAndVerifyAllPlaybookCRLs - CRL Issuer: OU=NASA Operational CA,OU=Certification Authorities,OU=NASA,O=U.S. Government,C=US
10:05:17.921 [main] INFO org.keysupport.api.pkix.cache.DownloadAndVerifyAllPlaybookCRLs - CRL thisUpdate: Wed Nov 30 06:00:46 EST 2022
10:05:17.921 [main] INFO org.keysupport.api.pkix.cache.DownloadAndVerifyAllPlaybookCRLs - CRL nextUpdate: Wed Nov 30 06:00:46 EST 2022
10:05:17.970 [main] INFO org.keysupport.api.pkix.cache.DownloadAndVerifyAllPlaybookCRLs - CRL Entries: 106385
10:05:17.970 [main] INFO org.keysupport.api.pkix.cache.DownloadAndVerifyAllPlaybookCRLs - Found issuer in our intermediate store: OU=NASA Operational CA,OU=Certification Authorities,OU=NASA,O=U.S. Government,C=US
10:05:17.974 [main] INFO org.keysupport.api.pkix.cache.DownloadAndVerifyAllPlaybookCRLs - CRL Signature verified: http://pki.treasury.gov/NASA_Operational_CA3.crl
10:05:17.974 [main] INFO org.keysupport.api.pkix.cache.DownloadAndVerifyAllPlaybookCRLs - Downloading CRL data: http://onsite-crl.pki.digicert.com/USNuclearRegulatoryCommissionSSPPIVG3/LatestCRL.crl
10:05:18.388 [main] INFO org.keysupport.api.pkix.cache.DownloadAndVerifyAllPlaybookCRLs - HTTP fetch time: 414ms
10:05:18.388 [main] INFO org.keysupport.api.pkix.cache.DownloadAndVerifyAllPlaybookCRLs - File is 161451 bytes in size
10:05:18.388 [main] INFO org.keysupport.api.pkix.cache.DownloadAndVerifyAllPlaybookCRLs - CRL Issuer: CN=NRC SSP Agency CA G3,OU=U.S. Nuclear Regulatory Commission,O=U.S. Government,C=US
10:05:18.388 [main] INFO org.keysupport.api.pkix.cache.DownloadAndVerifyAllPlaybookCRLs - CRL thisUpdate: Wed Nov 30 07:51:45 EST 2022
10:05:18.388 [main] INFO org.keysupport.api.pkix.cache.DownloadAndVerifyAllPlaybookCRLs - CRL nextUpdate: Wed Nov 30 07:51:45 EST 2022
10:05:18.391 [main] INFO org.keysupport.api.pkix.cache.DownloadAndVerifyAllPlaybookCRLs - CRL Entries: 3840
10:05:18.392 [main] INFO org.keysupport.api.pkix.cache.DownloadAndVerifyAllPlaybookCRLs - Found issuer in our intermediate store: CN=NRC SSP Agency CA G3,OU=U.S. Nuclear Regulatory Commission,O=U.S. Government,C=US
10:05:18.393 [main] INFO org.keysupport.api.pkix.cache.DownloadAndVerifyAllPlaybookCRLs - CRL Signature verified: http://onsite-crl.pki.digicert.com/USNuclearRegulatoryCommissionSSPPIVG3/LatestCRL.crl
10:05:18.393 [main] INFO org.keysupport.api.pkix.cache.DownloadAndVerifyAllPlaybookCRLs - Downloading CRL data: http://onsite-crl.pki.digicert.com/USSenateSSPPIVIG4PROD/LatestCRL.crl
10:05:18.612 [main] INFO org.keysupport.api.pkix.cache.DownloadAndVerifyAllPlaybookCRLs - HTTP fetch time: 219ms
10:05:18.613 [main] INFO org.keysupport.api.pkix.cache.DownloadAndVerifyAllPlaybookCRLs - File is 20566 bytes in size
10:05:18.613 [main] INFO org.keysupport.api.pkix.cache.DownloadAndVerifyAllPlaybookCRLs - CRL Issuer: CN=Senate PIV-I CA G4,OU=Office of the Sergeant at Arms,OU=U.S. Senate,O=U.S. Government,C=US
10:05:18.613 [main] INFO org.keysupport.api.pkix.cache.DownloadAndVerifyAllPlaybookCRLs - CRL thisUpdate: Wed Nov 30 07:51:45 EST 2022
10:05:18.613 [main] INFO org.keysupport.api.pkix.cache.DownloadAndVerifyAllPlaybookCRLs - CRL nextUpdate: Wed Nov 30 07:51:45 EST 2022
10:05:18.613 [main] INFO org.keysupport.api.pkix.cache.DownloadAndVerifyAllPlaybookCRLs - CRL Entries: 486
10:05:18.614 [main] INFO org.keysupport.api.pkix.cache.DownloadAndVerifyAllPlaybookCRLs - Found issuer in our intermediate store: CN=Senate PIV-I CA G4,OU=Office of the Sergeant at Arms,OU=U.S. Senate,O=U.S. Government,C=US
10:05:18.615 [main] INFO org.keysupport.api.pkix.cache.DownloadAndVerifyAllPlaybookCRLs - CRL Signature verified: http://onsite-crl.pki.digicert.com/USSenateSSPPIVIG4PROD/LatestCRL.crl
10:05:18.615 [main] INFO org.keysupport.api.pkix.cache.DownloadAndVerifyAllPlaybookCRLs - Downloading CRL data: http://pki.treasury.gov/SSA_CA2.crl
10:05:19.207 [main] INFO org.keysupport.api.pkix.cache.DownloadAndVerifyAllPlaybookCRLs - HTTP fetch time: 592ms
10:05:19.208 [main] INFO org.keysupport.api.pkix.cache.DownloadAndVerifyAllPlaybookCRLs - File is 2228774 bytes in size
10:05:19.208 [main] INFO org.keysupport.api.pkix.cache.DownloadAndVerifyAllPlaybookCRLs - CRL Issuer: OU=Social Security Administration Certification Authority,OU=SSA,O=U.S. Government,C=US
10:05:19.208 [main] INFO org.keysupport.api.pkix.cache.DownloadAndVerifyAllPlaybookCRLs - CRL thisUpdate: Wed Nov 30 06:20:06 EST 2022
10:05:19.208 [main] INFO org.keysupport.api.pkix.cache.DownloadAndVerifyAllPlaybookCRLs - CRL nextUpdate: Wed Nov 30 06:20:06 EST 2022
10:05:19.234 [main] INFO org.keysupport.api.pkix.cache.DownloadAndVerifyAllPlaybookCRLs - CRL Entries: 60125
10:05:19.234 [main] INFO org.keysupport.api.pkix.cache.DownloadAndVerifyAllPlaybookCRLs - Found issuer in our intermediate store: OU=Social Security Administration Certification Authority,OU=SSA,O=U.S. Government,C=US
10:05:19.236 [main] INFO org.keysupport.api.pkix.cache.DownloadAndVerifyAllPlaybookCRLs - CRL Signature verified: http://pki.treasury.gov/SSA_CA2.crl
10:05:19.236 [main] INFO org.keysupport.api.pkix.cache.DownloadAndVerifyAllPlaybookCRLs - Downloading CRL data: http://pki.treasury.gov/OCIO_CA4.crl
10:05:20.905 [main] INFO org.keysupport.api.pkix.cache.DownloadAndVerifyAllPlaybookCRLs - HTTP fetch time: 1668ms
10:05:20.906 [main] INFO org.keysupport.api.pkix.cache.DownloadAndVerifyAllPlaybookCRLs - File is 5428274 bytes in size
10:05:20.906 [main] INFO org.keysupport.api.pkix.cache.DownloadAndVerifyAllPlaybookCRLs - CRL Issuer: OU=OCIO CA,OU=Certification Authorities,OU=Department of the Treasury,O=U.S. Government,C=US
10:05:20.906 [main] INFO org.keysupport.api.pkix.cache.DownloadAndVerifyAllPlaybookCRLs - CRL thisUpdate: Wed Nov 30 08:26:55 EST 2022
10:05:20.906 [main] INFO org.keysupport.api.pkix.cache.DownloadAndVerifyAllPlaybookCRLs - CRL nextUpdate: Wed Nov 30 08:26:55 EST 2022
10:05:20.965 [main] INFO org.keysupport.api.pkix.cache.DownloadAndVerifyAllPlaybookCRLs - CRL Entries: 146696
10:05:20.965 [main] INFO org.keysupport.api.pkix.cache.DownloadAndVerifyAllPlaybookCRLs - Found issuer in our intermediate store: OU=OCIO CA,OU=Certification Authorities,OU=Department of the Treasury,O=U.S. Government,C=US
10:05:20.971 [main] INFO org.keysupport.api.pkix.cache.DownloadAndVerifyAllPlaybookCRLs - CRL Signature verified: http://pki.treasury.gov/OCIO_CA4.crl
10:05:20.971 [main] INFO org.keysupport.api.pkix.cache.DownloadAndVerifyAllPlaybookCRLs - Downloading CRL data: http://onsite-crl.pki.digicert.com/USDepartmentofEducationDoEDG4PIV/LatestCRL.crl
10:05:21.583 [main] INFO org.keysupport.api.pkix.cache.DownloadAndVerifyAllPlaybookCRLs - HTTP fetch time: 612ms
10:05:21.583 [main] INFO org.keysupport.api.pkix.cache.DownloadAndVerifyAllPlaybookCRLs - File is 253860 bytes in size
10:05:21.584 [main] INFO org.keysupport.api.pkix.cache.DownloadAndVerifyAllPlaybookCRLs - CRL Issuer: CN=U.S. Department of Education Agency CA - G4,OU=U.S. Department of Education,O=U.S. Government,C=US
10:05:21.584 [main] INFO org.keysupport.api.pkix.cache.DownloadAndVerifyAllPlaybookCRLs - CRL thisUpdate: Wed Nov 30 07:51:35 EST 2022
10:05:21.584 [main] INFO org.keysupport.api.pkix.cache.DownloadAndVerifyAllPlaybookCRLs - CRL nextUpdate: Wed Nov 30 07:51:35 EST 2022
10:05:21.587 [main] INFO org.keysupport.api.pkix.cache.DownloadAndVerifyAllPlaybookCRLs - CRL Entries: 5782
10:05:21.587 [main] INFO org.keysupport.api.pkix.cache.DownloadAndVerifyAllPlaybookCRLs - Found issuer in our intermediate store: CN=U.S. Department of Education Agency CA - G4,OU=U.S. Department of Education,O=U.S. Government,C=US
10:05:21.588 [main] INFO org.keysupport.api.pkix.cache.DownloadAndVerifyAllPlaybookCRLs - CRL Signature verified: http://onsite-crl.pki.digicert.com/USDepartmentofEducationDoEDG4PIV/LatestCRL.crl
10:05:21.589 [main] INFO org.keysupport.api.pkix.cache.DownloadAndVerifyAllPlaybookCRLs - Downloading CRL data: http://crls.pki.state.gov/crls/DoSADPKIPIVCA2.crl
10:05:26.382 [main] INFO org.keysupport.api.pkix.cache.DownloadAndVerifyAllPlaybookCRLs - HTTP fetch time: 4793ms
10:05:26.383 [main] INFO org.keysupport.api.pkix.cache.DownloadAndVerifyAllPlaybookCRLs - File is 3893103 bytes in size
10:05:26.383 [main] INFO org.keysupport.api.pkix.cache.DownloadAndVerifyAllPlaybookCRLs - CRL Issuer: OU=U.S. Department of State PIV CA2,OU=Certification Authorities,OU=PIV,OU=Department of State,O=U.S. Government,C=US
10:05:26.383 [main] INFO org.keysupport.api.pkix.cache.DownloadAndVerifyAllPlaybookCRLs - CRL thisUpdate: Tue Nov 29 23:38:55 EST 2022
10:05:26.383 [main] INFO org.keysupport.api.pkix.cache.DownloadAndVerifyAllPlaybookCRLs - CRL nextUpdate: Tue Nov 29 23:38:55 EST 2022
10:05:26.423 [main] INFO org.keysupport.api.pkix.cache.DownloadAndVerifyAllPlaybookCRLs - CRL Entries: 103819
10:05:26.424 [main] INFO org.keysupport.api.pkix.cache.DownloadAndVerifyAllPlaybookCRLs - Found issuer in our intermediate store: OU=U.S. Department of State PIV CA2,OU=Certification Authorities,OU=PIV,OU=Department of State,O=U.S. Government,C=US
10:05:26.428 [main] INFO org.keysupport.api.pkix.cache.DownloadAndVerifyAllPlaybookCRLs - CRL Signature verified: http://crls.pki.state.gov/crls/DoSADPKIPIVCA2.crl
10:05:26.428 [main] INFO org.keysupport.api.pkix.cache.DownloadAndVerifyAllPlaybookCRLs - Downloading CRL data: http://onsite-crl.pki.digicert.com/USDepartmentofTransportationFAAPIVG4/LatestCRL.crl
10:05:29.204 [main] INFO org.keysupport.api.pkix.cache.DownloadAndVerifyAllPlaybookCRLs - HTTP fetch time: 2776ms
10:05:29.205 [main] INFO org.keysupport.api.pkix.cache.DownloadAndVerifyAllPlaybookCRLs - File is 3719905 bytes in size
10:05:29.205 [main] INFO org.keysupport.api.pkix.cache.DownloadAndVerifyAllPlaybookCRLs - CRL Issuer: CN=U.S. Department of Transportation Agency CA G4,OU=U.S. Department of Transportation,O=U.S. Government,C=US
10:05:29.205 [main] INFO org.keysupport.api.pkix.cache.DownloadAndVerifyAllPlaybookCRLs - CRL thisUpdate: Wed Nov 30 07:51:38 EST 2022
10:05:29.205 [main] INFO org.keysupport.api.pkix.cache.DownloadAndVerifyAllPlaybookCRLs - CRL nextUpdate: Wed Nov 30 07:51:38 EST 2022
10:05:29.240 [main] INFO org.keysupport.api.pkix.cache.DownloadAndVerifyAllPlaybookCRLs - CRL Entries: 93481
10:05:29.241 [main] INFO org.keysupport.api.pkix.cache.DownloadAndVerifyAllPlaybookCRLs - Found issuer in our intermediate store: CN=U.S. Department of Transportation Agency CA G4,OU=U.S. Department of Transportation,O=U.S. Government,C=US
10:05:29.245 [main] INFO org.keysupport.api.pkix.cache.DownloadAndVerifyAllPlaybookCRLs - CRL Signature verified: http://onsite-crl.pki.digicert.com/USDepartmentofTransportationFAAPIVG4/LatestCRL.crl
10:05:29.245 [main] INFO org.keysupport.api.pkix.cache.DownloadAndVerifyAllPlaybookCRLs - Total number of revoked certificates: 7955190
10:05:29.245 [main] INFO org.keysupport.api.pkix.cache.DownloadAndVerifyAllPlaybookCRLs - Total number of CRL Bytes: 221341582
