2022-11-30 10:27:31.347 INFO net.spy.memcached.MemcachedConnection:  Setting retryQueueSize to -1
2022-11-30 10:27:31.356 INFO net.spy.memcached.MemcachedConnection:  Added {QA sa=/127.0.0.1:11211, #Rops=0, #Wops=0, #iq=0, topRop=null, topWop=null, toWrite=0, interested=0} to connect queue
2022-11-30 10:27:31.366 WARN net.spy.memcached.MemcachedConnection:  Could not redistribute to another node, retrying primary node for https://raw.githubusercontent.com/GSA/ficam-playbooks/federalist-pages/_fpki/tools/CACertificatesValidatingToFederalCommonPolicyG2.p7b.
10:27:31.376 [main] INFO org.keysupport.api.singletons.ElasticacheClientSingleton - Cache Hit for key: https://raw.githubusercontent.com/GSA/ficam-playbooks/federalist-pages/_fpki/tools/CACertificatesValidatingToFederalCommonPolicyG2.p7b
10:27:31.454 [main] INFO org.keysupport.api.pkix.cache.DownloadAndVerifyAllPlaybookCRLs - CMS object is 239569 bytes in size
10:27:31.454 [main] INFO org.keysupport.api.pkix.cache.DownloadAndVerifyAllPlaybookCRLs - CMS object contains 150 certificates
10:27:31.456 [main] INFO org.keysupport.api.pkix.cache.DownloadAndVerifyAllPlaybookCRLs - CMS Cert: CN=Boeing PCA G3,OU=certservers,O=Boeing,C=US
10:27:31.456 [main] INFO org.keysupport.api.pkix.cache.DownloadAndVerifyAllPlaybookCRLs - CMS Cert: CN=Bureau of the Census Agency CA,OU=Department of Commerce,O=U.S. Government,C=US
10:27:31.456 [main] INFO org.keysupport.api.pkix.cache.DownloadAndVerifyAllPlaybookCRLs - CMS Cert: CN=Carillon Federal Services PIV-I CA1,OU=Certification Authorities,O=Carillon Federal Services Inc.,C=US
10:27:31.456 [main] INFO org.keysupport.api.pkix.cache.DownloadAndVerifyAllPlaybookCRLs - CMS Cert: CN=Carillon Federal Services PIV-I CA2,OU=Certification Authorities,O=Carillon Federal Services Inc.,C=US
10:27:31.457 [main] INFO org.keysupport.api.pkix.cache.DownloadAndVerifyAllPlaybookCRLs - CMS Cert: CN=Carillon PKI Services G2 Root CA 2,OU=Certification Authorities,O=Carillon Information Security Inc.,C=CA
10:27:31.457 [main] INFO org.keysupport.api.pkix.cache.DownloadAndVerifyAllPlaybookCRLs - CMS Cert: CN=CertiPath Bridge CA - G3,OU=Certification Authorities,O=CertiPath,C=US
10:27:31.457 [main] INFO org.keysupport.api.pkix.cache.DownloadAndVerifyAllPlaybookCRLs - CMS Cert: CN=CertiPath Bridge CA - G3,OU=Certification Authorities,O=CertiPath,C=US
10:27:31.457 [main] INFO org.keysupport.api.pkix.cache.DownloadAndVerifyAllPlaybookCRLs - CMS Cert: CN=CertiPath Bridge CA - G3,OU=Certification Authorities,O=CertiPath,C=US
10:27:31.457 [main] INFO org.keysupport.api.pkix.cache.DownloadAndVerifyAllPlaybookCRLs - CMS Cert: CN=CertiPath Bridge CA - G3,OU=Certification Authorities,O=CertiPath,C=US
10:27:31.457 [main] INFO org.keysupport.api.pkix.cache.DownloadAndVerifyAllPlaybookCRLs - CMS Cert: CN=DigiCert Class 3 SSP Intermediate CA - G4,O=DigiCert\, Inc.,C=US
10:27:31.458 [main] INFO org.keysupport.api.pkix.cache.DownloadAndVerifyAllPlaybookCRLs - CMS Cert: CN=DigiCert Federal SSP Intermediate CA - G5,O=DigiCert\, Inc.,C=US
10:27:31.458 [main] INFO org.keysupport.api.pkix.cache.DownloadAndVerifyAllPlaybookCRLs - CMS Cert: CN=DigiCert Federal SSP Intermediate CA - G6,O=DigiCert\, Inc.,C=US
10:27:31.458 [main] INFO org.keysupport.api.pkix.cache.DownloadAndVerifyAllPlaybookCRLs - CMS Cert: CN=DigiCert Federated ID CA - G2,O=DigiCert\, Inc.,C=US
10:27:31.458 [main] INFO org.keysupport.api.pkix.cache.DownloadAndVerifyAllPlaybookCRLs - CMS Cert: CN=DigiCert Federated ID L3 CA,OU=www.digicert.com,O=DigiCert Inc,C=US
10:27:31.458 [main] INFO org.keysupport.api.pkix.cache.DownloadAndVerifyAllPlaybookCRLs - CMS Cert: CN=DocuSign Root CA,OU=TSCP,O=DocuSign Inc.,C=US
10:27:31.459 [main] INFO org.keysupport.api.pkix.cache.DownloadAndVerifyAllPlaybookCRLs - CMS Cert: CN=DOD DERILITY CA-1,OU=PKI,OU=DoD,O=U.S. Government,C=US
10:27:31.459 [main] INFO org.keysupport.api.pkix.cache.DownloadAndVerifyAllPlaybookCRLs - CMS Cert: CN=DOD EMAIL CA-49,OU=PKI,OU=DoD,O=U.S. Government,C=US
10:27:31.459 [main] INFO org.keysupport.api.pkix.cache.DownloadAndVerifyAllPlaybookCRLs - CMS Cert: CN=DOD EMAIL CA-50,OU=PKI,OU=DoD,O=U.S. Government,C=US
10:27:31.459 [main] INFO org.keysupport.api.pkix.cache.DownloadAndVerifyAllPlaybookCRLs - CMS Cert: CN=DOD EMAIL CA-51,OU=PKI,OU=DoD,O=U.S. Government,C=US
10:27:31.459 [main] INFO org.keysupport.api.pkix.cache.DownloadAndVerifyAllPlaybookCRLs - CMS Cert: CN=DOD EMAIL CA-52,OU=PKI,OU=DoD,O=U.S. Government,C=US
10:27:31.459 [main] INFO org.keysupport.api.pkix.cache.DownloadAndVerifyAllPlaybookCRLs - CMS Cert: CN=DOD EMAIL CA-59,OU=PKI,OU=DoD,O=U.S. Government,C=US
10:27:31.459 [main] INFO org.keysupport.api.pkix.cache.DownloadAndVerifyAllPlaybookCRLs - CMS Cert: CN=DOD EMAIL CA-62,OU=PKI,OU=DoD,O=U.S. Government,C=US
10:27:31.460 [main] INFO org.keysupport.api.pkix.cache.DownloadAndVerifyAllPlaybookCRLs - CMS Cert: CN=DOD EMAIL CA-63,OU=PKI,OU=DoD,O=U.S. Government,C=US
10:27:31.460 [main] INFO org.keysupport.api.pkix.cache.DownloadAndVerifyAllPlaybookCRLs - CMS Cert: CN=DOD EMAIL CA-64,OU=PKI,OU=DoD,O=U.S. Government,C=US
10:27:31.460 [main] INFO org.keysupport.api.pkix.cache.DownloadAndVerifyAllPlaybookCRLs - CMS Cert: CN=DOD EMAIL CA-65,OU=PKI,OU=DoD,O=U.S. Government,C=US
10:27:31.460 [main] INFO org.keysupport.api.pkix.cache.DownloadAndVerifyAllPlaybookCRLs - CMS Cert: CN=DOD ID CA-49,OU=PKI,OU=DoD,O=U.S. Government,C=US
10:27:31.460 [main] INFO org.keysupport.api.pkix.cache.DownloadAndVerifyAllPlaybookCRLs - CMS Cert: CN=DOD ID CA-50,OU=PKI,OU=DoD,O=U.S. Government,C=US
10:27:31.460 [main] INFO org.keysupport.api.pkix.cache.DownloadAndVerifyAllPlaybookCRLs - CMS Cert: CN=DOD ID CA-51,OU=PKI,OU=DoD,O=U.S. Government,C=US
10:27:31.460 [main] INFO org.keysupport.api.pkix.cache.DownloadAndVerifyAllPlaybookCRLs - CMS Cert: CN=DOD ID CA-52,OU=PKI,OU=DoD,O=U.S. Government,C=US
10:27:31.460 [main] INFO org.keysupport.api.pkix.cache.DownloadAndVerifyAllPlaybookCRLs - CMS Cert: CN=DOD ID CA-59,OU=PKI,OU=DoD,O=U.S. Government,C=US
10:27:31.460 [main] INFO org.keysupport.api.pkix.cache.DownloadAndVerifyAllPlaybookCRLs - CMS Cert: CN=DOD ID CA-62,OU=PKI,OU=DoD,O=U.S. Government,C=US
10:27:31.460 [main] INFO org.keysupport.api.pkix.cache.DownloadAndVerifyAllPlaybookCRLs - CMS Cert: CN=DOD ID CA-63,OU=PKI,OU=DoD,O=U.S. Government,C=US
10:27:31.460 [main] INFO org.keysupport.api.pkix.cache.DownloadAndVerifyAllPlaybookCRLs - CMS Cert: CN=DOD ID CA-64,OU=PKI,OU=DoD,O=U.S. Government,C=US
10:27:31.461 [main] INFO org.keysupport.api.pkix.cache.DownloadAndVerifyAllPlaybookCRLs - CMS Cert: CN=DOD ID CA-65,OU=PKI,OU=DoD,O=U.S. Government,C=US
10:27:31.461 [main] INFO org.keysupport.api.pkix.cache.DownloadAndVerifyAllPlaybookCRLs - CMS Cert: CN=DoD Interoperability Root CA 2,OU=PKI,OU=DoD,O=U.S. Government,C=US
10:27:31.461 [main] INFO org.keysupport.api.pkix.cache.DownloadAndVerifyAllPlaybookCRLs - CMS Cert: CN=DoD Root CA 3,OU=PKI,OU=DoD,O=U.S. Government,C=US
10:27:31.461 [main] INFO org.keysupport.api.pkix.cache.DownloadAndVerifyAllPlaybookCRLs - CMS Cert: CN=DOD SW CA-53,OU=PKI,OU=DoD,O=U.S. Government,C=US
10:27:31.461 [main] INFO org.keysupport.api.pkix.cache.DownloadAndVerifyAllPlaybookCRLs - CMS Cert: CN=DOD SW CA-54,OU=PKI,OU=DoD,O=U.S. Government,C=US
10:27:31.461 [main] INFO org.keysupport.api.pkix.cache.DownloadAndVerifyAllPlaybookCRLs - CMS Cert: CN=DOD SW CA-60,OU=PKI,OU=DoD,O=U.S. Government,C=US
10:27:31.461 [main] INFO org.keysupport.api.pkix.cache.DownloadAndVerifyAllPlaybookCRLs - CMS Cert: CN=DOD SW CA-66,OU=PKI,OU=DoD,O=U.S. Government,C=US
10:27:31.461 [main] INFO org.keysupport.api.pkix.cache.DownloadAndVerifyAllPlaybookCRLs - CMS Cert: CN=DOD SW CA-67,OU=PKI,OU=DoD,O=U.S. Government,C=US
10:27:31.461 [main] INFO org.keysupport.api.pkix.cache.DownloadAndVerifyAllPlaybookCRLs - CMS Cert: CN=DOE SSP CA,OU=Certification Authorities,OU=Department of Energy,O=U.S. Government,C=US
10:27:31.461 [main] INFO org.keysupport.api.pkix.cache.DownloadAndVerifyAllPlaybookCRLs - CMS Cert: CN=ECA Root CA 4,OU=ECA,O=U.S. Government,C=US
10:27:31.461 [main] INFO org.keysupport.api.pkix.cache.DownloadAndVerifyAllPlaybookCRLs - CMS Cert: CN=Eid Passport LRA 2 CA,OU=Eid Passport PIV-I LRA Network,O=Eid Passport\, Inc.,C=US
10:27:31.462 [main] INFO org.keysupport.api.pkix.cache.DownloadAndVerifyAllPlaybookCRLs - CMS Cert: CN=Eid Passport LRA CA 3,OU=RAPIDGate PIV Interoperable LRA,O=Eid Passport\, Inc.,C=US
10:27:31.462 [main] INFO org.keysupport.api.pkix.cache.DownloadAndVerifyAllPlaybookCRLs - CMS Cert: CN=Entrust Derived Credential SSP CA,OU=Certification Authorities,O=Entrust,C=US
10:27:31.462 [main] INFO org.keysupport.api.pkix.cache.DownloadAndVerifyAllPlaybookCRLs - CMS Cert: CN=Entrust Derived Credential SSP CA,OU=Certification Authorities,O=Entrust,C=US
10:27:31.462 [main] INFO org.keysupport.api.pkix.cache.DownloadAndVerifyAllPlaybookCRLs - CMS Cert: CN=Exostar Digital Certificate Service Signing CA 1,O=Exostar UK Limited,C=GB
10:27:31.462 [main] INFO org.keysupport.api.pkix.cache.DownloadAndVerifyAllPlaybookCRLs - CMS Cert: CN=Exostar Federated Identity Service Root CA 2,OU=Certification Authorities,O=Exostar LLC,C=US
10:27:31.462 [main] INFO org.keysupport.api.pkix.cache.DownloadAndVerifyAllPlaybookCRLs - CMS Cert: CN=Exostar Federated Identity Service Signing CA 3,DC=evincible,DC=com
10:27:31.462 [main] INFO org.keysupport.api.pkix.cache.DownloadAndVerifyAllPlaybookCRLs - CMS Cert: CN=Exostar Federated Identity Service Signing CA 4,DC=evincible,DC=com
10:27:31.462 [main] INFO org.keysupport.api.pkix.cache.DownloadAndVerifyAllPlaybookCRLs - CMS Cert: CN=Federal Bridge CA G4,OU=FPKI,O=U.S. Government,C=US
10:27:31.462 [main] INFO org.keysupport.api.pkix.cache.DownloadAndVerifyAllPlaybookCRLs - CMS Cert: CN=Federal Bridge CA G4,OU=FPKI,O=U.S. Government,C=US
10:27:31.462 [main] INFO org.keysupport.api.pkix.cache.DownloadAndVerifyAllPlaybookCRLs - CMS Cert: CN=Federal Bridge CA G4,OU=FPKI,O=U.S. Government,C=US
10:27:31.462 [main] INFO org.keysupport.api.pkix.cache.DownloadAndVerifyAllPlaybookCRLs - CMS Cert: CN=Federal Bridge CA G4,OU=FPKI,O=U.S. Government,C=US
10:27:31.462 [main] INFO org.keysupport.api.pkix.cache.DownloadAndVerifyAllPlaybookCRLs - CMS Cert: CN=Federal Bridge CA G4,OU=FPKI,O=U.S. Government,C=US
10:27:31.462 [main] INFO org.keysupport.api.pkix.cache.DownloadAndVerifyAllPlaybookCRLs - CMS Cert: CN=Federal Bridge CA G4,OU=FPKI,O=U.S. Government,C=US
10:27:31.463 [main] INFO org.keysupport.api.pkix.cache.DownloadAndVerifyAllPlaybookCRLs - CMS Cert: CN=Federal Common Policy CA G2,OU=FPKI,O=U.S. Government,C=US
10:27:31.463 [main] INFO org.keysupport.api.pkix.cache.DownloadAndVerifyAllPlaybookCRLs - CMS Cert: CN=Federal Common Policy CA G2,OU=FPKI,O=U.S. Government,C=US
10:27:31.463 [main] INFO org.keysupport.api.pkix.cache.DownloadAndVerifyAllPlaybookCRLs - CMS Cert: CN=FTI Certification Authority,OU=FTI PKI Trust Infrastructure,O=Foundation for Trusted Identity,C=US
10:27:31.463 [main] INFO org.keysupport.api.pkix.cache.DownloadAndVerifyAllPlaybookCRLs - CMS Cert: CN=HHS-FPKI-Intermediate-CA-E1,OU=Certification Authorities,OU=HHS,O=U.S. Government,C=US
10:27:31.463 [main] INFO org.keysupport.api.pkix.cache.DownloadAndVerifyAllPlaybookCRLs - CMS Cert: CN=HHS-FPKI-Intermediate-CA-E1,OU=Certification Authorities,OU=HHS,O=U.S. Government,C=US
10:27:31.463 [main] INFO org.keysupport.api.pkix.cache.DownloadAndVerifyAllPlaybookCRLs - CMS Cert: CN=IdenTrust ECA Component S23,OU=Certification Authorities,OU=ECA,O=U.S. Government,C=US
10:27:31.463 [main] INFO org.keysupport.api.pkix.cache.DownloadAndVerifyAllPlaybookCRLs - CMS Cert: CN=IdenTrust ECA S22,OU=Certification Authorities,OU=ECA,O=U.S. Government,C=US
10:27:31.463 [main] INFO org.keysupport.api.pkix.cache.DownloadAndVerifyAllPlaybookCRLs - CMS Cert: CN=IdenTrust ECA S22C,OU=Certification Authorities,OU=ECA,O=U.S. Government,C=US
10:27:31.463 [main] INFO org.keysupport.api.pkix.cache.DownloadAndVerifyAllPlaybookCRLs - CMS Cert: CN=IdenTrust ECA S23,OU=Certification Authorities,OU=ECA,O=U.S. Government,C=US
10:27:31.463 [main] INFO org.keysupport.api.pkix.cache.DownloadAndVerifyAllPlaybookCRLs - CMS Cert: CN=IdenTrust Global Common Root CA 1,O=IdenTrust,C=US
10:27:31.463 [main] INFO org.keysupport.api.pkix.cache.DownloadAndVerifyAllPlaybookCRLs - CMS Cert: CN=IGC CA 1,OU=IdenTrust Global Common,O=IdenTrust,C=US
10:27:31.463 [main] INFO org.keysupport.api.pkix.cache.DownloadAndVerifyAllPlaybookCRLs - CMS Cert: CN=IGC Device CA 1,OU=IdenTrust Global Common,O=IdenTrust,C=US
10:27:31.464 [main] INFO org.keysupport.api.pkix.cache.DownloadAndVerifyAllPlaybookCRLs - CMS Cert: CN=IGC Device CA 2,OU=IdenTrust Global Common,O=IdenTrust,C=US
10:27:31.464 [main] INFO org.keysupport.api.pkix.cache.DownloadAndVerifyAllPlaybookCRLs - CMS Cert: CN=IGC Server CA 1,OU=IdenTrust Global Common,O=IdenTrust,C=US
10:27:31.464 [main] INFO org.keysupport.api.pkix.cache.DownloadAndVerifyAllPlaybookCRLs - CMS Cert: CN=Leidos FBCA Cloud PKI CA-1,O=Leidos
10:27:31.464 [main] INFO org.keysupport.api.pkix.cache.DownloadAndVerifyAllPlaybookCRLs - CMS Cert: CN=Lockheed Martin Certification Authority 4 G2,OU=Certification Authorities,O=Lockheed Martin Corporation,C=US
10:27:31.464 [main] INFO org.keysupport.api.pkix.cache.DownloadAndVerifyAllPlaybookCRLs - CMS Cert: CN=Lockheed Martin Root Certification Authority 2,OU=Certification Authorities,O=Lockheed Martin Corporation,L=Denver,ST=Colorado,C=US
10:27:31.464 [main] INFO org.keysupport.api.pkix.cache.DownloadAndVerifyAllPlaybookCRLs - CMS Cert: CN=Ministerie van Defensie PKIoverheid Organisatie Persoon CA - G3,2.5.4.97=#0c0e4e54524e4c2d3237333730393835,O=Ministerie van Defensie,C=NL
10:27:31.464 [main] INFO org.keysupport.api.pkix.cache.DownloadAndVerifyAllPlaybookCRLs - CMS Cert: CN=Naval Reactors SSP Agency CA G3,OU=U.S. Department of Energy,O=U.S. Government,C=US
10:27:31.464 [main] INFO org.keysupport.api.pkix.cache.DownloadAndVerifyAllPlaybookCRLs - CMS Cert: CN=Naval Reactors SSP Device CA G3,OU=U.S. Department of Energy,O=U.S. Government,C=US
10:27:31.464 [main] INFO org.keysupport.api.pkix.cache.DownloadAndVerifyAllPlaybookCRLs - CMS Cert: CN=Northrop Grumman Corporate Root CA-G2,OU=Northrop Grumman Information Technology,O=Northrop Grumman Corporation,C=US
10:27:31.464 [main] INFO org.keysupport.api.pkix.cache.DownloadAndVerifyAllPlaybookCRLs - CMS Cert: CN=Northrop Grumman Corporate Signing CA-G2,OU=Northrop Grumman Information Technology,O=Northrop Grumman Corporation,C=US
10:27:31.464 [main] INFO org.keysupport.api.pkix.cache.DownloadAndVerifyAllPlaybookCRLs - CMS Cert: CN=NRC PROD G6 Fed SSP CA,OU=U.S. Nuclear Regulatory Commission,O=U.S. Government,C=US
10:27:31.464 [main] INFO org.keysupport.api.pkix.cache.DownloadAndVerifyAllPlaybookCRLs - CMS Cert: CN=NRC SSP Agency CA G3,OU=U.S. Nuclear Regulatory Commission,O=U.S. Government,C=US
10:27:31.464 [main] INFO org.keysupport.api.pkix.cache.DownloadAndVerifyAllPlaybookCRLs - CMS Cert: CN=NRC SSP Agency CA G4,OU=U.S. Nuclear Regulatory Commission,O=U.S. Government,C=US
10:27:31.465 [main] INFO org.keysupport.api.pkix.cache.DownloadAndVerifyAllPlaybookCRLs - CMS Cert: CN=NRC SSP Device CA G3,OU=U.S. Nuclear Regulatory Commission,O=U.S. Government,C=US
10:27:31.465 [main] INFO org.keysupport.api.pkix.cache.DownloadAndVerifyAllPlaybookCRLs - CMS Cert: CN=NRC SSP Device CA G4,OU=U.S. Nuclear Regulatory Commission,O=U.S. Government,C=US
10:27:31.465 [main] INFO org.keysupport.api.pkix.cache.DownloadAndVerifyAllPlaybookCRLs - CMS Cert: CN=ORC NFI CA 3,O=ORC PKI,C=US
10:27:31.465 [main] INFO org.keysupport.api.pkix.cache.DownloadAndVerifyAllPlaybookCRLs - CMS Cert: CN=ORC SSP 4,O=ORC PKI,C=US
10:27:31.465 [main] INFO org.keysupport.api.pkix.cache.DownloadAndVerifyAllPlaybookCRLs - CMS Cert: CN=Raytheon Class 3 MASCA,OU=Class3-g2,O=cas,DC=raytheon,DC=com
10:27:31.465 [main] INFO org.keysupport.api.pkix.cache.DownloadAndVerifyAllPlaybookCRLs - CMS Cert: CN=Raytheon Technologies Medium Assurance CA,OU=Class3-G3,O=CAs,DC=rtx,DC=com
10:27:31.465 [main] INFO org.keysupport.api.pkix.cache.DownloadAndVerifyAllPlaybookCRLs - CMS Cert: CN=SAFE Identity Bridge CA,OU=Certification Authorities,O=SAFE Identity,C=US
10:27:31.465 [main] INFO org.keysupport.api.pkix.cache.DownloadAndVerifyAllPlaybookCRLs - CMS Cert: CN=SAIC FBCA Cloud PKI CA 1,OU=IdenTrust Global Common,O=SAIC LLC,C=US
10:27:31.465 [main] INFO org.keysupport.api.pkix.cache.DownloadAndVerifyAllPlaybookCRLs - CMS Cert: CN=Senate PIV-I CA G4,OU=Office of the Sergeant at Arms,OU=U.S. Senate,O=U.S. Government,C=US
10:27:31.465 [main] INFO org.keysupport.api.pkix.cache.DownloadAndVerifyAllPlaybookCRLs - CMS Cert: CN=Senate PIV-I CA G5 PROD,OU=Office of the Sergeant at Arms,OU=U.S. Senate,O=U.S. Government,C=US
10:27:31.465 [main] INFO org.keysupport.api.pkix.cache.DownloadAndVerifyAllPlaybookCRLs - CMS Cert: CN=Senate PIV-I Device CA G4,OU=Office of the Sergeant at Arms,OU=U.S. Senate,O=U.S. Government,C=US
10:27:31.465 [main] INFO org.keysupport.api.pkix.cache.DownloadAndVerifyAllPlaybookCRLs - CMS Cert: CN=Senate PIV-I Device CA G5 PROD,OU=Office of the Sergeant at Arms,OU=U.S. Senate,O=U.S. Government,C=US
10:27:31.465 [main] INFO org.keysupport.api.pkix.cache.DownloadAndVerifyAllPlaybookCRLs - CMS Cert: CN=STRAC Bridge Root Certification Authority,OU=STRAC PKI Trust Infrastructure,O=STRAC,C=US
10:27:31.465 [main] INFO org.keysupport.api.pkix.cache.DownloadAndVerifyAllPlaybookCRLs - CMS Cert: CN=STRAC Bridge Root Certification Authority,OU=STRAC PKI Trust Infrastructure,O=STRAC,C=US
10:27:31.465 [main] INFO org.keysupport.api.pkix.cache.DownloadAndVerifyAllPlaybookCRLs - CMS Cert: CN=SureID Inc. CA1,OU=SureID PIV-I,O=SureID\, Inc.,C=US
10:27:31.465 [main] INFO org.keysupport.api.pkix.cache.DownloadAndVerifyAllPlaybookCRLs - CMS Cert: CN=SureID Inc. Device CA2,O=SureID\, Inc.,C=US
10:27:31.465 [main] INFO org.keysupport.api.pkix.cache.DownloadAndVerifyAllPlaybookCRLs - CMS Cert: CN=Symantec Class 3 SSP Intermediate CA - G3,OU=Symantec Trust Network,O=Symantec Corporation,C=US
10:27:31.466 [main] INFO org.keysupport.api.pkix.cache.DownloadAndVerifyAllPlaybookCRLs - CMS Cert: CN=Symantec SSP Intermediate CA - G4,O=Symantec Corporation,C=US
10:27:31.466 [main] INFO org.keysupport.api.pkix.cache.DownloadAndVerifyAllPlaybookCRLs - CMS Cert: CN=TSCP SHA256 Bridge CA,OU=CAs,O=TSCP Inc.,C=US
10:27:31.466 [main] INFO org.keysupport.api.pkix.cache.DownloadAndVerifyAllPlaybookCRLs - CMS Cert: CN=U.S. Department of Education Agency CA - G4,OU=U.S. Department of Education,O=U.S. Government,C=US
10:27:31.466 [main] INFO org.keysupport.api.pkix.cache.DownloadAndVerifyAllPlaybookCRLs - CMS Cert: CN=U.S. Department of Education Agency CA - G5,OU=U.S. Department of Education,O=U.S. Government,C=US
10:27:31.466 [main] INFO org.keysupport.api.pkix.cache.DownloadAndVerifyAllPlaybookCRLs - CMS Cert: CN=U.S. Department of Education Device CA - G4,OU=U.S. Department of Education,O=U.S. Government,C=US
10:27:31.466 [main] INFO org.keysupport.api.pkix.cache.DownloadAndVerifyAllPlaybookCRLs - CMS Cert: CN=U.S. Department of Education Device CA - G5,OU=U.S. Department of Education,O=U.S. Government,C=US
10:27:31.466 [main] INFO org.keysupport.api.pkix.cache.DownloadAndVerifyAllPlaybookCRLs - CMS Cert: CN=U.S. Department of State AD High Assurance CA,CN=AIA,CN=Public Key Services,CN=Services,CN=Configuration,DC=state,DC=sbu
10:27:31.466 [main] INFO org.keysupport.api.pkix.cache.DownloadAndVerifyAllPlaybookCRLs - CMS Cert: CN=U.S. Department of State AD Root CA,CN=AIA,CN=Public Key Services,CN=Services,CN=Configuration,DC=state,DC=sbu
10:27:31.466 [main] INFO org.keysupport.api.pkix.cache.DownloadAndVerifyAllPlaybookCRLs - CMS Cert: CN=U.S. Department of State AD Root CA,CN=AIA,CN=Public Key Services,CN=Services,CN=Configuration,DC=state,DC=sbu
10:27:31.466 [main] INFO org.keysupport.api.pkix.cache.DownloadAndVerifyAllPlaybookCRLs - CMS Cert: CN=U.S. Department of Transportation Agency CA G4,OU=U.S. Department of Transportation,O=U.S. Government,C=US
10:27:31.466 [main] INFO org.keysupport.api.pkix.cache.DownloadAndVerifyAllPlaybookCRLs - CMS Cert: CN=U.S. Department of Transportation Agency CA G5,OU=U.S. Department of Transportation,O=U.S. Government,C=US
10:27:31.466 [main] INFO org.keysupport.api.pkix.cache.DownloadAndVerifyAllPlaybookCRLs - CMS Cert: CN=U.S. Department of Transportation Device CA G4,OU=U.S. Department of Transportation,O=U.S. Government,C=US
10:27:31.466 [main] INFO org.keysupport.api.pkix.cache.DownloadAndVerifyAllPlaybookCRLs - CMS Cert: CN=U.S. Department of Transportation Device CA G5,OU=U.S. Department of Transportation,O=U.S. Government,C=US
10:27:31.466 [main] INFO org.keysupport.api.pkix.cache.DownloadAndVerifyAllPlaybookCRLs - CMS Cert: CN=USPTO_INTR_CA1,CN=AIA,CN=Public Key Services,CN=Services,CN=Configuration,DC=uspto,DC=gov
10:27:31.466 [main] INFO org.keysupport.api.pkix.cache.DownloadAndVerifyAllPlaybookCRLs - CMS Cert: CN=USPTO_INTR_CA1,CN=AIA,CN=Public Key Services,CN=Services,CN=Configuration,DC=uspto,DC=gov
10:27:31.466 [main] INFO org.keysupport.api.pkix.cache.DownloadAndVerifyAllPlaybookCRLs - CMS Cert: CN=USPTO_INTR_CA1,CN=AIA,CN=Public Key Services,CN=Services,CN=Configuration,DC=uspto,DC=gov
10:27:31.466 [main] INFO org.keysupport.api.pkix.cache.DownloadAndVerifyAllPlaybookCRLs - CMS Cert: CN=Verizon SSP CA A2,OU=SSP,O=Verizon,C=US
10:27:31.467 [main] INFO org.keysupport.api.pkix.cache.DownloadAndVerifyAllPlaybookCRLs - CMS Cert: CN=Veterans Affairs CA B3,OU=PKI,OU=Services,DC=va,DC=gov
10:27:31.467 [main] INFO org.keysupport.api.pkix.cache.DownloadAndVerifyAllPlaybookCRLs - CMS Cert: CN=Veterans Affairs User CA B1,OU=PKI,OU=Services,DC=va,DC=gov
10:27:31.467 [main] INFO org.keysupport.api.pkix.cache.DownloadAndVerifyAllPlaybookCRLs - CMS Cert: CN=WidePoint ECA 8,OU=Certification Authorities,OU=ECA,O=U.S. Government,C=US
10:27:31.467 [main] INFO org.keysupport.api.pkix.cache.DownloadAndVerifyAllPlaybookCRLs - CMS Cert: CN=WidePoint NFI CA 5,O=ORC PKI,C=US
10:27:31.467 [main] INFO org.keysupport.api.pkix.cache.DownloadAndVerifyAllPlaybookCRLs - CMS Cert: CN=WidePoint NFI CA 6,O=ORC PKI,C=US
10:27:31.467 [main] INFO org.keysupport.api.pkix.cache.DownloadAndVerifyAllPlaybookCRLs - CMS Cert: CN=WidePoint NFI Root 2,OU=Certification Authorities,O=WidePoint,C=US
10:27:31.467 [main] INFO org.keysupport.api.pkix.cache.DownloadAndVerifyAllPlaybookCRLs - CMS Cert: CN=WidePoint ORC ECA 7,OU=Certification Authorities,OU=ECA,O=U.S. Government,C=US
10:27:31.467 [main] INFO org.keysupport.api.pkix.cache.DownloadAndVerifyAllPlaybookCRLs - CMS Cert: CN=WidePoint ORC NFI 4,OU=Certification Authorities,O=WidePoint,C=US
10:27:31.467 [main] INFO org.keysupport.api.pkix.cache.DownloadAndVerifyAllPlaybookCRLs - CMS Cert: CN=WidePoint ORC SSP 5,O=ORC PKI,C=US
10:27:31.467 [main] INFO org.keysupport.api.pkix.cache.DownloadAndVerifyAllPlaybookCRLs - CMS Cert: OU=Department of Veterans Affairs CA,OU=Certification Authorities,OU=Department of Veterans Affairs,O=U.S. Government,C=US
10:27:31.467 [main] INFO org.keysupport.api.pkix.cache.DownloadAndVerifyAllPlaybookCRLs - CMS Cert: OU=Department of Veterans Affairs CA,OU=Certification Authorities,OU=Department of Veterans Affairs,O=U.S. Government,C=US
10:27:31.467 [main] INFO org.keysupport.api.pkix.cache.DownloadAndVerifyAllPlaybookCRLs - CMS Cert: OU=DHS CA4,OU=Certification Authorities,OU=Department of Homeland Security,O=U.S. Government,C=US
10:27:31.468 [main] INFO org.keysupport.api.pkix.cache.DownloadAndVerifyAllPlaybookCRLs - CMS Cert: OU=DHS CA4,OU=Certification Authorities,OU=Department of Homeland Security,O=U.S. Government,C=US
10:27:31.468 [main] INFO org.keysupport.api.pkix.cache.DownloadAndVerifyAllPlaybookCRLs - CMS Cert: OU=Entrust Managed Services NFI Root CA,OU=Certification Authorities,O=Entrust,C=US
10:27:31.468 [main] INFO org.keysupport.api.pkix.cache.DownloadAndVerifyAllPlaybookCRLs - CMS Cert: OU=Entrust Managed Services NFI Root CA,OU=Certification Authorities,O=Entrust,C=US
10:27:31.468 [main] INFO org.keysupport.api.pkix.cache.DownloadAndVerifyAllPlaybookCRLs - CMS Cert: OU=Entrust Managed Services Root CA,OU=Certification Authorities,O=Entrust,C=US
10:27:31.468 [main] INFO org.keysupport.api.pkix.cache.DownloadAndVerifyAllPlaybookCRLs - CMS Cert: OU=Entrust Managed Services Root CA,OU=Certification Authorities,O=Entrust,C=US
10:27:31.468 [main] INFO org.keysupport.api.pkix.cache.DownloadAndVerifyAllPlaybookCRLs - CMS Cert: OU=Entrust Managed Services SSP CA,OU=Certification Authorities,O=Entrust,C=US
10:27:31.468 [main] INFO org.keysupport.api.pkix.cache.DownloadAndVerifyAllPlaybookCRLs - CMS Cert: OU=Entrust Managed Services SSP CA,OU=Certification Authorities,O=Entrust,C=US
10:27:31.468 [main] INFO org.keysupport.api.pkix.cache.DownloadAndVerifyAllPlaybookCRLs - CMS Cert: OU=Entrust NFI Medium Assurance SSP CA,OU=Certification Authorities,O=Entrust,C=US
10:27:31.468 [main] INFO org.keysupport.api.pkix.cache.DownloadAndVerifyAllPlaybookCRLs - CMS Cert: OU=Entrust NFI Medium Assurance SSP CA,OU=Certification Authorities,O=Entrust,C=US
10:27:31.468 [main] INFO org.keysupport.api.pkix.cache.DownloadAndVerifyAllPlaybookCRLs - CMS Cert: OU=Fiscal Service,OU=Department of the Treasury,O=U.S. Government,C=US
10:27:31.468 [main] INFO org.keysupport.api.pkix.cache.DownloadAndVerifyAllPlaybookCRLs - CMS Cert: OU=GPO PCA,OU=Certification Authorities,OU=Government Printing Office,O=U.S. Government,C=US
10:27:31.468 [main] INFO org.keysupport.api.pkix.cache.DownloadAndVerifyAllPlaybookCRLs - CMS Cert: OU=GPO SCA,OU=Certification Authorities,OU=Government Printing Office,O=U.S. Government,C=US
10:27:31.468 [main] INFO org.keysupport.api.pkix.cache.DownloadAndVerifyAllPlaybookCRLs - CMS Cert: OU=NASA Operational CA,OU=Certification Authorities,OU=NASA,O=U.S. Government,C=US
10:27:31.468 [main] INFO org.keysupport.api.pkix.cache.DownloadAndVerifyAllPlaybookCRLs - CMS Cert: OU=NASA Operational CA,OU=Certification Authorities,OU=NASA,O=U.S. Government,C=US
10:27:31.468 [main] INFO org.keysupport.api.pkix.cache.DownloadAndVerifyAllPlaybookCRLs - CMS Cert: OU=OCIO CA,OU=Certification Authorities,OU=Department of the Treasury,O=U.S. Government,C=US
10:27:31.468 [main] INFO org.keysupport.api.pkix.cache.DownloadAndVerifyAllPlaybookCRLs - CMS Cert: OU=OCIO CA,OU=Certification Authorities,OU=Department of the Treasury,O=U.S. Government,C=US
10:27:31.468 [main] INFO org.keysupport.api.pkix.cache.DownloadAndVerifyAllPlaybookCRLs - CMS Cert: OU=Social Security Administration Certification Authority,OU=SSA,O=U.S. Government,C=US
10:27:31.468 [main] INFO org.keysupport.api.pkix.cache.DownloadAndVerifyAllPlaybookCRLs - CMS Cert: OU=Social Security Administration Certification Authority,OU=SSA,O=U.S. Government,C=US
10:27:31.468 [main] INFO org.keysupport.api.pkix.cache.DownloadAndVerifyAllPlaybookCRLs - CMS Cert: OU=U.S. Department of State PIV CA2,OU=Certification Authorities,OU=PIV,OU=Department of State,O=U.S. Government,C=US
10:27:31.468 [main] INFO org.keysupport.api.pkix.cache.DownloadAndVerifyAllPlaybookCRLs - CMS Cert: OU=U.S. Department of State PIV CA2,OU=Certification Authorities,OU=PIV,OU=Department of State,O=U.S. Government,C=US
10:27:31.468 [main] INFO org.keysupport.api.pkix.cache.DownloadAndVerifyAllPlaybookCRLs - CMS Cert: OU=US Treasury Root CA,OU=Certification Authorities,OU=Department of the Treasury,O=U.S. Government,C=US
10:27:31.468 [main] INFO org.keysupport.api.pkix.cache.DownloadAndVerifyAllPlaybookCRLs - CMS Cert: OU=US Treasury Root CA,OU=Certification Authorities,OU=Department of the Treasury,O=U.S. Government,C=US
10:27:31.470 [main] INFO org.keysupport.api.singletons.ElasticacheClientSingleton - Cache Hit for key: https://raw.githubusercontent.com/GSA/ficam-playbooks/staging/_fpki/2b_pivcas.md
10:27:31.470 [main] INFO org.keysupport.api.pkix.cache.DownloadAndVerifyAllPlaybookCRLs - File is 29546 bytes in size
10:27:31.511 [main] INFO org.keysupport.api.pkix.cache.DownloadAndVerifyAllPlaybookCRLs - Downloading CRL data: http://pub.carillonfedserv.com/CRL/CFSCA1.crl
10:27:31.513 [main] INFO org.keysupport.api.singletons.ElasticacheClientSingleton - Cache Hit for key: http://pub.carillonfedserv.com/CRL/CFSCA1.crl
10:27:31.529 [main] INFO org.keysupport.api.pkix.cache.DownloadAndVerifyAllPlaybookCRLs - HTTP fetch time: 17ms
10:27:31.530 [main] INFO org.keysupport.api.pkix.cache.DownloadAndVerifyAllPlaybookCRLs - File is 65571 bytes in size
10:27:31.530 [main] INFO org.keysupport.api.pkix.cache.DownloadAndVerifyAllPlaybookCRLs - CRL Issuer: CN=Carillon Federal Services PIV-I CA1,OU=Certification Authorities,O=Carillon Federal Services Inc.,C=US
10:27:31.536 [main] INFO org.keysupport.api.pkix.cache.DownloadAndVerifyAllPlaybookCRLs - CRL thisUpdate: Wed Nov 30 06:00:02 EST 2022
10:27:31.536 [main] INFO org.keysupport.api.pkix.cache.DownloadAndVerifyAllPlaybookCRLs - CRL nextUpdate: Wed Nov 30 06:00:02 EST 2022
10:27:31.539 [main] INFO org.keysupport.api.pkix.cache.DownloadAndVerifyAllPlaybookCRLs - CRL Entries: 1630
10:27:31.697 [main] INFO org.keysupport.api.pkix.cache.DownloadAndVerifyAllPlaybookCRLs - Found issuer in our intermediate store: CN=Carillon Federal Services PIV-I CA1,OU=Certification Authorities,O=Carillon Federal Services Inc.,C=US
10:27:31.699 [main] INFO org.keysupport.api.pkix.cache.DownloadAndVerifyAllPlaybookCRLs - CRL Signature verified: http://pub.carillonfedserv.com/CRL/CFSCA1.crl
10:27:31.699 [main] INFO org.keysupport.api.pkix.cache.DownloadAndVerifyAllPlaybookCRLs - Downloading CRL data: http://pub.carillonfedserv.com/CRL/CFSCA2.crl
10:27:31.700 [main] INFO org.keysupport.api.singletons.ElasticacheClientSingleton - Cache Hit for key: http://pub.carillonfedserv.com/CRL/CFSCA2.crl
10:27:31.701 [main] INFO org.keysupport.api.pkix.cache.DownloadAndVerifyAllPlaybookCRLs - HTTP fetch time: 2ms
10:27:31.701 [main] INFO org.keysupport.api.pkix.cache.DownloadAndVerifyAllPlaybookCRLs - File is 1264 bytes in size
10:27:31.701 [main] INFO org.keysupport.api.pkix.cache.DownloadAndVerifyAllPlaybookCRLs - CRL Issuer: CN=Carillon Federal Services PIV-I CA2,OU=Certification Authorities,O=Carillon Federal Services Inc.,C=US
10:27:31.701 [main] INFO org.keysupport.api.pkix.cache.DownloadAndVerifyAllPlaybookCRLs - CRL thisUpdate: Wed Nov 30 06:00:02 EST 2022
10:27:31.701 [main] INFO org.keysupport.api.pkix.cache.DownloadAndVerifyAllPlaybookCRLs - CRL nextUpdate: Wed Nov 30 06:00:02 EST 2022
10:27:31.701 [main] INFO org.keysupport.api.pkix.cache.DownloadAndVerifyAllPlaybookCRLs - CRL Entries: 12
10:27:31.702 [main] INFO org.keysupport.api.pkix.cache.DownloadAndVerifyAllPlaybookCRLs - Found issuer in our intermediate store: CN=Carillon Federal Services PIV-I CA2,OU=Certification Authorities,O=Carillon Federal Services Inc.,C=US
10:27:31.704 [main] INFO org.keysupport.api.pkix.cache.DownloadAndVerifyAllPlaybookCRLs - CRL Signature verified: http://pub.carillonfedserv.com/CRL/CFSCA2.crl
10:27:31.704 [main] INFO org.keysupport.api.pkix.cache.DownloadAndVerifyAllPlaybookCRLs - Downloading CRL data: http://pki.treas.gov/VA_CA2.crl
10:27:31.731 [main] INFO org.keysupport.api.singletons.ElasticacheClientSingleton - Cache Hit for key: http://pki.treas.gov/VA_CA2.crl
10:27:32.033 [main] INFO org.keysupport.api.pkix.cache.DownloadAndVerifyAllPlaybookCRLs - HTTP fetch time: 329ms
10:27:32.047 [main] INFO org.keysupport.api.pkix.cache.DownloadAndVerifyAllPlaybookCRLs - File is 5344290 bytes in size
10:27:32.047 [main] INFO org.keysupport.api.pkix.cache.DownloadAndVerifyAllPlaybookCRLs - CRL Issuer: OU=Department of Veterans Affairs CA,OU=Certification Authorities,OU=Department of Veterans Affairs,O=U.S. Government,C=US
10:27:32.047 [main] INFO org.keysupport.api.pkix.cache.DownloadAndVerifyAllPlaybookCRLs - CRL thisUpdate: Wed Nov 30 07:38:49 EST 2022
10:27:32.047 [main] INFO org.keysupport.api.pkix.cache.DownloadAndVerifyAllPlaybookCRLs - CRL nextUpdate: Wed Nov 30 07:38:49 EST 2022
10:27:32.117 [main] INFO org.keysupport.api.pkix.cache.DownloadAndVerifyAllPlaybookCRLs - CRL Entries: 231710
10:27:32.119 [main] INFO org.keysupport.api.pkix.cache.DownloadAndVerifyAllPlaybookCRLs - Found issuer in our intermediate store: OU=Department of Veterans Affairs CA,OU=Certification Authorities,OU=Department of Veterans Affairs,O=U.S. Government,C=US
10:27:32.125 [main] INFO org.keysupport.api.pkix.cache.DownloadAndVerifyAllPlaybookCRLs - CRL Signature verified: http://pki.treas.gov/VA_CA2.crl
10:27:32.125 [main] INFO org.keysupport.api.pkix.cache.DownloadAndVerifyAllPlaybookCRLs - Downloading CRL data: http://pki.treas.gov/DHS_CA3.crl
10:27:32.216 [main] INFO org.keysupport.api.singletons.ElasticacheClientSingleton - Cache Hit for key: http://pki.treas.gov/DHS_CA3.crl
10:27:33.044 [main] INFO org.keysupport.api.pkix.cache.DownloadAndVerifyAllPlaybookCRLs - HTTP fetch time: 919ms
10:27:33.053 [main] INFO org.keysupport.api.pkix.cache.DownloadAndVerifyAllPlaybookCRLs - File is 16566837 bytes in size
10:27:33.053 [main] INFO org.keysupport.api.pkix.cache.DownloadAndVerifyAllPlaybookCRLs - CRL Issuer: OU=DHS CA4,OU=Certification Authorities,OU=Department of Homeland Security,O=U.S. Government,C=US
10:27:33.053 [main] INFO org.keysupport.api.pkix.cache.DownloadAndVerifyAllPlaybookCRLs - CRL thisUpdate: Wed Nov 30 02:32:22 EST 2022
10:27:33.053 [main] INFO org.keysupport.api.pkix.cache.DownloadAndVerifyAllPlaybookCRLs - CRL nextUpdate: Wed Nov 30 02:32:22 EST 2022
10:27:33.217 [main] INFO org.keysupport.api.pkix.cache.DownloadAndVerifyAllPlaybookCRLs - CRL Entries: 439000
10:27:33.217 [main] INFO org.keysupport.api.pkix.cache.DownloadAndVerifyAllPlaybookCRLs - Found issuer in our intermediate store: OU=DHS CA4,OU=Certification Authorities,OU=Department of Homeland Security,O=U.S. Government,C=US
10:27:33.233 [main] INFO org.keysupport.api.pkix.cache.DownloadAndVerifyAllPlaybookCRLs - CRL Signature verified: http://pki.treas.gov/DHS_CA3.crl
10:27:33.233 [main] INFO org.keysupport.api.pkix.cache.DownloadAndVerifyAllPlaybookCRLs - Downloading CRL data: http://crl.disa.mil/crl/DODIDCA_65.crl
10:27:33.244 [main] INFO org.keysupport.api.singletons.ElasticacheClientSingleton - Cache Hit for key: http://crl.disa.mil/crl/DODIDCA_65.crl
10:27:33.378 [main] INFO org.keysupport.api.pkix.cache.DownloadAndVerifyAllPlaybookCRLs - HTTP fetch time: 145ms
10:27:33.379 [main] INFO org.keysupport.api.pkix.cache.DownloadAndVerifyAllPlaybookCRLs - File is 2488845 bytes in size
10:27:33.379 [main] INFO org.keysupport.api.pkix.cache.DownloadAndVerifyAllPlaybookCRLs - CRL Issuer: CN=DOD ID CA-65,OU=PKI,OU=DoD,O=U.S. Government,C=US
10:27:33.379 [main] INFO org.keysupport.api.pkix.cache.DownloadAndVerifyAllPlaybookCRLs - CRL thisUpdate: Wed Nov 30 03:00:00 EST 2022
10:27:33.379 [main] INFO org.keysupport.api.pkix.cache.DownloadAndVerifyAllPlaybookCRLs - CRL nextUpdate: Wed Nov 30 03:00:00 EST 2022
10:27:33.409 [main] INFO org.keysupport.api.pkix.cache.DownloadAndVerifyAllPlaybookCRLs - CRL Entries: 60585
10:27:33.410 [main] INFO org.keysupport.api.pkix.cache.DownloadAndVerifyAllPlaybookCRLs - Found issuer in our intermediate store: CN=DOD ID CA-65,OU=PKI,OU=DoD,O=U.S. Government,C=US
10:27:33.413 [main] INFO org.keysupport.api.pkix.cache.DownloadAndVerifyAllPlaybookCRLs - CRL Signature verified: http://crl.disa.mil/crl/DODIDCA_65.crl
10:27:33.413 [main] INFO org.keysupport.api.pkix.cache.DownloadAndVerifyAllPlaybookCRLs - Downloading CRL data: http://crl.disa.mil/crl/DODIDCA_64.crl
10:27:33.424 [main] INFO org.keysupport.api.singletons.ElasticacheClientSingleton - Cache Hit for key: http://crl.disa.mil/crl/DODIDCA_64.crl
10:27:33.551 [main] INFO org.keysupport.api.pkix.cache.DownloadAndVerifyAllPlaybookCRLs - HTTP fetch time: 138ms
10:27:33.551 [main] INFO org.keysupport.api.pkix.cache.DownloadAndVerifyAllPlaybookCRLs - File is 2595919 bytes in size
10:27:33.552 [main] INFO org.keysupport.api.pkix.cache.DownloadAndVerifyAllPlaybookCRLs - CRL Issuer: CN=DOD ID CA-64,OU=PKI,OU=DoD,O=U.S. Government,C=US
10:27:33.552 [main] INFO org.keysupport.api.pkix.cache.DownloadAndVerifyAllPlaybookCRLs - CRL thisUpdate: Wed Nov 30 03:00:00 EST 2022
10:27:33.552 [main] INFO org.keysupport.api.pkix.cache.DownloadAndVerifyAllPlaybookCRLs - CRL nextUpdate: Wed Nov 30 03:00:00 EST 2022
10:27:33.582 [main] INFO org.keysupport.api.pkix.cache.DownloadAndVerifyAllPlaybookCRLs - CRL Entries: 62765
10:27:33.583 [main] INFO org.keysupport.api.pkix.cache.DownloadAndVerifyAllPlaybookCRLs - Found issuer in our intermediate store: CN=DOD ID CA-64,OU=PKI,OU=DoD,O=U.S. Government,C=US
10:27:33.586 [main] INFO org.keysupport.api.pkix.cache.DownloadAndVerifyAllPlaybookCRLs - CRL Signature verified: http://crl.disa.mil/crl/DODIDCA_64.crl
10:27:33.586 [main] INFO org.keysupport.api.pkix.cache.DownloadAndVerifyAllPlaybookCRLs - Downloading CRL data: http://crl.disa.mil/crl/DODIDCA_63.crl
10:27:33.596 [main] INFO org.keysupport.api.singletons.ElasticacheClientSingleton - Cache Hit for key: http://crl.disa.mil/crl/DODIDCA_63.crl
10:27:33.701 [main] INFO org.keysupport.api.pkix.cache.DownloadAndVerifyAllPlaybookCRLs - HTTP fetch time: 115ms
10:27:33.702 [main] INFO org.keysupport.api.pkix.cache.DownloadAndVerifyAllPlaybookCRLs - File is 2449577 bytes in size
10:27:33.702 [main] INFO org.keysupport.api.pkix.cache.DownloadAndVerifyAllPlaybookCRLs - CRL Issuer: CN=DOD ID CA-63,OU=PKI,OU=DoD,O=U.S. Government,C=US
10:27:33.702 [main] INFO org.keysupport.api.pkix.cache.DownloadAndVerifyAllPlaybookCRLs - CRL thisUpdate: Wed Nov 30 03:00:00 EST 2022
10:27:33.702 [main] INFO org.keysupport.api.pkix.cache.DownloadAndVerifyAllPlaybookCRLs - CRL nextUpdate: Wed Nov 30 03:00:00 EST 2022
10:27:33.733 [main] INFO org.keysupport.api.pkix.cache.DownloadAndVerifyAllPlaybookCRLs - CRL Entries: 60767
10:27:33.734 [main] INFO org.keysupport.api.pkix.cache.DownloadAndVerifyAllPlaybookCRLs - Found issuer in our intermediate store: CN=DOD ID CA-63,OU=PKI,OU=DoD,O=U.S. Government,C=US
10:27:33.737 [main] INFO org.keysupport.api.pkix.cache.DownloadAndVerifyAllPlaybookCRLs - CRL Signature verified: http://crl.disa.mil/crl/DODIDCA_63.crl
10:27:33.737 [main] INFO org.keysupport.api.pkix.cache.DownloadAndVerifyAllPlaybookCRLs - Downloading CRL data: http://crl.disa.mil/crl/DODIDCA_59.crl
10:27:34.020 [main] INFO org.keysupport.api.singletons.ElasticacheClientSingleton - Cache Hit for key: http://crl.disa.mil/crl/DODIDCA_59.crl
10:27:36.440 [main] INFO org.keysupport.api.pkix.cache.DownloadAndVerifyAllPlaybookCRLs - HTTP fetch time: 2703ms
10:27:36.453 [main] INFO org.keysupport.api.pkix.cache.DownloadAndVerifyAllPlaybookCRLs - File is 50145426 bytes in size
10:27:36.453 [main] INFO org.keysupport.api.pkix.cache.DownloadAndVerifyAllPlaybookCRLs - CRL Issuer: CN=DOD ID CA-59,OU=PKI,OU=DoD,O=U.S. Government,C=US
10:27:36.453 [main] INFO org.keysupport.api.pkix.cache.DownloadAndVerifyAllPlaybookCRLs - CRL thisUpdate: Wed Nov 30 03:00:00 EST 2022
10:27:36.453 [main] INFO org.keysupport.api.pkix.cache.DownloadAndVerifyAllPlaybookCRLs - CRL nextUpdate: Wed Nov 30 03:00:00 EST 2022
10:27:37.377 [main] INFO org.keysupport.api.pkix.cache.DownloadAndVerifyAllPlaybookCRLs - CRL Entries: 2211549
10:27:37.377 [main] INFO org.keysupport.api.pkix.cache.DownloadAndVerifyAllPlaybookCRLs - Found issuer in our intermediate store: CN=DOD ID CA-59,OU=PKI,OU=DoD,O=U.S. Government,C=US
10:27:37.419 [main] INFO org.keysupport.api.pkix.cache.DownloadAndVerifyAllPlaybookCRLs - CRL Signature verified: http://crl.disa.mil/crl/DODIDCA_59.crl
10:27:37.420 [main] INFO org.keysupport.api.pkix.cache.DownloadAndVerifyAllPlaybookCRLs - Downloading CRL data: http://nfimediumsspweb.managed.entrust.com/CRLs/NFIMEDIUMSSPCA2.crl
10:27:37.429 [main] INFO org.keysupport.api.singletons.ElasticacheClientSingleton - Cache Hit for key: http://nfimediumsspweb.managed.entrust.com/CRLs/NFIMEDIUMSSPCA2.crl
10:27:37.535 [main] INFO org.keysupport.api.pkix.cache.DownloadAndVerifyAllPlaybookCRLs - HTTP fetch time: 115ms
10:27:37.536 [main] INFO org.keysupport.api.pkix.cache.DownloadAndVerifyAllPlaybookCRLs - File is 2374654 bytes in size
10:27:37.536 [main] INFO org.keysupport.api.pkix.cache.DownloadAndVerifyAllPlaybookCRLs - CRL Issuer: OU=Entrust NFI Medium Assurance SSP CA,OU=Certification Authorities,O=Entrust,C=US
10:27:37.536 [main] INFO org.keysupport.api.pkix.cache.DownloadAndVerifyAllPlaybookCRLs - CRL thisUpdate: Wed Nov 30 06:37:29 EST 2022
10:27:37.536 [main] INFO org.keysupport.api.pkix.cache.DownloadAndVerifyAllPlaybookCRLs - CRL nextUpdate: Wed Nov 30 06:37:29 EST 2022
10:27:37.564 [main] INFO org.keysupport.api.pkix.cache.DownloadAndVerifyAllPlaybookCRLs - CRL Entries: 93900
10:27:37.564 [main] INFO org.keysupport.api.pkix.cache.DownloadAndVerifyAllPlaybookCRLs - Found issuer in our intermediate store: OU=Entrust NFI Medium Assurance SSP CA,OU=Certification Authorities,O=Entrust,C=US
10:27:37.567 [main] INFO org.keysupport.api.pkix.cache.DownloadAndVerifyAllPlaybookCRLs - CRL Signature verified: http://nfimediumsspweb.managed.entrust.com/CRLs/NFIMEDIUMSSPCA2.crl
10:27:37.567 [main] INFO org.keysupport.api.pkix.cache.DownloadAndVerifyAllPlaybookCRLs - Downloading CRL data: http://nfimediumsspweb.managed.entrust.com/CRLs/NFIMEDIUMSSPCA1.crl
10:27:37.576 [main] INFO org.keysupport.api.singletons.ElasticacheClientSingleton - Cache Hit for key: http://nfimediumsspweb.managed.entrust.com/CRLs/NFIMEDIUMSSPCA1.crl
10:27:37.666 [main] INFO org.keysupport.api.pkix.cache.DownloadAndVerifyAllPlaybookCRLs - HTTP fetch time: 99ms
10:27:37.684 [main] INFO org.keysupport.api.pkix.cache.DownloadAndVerifyAllPlaybookCRLs - File is 2374655 bytes in size
10:27:37.684 [main] INFO org.keysupport.api.pkix.cache.DownloadAndVerifyAllPlaybookCRLs - CRL Issuer: OU=Entrust NFI Medium Assurance SSP CA,OU=Certification Authorities,O=Entrust,C=US
10:27:37.684 [main] INFO org.keysupport.api.pkix.cache.DownloadAndVerifyAllPlaybookCRLs - CRL thisUpdate: Wed Nov 30 06:37:29 EST 2022
10:27:37.684 [main] INFO org.keysupport.api.pkix.cache.DownloadAndVerifyAllPlaybookCRLs - CRL nextUpdate: Wed Nov 30 06:37:29 EST 2022
10:27:37.714 [main] INFO org.keysupport.api.pkix.cache.DownloadAndVerifyAllPlaybookCRLs - CRL Entries: 93900
10:27:37.715 [main] INFO org.keysupport.api.pkix.cache.DownloadAndVerifyAllPlaybookCRLs - Found issuer in our intermediate store: OU=Entrust NFI Medium Assurance SSP CA,OU=Certification Authorities,O=Entrust,C=US
10:27:37.717 [main] INFO org.keysupport.api.pkix.cache.DownloadAndVerifyAllPlaybookCRLs - CRL Signature verified: http://nfimediumsspweb.managed.entrust.com/CRLs/NFIMEDIUMSSPCA1.crl
10:27:37.717 [main] INFO org.keysupport.api.pkix.cache.DownloadAndVerifyAllPlaybookCRLs - Downloading CRL data: http://sspweb.managed.entrust.com/CRLs/EMSSSPCA3.crl
10:27:37.831 [main] INFO org.keysupport.api.singletons.ElasticacheClientSingleton - Cache Hit for key: http://sspweb.managed.entrust.com/CRLs/EMSSSPCA3.crl
10:27:38.886 [main] INFO org.keysupport.api.pkix.cache.DownloadAndVerifyAllPlaybookCRLs - HTTP fetch time: 1169ms
10:27:38.892 [main] INFO org.keysupport.api.pkix.cache.DownloadAndVerifyAllPlaybookCRLs - File is 24576352 bytes in size
10:27:38.892 [main] INFO org.keysupport.api.pkix.cache.DownloadAndVerifyAllPlaybookCRLs - CRL Issuer: OU=Entrust Managed Services SSP CA,OU=Certification Authorities,O=Entrust,C=US
10:27:38.892 [main] INFO org.keysupport.api.pkix.cache.DownloadAndVerifyAllPlaybookCRLs - CRL thisUpdate: Wed Nov 30 05:00:06 EST 2022
10:27:38.892 [main] INFO org.keysupport.api.pkix.cache.DownloadAndVerifyAllPlaybookCRLs - CRL nextUpdate: Wed Nov 30 05:00:06 EST 2022
10:27:39.309 [main] INFO org.keysupport.api.pkix.cache.DownloadAndVerifyAllPlaybookCRLs - CRL Entries: 1050695
10:27:39.310 [main] INFO org.keysupport.api.pkix.cache.DownloadAndVerifyAllPlaybookCRLs - Found issuer in our intermediate store: OU=Entrust Managed Services SSP CA,OU=Certification Authorities,O=Entrust,C=US
10:27:39.330 [main] INFO org.keysupport.api.pkix.cache.DownloadAndVerifyAllPlaybookCRLs - CRL Signature verified: http://sspweb.managed.entrust.com/CRLs/EMSSSPCA3.crl
10:27:39.331 [main] INFO org.keysupport.api.pkix.cache.DownloadAndVerifyAllPlaybookCRLs - Downloading CRL data: http://feddcsweb.managed.entrust.com/CRLs/FedDCSCA1.crl
10:27:39.355 [main] INFO org.keysupport.api.singletons.ElasticacheClientSingleton - Cache Hit for key: http://feddcsweb.managed.entrust.com/CRLs/FedDCSCA1.crl
10:27:39.757 [main] INFO org.keysupport.api.pkix.cache.DownloadAndVerifyAllPlaybookCRLs - HTTP fetch time: 426ms
10:27:39.759 [main] INFO org.keysupport.api.pkix.cache.DownloadAndVerifyAllPlaybookCRLs - File is 8106912 bytes in size
10:27:39.759 [main] INFO org.keysupport.api.pkix.cache.DownloadAndVerifyAllPlaybookCRLs - CRL Issuer: CN=Entrust Derived Credential SSP CA,OU=Certification Authorities,O=Entrust,C=US
10:27:39.759 [main] INFO org.keysupport.api.pkix.cache.DownloadAndVerifyAllPlaybookCRLs - CRL thisUpdate: Wed Nov 30 09:00:09 EST 2022
10:27:39.759 [main] INFO org.keysupport.api.pkix.cache.DownloadAndVerifyAllPlaybookCRLs - CRL nextUpdate: Wed Nov 30 09:00:09 EST 2022
10:27:39.837 [main] INFO org.keysupport.api.pkix.cache.DownloadAndVerifyAllPlaybookCRLs - CRL Entries: 219102
10:27:39.838 [main] INFO org.keysupport.api.pkix.cache.DownloadAndVerifyAllPlaybookCRLs - Found issuer in our intermediate store: CN=Entrust Derived Credential SSP CA,OU=Certification Authorities,O=Entrust,C=US
10:27:39.845 [main] INFO org.keysupport.api.pkix.cache.DownloadAndVerifyAllPlaybookCRLs - CRL Signature verified: http://feddcsweb.managed.entrust.com/CRLs/FedDCSCA1.crl
10:27:39.845 [main] INFO org.keysupport.api.pkix.cache.DownloadAndVerifyAllPlaybookCRLs - Downloading CRL data: http://pki.fti.org/fti_ca/crl/FTICA.crl
10:27:39.846 [main] INFO org.keysupport.api.singletons.ElasticacheClientSingleton - Cache Hit for key: http://pki.fti.org/fti_ca/crl/FTICA.crl
10:27:39.851 [main] INFO org.keysupport.api.pkix.cache.DownloadAndVerifyAllPlaybookCRLs - HTTP fetch time: 6ms
10:27:39.851 [main] INFO org.keysupport.api.pkix.cache.DownloadAndVerifyAllPlaybookCRLs - File is 160608 bytes in size
10:27:39.851 [main] INFO org.keysupport.api.pkix.cache.DownloadAndVerifyAllPlaybookCRLs - CRL Issuer: CN=FTI Certification Authority,OU=FTI PKI Trust Infrastructure,O=Foundation for Trusted Identity,C=US
10:27:39.851 [main] INFO org.keysupport.api.pkix.cache.DownloadAndVerifyAllPlaybookCRLs - CRL thisUpdate: Wed Nov 30 09:00:01 EST 2022
10:27:39.851 [main] INFO org.keysupport.api.pkix.cache.DownloadAndVerifyAllPlaybookCRLs - CRL nextUpdate: Wed Nov 30 09:00:01 EST 2022
10:27:39.852 [main] INFO org.keysupport.api.pkix.cache.DownloadAndVerifyAllPlaybookCRLs - CRL Entries: 4568
10:27:39.852 [main] INFO org.keysupport.api.pkix.cache.DownloadAndVerifyAllPlaybookCRLs - Found issuer in our intermediate store: CN=FTI Certification Authority,OU=FTI PKI Trust Infrastructure,O=Foundation for Trusted Identity,C=US
10:27:39.853 [main] INFO org.keysupport.api.pkix.cache.DownloadAndVerifyAllPlaybookCRLs - CRL Signature verified: http://pki.fti.org/fti_ca/crl/FTICA.crl
10:27:39.853 [main] INFO org.keysupport.api.pkix.cache.DownloadAndVerifyAllPlaybookCRLs - Downloading CRL data: http://hhspkicrl.managed.entrust.com/CRLs/HHSEntrustCA2.crl
10:27:39.882 [main] INFO org.keysupport.api.singletons.ElasticacheClientSingleton - Cache Hit for key: http://hhspkicrl.managed.entrust.com/CRLs/HHSEntrustCA2.crl
10:27:40.080 [main] INFO org.keysupport.api.pkix.cache.DownloadAndVerifyAllPlaybookCRLs - HTTP fetch time: 227ms
10:27:40.082 [main] INFO org.keysupport.api.pkix.cache.DownloadAndVerifyAllPlaybookCRLs - File is 7072729 bytes in size
10:27:40.082 [main] INFO org.keysupport.api.pkix.cache.DownloadAndVerifyAllPlaybookCRLs - CRL Issuer: CN=HHS-FPKI-Intermediate-CA-E1,OU=Certification Authorities,OU=HHS,O=U.S. Government,C=US
10:27:40.082 [main] INFO org.keysupport.api.pkix.cache.DownloadAndVerifyAllPlaybookCRLs - CRL thisUpdate: Wed Nov 30 04:29:35 EST 2022
10:27:40.082 [main] INFO org.keysupport.api.pkix.cache.DownloadAndVerifyAllPlaybookCRLs - CRL nextUpdate: Wed Nov 30 04:29:35 EST 2022
10:27:40.169 [main] INFO org.keysupport.api.pkix.cache.DownloadAndVerifyAllPlaybookCRLs - CRL Entries: 244079
10:27:40.170 [main] INFO org.keysupport.api.pkix.cache.DownloadAndVerifyAllPlaybookCRLs - Found issuer in our intermediate store: CN=HHS-FPKI-Intermediate-CA-E1,OU=Certification Authorities,OU=HHS,O=U.S. Government,C=US
10:27:40.176 [main] INFO org.keysupport.api.pkix.cache.DownloadAndVerifyAllPlaybookCRLs - CRL Signature verified: http://hhspkicrl.managed.entrust.com/CRLs/HHSEntrustCA2.crl
10:27:40.176 [main] INFO org.keysupport.api.pkix.cache.DownloadAndVerifyAllPlaybookCRLs - Downloading CRL data: http://onsite-crl.pki.digicert.com/USDepartmentofEnergyNavalReactorsPIVG3/LatestCRL.crl
10:27:40.177 [main] INFO org.keysupport.api.singletons.ElasticacheClientSingleton - Cache Hit for key: http://onsite-crl.pki.digicert.com/USDepartmentofEnergyNavalReactorsPIVG3/LatestCRL.crl
10:27:40.177 [main] INFO org.keysupport.api.pkix.cache.DownloadAndVerifyAllPlaybookCRLs - HTTP fetch time: 1ms
10:27:40.177 [main] INFO org.keysupport.api.pkix.cache.DownloadAndVerifyAllPlaybookCRLs - File is 500 bytes in size
10:27:40.177 [main] INFO org.keysupport.api.pkix.cache.DownloadAndVerifyAllPlaybookCRLs - CRL Issuer: CN=Naval Reactors SSP Agency CA G3,OU=U.S. Department of Energy,O=U.S. Government,C=US
10:27:40.177 [main] INFO org.keysupport.api.pkix.cache.DownloadAndVerifyAllPlaybookCRLs - CRL thisUpdate: Wed Nov 30 07:51:35 EST 2022
10:27:40.177 [main] INFO org.keysupport.api.pkix.cache.DownloadAndVerifyAllPlaybookCRLs - CRL nextUpdate: Wed Nov 30 07:51:35 EST 2022
10:27:40.177 [main] INFO org.keysupport.api.pkix.cache.DownloadAndVerifyAllPlaybookCRLs - CRL Entries: 0
10:27:40.177 [main] INFO org.keysupport.api.pkix.cache.DownloadAndVerifyAllPlaybookCRLs - Found issuer in our intermediate store: CN=Naval Reactors SSP Agency CA G3,OU=U.S. Department of Energy,O=U.S. Government,C=US
10:27:40.178 [main] INFO org.keysupport.api.pkix.cache.DownloadAndVerifyAllPlaybookCRLs - CRL Signature verified: http://onsite-crl.pki.digicert.com/USDepartmentofEnergyNavalReactorsPIVG3/LatestCRL.crl
10:27:40.178 [main] INFO org.keysupport.api.pkix.cache.DownloadAndVerifyAllPlaybookCRLs - Downloading CRL data: http://pki-crl.symauth.com/ca_23580f2ce24946eab1793386d8e1b510/LatestCRL.crl
10:27:40.179 [main] INFO org.keysupport.api.singletons.ElasticacheClientSingleton - Cache Hit for key: http://pki-crl.symauth.com/ca_23580f2ce24946eab1793386d8e1b510/LatestCRL.crl
10:27:40.182 [main] INFO org.keysupport.api.pkix.cache.DownloadAndVerifyAllPlaybookCRLs - HTTP fetch time: 4ms
10:27:40.183 [main] INFO org.keysupport.api.pkix.cache.DownloadAndVerifyAllPlaybookCRLs - File is 142003 bytes in size
10:27:40.183 [main] INFO org.keysupport.api.pkix.cache.DownloadAndVerifyAllPlaybookCRLs - CRL Issuer: CN=NRC SSP Agency CA G4,OU=U.S. Nuclear Regulatory Commission,O=U.S. Government,C=US
10:27:40.183 [main] INFO org.keysupport.api.pkix.cache.DownloadAndVerifyAllPlaybookCRLs - CRL thisUpdate: Wed Nov 30 07:52:20 EST 2022
10:27:40.183 [main] INFO org.keysupport.api.pkix.cache.DownloadAndVerifyAllPlaybookCRLs - CRL nextUpdate: Wed Nov 30 07:52:20 EST 2022
10:27:40.183 [main] INFO org.keysupport.api.pkix.cache.DownloadAndVerifyAllPlaybookCRLs - CRL Entries: 2888
10:27:40.184 [main] INFO org.keysupport.api.pkix.cache.DownloadAndVerifyAllPlaybookCRLs - Found issuer in our intermediate store: CN=NRC SSP Agency CA G4,OU=U.S. Nuclear Regulatory Commission,O=U.S. Government,C=US
10:27:40.184 [main] INFO org.keysupport.api.pkix.cache.DownloadAndVerifyAllPlaybookCRLs - CRL Signature verified: http://pki-crl.symauth.com/ca_23580f2ce24946eab1793386d8e1b510/LatestCRL.crl
10:27:40.184 [main] INFO org.keysupport.api.pkix.cache.DownloadAndVerifyAllPlaybookCRLs - Downloading CRL data: http://pki-crl.symauth.com/ca_ce00affea217ea042db01becf36671a4/LatestCRL.crl
10:27:40.185 [main] INFO org.keysupport.api.singletons.ElasticacheClientSingleton - Cache Hit for key: http://pki-crl.symauth.com/ca_ce00affea217ea042db01becf36671a4/LatestCRL.crl
10:27:40.185 [main] INFO org.keysupport.api.pkix.cache.DownloadAndVerifyAllPlaybookCRLs - HTTP fetch time: 1ms
10:27:40.185 [main] INFO org.keysupport.api.pkix.cache.DownloadAndVerifyAllPlaybookCRLs - File is 756 bytes in size
10:27:40.185 [main] INFO org.keysupport.api.pkix.cache.DownloadAndVerifyAllPlaybookCRLs - CRL Issuer: CN=NRC PROD G6 Fed SSP CA,OU=U.S. Nuclear Regulatory Commission,O=U.S. Government,C=US
10:27:40.185 [main] INFO org.keysupport.api.pkix.cache.DownloadAndVerifyAllPlaybookCRLs - CRL thisUpdate: Wed Nov 30 07:49:01 EST 2022
10:27:40.185 [main] INFO org.keysupport.api.pkix.cache.DownloadAndVerifyAllPlaybookCRLs - CRL nextUpdate: Wed Nov 30 07:49:01 EST 2022
10:27:40.185 [main] INFO org.keysupport.api.pkix.cache.DownloadAndVerifyAllPlaybookCRLs - CRL Entries: 0
10:27:40.185 [main] INFO org.keysupport.api.pkix.cache.DownloadAndVerifyAllPlaybookCRLs - Found issuer in our intermediate store: CN=NRC PROD G6 Fed SSP CA,OU=U.S. Nuclear Regulatory Commission,O=U.S. Government,C=US
10:27:40.187 [main] INFO org.keysupport.api.pkix.cache.DownloadAndVerifyAllPlaybookCRLs - CRL Signature verified: http://pki-crl.symauth.com/ca_ce00affea217ea042db01becf36671a4/LatestCRL.crl
10:27:40.187 [main] INFO org.keysupport.api.pkix.cache.DownloadAndVerifyAllPlaybookCRLs - Downloading CRL data: http://crl-server.orc.com/CRLs/ORCSSP4.crl
10:27:40.187 [main] INFO org.keysupport.api.singletons.ElasticacheClientSingleton - Cache Hit for key: http://crl-server.orc.com/CRLs/ORCSSP4.crl
10:27:40.187 [main] INFO org.keysupport.api.pkix.cache.DownloadAndVerifyAllPlaybookCRLs - HTTP fetch time: 0ms
10:27:40.187 [main] INFO org.keysupport.api.pkix.cache.DownloadAndVerifyAllPlaybookCRLs - File is 10164 bytes in size
10:27:40.187 [main] INFO org.keysupport.api.pkix.cache.DownloadAndVerifyAllPlaybookCRLs - CRL Issuer: CN=ORC SSP 4,O=ORC PKI,C=US
10:27:40.187 [main] INFO org.keysupport.api.pkix.cache.DownloadAndVerifyAllPlaybookCRLs - CRL thisUpdate: Wed Nov 30 08:28:54 EST 2022
10:27:40.187 [main] INFO org.keysupport.api.pkix.cache.DownloadAndVerifyAllPlaybookCRLs - CRL nextUpdate: Wed Nov 30 08:28:54 EST 2022
10:27:40.187 [main] INFO org.keysupport.api.pkix.cache.DownloadAndVerifyAllPlaybookCRLs - CRL Entries: 232
10:27:40.188 [main] INFO org.keysupport.api.pkix.cache.DownloadAndVerifyAllPlaybookCRLs - Found issuer in our intermediate store: CN=ORC SSP 4,O=ORC PKI,C=US
10:27:40.188 [main] INFO org.keysupport.api.pkix.cache.DownloadAndVerifyAllPlaybookCRLs - CRL Signature verified: http://crl-server.orc.com/CRLs/ORCSSP4.crl
10:27:40.188 [main] INFO org.keysupport.api.pkix.cache.DownloadAndVerifyAllPlaybookCRLs - Downloading CRL data: http://pki-crl.symauth.com/ca_fc26996dc726cf860f12aa77d4270098/LatestCRL.crl
10:27:40.188 [main] INFO org.keysupport.api.singletons.ElasticacheClientSingleton - Cache Hit for key: http://pki-crl.symauth.com/ca_fc26996dc726cf860f12aa77d4270098/LatestCRL.crl
10:27:40.188 [main] INFO org.keysupport.api.pkix.cache.DownloadAndVerifyAllPlaybookCRLs - HTTP fetch time: 0ms
10:27:40.189 [main] INFO org.keysupport.api.pkix.cache.DownloadAndVerifyAllPlaybookCRLs - File is 13067 bytes in size
10:27:40.189 [main] INFO org.keysupport.api.pkix.cache.DownloadAndVerifyAllPlaybookCRLs - CRL Issuer: CN=Senate PIV-I CA G5 PROD,OU=Office of the Sergeant at Arms,OU=U.S. Senate,O=U.S. Government,C=US
10:27:40.189 [main] INFO org.keysupport.api.pkix.cache.DownloadAndVerifyAllPlaybookCRLs - CRL thisUpdate: Wed Nov 30 07:49:14 EST 2022
10:27:40.189 [main] INFO org.keysupport.api.pkix.cache.DownloadAndVerifyAllPlaybookCRLs - CRL nextUpdate: Wed Nov 30 07:49:14 EST 2022
10:27:40.189 [main] INFO org.keysupport.api.pkix.cache.DownloadAndVerifyAllPlaybookCRLs - CRL Entries: 256
10:27:40.189 [main] INFO org.keysupport.api.pkix.cache.DownloadAndVerifyAllPlaybookCRLs - Found issuer in our intermediate store: CN=Senate PIV-I CA G5 PROD,OU=Office of the Sergeant at Arms,OU=U.S. Senate,O=U.S. Government,C=US
10:27:40.189 [main] INFO org.keysupport.api.pkix.cache.DownloadAndVerifyAllPlaybookCRLs - CRL Signature verified: http://pki-crl.symauth.com/ca_fc26996dc726cf860f12aa77d4270098/LatestCRL.crl
10:27:40.189 [main] INFO org.keysupport.api.pkix.cache.DownloadAndVerifyAllPlaybookCRLs - Downloading CRL data: http://pki-crl.symauth.com/ca_db1ff205d5a9b79af46c7896d15cb2a9/LatestCRL.crl
10:27:40.190 [main] INFO org.keysupport.api.singletons.ElasticacheClientSingleton - Cache Hit for key: http://pki-crl.symauth.com/ca_db1ff205d5a9b79af46c7896d15cb2a9/LatestCRL.crl
10:27:40.191 [main] INFO org.keysupport.api.pkix.cache.DownloadAndVerifyAllPlaybookCRLs - HTTP fetch time: 2ms
10:27:40.191 [main] INFO org.keysupport.api.pkix.cache.DownloadAndVerifyAllPlaybookCRLs - File is 65492 bytes in size
10:27:40.191 [main] INFO org.keysupport.api.pkix.cache.DownloadAndVerifyAllPlaybookCRLs - CRL Issuer: CN=U.S. Department of Education Agency CA - G5,OU=U.S. Department of Education,O=U.S. Government,C=US
10:27:40.192 [main] INFO org.keysupport.api.pkix.cache.DownloadAndVerifyAllPlaybookCRLs - CRL thisUpdate: Wed Nov 30 07:49:05 EST 2022
10:27:40.192 [main] INFO org.keysupport.api.pkix.cache.DownloadAndVerifyAllPlaybookCRLs - CRL nextUpdate: Wed Nov 30 07:49:05 EST 2022
10:27:40.192 [main] INFO org.keysupport.api.pkix.cache.DownloadAndVerifyAllPlaybookCRLs - CRL Entries: 1326
10:27:40.192 [main] INFO org.keysupport.api.pkix.cache.DownloadAndVerifyAllPlaybookCRLs - Found issuer in our intermediate store: CN=U.S. Department of Education Agency CA - G5,OU=U.S. Department of Education,O=U.S. Government,C=US
10:27:40.192 [main] INFO org.keysupport.api.pkix.cache.DownloadAndVerifyAllPlaybookCRLs - CRL Signature verified: http://pki-crl.symauth.com/ca_db1ff205d5a9b79af46c7896d15cb2a9/LatestCRL.crl
10:27:40.192 [main] INFO org.keysupport.api.pkix.cache.DownloadAndVerifyAllPlaybookCRLs - Downloading CRL data: http://crls.pki.state.gov/crls/DoSADPKIPIVCA2-1.crl
10:27:40.204 [main] INFO org.keysupport.api.singletons.ElasticacheClientSingleton - Cache Hit for key: http://crls.pki.state.gov/crls/DoSADPKIPIVCA2-1.crl
10:27:40.372 [main] INFO org.keysupport.api.pkix.cache.DownloadAndVerifyAllPlaybookCRLs - HTTP fetch time: 180ms
10:27:40.373 [main] INFO org.keysupport.api.pkix.cache.DownloadAndVerifyAllPlaybookCRLs - File is 3893231 bytes in size
10:27:40.374 [main] INFO org.keysupport.api.pkix.cache.DownloadAndVerifyAllPlaybookCRLs - CRL Issuer: OU=U.S. Department of State PIV CA2,OU=Certification Authorities,OU=PIV,OU=Department of State,O=U.S. Government,C=US
10:27:40.374 [main] INFO org.keysupport.api.pkix.cache.DownloadAndVerifyAllPlaybookCRLs - CRL thisUpdate: Tue Nov 29 23:38:55 EST 2022
10:27:40.374 [main] INFO org.keysupport.api.pkix.cache.DownloadAndVerifyAllPlaybookCRLs - CRL nextUpdate: Tue Nov 29 23:38:55 EST 2022
10:27:40.410 [main] INFO org.keysupport.api.pkix.cache.DownloadAndVerifyAllPlaybookCRLs - CRL Entries: 103819
10:27:40.410 [main] INFO org.keysupport.api.pkix.cache.DownloadAndVerifyAllPlaybookCRLs - Found issuer in our intermediate store: OU=U.S. Department of State PIV CA2,OU=Certification Authorities,OU=PIV,OU=Department of State,O=U.S. Government,C=US
10:27:40.414 [main] INFO org.keysupport.api.pkix.cache.DownloadAndVerifyAllPlaybookCRLs - CRL Signature verified: http://crls.pki.state.gov/crls/DoSADPKIPIVCA2-1.crl
10:27:40.414 [main] INFO org.keysupport.api.pkix.cache.DownloadAndVerifyAllPlaybookCRLs - Downloading CRL data: http://onsite-crl.pki.digicert.com/USDepartmentofTransportationFAAPIVG5/LatestCRL.crl
10:27:40.434 [main] INFO org.keysupport.api.singletons.ElasticacheClientSingleton - Cache Hit for key: http://onsite-crl.pki.digicert.com/USDepartmentofTransportationFAAPIVG5/LatestCRL.crl
10:27:40.527 [main] INFO org.keysupport.api.pkix.cache.DownloadAndVerifyAllPlaybookCRLs - HTTP fetch time: 113ms
10:27:40.528 [main] INFO org.keysupport.api.pkix.cache.DownloadAndVerifyAllPlaybookCRLs - File is 4132780 bytes in size
10:27:40.528 [main] INFO org.keysupport.api.pkix.cache.DownloadAndVerifyAllPlaybookCRLs - CRL Issuer: CN=U.S. Department of Transportation Agency CA G5,OU=U.S. Department of Transportation,O=U.S. Government,C=US
10:27:40.528 [main] INFO org.keysupport.api.pkix.cache.DownloadAndVerifyAllPlaybookCRLs - CRL thisUpdate: Wed Nov 30 07:51:40 EST 2022
10:27:40.528 [main] INFO org.keysupport.api.pkix.cache.DownloadAndVerifyAllPlaybookCRLs - CRL nextUpdate: Wed Nov 30 07:51:40 EST 2022
10:27:40.559 [main] INFO org.keysupport.api.pkix.cache.DownloadAndVerifyAllPlaybookCRLs - CRL Entries: 84355
10:27:40.559 [main] INFO org.keysupport.api.pkix.cache.DownloadAndVerifyAllPlaybookCRLs - Found issuer in our intermediate store: CN=U.S. Department of Transportation Agency CA G5,OU=U.S. Department of Transportation,O=U.S. Government,C=US
10:27:40.563 [main] INFO org.keysupport.api.pkix.cache.DownloadAndVerifyAllPlaybookCRLs - CRL Signature verified: http://onsite-crl.pki.digicert.com/USDepartmentofTransportationFAAPIVG5/LatestCRL.crl
10:27:40.563 [main] INFO org.keysupport.api.pkix.cache.DownloadAndVerifyAllPlaybookCRLs - Downloading CRL data: http://ipki.uspto.gov/IPKI/CRLs/CombinedCRL3.crl
10:27:40.566 [main] INFO org.keysupport.api.singletons.ElasticacheClientSingleton - Cache Hit for key: http://ipki.uspto.gov/IPKI/CRLs/CombinedCRL3.crl
10:27:40.586 [main] INFO org.keysupport.api.pkix.cache.DownloadAndVerifyAllPlaybookCRLs - HTTP fetch time: 23ms
10:27:40.586 [main] INFO org.keysupport.api.pkix.cache.DownloadAndVerifyAllPlaybookCRLs - File is 738365 bytes in size
10:27:40.586 [main] INFO org.keysupport.api.pkix.cache.DownloadAndVerifyAllPlaybookCRLs - CRL Issuer: CN=USPTO_INTR_CA1,CN=AIA,CN=Public Key Services,CN=Services,CN=Configuration,DC=uspto,DC=gov
10:27:40.586 [main] INFO org.keysupport.api.pkix.cache.DownloadAndVerifyAllPlaybookCRLs - CRL thisUpdate: Wed Nov 30 08:59:16 EST 2022
10:27:40.586 [main] INFO org.keysupport.api.pkix.cache.DownloadAndVerifyAllPlaybookCRLs - CRL nextUpdate: Wed Nov 30 08:59:16 EST 2022
10:27:40.593 [main] INFO org.keysupport.api.pkix.cache.DownloadAndVerifyAllPlaybookCRLs - CRL Entries: 19941
10:27:40.593 [main] INFO org.keysupport.api.pkix.cache.DownloadAndVerifyAllPlaybookCRLs - Found issuer in our intermediate store: CN=USPTO_INTR_CA1,CN=AIA,CN=Public Key Services,CN=Services,CN=Configuration,DC=uspto,DC=gov
10:27:40.594 [main] INFO org.keysupport.api.pkix.cache.DownloadAndVerifyAllPlaybookCRLs - CRL Signature verified: http://ipki.uspto.gov/IPKI/CRLs/CombinedCRL3.crl
10:27:40.594 [main] INFO org.keysupport.api.pkix.cache.DownloadAndVerifyAllPlaybookCRLs - Downloading CRL data: http://crl.pki.va.gov/PKI/CRL/VET-SSP-CA-B1.crl
10:27:40.595 [main] INFO org.keysupport.api.singletons.ElasticacheClientSingleton - Cache Hit for key: http://crl.pki.va.gov/PKI/CRL/VET-SSP-CA-B1.crl
10:27:40.595 [main] ERROR org.keysupport.api.singletons.HTTPClientSingleton - Failed to render CRL
java.security.cert.CRLException: Empty input
	at java.base/sun.security.provider.X509Factory.engineGenerateCRL(X509Factory.java:402)
	at java.base/java.security.cert.CertificateFactory.generateCRL(CertificateFactory.java:513)
	at org.keysupport.api.singletons.HTTPClientSingleton.getCrl(HTTPClientSingleton.java:101)
	at org.keysupport.api.pkix.cache.DownloadAndVerifyAllPlaybookCRLs.main(DownloadAndVerifyAllPlaybookCRLs.java:116)
10:27:40.597 [main] INFO org.keysupport.api.pkix.cache.DownloadAndVerifyAllPlaybookCRLs - HTTP fetch time: 3ms
10:27:40.597 [main] ERROR org.keysupport.api.pkix.cache.DownloadAndVerifyAllPlaybookCRLs - Failed to render CRL
10:27:40.597 [main] ERROR org.keysupport.api.pkix.cache.DownloadAndVerifyAllPlaybookCRLs - We should reject this CRL: http://crl.pki.va.gov/PKI/CRL/VET-SSP-CA-B1.crl
10:27:40.597 [main] INFO org.keysupport.api.pkix.cache.DownloadAndVerifyAllPlaybookCRLs - Downloading CRL data: http://crl.pki.va.gov/PKI/CRL/VACAB3.crl
10:27:40.597 [main] INFO org.keysupport.api.singletons.ElasticacheClientSingleton - Cache Hit for key: http://crl.pki.va.gov/PKI/CRL/VACAB3.crl
10:27:40.597 [main] ERROR org.keysupport.api.singletons.HTTPClientSingleton - Failed to render CRL
java.security.cert.CRLException: Empty input
	at java.base/sun.security.provider.X509Factory.engineGenerateCRL(X509Factory.java:402)
	at java.base/java.security.cert.CertificateFactory.generateCRL(CertificateFactory.java:513)
	at org.keysupport.api.singletons.HTTPClientSingleton.getCrl(HTTPClientSingleton.java:101)
	at org.keysupport.api.pkix.cache.DownloadAndVerifyAllPlaybookCRLs.main(DownloadAndVerifyAllPlaybookCRLs.java:116)
10:27:40.597 [main] INFO org.keysupport.api.pkix.cache.DownloadAndVerifyAllPlaybookCRLs - HTTP fetch time: 0ms
10:27:40.597 [main] ERROR org.keysupport.api.pkix.cache.DownloadAndVerifyAllPlaybookCRLs - Failed to render CRL
10:27:40.597 [main] ERROR org.keysupport.api.pkix.cache.DownloadAndVerifyAllPlaybookCRLs - We should reject this CRL: http://crl.pki.va.gov/PKI/CRL/VACAB3.crl
10:27:40.597 [main] INFO org.keysupport.api.pkix.cache.DownloadAndVerifyAllPlaybookCRLs - Downloading CRL data: http://crl.xca.xpki.com/CRLs/XTec_PIVI_CA1.crl
10:27:40.601 [main] INFO org.keysupport.api.singletons.ElasticacheClientSingleton - Cache Hit for key: http://crl.xca.xpki.com/CRLs/XTec_PIVI_CA1.crl
10:27:40.632 [main] INFO org.keysupport.api.pkix.cache.DownloadAndVerifyAllPlaybookCRLs - HTTP fetch time: 35ms
10:27:40.633 [main] INFO org.keysupport.api.pkix.cache.DownloadAndVerifyAllPlaybookCRLs - File is 1248096 bytes in size
10:27:40.633 [main] INFO org.keysupport.api.pkix.cache.DownloadAndVerifyAllPlaybookCRLs - CRL Issuer: CN=WidePoint ORC NFI 4,OU=Certification Authorities,O=WidePoint,C=US
10:27:40.633 [main] INFO org.keysupport.api.pkix.cache.DownloadAndVerifyAllPlaybookCRLs - CRL thisUpdate: Wed Nov 30 08:17:29 EST 2022
10:27:40.633 [main] INFO org.keysupport.api.pkix.cache.DownloadAndVerifyAllPlaybookCRLs - CRL nextUpdate: Wed Nov 30 08:17:29 EST 2022
10:27:40.644 [main] INFO org.keysupport.api.pkix.cache.DownloadAndVerifyAllPlaybookCRLs - CRL Entries: 29008
10:27:40.644 [main] INFO org.keysupport.api.pkix.cache.DownloadAndVerifyAllPlaybookCRLs - Found issuer in our intermediate store: CN=WidePoint ORC NFI 4,OU=Certification Authorities,O=WidePoint,C=US
10:27:40.646 [main] INFO org.keysupport.api.pkix.cache.DownloadAndVerifyAllPlaybookCRLs - CRL Signature verified: http://crl.xca.xpki.com/CRLs/XTec_PIVI_CA1.crl
10:27:40.646 [main] INFO org.keysupport.api.pkix.cache.DownloadAndVerifyAllPlaybookCRLs - Downloading CRL data: http://crl-server.orc.com/CRLs/WIDEPOINTORCSSP5.crl
10:27:40.647 [main] INFO org.keysupport.api.singletons.ElasticacheClientSingleton - Cache Hit for key: http://crl-server.orc.com/CRLs/WIDEPOINTORCSSP5.crl
10:27:40.647 [main] INFO org.keysupport.api.pkix.cache.DownloadAndVerifyAllPlaybookCRLs - HTTP fetch time: 1ms
10:27:40.647 [main] INFO org.keysupport.api.pkix.cache.DownloadAndVerifyAllPlaybookCRLs - File is 21964 bytes in size
10:27:40.648 [main] INFO org.keysupport.api.pkix.cache.DownloadAndVerifyAllPlaybookCRLs - CRL Issuer: CN=WidePoint ORC SSP 5,O=ORC PKI,C=US
10:27:40.648 [main] INFO org.keysupport.api.pkix.cache.DownloadAndVerifyAllPlaybookCRLs - CRL thisUpdate: Wed Nov 30 08:28:54 EST 2022
10:27:40.648 [main] INFO org.keysupport.api.pkix.cache.DownloadAndVerifyAllPlaybookCRLs - CRL nextUpdate: Wed Nov 30 08:28:54 EST 2022
10:27:40.648 [main] INFO org.keysupport.api.pkix.cache.DownloadAndVerifyAllPlaybookCRLs - CRL Entries: 407
10:27:40.648 [main] INFO org.keysupport.api.pkix.cache.DownloadAndVerifyAllPlaybookCRLs - Found issuer in our intermediate store: CN=WidePoint ORC SSP 5,O=ORC PKI,C=US
10:27:40.651 [main] INFO org.keysupport.api.pkix.cache.DownloadAndVerifyAllPlaybookCRLs - CRL Signature verified: http://crl-server.orc.com/CRLs/WIDEPOINTORCSSP5.crl
10:27:40.652 [main] INFO org.keysupport.api.pkix.cache.DownloadAndVerifyAllPlaybookCRLs - Downloading CRL data: http://crl-server.orc.com/CRLs/WIDEPOINTNFI5.crl
10:27:40.652 [main] INFO org.keysupport.api.singletons.ElasticacheClientSingleton - Cache Hit for key: http://crl-server.orc.com/CRLs/WIDEPOINTNFI5.crl
10:27:40.653 [main] INFO org.keysupport.api.pkix.cache.DownloadAndVerifyAllPlaybookCRLs - HTTP fetch time: 1ms
10:27:40.653 [main] INFO org.keysupport.api.pkix.cache.DownloadAndVerifyAllPlaybookCRLs - File is 53823 bytes in size
10:27:40.653 [main] INFO org.keysupport.api.pkix.cache.DownloadAndVerifyAllPlaybookCRLs - CRL Issuer: CN=WidePoint NFI CA 5,O=ORC PKI,C=US
10:27:40.653 [main] INFO org.keysupport.api.pkix.cache.DownloadAndVerifyAllPlaybookCRLs - CRL thisUpdate: Wed Nov 30 09:10:00 EST 2022
10:27:40.654 [main] INFO org.keysupport.api.pkix.cache.DownloadAndVerifyAllPlaybookCRLs - CRL nextUpdate: Wed Nov 30 09:10:00 EST 2022
10:27:40.654 [main] INFO org.keysupport.api.pkix.cache.DownloadAndVerifyAllPlaybookCRLs - CRL Entries: 771
10:27:40.654 [main] INFO org.keysupport.api.pkix.cache.DownloadAndVerifyAllPlaybookCRLs - Found issuer in our intermediate store: CN=WidePoint NFI CA 5,O=ORC PKI,C=US
10:27:40.654 [main] INFO org.keysupport.api.pkix.cache.DownloadAndVerifyAllPlaybookCRLs - CRL Signature verified: http://crl-server.orc.com/CRLs/WIDEPOINTNFI5.crl
10:27:40.654 [main] INFO org.keysupport.api.pkix.cache.DownloadAndVerifyAllPlaybookCRLs - Downloading CRL data: http://crl-server.orc.com/CRLs/WIDEPOINTNFI6.crl
10:27:40.655 [main] INFO org.keysupport.api.singletons.ElasticacheClientSingleton - Cache Hit for key: http://crl-server.orc.com/CRLs/WIDEPOINTNFI6.crl
10:27:40.656 [main] INFO org.keysupport.api.pkix.cache.DownloadAndVerifyAllPlaybookCRLs - HTTP fetch time: 2ms
10:27:40.656 [main] INFO org.keysupport.api.pkix.cache.DownloadAndVerifyAllPlaybookCRLs - File is 40593 bytes in size
10:27:40.656 [main] INFO org.keysupport.api.pkix.cache.DownloadAndVerifyAllPlaybookCRLs - CRL Issuer: CN=WidePoint NFI CA 6,O=ORC PKI,C=US
10:27:40.656 [main] INFO org.keysupport.api.pkix.cache.DownloadAndVerifyAllPlaybookCRLs - CRL thisUpdate: Wed Nov 30 08:28:53 EST 2022
10:27:40.656 [main] INFO org.keysupport.api.pkix.cache.DownloadAndVerifyAllPlaybookCRLs - CRL nextUpdate: Wed Nov 30 08:28:53 EST 2022
10:27:40.656 [main] INFO org.keysupport.api.pkix.cache.DownloadAndVerifyAllPlaybookCRLs - CRL Entries: 1015
10:27:40.657 [main] INFO org.keysupport.api.pkix.cache.DownloadAndVerifyAllPlaybookCRLs - Found issuer in our intermediate store: CN=WidePoint NFI CA 6,O=ORC PKI,C=US
10:27:40.657 [main] INFO org.keysupport.api.pkix.cache.DownloadAndVerifyAllPlaybookCRLs - CRL Signature verified: http://crl-server.orc.com/CRLs/WIDEPOINTNFI6.crl
10:27:40.657 [main] INFO org.keysupport.api.pkix.cache.DownloadAndVerifyAllPlaybookCRLs - Downloading CRL data: http://pki.treasury.gov/VA_CA1.crl
10:27:40.678 [main] INFO org.keysupport.api.singletons.ElasticacheClientSingleton - Cache Hit for key: http://pki.treasury.gov/VA_CA1.crl
10:27:40.820 [main] INFO org.keysupport.api.pkix.cache.DownloadAndVerifyAllPlaybookCRLs - HTTP fetch time: 163ms
10:27:40.821 [main] INFO org.keysupport.api.pkix.cache.DownloadAndVerifyAllPlaybookCRLs - File is 5344290 bytes in size
10:27:40.821 [main] INFO org.keysupport.api.pkix.cache.DownloadAndVerifyAllPlaybookCRLs - CRL Issuer: OU=Department of Veterans Affairs CA,OU=Certification Authorities,OU=Department of Veterans Affairs,O=U.S. Government,C=US
10:27:40.822 [main] INFO org.keysupport.api.pkix.cache.DownloadAndVerifyAllPlaybookCRLs - CRL thisUpdate: Wed Nov 30 07:38:49 EST 2022
10:27:40.822 [main] INFO org.keysupport.api.pkix.cache.DownloadAndVerifyAllPlaybookCRLs - CRL nextUpdate: Wed Nov 30 07:38:49 EST 2022
10:27:40.893 [main] INFO org.keysupport.api.pkix.cache.DownloadAndVerifyAllPlaybookCRLs - CRL Entries: 231710
10:27:40.894 [main] INFO org.keysupport.api.pkix.cache.DownloadAndVerifyAllPlaybookCRLs - Found issuer in our intermediate store: OU=Department of Veterans Affairs CA,OU=Certification Authorities,OU=Department of Veterans Affairs,O=U.S. Government,C=US
10:27:40.899 [main] INFO org.keysupport.api.pkix.cache.DownloadAndVerifyAllPlaybookCRLs - CRL Signature verified: http://pki.treasury.gov/VA_CA1.crl
10:27:40.899 [main] INFO org.keysupport.api.pkix.cache.DownloadAndVerifyAllPlaybookCRLs - Downloading CRL data: http://pki.treasury.gov/VA_CA.crl
10:27:40.920 [main] INFO org.keysupport.api.singletons.ElasticacheClientSingleton - Cache Hit for key: http://pki.treasury.gov/VA_CA.crl
10:27:41.135 [main] INFO org.keysupport.api.pkix.cache.DownloadAndVerifyAllPlaybookCRLs - HTTP fetch time: 236ms
10:27:41.136 [main] INFO org.keysupport.api.pkix.cache.DownloadAndVerifyAllPlaybookCRLs - File is 5344290 bytes in size
10:27:41.136 [main] INFO org.keysupport.api.pkix.cache.DownloadAndVerifyAllPlaybookCRLs - CRL Issuer: OU=Department of Veterans Affairs CA,OU=Certification Authorities,OU=Department of Veterans Affairs,O=U.S. Government,C=US
10:27:41.136 [main] INFO org.keysupport.api.pkix.cache.DownloadAndVerifyAllPlaybookCRLs - CRL thisUpdate: Wed Nov 30 07:38:49 EST 2022
10:27:41.136 [main] INFO org.keysupport.api.pkix.cache.DownloadAndVerifyAllPlaybookCRLs - CRL nextUpdate: Wed Nov 30 07:38:49 EST 2022
10:27:41.209 [main] INFO org.keysupport.api.pkix.cache.DownloadAndVerifyAllPlaybookCRLs - CRL Entries: 231710
10:27:41.209 [main] INFO org.keysupport.api.pkix.cache.DownloadAndVerifyAllPlaybookCRLs - Found issuer in our intermediate store: OU=Department of Veterans Affairs CA,OU=Certification Authorities,OU=Department of Veterans Affairs,O=U.S. Government,C=US
10:27:41.214 [main] INFO org.keysupport.api.pkix.cache.DownloadAndVerifyAllPlaybookCRLs - CRL Signature verified: http://pki.treasury.gov/VA_CA.crl
10:27:41.214 [main] INFO org.keysupport.api.pkix.cache.DownloadAndVerifyAllPlaybookCRLs - Downloading CRL data: http://pki.treasury.gov/DHS_CA2.crl
10:27:41.276 [main] INFO org.keysupport.api.singletons.ElasticacheClientSingleton - Cache Hit for key: http://pki.treasury.gov/DHS_CA2.crl
10:27:41.992 [main] INFO org.keysupport.api.pkix.cache.DownloadAndVerifyAllPlaybookCRLs - HTTP fetch time: 778ms
10:27:41.998 [main] INFO org.keysupport.api.pkix.cache.DownloadAndVerifyAllPlaybookCRLs - File is 16566837 bytes in size
10:27:41.998 [main] INFO org.keysupport.api.pkix.cache.DownloadAndVerifyAllPlaybookCRLs - CRL Issuer: OU=DHS CA4,OU=Certification Authorities,OU=Department of Homeland Security,O=U.S. Government,C=US
10:27:41.998 [main] INFO org.keysupport.api.pkix.cache.DownloadAndVerifyAllPlaybookCRLs - CRL thisUpdate: Wed Nov 30 02:32:22 EST 2022
10:27:41.998 [main] INFO org.keysupport.api.pkix.cache.DownloadAndVerifyAllPlaybookCRLs - CRL nextUpdate: Wed Nov 30 02:32:22 EST 2022
10:27:42.184 [main] INFO org.keysupport.api.pkix.cache.DownloadAndVerifyAllPlaybookCRLs - CRL Entries: 439000
10:27:42.185 [main] INFO org.keysupport.api.pkix.cache.DownloadAndVerifyAllPlaybookCRLs - Found issuer in our intermediate store: OU=DHS CA4,OU=Certification Authorities,OU=Department of Homeland Security,O=U.S. Government,C=US
10:27:42.200 [main] INFO org.keysupport.api.pkix.cache.DownloadAndVerifyAllPlaybookCRLs - CRL Signature verified: http://pki.treasury.gov/DHS_CA2.crl
10:27:42.200 [main] INFO org.keysupport.api.pkix.cache.DownloadAndVerifyAllPlaybookCRLs - Downloading CRL data: http://crl.disa.mil/crl/DODIDCA_52.crl
10:27:42.200 [main] INFO org.keysupport.api.singletons.ElasticacheClientSingleton - Cache Hit for key: http://crl.disa.mil/crl/DODIDCA_52.crl
10:27:42.200 [main] INFO org.keysupport.api.pkix.cache.DownloadAndVerifyAllPlaybookCRLs - HTTP fetch time: 0ms
10:27:42.201 [main] INFO org.keysupport.api.pkix.cache.DownloadAndVerifyAllPlaybookCRLs - File is 473 bytes in size
10:27:42.201 [main] INFO org.keysupport.api.pkix.cache.DownloadAndVerifyAllPlaybookCRLs - CRL Issuer: CN=DOD ID CA-52,OU=PKI,OU=DoD,O=U.S. Government,C=US
10:27:42.201 [main] INFO org.keysupport.api.pkix.cache.DownloadAndVerifyAllPlaybookCRLs - CRL thisUpdate: Tue Nov 29 04:00:00 EST 2022
10:27:42.201 [main] INFO org.keysupport.api.pkix.cache.DownloadAndVerifyAllPlaybookCRLs - CRL nextUpdate: Tue Nov 29 04:00:00 EST 2022
10:27:42.201 [main] INFO org.keysupport.api.pkix.cache.DownloadAndVerifyAllPlaybookCRLs - CRL Entries: 0
10:27:42.201 [main] INFO org.keysupport.api.pkix.cache.DownloadAndVerifyAllPlaybookCRLs - Found issuer in our intermediate store: CN=DOD ID CA-52,OU=PKI,OU=DoD,O=U.S. Government,C=US
10:27:42.201 [main] INFO org.keysupport.api.pkix.cache.DownloadAndVerifyAllPlaybookCRLs - CRL Signature verified: http://crl.disa.mil/crl/DODIDCA_52.crl
10:27:42.201 [main] INFO org.keysupport.api.pkix.cache.DownloadAndVerifyAllPlaybookCRLs - Downloading CRL data: http://crl.disa.mil/crl/DODIDCA_51.crl
10:27:42.202 [main] INFO org.keysupport.api.singletons.ElasticacheClientSingleton - Cache Hit for key: http://crl.disa.mil/crl/DODIDCA_51.crl
10:27:42.202 [main] INFO org.keysupport.api.pkix.cache.DownloadAndVerifyAllPlaybookCRLs - HTTP fetch time: 1ms
10:27:42.202 [main] INFO org.keysupport.api.pkix.cache.DownloadAndVerifyAllPlaybookCRLs - File is 473 bytes in size
10:27:42.202 [main] INFO org.keysupport.api.pkix.cache.DownloadAndVerifyAllPlaybookCRLs - CRL Issuer: CN=DOD ID CA-51,OU=PKI,OU=DoD,O=U.S. Government,C=US
10:27:42.202 [main] INFO org.keysupport.api.pkix.cache.DownloadAndVerifyAllPlaybookCRLs - CRL thisUpdate: Wed Nov 30 05:00:00 EST 2022
10:27:42.202 [main] INFO org.keysupport.api.pkix.cache.DownloadAndVerifyAllPlaybookCRLs - CRL nextUpdate: Wed Nov 30 05:00:00 EST 2022
10:27:42.202 [main] INFO org.keysupport.api.pkix.cache.DownloadAndVerifyAllPlaybookCRLs - CRL Entries: 0
10:27:42.202 [main] INFO org.keysupport.api.pkix.cache.DownloadAndVerifyAllPlaybookCRLs - Found issuer in our intermediate store: CN=DOD ID CA-51,OU=PKI,OU=DoD,O=U.S. Government,C=US
10:27:42.202 [main] INFO org.keysupport.api.pkix.cache.DownloadAndVerifyAllPlaybookCRLs - CRL Signature verified: http://crl.disa.mil/crl/DODIDCA_51.crl
10:27:42.202 [main] INFO org.keysupport.api.pkix.cache.DownloadAndVerifyAllPlaybookCRLs - Downloading CRL data: http://crl.disa.mil/crl/DODIDCA_50.crl
10:27:42.203 [main] INFO org.keysupport.api.singletons.ElasticacheClientSingleton - Cache Hit for key: http://crl.disa.mil/crl/DODIDCA_50.crl
10:27:42.203 [main] INFO org.keysupport.api.pkix.cache.DownloadAndVerifyAllPlaybookCRLs - HTTP fetch time: 0ms
10:27:42.203 [main] INFO org.keysupport.api.pkix.cache.DownloadAndVerifyAllPlaybookCRLs - File is 473 bytes in size
10:27:42.203 [main] INFO org.keysupport.api.pkix.cache.DownloadAndVerifyAllPlaybookCRLs - CRL Issuer: CN=DOD ID CA-50,OU=PKI,OU=DoD,O=U.S. Government,C=US
10:27:42.203 [main] INFO org.keysupport.api.pkix.cache.DownloadAndVerifyAllPlaybookCRLs - CRL thisUpdate: Tue Nov 29 06:00:00 EST 2022
10:27:42.203 [main] INFO org.keysupport.api.pkix.cache.DownloadAndVerifyAllPlaybookCRLs - CRL nextUpdate: Tue Nov 29 06:00:00 EST 2022
10:27:42.203 [main] INFO org.keysupport.api.pkix.cache.DownloadAndVerifyAllPlaybookCRLs - CRL Entries: 0
10:27:42.203 [main] INFO org.keysupport.api.pkix.cache.DownloadAndVerifyAllPlaybookCRLs - Found issuer in our intermediate store: CN=DOD ID CA-50,OU=PKI,OU=DoD,O=U.S. Government,C=US
10:27:42.204 [main] INFO org.keysupport.api.pkix.cache.DownloadAndVerifyAllPlaybookCRLs - CRL Signature verified: http://crl.disa.mil/crl/DODIDCA_50.crl
10:27:42.204 [main] INFO org.keysupport.api.pkix.cache.DownloadAndVerifyAllPlaybookCRLs - Downloading CRL data: http://crl.disa.mil/crl/DODIDCA_49.crl
10:27:42.204 [main] INFO org.keysupport.api.singletons.ElasticacheClientSingleton - Cache Hit for key: http://crl.disa.mil/crl/DODIDCA_49.crl
10:27:42.204 [main] INFO org.keysupport.api.pkix.cache.DownloadAndVerifyAllPlaybookCRLs - HTTP fetch time: 0ms
10:27:42.204 [main] INFO org.keysupport.api.pkix.cache.DownloadAndVerifyAllPlaybookCRLs - File is 473 bytes in size
10:27:42.204 [main] INFO org.keysupport.api.pkix.cache.DownloadAndVerifyAllPlaybookCRLs - CRL Issuer: CN=DOD ID CA-49,OU=PKI,OU=DoD,O=U.S. Government,C=US
10:27:42.204 [main] INFO org.keysupport.api.pkix.cache.DownloadAndVerifyAllPlaybookCRLs - CRL thisUpdate: Tue Nov 29 23:00:00 EST 2022
10:27:42.204 [main] INFO org.keysupport.api.pkix.cache.DownloadAndVerifyAllPlaybookCRLs - CRL nextUpdate: Tue Nov 29 23:00:00 EST 2022
10:27:42.204 [main] INFO org.keysupport.api.pkix.cache.DownloadAndVerifyAllPlaybookCRLs - CRL Entries: 0
10:27:42.205 [main] INFO org.keysupport.api.pkix.cache.DownloadAndVerifyAllPlaybookCRLs - Found issuer in our intermediate store: CN=DOD ID CA-49,OU=PKI,OU=DoD,O=U.S. Government,C=US
10:27:42.205 [main] INFO org.keysupport.api.pkix.cache.DownloadAndVerifyAllPlaybookCRLs - CRL Signature verified: http://crl.disa.mil/crl/DODIDCA_49.crl
10:27:42.205 [main] INFO org.keysupport.api.pkix.cache.DownloadAndVerifyAllPlaybookCRLs - Downloading CRL data: http://sspweb.managed.entrust.com/CRLs/EMSSSPCA2.crl
10:27:42.314 [main] INFO org.keysupport.api.singletons.ElasticacheClientSingleton - Cache Hit for key: http://sspweb.managed.entrust.com/CRLs/EMSSSPCA2.crl
10:27:43.482 [main] INFO org.keysupport.api.pkix.cache.DownloadAndVerifyAllPlaybookCRLs - HTTP fetch time: 1277ms
10:27:43.488 [main] INFO org.keysupport.api.pkix.cache.DownloadAndVerifyAllPlaybookCRLs - File is 24576352 bytes in size
10:27:43.488 [main] INFO org.keysupport.api.pkix.cache.DownloadAndVerifyAllPlaybookCRLs - CRL Issuer: OU=Entrust Managed Services SSP CA,OU=Certification Authorities,O=Entrust,C=US
10:27:43.488 [main] INFO org.keysupport.api.pkix.cache.DownloadAndVerifyAllPlaybookCRLs - CRL thisUpdate: Wed Nov 30 05:00:05 EST 2022
10:27:43.488 [main] INFO org.keysupport.api.pkix.cache.DownloadAndVerifyAllPlaybookCRLs - CRL nextUpdate: Wed Nov 30 05:00:05 EST 2022
10:27:43.904 [main] INFO org.keysupport.api.pkix.cache.DownloadAndVerifyAllPlaybookCRLs - CRL Entries: 1050695
10:27:43.905 [main] INFO org.keysupport.api.pkix.cache.DownloadAndVerifyAllPlaybookCRLs - Found issuer in our intermediate store: OU=Entrust Managed Services SSP CA,OU=Certification Authorities,O=Entrust,C=US
10:27:43.926 [main] INFO org.keysupport.api.pkix.cache.DownloadAndVerifyAllPlaybookCRLs - CRL Signature verified: http://sspweb.managed.entrust.com/CRLs/EMSSSPCA2.crl
10:27:43.926 [main] INFO org.keysupport.api.pkix.cache.DownloadAndVerifyAllPlaybookCRLs - Downloading CRL data: http://feddcsweb.managed.entrust.com/CRLs/FedDCSCA.crl
10:27:43.950 [main] INFO org.keysupport.api.singletons.ElasticacheClientSingleton - Cache Hit for key: http://feddcsweb.managed.entrust.com/CRLs/FedDCSCA.crl
10:27:44.248 [main] INFO org.keysupport.api.pkix.cache.DownloadAndVerifyAllPlaybookCRLs - HTTP fetch time: 322ms
10:27:44.250 [main] INFO org.keysupport.api.pkix.cache.DownloadAndVerifyAllPlaybookCRLs - File is 8106912 bytes in size
10:27:44.250 [main] INFO org.keysupport.api.pkix.cache.DownloadAndVerifyAllPlaybookCRLs - CRL Issuer: CN=Entrust Derived Credential SSP CA,OU=Certification Authorities,O=Entrust,C=US
10:27:44.250 [main] INFO org.keysupport.api.pkix.cache.DownloadAndVerifyAllPlaybookCRLs - CRL thisUpdate: Wed Nov 30 09:00:09 EST 2022
10:27:44.250 [main] INFO org.keysupport.api.pkix.cache.DownloadAndVerifyAllPlaybookCRLs - CRL nextUpdate: Wed Nov 30 09:00:09 EST 2022
10:27:44.331 [main] INFO org.keysupport.api.pkix.cache.DownloadAndVerifyAllPlaybookCRLs - CRL Entries: 219102
10:27:44.332 [main] INFO org.keysupport.api.pkix.cache.DownloadAndVerifyAllPlaybookCRLs - Found issuer in our intermediate store: CN=Entrust Derived Credential SSP CA,OU=Certification Authorities,O=Entrust,C=US
10:27:44.339 [main] INFO org.keysupport.api.pkix.cache.DownloadAndVerifyAllPlaybookCRLs - CRL Signature verified: http://feddcsweb.managed.entrust.com/CRLs/FedDCSCA.crl
10:27:44.339 [main] INFO org.keysupport.api.pkix.cache.DownloadAndVerifyAllPlaybookCRLs - Downloading CRL data: http://hhspkicrl.managed.entrust.com/CRLs/HHSEntrustCA1.crl
10:27:44.366 [main] INFO org.keysupport.api.singletons.ElasticacheClientSingleton - Cache Hit for key: http://hhspkicrl.managed.entrust.com/CRLs/HHSEntrustCA1.crl
10:27:44.708 [main] INFO org.keysupport.api.pkix.cache.DownloadAndVerifyAllPlaybookCRLs - HTTP fetch time: 369ms
10:27:44.709 [main] INFO org.keysupport.api.pkix.cache.DownloadAndVerifyAllPlaybookCRLs - File is 7072729 bytes in size
10:27:44.710 [main] INFO org.keysupport.api.pkix.cache.DownloadAndVerifyAllPlaybookCRLs - CRL Issuer: CN=HHS-FPKI-Intermediate-CA-E1,OU=Certification Authorities,OU=HHS,O=U.S. Government,C=US
10:27:44.710 [main] INFO org.keysupport.api.pkix.cache.DownloadAndVerifyAllPlaybookCRLs - CRL thisUpdate: Wed Nov 30 04:29:35 EST 2022
10:27:44.710 [main] INFO org.keysupport.api.pkix.cache.DownloadAndVerifyAllPlaybookCRLs - CRL nextUpdate: Wed Nov 30 04:29:35 EST 2022
10:27:44.798 [main] INFO org.keysupport.api.pkix.cache.DownloadAndVerifyAllPlaybookCRLs - CRL Entries: 244079
10:27:44.799 [main] INFO org.keysupport.api.pkix.cache.DownloadAndVerifyAllPlaybookCRLs - Found issuer in our intermediate store: CN=HHS-FPKI-Intermediate-CA-E1,OU=Certification Authorities,OU=HHS,O=U.S. Government,C=US
10:27:44.805 [main] INFO org.keysupport.api.pkix.cache.DownloadAndVerifyAllPlaybookCRLs - CRL Signature verified: http://hhspkicrl.managed.entrust.com/CRLs/HHSEntrustCA1.crl
10:27:44.805 [main] INFO org.keysupport.api.pkix.cache.DownloadAndVerifyAllPlaybookCRLs - Downloading CRL data: http://pki.treasury.gov/NASA_Operational_CA3.crl
10:27:44.817 [main] INFO org.keysupport.api.singletons.ElasticacheClientSingleton - Cache Hit for key: http://pki.treasury.gov/NASA_Operational_CA3.crl
10:27:44.971 [main] INFO org.keysupport.api.pkix.cache.DownloadAndVerifyAllPlaybookCRLs - HTTP fetch time: 166ms
10:27:44.972 [main] INFO org.keysupport.api.pkix.cache.DownloadAndVerifyAllPlaybookCRLs - File is 3937874 bytes in size
10:27:44.972 [main] INFO org.keysupport.api.pkix.cache.DownloadAndVerifyAllPlaybookCRLs - CRL Issuer: OU=NASA Operational CA,OU=Certification Authorities,OU=NASA,O=U.S. Government,C=US
10:27:44.972 [main] INFO org.keysupport.api.pkix.cache.DownloadAndVerifyAllPlaybookCRLs - CRL thisUpdate: Wed Nov 30 06:00:46 EST 2022
10:27:44.972 [main] INFO org.keysupport.api.pkix.cache.DownloadAndVerifyAllPlaybookCRLs - CRL nextUpdate: Wed Nov 30 06:00:46 EST 2022
10:27:45.014 [main] INFO org.keysupport.api.pkix.cache.DownloadAndVerifyAllPlaybookCRLs - CRL Entries: 106385
10:27:45.014 [main] INFO org.keysupport.api.pkix.cache.DownloadAndVerifyAllPlaybookCRLs - Found issuer in our intermediate store: OU=NASA Operational CA,OU=Certification Authorities,OU=NASA,O=U.S. Government,C=US
10:27:45.019 [main] INFO org.keysupport.api.pkix.cache.DownloadAndVerifyAllPlaybookCRLs - CRL Signature verified: http://pki.treasury.gov/NASA_Operational_CA3.crl
10:27:45.019 [main] INFO org.keysupport.api.pkix.cache.DownloadAndVerifyAllPlaybookCRLs - Downloading CRL data: http://onsite-crl.pki.digicert.com/USNuclearRegulatoryCommissionSSPPIVG3/LatestCRL.crl
10:27:45.021 [main] INFO org.keysupport.api.singletons.ElasticacheClientSingleton - Cache Hit for key: http://onsite-crl.pki.digicert.com/USNuclearRegulatoryCommissionSSPPIVG3/LatestCRL.crl
10:27:45.024 [main] INFO org.keysupport.api.pkix.cache.DownloadAndVerifyAllPlaybookCRLs - HTTP fetch time: 5ms
10:27:45.024 [main] INFO org.keysupport.api.pkix.cache.DownloadAndVerifyAllPlaybookCRLs - File is 161451 bytes in size
10:27:45.024 [main] INFO org.keysupport.api.pkix.cache.DownloadAndVerifyAllPlaybookCRLs - CRL Issuer: CN=NRC SSP Agency CA G3,OU=U.S. Nuclear Regulatory Commission,O=U.S. Government,C=US
10:27:45.024 [main] INFO org.keysupport.api.pkix.cache.DownloadAndVerifyAllPlaybookCRLs - CRL thisUpdate: Wed Nov 30 07:51:45 EST 2022
10:27:45.024 [main] INFO org.keysupport.api.pkix.cache.DownloadAndVerifyAllPlaybookCRLs - CRL nextUpdate: Wed Nov 30 07:51:45 EST 2022
10:27:45.026 [main] INFO org.keysupport.api.pkix.cache.DownloadAndVerifyAllPlaybookCRLs - CRL Entries: 3840
10:27:45.026 [main] INFO org.keysupport.api.pkix.cache.DownloadAndVerifyAllPlaybookCRLs - Found issuer in our intermediate store: CN=NRC SSP Agency CA G3,OU=U.S. Nuclear Regulatory Commission,O=U.S. Government,C=US
10:27:45.026 [main] INFO org.keysupport.api.pkix.cache.DownloadAndVerifyAllPlaybookCRLs - CRL Signature verified: http://onsite-crl.pki.digicert.com/USNuclearRegulatoryCommissionSSPPIVG3/LatestCRL.crl
10:27:45.026 [main] INFO org.keysupport.api.pkix.cache.DownloadAndVerifyAllPlaybookCRLs - Downloading CRL data: http://onsite-crl.pki.digicert.com/USSenateSSPPIVIG4PROD/LatestCRL.crl
10:27:45.027 [main] INFO org.keysupport.api.singletons.ElasticacheClientSingleton - Cache Hit for key: http://onsite-crl.pki.digicert.com/USSenateSSPPIVIG4PROD/LatestCRL.crl
10:27:45.027 [main] INFO org.keysupport.api.pkix.cache.DownloadAndVerifyAllPlaybookCRLs - HTTP fetch time: 1ms
10:27:45.027 [main] INFO org.keysupport.api.pkix.cache.DownloadAndVerifyAllPlaybookCRLs - File is 20566 bytes in size
10:27:45.027 [main] INFO org.keysupport.api.pkix.cache.DownloadAndVerifyAllPlaybookCRLs - CRL Issuer: CN=Senate PIV-I CA G4,OU=Office of the Sergeant at Arms,OU=U.S. Senate,O=U.S. Government,C=US
10:27:45.027 [main] INFO org.keysupport.api.pkix.cache.DownloadAndVerifyAllPlaybookCRLs - CRL thisUpdate: Wed Nov 30 07:51:45 EST 2022
10:27:45.028 [main] INFO org.keysupport.api.pkix.cache.DownloadAndVerifyAllPlaybookCRLs - CRL nextUpdate: Wed Nov 30 07:51:45 EST 2022
10:27:45.028 [main] INFO org.keysupport.api.pkix.cache.DownloadAndVerifyAllPlaybookCRLs - CRL Entries: 486
10:27:45.028 [main] INFO org.keysupport.api.pkix.cache.DownloadAndVerifyAllPlaybookCRLs - Found issuer in our intermediate store: CN=Senate PIV-I CA G4,OU=Office of the Sergeant at Arms,OU=U.S. Senate,O=U.S. Government,C=US
10:27:45.028 [main] INFO org.keysupport.api.pkix.cache.DownloadAndVerifyAllPlaybookCRLs - CRL Signature verified: http://onsite-crl.pki.digicert.com/USSenateSSPPIVIG4PROD/LatestCRL.crl
10:27:45.028 [main] INFO org.keysupport.api.pkix.cache.DownloadAndVerifyAllPlaybookCRLs - Downloading CRL data: http://pki.treasury.gov/SSA_CA2.crl
10:27:45.035 [main] INFO org.keysupport.api.singletons.ElasticacheClientSingleton - Cache Hit for key: http://pki.treasury.gov/SSA_CA2.crl
10:27:45.107 [main] INFO org.keysupport.api.pkix.cache.DownloadAndVerifyAllPlaybookCRLs - HTTP fetch time: 79ms
10:27:45.108 [main] INFO org.keysupport.api.pkix.cache.DownloadAndVerifyAllPlaybookCRLs - File is 2228774 bytes in size
10:27:45.108 [main] INFO org.keysupport.api.pkix.cache.DownloadAndVerifyAllPlaybookCRLs - CRL Issuer: OU=Social Security Administration Certification Authority,OU=SSA,O=U.S. Government,C=US
10:27:45.108 [main] INFO org.keysupport.api.pkix.cache.DownloadAndVerifyAllPlaybookCRLs - CRL thisUpdate: Wed Nov 30 06:20:06 EST 2022
10:27:45.108 [main] INFO org.keysupport.api.pkix.cache.DownloadAndVerifyAllPlaybookCRLs - CRL nextUpdate: Wed Nov 30 06:20:06 EST 2022
10:27:45.132 [main] INFO org.keysupport.api.pkix.cache.DownloadAndVerifyAllPlaybookCRLs - CRL Entries: 60125
10:27:45.132 [main] INFO org.keysupport.api.pkix.cache.DownloadAndVerifyAllPlaybookCRLs - Found issuer in our intermediate store: OU=Social Security Administration Certification Authority,OU=SSA,O=U.S. Government,C=US
10:27:45.135 [main] INFO org.keysupport.api.pkix.cache.DownloadAndVerifyAllPlaybookCRLs - CRL Signature verified: http://pki.treasury.gov/SSA_CA2.crl
10:27:45.135 [main] INFO org.keysupport.api.pkix.cache.DownloadAndVerifyAllPlaybookCRLs - Downloading CRL data: http://pki.treasury.gov/OCIO_CA4.crl
10:27:45.152 [main] INFO org.keysupport.api.singletons.ElasticacheClientSingleton - Cache Hit for key: http://pki.treasury.gov/OCIO_CA4.crl
10:27:45.355 [main] INFO org.keysupport.api.pkix.cache.DownloadAndVerifyAllPlaybookCRLs - HTTP fetch time: 220ms
10:27:45.356 [main] INFO org.keysupport.api.pkix.cache.DownloadAndVerifyAllPlaybookCRLs - File is 5428274 bytes in size
10:27:45.356 [main] INFO org.keysupport.api.pkix.cache.DownloadAndVerifyAllPlaybookCRLs - CRL Issuer: OU=OCIO CA,OU=Certification Authorities,OU=Department of the Treasury,O=U.S. Government,C=US
10:27:45.356 [main] INFO org.keysupport.api.pkix.cache.DownloadAndVerifyAllPlaybookCRLs - CRL thisUpdate: Wed Nov 30 08:26:55 EST 2022
10:27:45.356 [main] INFO org.keysupport.api.pkix.cache.DownloadAndVerifyAllPlaybookCRLs - CRL nextUpdate: Wed Nov 30 08:26:55 EST 2022
10:27:45.414 [main] INFO org.keysupport.api.pkix.cache.DownloadAndVerifyAllPlaybookCRLs - CRL Entries: 146696
10:27:45.415 [main] INFO org.keysupport.api.pkix.cache.DownloadAndVerifyAllPlaybookCRLs - Found issuer in our intermediate store: OU=OCIO CA,OU=Certification Authorities,OU=Department of the Treasury,O=U.S. Government,C=US
10:27:45.420 [main] INFO org.keysupport.api.pkix.cache.DownloadAndVerifyAllPlaybookCRLs - CRL Signature verified: http://pki.treasury.gov/OCIO_CA4.crl
10:27:45.420 [main] INFO org.keysupport.api.pkix.cache.DownloadAndVerifyAllPlaybookCRLs - Downloading CRL data: http://onsite-crl.pki.digicert.com/USDepartmentofEducationDoEDG4PIV/LatestCRL.crl
10:27:45.422 [main] INFO org.keysupport.api.singletons.ElasticacheClientSingleton - Cache Hit for key: http://onsite-crl.pki.digicert.com/USDepartmentofEducationDoEDG4PIV/LatestCRL.crl
10:27:45.428 [main] INFO org.keysupport.api.pkix.cache.DownloadAndVerifyAllPlaybookCRLs - HTTP fetch time: 8ms
10:27:45.428 [main] INFO org.keysupport.api.pkix.cache.DownloadAndVerifyAllPlaybookCRLs - File is 253860 bytes in size
10:27:45.428 [main] INFO org.keysupport.api.pkix.cache.DownloadAndVerifyAllPlaybookCRLs - CRL Issuer: CN=U.S. Department of Education Agency CA - G4,OU=U.S. Department of Education,O=U.S. Government,C=US
10:27:45.428 [main] INFO org.keysupport.api.pkix.cache.DownloadAndVerifyAllPlaybookCRLs - CRL thisUpdate: Wed Nov 30 07:51:35 EST 2022
10:27:45.428 [main] INFO org.keysupport.api.pkix.cache.DownloadAndVerifyAllPlaybookCRLs - CRL nextUpdate: Wed Nov 30 07:51:35 EST 2022
10:27:45.430 [main] INFO org.keysupport.api.pkix.cache.DownloadAndVerifyAllPlaybookCRLs - CRL Entries: 5782
10:27:45.430 [main] INFO org.keysupport.api.pkix.cache.DownloadAndVerifyAllPlaybookCRLs - Found issuer in our intermediate store: CN=U.S. Department of Education Agency CA - G4,OU=U.S. Department of Education,O=U.S. Government,C=US
10:27:45.431 [main] INFO org.keysupport.api.pkix.cache.DownloadAndVerifyAllPlaybookCRLs - CRL Signature verified: http://onsite-crl.pki.digicert.com/USDepartmentofEducationDoEDG4PIV/LatestCRL.crl
10:27:45.431 [main] INFO org.keysupport.api.pkix.cache.DownloadAndVerifyAllPlaybookCRLs - Downloading CRL data: http://crls.pki.state.gov/crls/DoSADPKIPIVCA2.crl
10:27:45.445 [main] INFO org.keysupport.api.singletons.ElasticacheClientSingleton - Cache Hit for key: http://crls.pki.state.gov/crls/DoSADPKIPIVCA2.crl
10:27:45.627 [main] INFO org.keysupport.api.pkix.cache.DownloadAndVerifyAllPlaybookCRLs - HTTP fetch time: 196ms
10:27:45.628 [main] INFO org.keysupport.api.pkix.cache.DownloadAndVerifyAllPlaybookCRLs - File is 3893103 bytes in size
10:27:45.628 [main] INFO org.keysupport.api.pkix.cache.DownloadAndVerifyAllPlaybookCRLs - CRL Issuer: OU=U.S. Department of State PIV CA2,OU=Certification Authorities,OU=PIV,OU=Department of State,O=U.S. Government,C=US
10:27:45.629 [main] INFO org.keysupport.api.pkix.cache.DownloadAndVerifyAllPlaybookCRLs - CRL thisUpdate: Tue Nov 29 23:38:55 EST 2022
10:27:45.629 [main] INFO org.keysupport.api.pkix.cache.DownloadAndVerifyAllPlaybookCRLs - CRL nextUpdate: Tue Nov 29 23:38:55 EST 2022
10:27:45.665 [main] INFO org.keysupport.api.pkix.cache.DownloadAndVerifyAllPlaybookCRLs - CRL Entries: 103819
10:27:45.666 [main] INFO org.keysupport.api.pkix.cache.DownloadAndVerifyAllPlaybookCRLs - Found issuer in our intermediate store: OU=U.S. Department of State PIV CA2,OU=Certification Authorities,OU=PIV,OU=Department of State,O=U.S. Government,C=US
10:27:45.669 [main] INFO org.keysupport.api.pkix.cache.DownloadAndVerifyAllPlaybookCRLs - CRL Signature verified: http://crls.pki.state.gov/crls/DoSADPKIPIVCA2.crl
10:27:45.669 [main] INFO org.keysupport.api.pkix.cache.DownloadAndVerifyAllPlaybookCRLs - Downloading CRL data: http://onsite-crl.pki.digicert.com/USDepartmentofTransportationFAAPIVG4/LatestCRL.crl
10:27:45.690 [main] INFO org.keysupport.api.singletons.ElasticacheClientSingleton - Cache Hit for key: http://onsite-crl.pki.digicert.com/USDepartmentofTransportationFAAPIVG4/LatestCRL.crl
10:27:45.795 [main] INFO org.keysupport.api.pkix.cache.DownloadAndVerifyAllPlaybookCRLs - HTTP fetch time: 126ms
10:27:45.796 [main] INFO org.keysupport.api.pkix.cache.DownloadAndVerifyAllPlaybookCRLs - File is 3719905 bytes in size
10:27:45.796 [main] INFO org.keysupport.api.pkix.cache.DownloadAndVerifyAllPlaybookCRLs - CRL Issuer: CN=U.S. Department of Transportation Agency CA G4,OU=U.S. Department of Transportation,O=U.S. Government,C=US
10:27:45.796 [main] INFO org.keysupport.api.pkix.cache.DownloadAndVerifyAllPlaybookCRLs - CRL thisUpdate: Wed Nov 30 07:51:38 EST 2022
10:27:45.796 [main] INFO org.keysupport.api.pkix.cache.DownloadAndVerifyAllPlaybookCRLs - CRL nextUpdate: Wed Nov 30 07:51:38 EST 2022
10:27:45.831 [main] INFO org.keysupport.api.pkix.cache.DownloadAndVerifyAllPlaybookCRLs - CRL Entries: 93481
10:27:45.831 [main] INFO org.keysupport.api.pkix.cache.DownloadAndVerifyAllPlaybookCRLs - Found issuer in our intermediate store: CN=U.S. Department of Transportation Agency CA G4,OU=U.S. Department of Transportation,O=U.S. Government,C=US
10:27:45.835 [main] INFO org.keysupport.api.pkix.cache.DownloadAndVerifyAllPlaybookCRLs - CRL Signature verified: http://onsite-crl.pki.digicert.com/USDepartmentofTransportationFAAPIVG4/LatestCRL.crl
10:27:45.835 [main] INFO org.keysupport.api.pkix.cache.DownloadAndVerifyAllPlaybookCRLs - Total number of revoked certificates: 7955190
10:27:45.835 [main] INFO org.keysupport.api.pkix.cache.DownloadAndVerifyAllPlaybookCRLs - Total number of CRL Bytes: 221341582
