18:24:11.989 [main] INFO org.keysupport.api.pkix.cache.DownloadAndVerifyAllPlaybookCRLs - CMS object is 239613 bytes in size
18:24:12.056 [main] INFO org.keysupport.api.pkix.cache.DownloadAndVerifyAllPlaybookCRLs - CMS object contains 150 certificates
18:24:12.056 [main] INFO org.keysupport.api.pkix.cache.DownloadAndVerifyAllPlaybookCRLs - CMS Cert: CN=Boeing PCA G3,OU=certservers,O=Boeing,C=US
18:24:12.056 [main] INFO org.keysupport.api.pkix.cache.DownloadAndVerifyAllPlaybookCRLs - CMS Cert: CN=Bureau of the Census Agency CA,OU=Department of Commerce,O=U.S. Government,C=US
18:24:12.057 [main] INFO org.keysupport.api.pkix.cache.DownloadAndVerifyAllPlaybookCRLs - CMS Cert: CN=Carillon Federal Services PIV-I CA1,OU=Certification Authorities,O=Carillon Federal Services Inc.,C=US
18:24:12.057 [main] INFO org.keysupport.api.pkix.cache.DownloadAndVerifyAllPlaybookCRLs - CMS Cert: CN=Carillon Federal Services PIV-I CA2,OU=Certification Authorities,O=Carillon Federal Services Inc.,C=US
18:24:12.057 [main] INFO org.keysupport.api.pkix.cache.DownloadAndVerifyAllPlaybookCRLs - CMS Cert: CN=Carillon PKI Services G2 Root CA 2,OU=Certification Authorities,O=Carillon Information Security Inc.,C=CA
18:24:12.057 [main] INFO org.keysupport.api.pkix.cache.DownloadAndVerifyAllPlaybookCRLs - CMS Cert: CN=CertiPath Bridge CA - G3,OU=Certification Authorities,O=CertiPath,C=US
18:24:12.057 [main] INFO org.keysupport.api.pkix.cache.DownloadAndVerifyAllPlaybookCRLs - CMS Cert: CN=CertiPath Bridge CA - G3,OU=Certification Authorities,O=CertiPath,C=US
18:24:12.057 [main] INFO org.keysupport.api.pkix.cache.DownloadAndVerifyAllPlaybookCRLs - CMS Cert: CN=CertiPath Bridge CA - G3,OU=Certification Authorities,O=CertiPath,C=US
18:24:12.058 [main] INFO org.keysupport.api.pkix.cache.DownloadAndVerifyAllPlaybookCRLs - CMS Cert: CN=CertiPath Bridge CA - G3,OU=Certification Authorities,O=CertiPath,C=US
18:24:12.058 [main] INFO org.keysupport.api.pkix.cache.DownloadAndVerifyAllPlaybookCRLs - CMS Cert: CN=DigiCert Class 3 SSP Intermediate CA - G4,O=DigiCert\, Inc.,C=US
18:24:12.058 [main] INFO org.keysupport.api.pkix.cache.DownloadAndVerifyAllPlaybookCRLs - CMS Cert: CN=DigiCert Federal SSP Intermediate CA - G5,O=DigiCert\, Inc.,C=US
18:24:12.058 [main] INFO org.keysupport.api.pkix.cache.DownloadAndVerifyAllPlaybookCRLs - CMS Cert: CN=DigiCert Federal SSP Intermediate CA - G6,O=DigiCert\, Inc.,C=US
18:24:12.058 [main] INFO org.keysupport.api.pkix.cache.DownloadAndVerifyAllPlaybookCRLs - CMS Cert: CN=DigiCert Federated ID CA - G2,O=DigiCert\, Inc.,C=US
18:24:12.058 [main] INFO org.keysupport.api.pkix.cache.DownloadAndVerifyAllPlaybookCRLs - CMS Cert: CN=DigiCert Federated ID L3 CA,OU=www.digicert.com,O=DigiCert Inc,C=US
18:24:12.058 [main] INFO org.keysupport.api.pkix.cache.DownloadAndVerifyAllPlaybookCRLs - CMS Cert: CN=DocuSign Root CA,OU=TSCP,O=DocuSign Inc.,C=US
18:24:12.058 [main] INFO org.keysupport.api.pkix.cache.DownloadAndVerifyAllPlaybookCRLs - CMS Cert: CN=DOD DERILITY CA-1,OU=PKI,OU=DoD,O=U.S. Government,C=US
18:24:12.059 [main] INFO org.keysupport.api.pkix.cache.DownloadAndVerifyAllPlaybookCRLs - CMS Cert: CN=DOD EMAIL CA-49,OU=PKI,OU=DoD,O=U.S. Government,C=US
18:24:12.059 [main] INFO org.keysupport.api.pkix.cache.DownloadAndVerifyAllPlaybookCRLs - CMS Cert: CN=DOD EMAIL CA-50,OU=PKI,OU=DoD,O=U.S. Government,C=US
18:24:12.059 [main] INFO org.keysupport.api.pkix.cache.DownloadAndVerifyAllPlaybookCRLs - CMS Cert: CN=DOD EMAIL CA-51,OU=PKI,OU=DoD,O=U.S. Government,C=US
18:24:12.059 [main] INFO org.keysupport.api.pkix.cache.DownloadAndVerifyAllPlaybookCRLs - CMS Cert: CN=DOD EMAIL CA-52,OU=PKI,OU=DoD,O=U.S. Government,C=US
18:24:12.059 [main] INFO org.keysupport.api.pkix.cache.DownloadAndVerifyAllPlaybookCRLs - CMS Cert: CN=DOD EMAIL CA-59,OU=PKI,OU=DoD,O=U.S. Government,C=US
18:24:12.059 [main] INFO org.keysupport.api.pkix.cache.DownloadAndVerifyAllPlaybookCRLs - CMS Cert: CN=DOD EMAIL CA-62,OU=PKI,OU=DoD,O=U.S. Government,C=US
18:24:12.059 [main] INFO org.keysupport.api.pkix.cache.DownloadAndVerifyAllPlaybookCRLs - CMS Cert: CN=DOD EMAIL CA-63,OU=PKI,OU=DoD,O=U.S. Government,C=US
18:24:12.060 [main] INFO org.keysupport.api.pkix.cache.DownloadAndVerifyAllPlaybookCRLs - CMS Cert: CN=DOD EMAIL CA-64,OU=PKI,OU=DoD,O=U.S. Government,C=US
18:24:12.060 [main] INFO org.keysupport.api.pkix.cache.DownloadAndVerifyAllPlaybookCRLs - CMS Cert: CN=DOD EMAIL CA-65,OU=PKI,OU=DoD,O=U.S. Government,C=US
18:24:12.060 [main] INFO org.keysupport.api.pkix.cache.DownloadAndVerifyAllPlaybookCRLs - CMS Cert: CN=DOD ID CA-49,OU=PKI,OU=DoD,O=U.S. Government,C=US
18:24:12.060 [main] INFO org.keysupport.api.pkix.cache.DownloadAndVerifyAllPlaybookCRLs - CMS Cert: CN=DOD ID CA-50,OU=PKI,OU=DoD,O=U.S. Government,C=US
18:24:12.060 [main] INFO org.keysupport.api.pkix.cache.DownloadAndVerifyAllPlaybookCRLs - CMS Cert: CN=DOD ID CA-51,OU=PKI,OU=DoD,O=U.S. Government,C=US
18:24:12.060 [main] INFO org.keysupport.api.pkix.cache.DownloadAndVerifyAllPlaybookCRLs - CMS Cert: CN=DOD ID CA-52,OU=PKI,OU=DoD,O=U.S. Government,C=US
18:24:12.060 [main] INFO org.keysupport.api.pkix.cache.DownloadAndVerifyAllPlaybookCRLs - CMS Cert: CN=DOD ID CA-59,OU=PKI,OU=DoD,O=U.S. Government,C=US
18:24:12.060 [main] INFO org.keysupport.api.pkix.cache.DownloadAndVerifyAllPlaybookCRLs - CMS Cert: CN=DOD ID CA-62,OU=PKI,OU=DoD,O=U.S. Government,C=US
18:24:12.061 [main] INFO org.keysupport.api.pkix.cache.DownloadAndVerifyAllPlaybookCRLs - CMS Cert: CN=DOD ID CA-63,OU=PKI,OU=DoD,O=U.S. Government,C=US
18:24:12.061 [main] INFO org.keysupport.api.pkix.cache.DownloadAndVerifyAllPlaybookCRLs - CMS Cert: CN=DOD ID CA-64,OU=PKI,OU=DoD,O=U.S. Government,C=US
18:24:12.061 [main] INFO org.keysupport.api.pkix.cache.DownloadAndVerifyAllPlaybookCRLs - CMS Cert: CN=DOD ID CA-65,OU=PKI,OU=DoD,O=U.S. Government,C=US
18:24:12.061 [main] INFO org.keysupport.api.pkix.cache.DownloadAndVerifyAllPlaybookCRLs - CMS Cert: CN=DoD Interoperability Root CA 2,OU=PKI,OU=DoD,O=U.S. Government,C=US
18:24:12.061 [main] INFO org.keysupport.api.pkix.cache.DownloadAndVerifyAllPlaybookCRLs - CMS Cert: CN=DoD Root CA 3,OU=PKI,OU=DoD,O=U.S. Government,C=US
18:24:12.061 [main] INFO org.keysupport.api.pkix.cache.DownloadAndVerifyAllPlaybookCRLs - CMS Cert: CN=DOD SW CA-53,OU=PKI,OU=DoD,O=U.S. Government,C=US
18:24:12.061 [main] INFO org.keysupport.api.pkix.cache.DownloadAndVerifyAllPlaybookCRLs - CMS Cert: CN=DOD SW CA-54,OU=PKI,OU=DoD,O=U.S. Government,C=US
18:24:12.061 [main] INFO org.keysupport.api.pkix.cache.DownloadAndVerifyAllPlaybookCRLs - CMS Cert: CN=DOD SW CA-60,OU=PKI,OU=DoD,O=U.S. Government,C=US
18:24:12.061 [main] INFO org.keysupport.api.pkix.cache.DownloadAndVerifyAllPlaybookCRLs - CMS Cert: CN=DOD SW CA-66,OU=PKI,OU=DoD,O=U.S. Government,C=US
18:24:12.062 [main] INFO org.keysupport.api.pkix.cache.DownloadAndVerifyAllPlaybookCRLs - CMS Cert: CN=DOD SW CA-67,OU=PKI,OU=DoD,O=U.S. Government,C=US
18:24:12.062 [main] INFO org.keysupport.api.pkix.cache.DownloadAndVerifyAllPlaybookCRLs - CMS Cert: CN=DOE SSP CA,OU=Certification Authorities,OU=Department of Energy,O=U.S. Government,C=US
18:24:12.062 [main] INFO org.keysupport.api.pkix.cache.DownloadAndVerifyAllPlaybookCRLs - CMS Cert: CN=ECA Root CA 4,OU=ECA,O=U.S. Government,C=US
18:24:12.062 [main] INFO org.keysupport.api.pkix.cache.DownloadAndVerifyAllPlaybookCRLs - CMS Cert: CN=Eid Passport LRA 2 CA,OU=Eid Passport PIV-I LRA Network,O=Eid Passport\, Inc.,C=US
18:24:12.062 [main] INFO org.keysupport.api.pkix.cache.DownloadAndVerifyAllPlaybookCRLs - CMS Cert: CN=Eid Passport LRA CA 3,OU=RAPIDGate PIV Interoperable LRA,O=Eid Passport\, Inc.,C=US
18:24:12.062 [main] INFO org.keysupport.api.pkix.cache.DownloadAndVerifyAllPlaybookCRLs - CMS Cert: CN=Entrust Derived Credential SSP CA,OU=Certification Authorities,O=Entrust,C=US
18:24:12.062 [main] INFO org.keysupport.api.pkix.cache.DownloadAndVerifyAllPlaybookCRLs - CMS Cert: CN=Entrust Derived Credential SSP CA,OU=Certification Authorities,O=Entrust,C=US
18:24:12.063 [main] INFO org.keysupport.api.pkix.cache.DownloadAndVerifyAllPlaybookCRLs - CMS Cert: CN=Exostar Digital Certificate Service Signing CA 1,O=Exostar UK Limited,C=GB
18:24:12.063 [main] INFO org.keysupport.api.pkix.cache.DownloadAndVerifyAllPlaybookCRLs - CMS Cert: CN=Exostar Federated Identity Service Root CA 2,OU=Certification Authorities,O=Exostar LLC,C=US
18:24:12.063 [main] INFO org.keysupport.api.pkix.cache.DownloadAndVerifyAllPlaybookCRLs - CMS Cert: CN=Exostar Federated Identity Service Signing CA 3,DC=evincible,DC=com
18:24:12.063 [main] INFO org.keysupport.api.pkix.cache.DownloadAndVerifyAllPlaybookCRLs - CMS Cert: CN=Exostar Federated Identity Service Signing CA 4,DC=evincible,DC=com
18:24:12.063 [main] INFO org.keysupport.api.pkix.cache.DownloadAndVerifyAllPlaybookCRLs - CMS Cert: CN=Federal Bridge CA G4,OU=FPKI,O=U.S. Government,C=US
18:24:12.063 [main] INFO org.keysupport.api.pkix.cache.DownloadAndVerifyAllPlaybookCRLs - CMS Cert: CN=Federal Bridge CA G4,OU=FPKI,O=U.S. Government,C=US
18:24:12.063 [main] INFO org.keysupport.api.pkix.cache.DownloadAndVerifyAllPlaybookCRLs - CMS Cert: CN=Federal Bridge CA G4,OU=FPKI,O=U.S. Government,C=US
18:24:12.063 [main] INFO org.keysupport.api.pkix.cache.DownloadAndVerifyAllPlaybookCRLs - CMS Cert: CN=Federal Bridge CA G4,OU=FPKI,O=U.S. Government,C=US
18:24:12.064 [main] INFO org.keysupport.api.pkix.cache.DownloadAndVerifyAllPlaybookCRLs - CMS Cert: CN=Federal Bridge CA G4,OU=FPKI,O=U.S. Government,C=US
18:24:12.064 [main] INFO org.keysupport.api.pkix.cache.DownloadAndVerifyAllPlaybookCRLs - CMS Cert: CN=Federal Bridge CA G4,OU=FPKI,O=U.S. Government,C=US
18:24:12.064 [main] INFO org.keysupport.api.pkix.cache.DownloadAndVerifyAllPlaybookCRLs - CMS Cert: CN=Federal Common Policy CA G2,OU=FPKI,O=U.S. Government,C=US
18:24:12.064 [main] INFO org.keysupport.api.pkix.cache.DownloadAndVerifyAllPlaybookCRLs - CMS Cert: CN=Federal Common Policy CA G2,OU=FPKI,O=U.S. Government,C=US
18:24:12.064 [main] INFO org.keysupport.api.pkix.cache.DownloadAndVerifyAllPlaybookCRLs - CMS Cert: CN=FTI Certification Authority,OU=FTI PKI Trust Infrastructure,O=Foundation for Trusted Identity,C=US
18:24:12.064 [main] INFO org.keysupport.api.pkix.cache.DownloadAndVerifyAllPlaybookCRLs - CMS Cert: CN=HHS-FPKI-Intermediate-CA-E1,OU=Certification Authorities,OU=HHS,O=U.S. Government,C=US
18:24:12.064 [main] INFO org.keysupport.api.pkix.cache.DownloadAndVerifyAllPlaybookCRLs - CMS Cert: CN=HHS-FPKI-Intermediate-CA-E1,OU=Certification Authorities,OU=HHS,O=U.S. Government,C=US
18:24:12.065 [main] INFO org.keysupport.api.pkix.cache.DownloadAndVerifyAllPlaybookCRLs - CMS Cert: CN=IdenTrust ECA Component S23,OU=Certification Authorities,OU=ECA,O=U.S. Government,C=US
18:24:12.065 [main] INFO org.keysupport.api.pkix.cache.DownloadAndVerifyAllPlaybookCRLs - CMS Cert: CN=IdenTrust ECA S22,OU=Certification Authorities,OU=ECA,O=U.S. Government,C=US
18:24:12.065 [main] INFO org.keysupport.api.pkix.cache.DownloadAndVerifyAllPlaybookCRLs - CMS Cert: CN=IdenTrust ECA S22C,OU=Certification Authorities,OU=ECA,O=U.S. Government,C=US
18:24:12.065 [main] INFO org.keysupport.api.pkix.cache.DownloadAndVerifyAllPlaybookCRLs - CMS Cert: CN=IdenTrust ECA S23,OU=Certification Authorities,OU=ECA,O=U.S. Government,C=US
18:24:12.065 [main] INFO org.keysupport.api.pkix.cache.DownloadAndVerifyAllPlaybookCRLs - CMS Cert: CN=IdenTrust Global Common Root CA 1,O=IdenTrust,C=US
18:24:12.065 [main] INFO org.keysupport.api.pkix.cache.DownloadAndVerifyAllPlaybookCRLs - CMS Cert: CN=IGC CA 1,OU=IdenTrust Global Common,O=IdenTrust,C=US
18:24:12.065 [main] INFO org.keysupport.api.pkix.cache.DownloadAndVerifyAllPlaybookCRLs - CMS Cert: CN=IGC Device CA 1,OU=IdenTrust Global Common,O=IdenTrust,C=US
18:24:12.065 [main] INFO org.keysupport.api.pkix.cache.DownloadAndVerifyAllPlaybookCRLs - CMS Cert: CN=IGC Device CA 2,OU=IdenTrust Global Common,O=IdenTrust,C=US
18:24:12.066 [main] INFO org.keysupport.api.pkix.cache.DownloadAndVerifyAllPlaybookCRLs - CMS Cert: CN=IGC Server CA 1,OU=IdenTrust Global Common,O=IdenTrust,C=US
18:24:12.066 [main] INFO org.keysupport.api.pkix.cache.DownloadAndVerifyAllPlaybookCRLs - CMS Cert: CN=Leidos FBCA Cloud PKI CA-1,O=Leidos
18:24:12.066 [main] INFO org.keysupport.api.pkix.cache.DownloadAndVerifyAllPlaybookCRLs - CMS Cert: CN=Lockheed Martin Certification Authority 4 G2,OU=Certification Authorities,O=Lockheed Martin Corporation,C=US
18:24:12.066 [main] INFO org.keysupport.api.pkix.cache.DownloadAndVerifyAllPlaybookCRLs - CMS Cert: CN=Lockheed Martin Root Certification Authority 2,OU=Certification Authorities,O=Lockheed Martin Corporation,L=Denver,ST=Colorado,C=US
18:24:12.066 [main] INFO org.keysupport.api.pkix.cache.DownloadAndVerifyAllPlaybookCRLs - CMS Cert: CN=Ministerie van Defensie PKIoverheid Organisatie Persoon CA - G3,2.5.4.97=#0c0e4e54524e4c2d3237333730393835,O=Ministerie van Defensie,C=NL
18:24:12.066 [main] INFO org.keysupport.api.pkix.cache.DownloadAndVerifyAllPlaybookCRLs - CMS Cert: CN=Naval Reactors SSP Agency CA G3,OU=U.S. Department of Energy,O=U.S. Government,C=US
18:24:12.066 [main] INFO org.keysupport.api.pkix.cache.DownloadAndVerifyAllPlaybookCRLs - CMS Cert: CN=Naval Reactors SSP Device CA G3,OU=U.S. Department of Energy,O=U.S. Government,C=US
18:24:12.066 [main] INFO org.keysupport.api.pkix.cache.DownloadAndVerifyAllPlaybookCRLs - CMS Cert: CN=Northrop Grumman Corporate Root CA-G2,OU=Northrop Grumman Information Technology,O=Northrop Grumman Corporation,C=US
18:24:12.066 [main] INFO org.keysupport.api.pkix.cache.DownloadAndVerifyAllPlaybookCRLs - CMS Cert: CN=Northrop Grumman Corporate Signing CA-G2,OU=Northrop Grumman Information Technology,O=Northrop Grumman Corporation,C=US
18:24:12.067 [main] INFO org.keysupport.api.pkix.cache.DownloadAndVerifyAllPlaybookCRLs - CMS Cert: CN=NRC PROD G6 Fed SSP CA,OU=U.S. Nuclear Regulatory Commission,O=U.S. Government,C=US
18:24:12.067 [main] INFO org.keysupport.api.pkix.cache.DownloadAndVerifyAllPlaybookCRLs - CMS Cert: CN=NRC SSP Agency CA G3,OU=U.S. Nuclear Regulatory Commission,O=U.S. Government,C=US
18:24:12.067 [main] INFO org.keysupport.api.pkix.cache.DownloadAndVerifyAllPlaybookCRLs - CMS Cert: CN=NRC SSP Agency CA G4,OU=U.S. Nuclear Regulatory Commission,O=U.S. Government,C=US
18:24:12.067 [main] INFO org.keysupport.api.pkix.cache.DownloadAndVerifyAllPlaybookCRLs - CMS Cert: CN=NRC SSP Device CA G3,OU=U.S. Nuclear Regulatory Commission,O=U.S. Government,C=US
18:24:12.067 [main] INFO org.keysupport.api.pkix.cache.DownloadAndVerifyAllPlaybookCRLs - CMS Cert: CN=NRC SSP Device CA G4,OU=U.S. Nuclear Regulatory Commission,O=U.S. Government,C=US
18:24:12.067 [main] INFO org.keysupport.api.pkix.cache.DownloadAndVerifyAllPlaybookCRLs - CMS Cert: CN=ORC NFI CA 3,O=ORC PKI,C=US
18:24:12.067 [main] INFO org.keysupport.api.pkix.cache.DownloadAndVerifyAllPlaybookCRLs - CMS Cert: CN=ORC SSP 4,O=ORC PKI,C=US
18:24:12.067 [main] INFO org.keysupport.api.pkix.cache.DownloadAndVerifyAllPlaybookCRLs - CMS Cert: CN=Raytheon Class 3 MASCA,OU=Class3-g2,O=cas,DC=raytheon,DC=com
18:24:12.067 [main] INFO org.keysupport.api.pkix.cache.DownloadAndVerifyAllPlaybookCRLs - CMS Cert: CN=Raytheon Technologies Medium Assurance CA,OU=Class3-G3,O=CAs,DC=rtx,DC=com
18:24:12.067 [main] INFO org.keysupport.api.pkix.cache.DownloadAndVerifyAllPlaybookCRLs - CMS Cert: CN=SAFE Identity Bridge CA,OU=Certification Authorities,O=SAFE Identity,C=US
18:24:12.067 [main] INFO org.keysupport.api.pkix.cache.DownloadAndVerifyAllPlaybookCRLs - CMS Cert: CN=SAIC FBCA Cloud PKI CA 1,OU=IdenTrust Global Common,O=SAIC LLC,C=US
18:24:12.068 [main] INFO org.keysupport.api.pkix.cache.DownloadAndVerifyAllPlaybookCRLs - CMS Cert: CN=Senate PIV-I CA G4,OU=Office of the Sergeant at Arms,OU=U.S. Senate,O=U.S. Government,C=US
18:24:12.068 [main] INFO org.keysupport.api.pkix.cache.DownloadAndVerifyAllPlaybookCRLs - CMS Cert: CN=Senate PIV-I CA G5 PROD,OU=Office of the Sergeant at Arms,OU=U.S. Senate,O=U.S. Government,C=US
18:24:12.068 [main] INFO org.keysupport.api.pkix.cache.DownloadAndVerifyAllPlaybookCRLs - CMS Cert: CN=Senate PIV-I Device CA G4,OU=Office of the Sergeant at Arms,OU=U.S. Senate,O=U.S. Government,C=US
18:24:12.068 [main] INFO org.keysupport.api.pkix.cache.DownloadAndVerifyAllPlaybookCRLs - CMS Cert: CN=Senate PIV-I Device CA G5 PROD,OU=Office of the Sergeant at Arms,OU=U.S. Senate,O=U.S. Government,C=US
18:24:12.068 [main] INFO org.keysupport.api.pkix.cache.DownloadAndVerifyAllPlaybookCRLs - CMS Cert: CN=STRAC Bridge Root Certification Authority,OU=STRAC PKI Trust Infrastructure,O=STRAC,C=US
18:24:12.068 [main] INFO org.keysupport.api.pkix.cache.DownloadAndVerifyAllPlaybookCRLs - CMS Cert: CN=STRAC Bridge Root Certification Authority,OU=STRAC PKI Trust Infrastructure,O=STRAC,C=US
18:24:12.068 [main] INFO org.keysupport.api.pkix.cache.DownloadAndVerifyAllPlaybookCRLs - CMS Cert: CN=SureID Inc. CA1,OU=SureID PIV-I,O=SureID\, Inc.,C=US
18:24:12.068 [main] INFO org.keysupport.api.pkix.cache.DownloadAndVerifyAllPlaybookCRLs - CMS Cert: CN=SureID Inc. Device CA2,O=SureID\, Inc.,C=US
18:24:12.068 [main] INFO org.keysupport.api.pkix.cache.DownloadAndVerifyAllPlaybookCRLs - CMS Cert: CN=Symantec Class 3 SSP Intermediate CA - G3,OU=Symantec Trust Network,O=Symantec Corporation,C=US
18:24:12.069 [main] INFO org.keysupport.api.pkix.cache.DownloadAndVerifyAllPlaybookCRLs - CMS Cert: CN=Symantec SSP Intermediate CA - G4,O=Symantec Corporation,C=US
18:24:12.069 [main] INFO org.keysupport.api.pkix.cache.DownloadAndVerifyAllPlaybookCRLs - CMS Cert: CN=TSCP SHA256 Bridge CA,OU=CAs,O=TSCP Inc.,C=US
18:24:12.069 [main] INFO org.keysupport.api.pkix.cache.DownloadAndVerifyAllPlaybookCRLs - CMS Cert: CN=U.S. Department of Education Agency CA - G4,OU=U.S. Department of Education,O=U.S. Government,C=US
18:24:12.069 [main] INFO org.keysupport.api.pkix.cache.DownloadAndVerifyAllPlaybookCRLs - CMS Cert: CN=U.S. Department of Education Agency CA - G5,OU=U.S. Department of Education,O=U.S. Government,C=US
18:24:12.069 [main] INFO org.keysupport.api.pkix.cache.DownloadAndVerifyAllPlaybookCRLs - CMS Cert: CN=U.S. Department of Education Device CA - G4,OU=U.S. Department of Education,O=U.S. Government,C=US
18:24:12.069 [main] INFO org.keysupport.api.pkix.cache.DownloadAndVerifyAllPlaybookCRLs - CMS Cert: CN=U.S. Department of Education Device CA - G5,OU=U.S. Department of Education,O=U.S. Government,C=US
18:24:12.069 [main] INFO org.keysupport.api.pkix.cache.DownloadAndVerifyAllPlaybookCRLs - CMS Cert: CN=U.S. Department of State AD High Assurance CA,CN=AIA,CN=Public Key Services,CN=Services,CN=Configuration,DC=state,DC=sbu
18:24:12.069 [main] INFO org.keysupport.api.pkix.cache.DownloadAndVerifyAllPlaybookCRLs - CMS Cert: CN=U.S. Department of State AD Root CA,CN=AIA,CN=Public Key Services,CN=Services,CN=Configuration,DC=state,DC=sbu
18:24:12.069 [main] INFO org.keysupport.api.pkix.cache.DownloadAndVerifyAllPlaybookCRLs - CMS Cert: CN=U.S. Department of State AD Root CA,CN=AIA,CN=Public Key Services,CN=Services,CN=Configuration,DC=state,DC=sbu
18:24:12.069 [main] INFO org.keysupport.api.pkix.cache.DownloadAndVerifyAllPlaybookCRLs - CMS Cert: CN=U.S. Department of Transportation Agency CA G4,OU=U.S. Department of Transportation,O=U.S. Government,C=US
18:24:12.069 [main] INFO org.keysupport.api.pkix.cache.DownloadAndVerifyAllPlaybookCRLs - CMS Cert: CN=U.S. Department of Transportation Agency CA G5,OU=U.S. Department of Transportation,O=U.S. Government,C=US
18:24:12.070 [main] INFO org.keysupport.api.pkix.cache.DownloadAndVerifyAllPlaybookCRLs - CMS Cert: CN=U.S. Department of Transportation Device CA G4,OU=U.S. Department of Transportation,O=U.S. Government,C=US
18:24:12.070 [main] INFO org.keysupport.api.pkix.cache.DownloadAndVerifyAllPlaybookCRLs - CMS Cert: CN=U.S. Department of Transportation Device CA G5,OU=U.S. Department of Transportation,O=U.S. Government,C=US
18:24:12.070 [main] INFO org.keysupport.api.pkix.cache.DownloadAndVerifyAllPlaybookCRLs - CMS Cert: CN=USPTO_INTR_CA1,CN=AIA,CN=Public Key Services,CN=Services,CN=Configuration,DC=uspto,DC=gov
18:24:12.070 [main] INFO org.keysupport.api.pkix.cache.DownloadAndVerifyAllPlaybookCRLs - CMS Cert: CN=USPTO_INTR_CA1,CN=AIA,CN=Public Key Services,CN=Services,CN=Configuration,DC=uspto,DC=gov
18:24:12.070 [main] INFO org.keysupport.api.pkix.cache.DownloadAndVerifyAllPlaybookCRLs - CMS Cert: CN=USPTO_INTR_CA1,CN=AIA,CN=Public Key Services,CN=Services,CN=Configuration,DC=uspto,DC=gov
18:24:12.070 [main] INFO org.keysupport.api.pkix.cache.DownloadAndVerifyAllPlaybookCRLs - CMS Cert: CN=Verizon SSP CA A2,OU=SSP,O=Verizon,C=US
18:24:12.070 [main] INFO org.keysupport.api.pkix.cache.DownloadAndVerifyAllPlaybookCRLs - CMS Cert: CN=Veterans Affairs CA B3,OU=PKI,OU=Services,DC=va,DC=gov
18:24:12.070 [main] INFO org.keysupport.api.pkix.cache.DownloadAndVerifyAllPlaybookCRLs - CMS Cert: CN=Veterans Affairs User CA B1,OU=PKI,OU=Services,DC=va,DC=gov
18:24:12.070 [main] INFO org.keysupport.api.pkix.cache.DownloadAndVerifyAllPlaybookCRLs - CMS Cert: CN=WidePoint ECA 8,OU=Certification Authorities,OU=ECA,O=U.S. Government,C=US
18:24:12.070 [main] INFO org.keysupport.api.pkix.cache.DownloadAndVerifyAllPlaybookCRLs - CMS Cert: CN=WidePoint NFI CA 5,O=ORC PKI,C=US
18:24:12.071 [main] INFO org.keysupport.api.pkix.cache.DownloadAndVerifyAllPlaybookCRLs - CMS Cert: CN=WidePoint NFI CA 6,O=ORC PKI,C=US
18:24:12.071 [main] INFO org.keysupport.api.pkix.cache.DownloadAndVerifyAllPlaybookCRLs - CMS Cert: CN=WidePoint NFI Root 2,OU=Certification Authorities,O=WidePoint,C=US
18:24:12.071 [main] INFO org.keysupport.api.pkix.cache.DownloadAndVerifyAllPlaybookCRLs - CMS Cert: CN=WidePoint ORC ECA 7,OU=Certification Authorities,OU=ECA,O=U.S. Government,C=US
18:24:12.071 [main] INFO org.keysupport.api.pkix.cache.DownloadAndVerifyAllPlaybookCRLs - CMS Cert: CN=WidePoint ORC NFI 4,OU=Certification Authorities,O=WidePoint,C=US
18:24:12.071 [main] INFO org.keysupport.api.pkix.cache.DownloadAndVerifyAllPlaybookCRLs - CMS Cert: CN=WidePoint ORC SSP 5,O=ORC PKI,C=US
18:24:12.071 [main] INFO org.keysupport.api.pkix.cache.DownloadAndVerifyAllPlaybookCRLs - CMS Cert: OU=Department of Veterans Affairs CA,OU=Certification Authorities,OU=Department of Veterans Affairs,O=U.S. Government,C=US
18:24:12.071 [main] INFO org.keysupport.api.pkix.cache.DownloadAndVerifyAllPlaybookCRLs - CMS Cert: OU=Department of Veterans Affairs CA,OU=Certification Authorities,OU=Department of Veterans Affairs,O=U.S. Government,C=US
18:24:12.071 [main] INFO org.keysupport.api.pkix.cache.DownloadAndVerifyAllPlaybookCRLs - CMS Cert: OU=DHS CA4,OU=Certification Authorities,OU=Department of Homeland Security,O=U.S. Government,C=US
18:24:12.071 [main] INFO org.keysupport.api.pkix.cache.DownloadAndVerifyAllPlaybookCRLs - CMS Cert: OU=DHS CA4,OU=Certification Authorities,OU=Department of Homeland Security,O=U.S. Government,C=US
18:24:12.071 [main] INFO org.keysupport.api.pkix.cache.DownloadAndVerifyAllPlaybookCRLs - CMS Cert: OU=Entrust Managed Services NFI Root CA,OU=Certification Authorities,O=Entrust,C=US
18:24:12.072 [main] INFO org.keysupport.api.pkix.cache.DownloadAndVerifyAllPlaybookCRLs - CMS Cert: OU=Entrust Managed Services NFI Root CA,OU=Certification Authorities,O=Entrust,C=US
18:24:12.072 [main] INFO org.keysupport.api.pkix.cache.DownloadAndVerifyAllPlaybookCRLs - CMS Cert: OU=Entrust Managed Services Root CA,OU=Certification Authorities,O=Entrust,C=US
18:24:12.072 [main] INFO org.keysupport.api.pkix.cache.DownloadAndVerifyAllPlaybookCRLs - CMS Cert: OU=Entrust Managed Services Root CA,OU=Certification Authorities,O=Entrust,C=US
18:24:12.072 [main] INFO org.keysupport.api.pkix.cache.DownloadAndVerifyAllPlaybookCRLs - CMS Cert: OU=Entrust Managed Services SSP CA,OU=Certification Authorities,O=Entrust,C=US
18:24:12.072 [main] INFO org.keysupport.api.pkix.cache.DownloadAndVerifyAllPlaybookCRLs - CMS Cert: OU=Entrust Managed Services SSP CA,OU=Certification Authorities,O=Entrust,C=US
18:24:12.072 [main] INFO org.keysupport.api.pkix.cache.DownloadAndVerifyAllPlaybookCRLs - CMS Cert: OU=Entrust NFI Medium Assurance SSP CA,OU=Certification Authorities,O=Entrust,C=US
18:24:12.072 [main] INFO org.keysupport.api.pkix.cache.DownloadAndVerifyAllPlaybookCRLs - CMS Cert: OU=Entrust NFI Medium Assurance SSP CA,OU=Certification Authorities,O=Entrust,C=US
18:24:12.072 [main] INFO org.keysupport.api.pkix.cache.DownloadAndVerifyAllPlaybookCRLs - CMS Cert: OU=Fiscal Service,OU=Department of the Treasury,O=U.S. Government,C=US
18:24:12.072 [main] INFO org.keysupport.api.pkix.cache.DownloadAndVerifyAllPlaybookCRLs - CMS Cert: OU=GPO PCA,OU=Certification Authorities,OU=Government Printing Office,O=U.S. Government,C=US
18:24:12.072 [main] INFO org.keysupport.api.pkix.cache.DownloadAndVerifyAllPlaybookCRLs - CMS Cert: OU=GPO SCA,OU=Certification Authorities,OU=Government Printing Office,O=U.S. Government,C=US
18:24:12.072 [main] INFO org.keysupport.api.pkix.cache.DownloadAndVerifyAllPlaybookCRLs - CMS Cert: OU=NASA Operational CA,OU=Certification Authorities,OU=NASA,O=U.S. Government,C=US
18:24:12.072 [main] INFO org.keysupport.api.pkix.cache.DownloadAndVerifyAllPlaybookCRLs - CMS Cert: OU=NASA Operational CA,OU=Certification Authorities,OU=NASA,O=U.S. Government,C=US
18:24:12.073 [main] INFO org.keysupport.api.pkix.cache.DownloadAndVerifyAllPlaybookCRLs - CMS Cert: OU=OCIO CA,OU=Certification Authorities,OU=Department of the Treasury,O=U.S. Government,C=US
18:24:12.073 [main] INFO org.keysupport.api.pkix.cache.DownloadAndVerifyAllPlaybookCRLs - CMS Cert: OU=OCIO CA,OU=Certification Authorities,OU=Department of the Treasury,O=U.S. Government,C=US
18:24:12.073 [main] INFO org.keysupport.api.pkix.cache.DownloadAndVerifyAllPlaybookCRLs - CMS Cert: OU=Social Security Administration Certification Authority,OU=SSA,O=U.S. Government,C=US
18:24:12.073 [main] INFO org.keysupport.api.pkix.cache.DownloadAndVerifyAllPlaybookCRLs - CMS Cert: OU=Social Security Administration Certification Authority,OU=SSA,O=U.S. Government,C=US
18:24:12.073 [main] INFO org.keysupport.api.pkix.cache.DownloadAndVerifyAllPlaybookCRLs - CMS Cert: OU=U.S. Department of State PIV CA2,OU=Certification Authorities,OU=PIV,OU=Department of State,O=U.S. Government,C=US
18:24:12.073 [main] INFO org.keysupport.api.pkix.cache.DownloadAndVerifyAllPlaybookCRLs - CMS Cert: OU=U.S. Department of State PIV CA2,OU=Certification Authorities,OU=PIV,OU=Department of State,O=U.S. Government,C=US
18:24:12.073 [main] INFO org.keysupport.api.pkix.cache.DownloadAndVerifyAllPlaybookCRLs - CMS Cert: OU=US Treasury Root CA,OU=Certification Authorities,OU=Department of the Treasury,O=U.S. Government,C=US
18:24:12.073 [main] INFO org.keysupport.api.pkix.cache.DownloadAndVerifyAllPlaybookCRLs - CMS Cert: OU=US Treasury Root CA,OU=Certification Authorities,OU=Department of the Treasury,O=U.S. Government,C=US
18:24:12.199 [main] INFO org.keysupport.api.pkix.cache.DownloadAndVerifyAllPlaybookCRLs - File is 29546 bytes in size
18:24:12.274 [main] INFO org.keysupport.api.pkix.cache.DownloadAndVerifyAllPlaybookCRLs - Downloading CRL data: http://pub.carillonfedserv.com/CRL/CFSCA1.crl
18:24:12.543 [main] INFO org.keysupport.api.pkix.cache.DownloadAndVerifyAllPlaybookCRLs - File is 65571 bytes in size
18:24:12.543 [main] INFO org.keysupport.api.pkix.cache.DownloadAndVerifyAllPlaybookCRLs - HTTP fetch time: 269ms
18:24:12.563 [main] INFO org.keysupport.api.pkix.cache.DownloadAndVerifyAllPlaybookCRLs - CRL Issuer: CN=Carillon Federal Services PIV-I CA1,OU=Certification Authorities,O=Carillon Federal Services Inc.,C=US
18:24:12.584 [main] INFO org.keysupport.api.pkix.cache.DownloadAndVerifyAllPlaybookCRLs - CRL thisUpdate: Tue Nov 29 18:00:01 EST 2022
18:24:12.584 [main] INFO org.keysupport.api.pkix.cache.DownloadAndVerifyAllPlaybookCRLs - CRL nextUpdate: Tue Nov 29 18:00:01 EST 2022
18:24:12.588 [main] INFO org.keysupport.api.pkix.cache.DownloadAndVerifyAllPlaybookCRLs - CRL Entries: 1630
18:24:12.735 [main] INFO org.keysupport.api.pkix.cache.DownloadAndVerifyAllPlaybookCRLs - Found issuer in our intermediate store: CN=Carillon Federal Services PIV-I CA1,OU=Certification Authorities,O=Carillon Federal Services Inc.,C=US
18:24:12.737 [main] INFO org.keysupport.api.pkix.cache.DownloadAndVerifyAllPlaybookCRLs - CRL Signature verified: http://pub.carillonfedserv.com/CRL/CFSCA1.crl
18:24:12.737 [main] INFO org.keysupport.api.pkix.cache.DownloadAndVerifyAllPlaybookCRLs - Downloading CRL data: http://pub.carillonfedserv.com/CRL/CFSCA2.crl
18:24:12.831 [main] INFO org.keysupport.api.pkix.cache.DownloadAndVerifyAllPlaybookCRLs - File is 1264 bytes in size
18:24:12.831 [main] INFO org.keysupport.api.pkix.cache.DownloadAndVerifyAllPlaybookCRLs - HTTP fetch time: 94ms
18:24:12.832 [main] INFO org.keysupport.api.pkix.cache.DownloadAndVerifyAllPlaybookCRLs - CRL Issuer: CN=Carillon Federal Services PIV-I CA2,OU=Certification Authorities,O=Carillon Federal Services Inc.,C=US
18:24:12.832 [main] INFO org.keysupport.api.pkix.cache.DownloadAndVerifyAllPlaybookCRLs - CRL thisUpdate: Tue Nov 29 18:00:01 EST 2022
18:24:12.832 [main] INFO org.keysupport.api.pkix.cache.DownloadAndVerifyAllPlaybookCRLs - CRL nextUpdate: Tue Nov 29 18:00:01 EST 2022
18:24:12.832 [main] INFO org.keysupport.api.pkix.cache.DownloadAndVerifyAllPlaybookCRLs - CRL Entries: 12
18:24:12.833 [main] INFO org.keysupport.api.pkix.cache.DownloadAndVerifyAllPlaybookCRLs - Found issuer in our intermediate store: CN=Carillon Federal Services PIV-I CA2,OU=Certification Authorities,O=Carillon Federal Services Inc.,C=US
18:24:12.835 [main] INFO org.keysupport.api.pkix.cache.DownloadAndVerifyAllPlaybookCRLs - CRL Signature verified: http://pub.carillonfedserv.com/CRL/CFSCA2.crl
18:24:12.836 [main] INFO org.keysupport.api.pkix.cache.DownloadAndVerifyAllPlaybookCRLs - Downloading CRL data: http://pki.treas.gov/VA_CA2.crl
18:24:13.914 [main] INFO org.keysupport.api.pkix.cache.DownloadAndVerifyAllPlaybookCRLs - File is 5318921 bytes in size
18:24:13.914 [main] INFO org.keysupport.api.pkix.cache.DownloadAndVerifyAllPlaybookCRLs - HTTP fetch time: 1078ms
18:24:14.321 [main] INFO org.keysupport.api.pkix.cache.DownloadAndVerifyAllPlaybookCRLs - CRL Issuer: OU=Department of Veterans Affairs CA,OU=Certification Authorities,OU=Department of Veterans Affairs,O=U.S. Government,C=US
18:24:14.322 [main] INFO org.keysupport.api.pkix.cache.DownloadAndVerifyAllPlaybookCRLs - CRL thisUpdate: Tue Nov 29 13:50:48 EST 2022
18:24:14.322 [main] INFO org.keysupport.api.pkix.cache.DownloadAndVerifyAllPlaybookCRLs - CRL nextUpdate: Tue Nov 29 13:50:48 EST 2022
18:24:14.415 [main] INFO org.keysupport.api.pkix.cache.DownloadAndVerifyAllPlaybookCRLs - CRL Entries: 230607
18:24:14.416 [main] INFO org.keysupport.api.pkix.cache.DownloadAndVerifyAllPlaybookCRLs - Found issuer in our intermediate store: OU=Department of Veterans Affairs CA,OU=Certification Authorities,OU=Department of Veterans Affairs,O=U.S. Government,C=US
18:24:14.423 [main] INFO org.keysupport.api.pkix.cache.DownloadAndVerifyAllPlaybookCRLs - CRL Signature verified: http://pki.treas.gov/VA_CA2.crl
18:24:14.423 [main] INFO org.keysupport.api.pkix.cache.DownloadAndVerifyAllPlaybookCRLs - Downloading CRL data: http://pki.treas.gov/DHS_CA3.crl
18:24:21.498 [main] INFO org.keysupport.api.pkix.cache.DownloadAndVerifyAllPlaybookCRLs - File is 16592019 bytes in size
18:24:21.498 [main] INFO org.keysupport.api.pkix.cache.DownloadAndVerifyAllPlaybookCRLs - HTTP fetch time: 7075ms
18:24:22.329 [main] INFO org.keysupport.api.pkix.cache.DownloadAndVerifyAllPlaybookCRLs - CRL Issuer: OU=DHS CA4,OU=Certification Authorities,OU=Department of Homeland Security,O=U.S. Government,C=US
18:24:22.330 [main] INFO org.keysupport.api.pkix.cache.DownloadAndVerifyAllPlaybookCRLs - CRL thisUpdate: Tue Nov 29 18:12:15 EST 2022
18:24:22.330 [main] INFO org.keysupport.api.pkix.cache.DownloadAndVerifyAllPlaybookCRLs - CRL nextUpdate: Tue Nov 29 18:12:15 EST 2022
18:24:22.525 [main] INFO org.keysupport.api.pkix.cache.DownloadAndVerifyAllPlaybookCRLs - CRL Entries: 439656
18:24:22.526 [main] INFO org.keysupport.api.pkix.cache.DownloadAndVerifyAllPlaybookCRLs - Found issuer in our intermediate store: OU=DHS CA4,OU=Certification Authorities,OU=Department of Homeland Security,O=U.S. Government,C=US
18:24:22.540 [main] INFO org.keysupport.api.pkix.cache.DownloadAndVerifyAllPlaybookCRLs - CRL Signature verified: http://pki.treas.gov/DHS_CA3.crl
18:24:22.540 [main] INFO org.keysupport.api.pkix.cache.DownloadAndVerifyAllPlaybookCRLs - Downloading CRL data: http://crl.disa.mil/crl/DODIDCA_65.crl
18:24:22.857 [main] INFO org.keysupport.api.pkix.cache.DownloadAndVerifyAllPlaybookCRLs - File is 2462548 bytes in size
18:24:22.857 [main] INFO org.keysupport.api.pkix.cache.DownloadAndVerifyAllPlaybookCRLs - HTTP fetch time: 317ms
18:24:23.025 [main] INFO org.keysupport.api.pkix.cache.DownloadAndVerifyAllPlaybookCRLs - CRL Issuer: CN=DOD ID CA-65,OU=PKI,OU=DoD,O=U.S. Government,C=US
18:24:23.025 [main] INFO org.keysupport.api.pkix.cache.DownloadAndVerifyAllPlaybookCRLs - CRL thisUpdate: Tue Nov 29 03:00:00 EST 2022
18:24:23.025 [main] INFO org.keysupport.api.pkix.cache.DownloadAndVerifyAllPlaybookCRLs - CRL nextUpdate: Tue Nov 29 03:00:00 EST 2022
18:24:23.052 [main] INFO org.keysupport.api.pkix.cache.DownloadAndVerifyAllPlaybookCRLs - CRL Entries: 59845
18:24:23.053 [main] INFO org.keysupport.api.pkix.cache.DownloadAndVerifyAllPlaybookCRLs - Found issuer in our intermediate store: CN=DOD ID CA-65,OU=PKI,OU=DoD,O=U.S. Government,C=US
18:24:23.056 [main] INFO org.keysupport.api.pkix.cache.DownloadAndVerifyAllPlaybookCRLs - CRL Signature verified: http://crl.disa.mil/crl/DODIDCA_65.crl
18:24:23.056 [main] INFO org.keysupport.api.pkix.cache.DownloadAndVerifyAllPlaybookCRLs - Downloading CRL data: http://crl.disa.mil/crl/DODIDCA_64.crl
18:24:23.271 [main] INFO org.keysupport.api.pkix.cache.DownloadAndVerifyAllPlaybookCRLs - File is 2570937 bytes in size
18:24:23.271 [main] INFO org.keysupport.api.pkix.cache.DownloadAndVerifyAllPlaybookCRLs - HTTP fetch time: 215ms
18:24:23.404 [main] INFO org.keysupport.api.pkix.cache.DownloadAndVerifyAllPlaybookCRLs - CRL Issuer: CN=DOD ID CA-64,OU=PKI,OU=DoD,O=U.S. Government,C=US
18:24:23.404 [main] INFO org.keysupport.api.pkix.cache.DownloadAndVerifyAllPlaybookCRLs - CRL thisUpdate: Tue Nov 29 03:00:00 EST 2022
18:24:23.404 [main] INFO org.keysupport.api.pkix.cache.DownloadAndVerifyAllPlaybookCRLs - CRL nextUpdate: Tue Nov 29 03:00:00 EST 2022
18:24:23.431 [main] INFO org.keysupport.api.pkix.cache.DownloadAndVerifyAllPlaybookCRLs - CRL Entries: 62061
18:24:23.432 [main] INFO org.keysupport.api.pkix.cache.DownloadAndVerifyAllPlaybookCRLs - Found issuer in our intermediate store: CN=DOD ID CA-64,OU=PKI,OU=DoD,O=U.S. Government,C=US
18:24:23.435 [main] INFO org.keysupport.api.pkix.cache.DownloadAndVerifyAllPlaybookCRLs - CRL Signature verified: http://crl.disa.mil/crl/DODIDCA_64.crl
18:24:23.435 [main] INFO org.keysupport.api.pkix.cache.DownloadAndVerifyAllPlaybookCRLs - Downloading CRL data: http://crl.disa.mil/crl/DODIDCA_63.crl
18:24:23.581 [main] INFO org.keysupport.api.pkix.cache.DownloadAndVerifyAllPlaybookCRLs - File is 2420855 bytes in size
18:24:23.581 [main] INFO org.keysupport.api.pkix.cache.DownloadAndVerifyAllPlaybookCRLs - HTTP fetch time: 146ms
18:24:23.674 [main] INFO org.keysupport.api.pkix.cache.DownloadAndVerifyAllPlaybookCRLs - CRL Issuer: CN=DOD ID CA-63,OU=PKI,OU=DoD,O=U.S. Government,C=US
18:24:23.674 [main] INFO org.keysupport.api.pkix.cache.DownloadAndVerifyAllPlaybookCRLs - CRL thisUpdate: Tue Nov 29 03:00:00 EST 2022
18:24:23.674 [main] INFO org.keysupport.api.pkix.cache.DownloadAndVerifyAllPlaybookCRLs - CRL nextUpdate: Tue Nov 29 03:00:00 EST 2022
18:24:23.697 [main] INFO org.keysupport.api.pkix.cache.DownloadAndVerifyAllPlaybookCRLs - CRL Entries: 59957
18:24:23.697 [main] INFO org.keysupport.api.pkix.cache.DownloadAndVerifyAllPlaybookCRLs - Found issuer in our intermediate store: CN=DOD ID CA-63,OU=PKI,OU=DoD,O=U.S. Government,C=US
18:24:23.701 [main] INFO org.keysupport.api.pkix.cache.DownloadAndVerifyAllPlaybookCRLs - CRL Signature verified: http://crl.disa.mil/crl/DODIDCA_63.crl
18:24:23.701 [main] INFO org.keysupport.api.pkix.cache.DownloadAndVerifyAllPlaybookCRLs - Downloading CRL data: http://crl.disa.mil/crl/DODIDCA_59.crl
18:24:25.258 [main] INFO org.keysupport.api.pkix.cache.DownloadAndVerifyAllPlaybookCRLs - File is 50033375 bytes in size
18:24:25.258 [main] INFO org.keysupport.api.pkix.cache.DownloadAndVerifyAllPlaybookCRLs - HTTP fetch time: 1557ms
18:24:27.592 [main] INFO org.keysupport.api.pkix.cache.DownloadAndVerifyAllPlaybookCRLs - CRL Issuer: CN=DOD ID CA-59,OU=PKI,OU=DoD,O=U.S. Government,C=US
18:24:27.592 [main] INFO org.keysupport.api.pkix.cache.DownloadAndVerifyAllPlaybookCRLs - CRL thisUpdate: Tue Nov 29 03:00:00 EST 2022
18:24:27.592 [main] INFO org.keysupport.api.pkix.cache.DownloadAndVerifyAllPlaybookCRLs - CRL nextUpdate: Tue Nov 29 03:00:00 EST 2022
18:24:28.505 [main] INFO org.keysupport.api.pkix.cache.DownloadAndVerifyAllPlaybookCRLs - CRL Entries: 2206612
18:24:28.506 [main] INFO org.keysupport.api.pkix.cache.DownloadAndVerifyAllPlaybookCRLs - Found issuer in our intermediate store: CN=DOD ID CA-59,OU=PKI,OU=DoD,O=U.S. Government,C=US
18:24:28.549 [main] INFO org.keysupport.api.pkix.cache.DownloadAndVerifyAllPlaybookCRLs - CRL Signature verified: http://crl.disa.mil/crl/DODIDCA_59.crl
18:24:28.549 [main] INFO org.keysupport.api.pkix.cache.DownloadAndVerifyAllPlaybookCRLs - Downloading CRL data: http://nfimediumsspweb.managed.entrust.com/CRLs/NFIMEDIUMSSPCA2.crl
18:24:28.903 [main] INFO org.keysupport.api.pkix.cache.DownloadAndVerifyAllPlaybookCRLs - File is 2373151 bytes in size
18:24:28.903 [main] INFO org.keysupport.api.pkix.cache.DownloadAndVerifyAllPlaybookCRLs - HTTP fetch time: 354ms
18:24:28.984 [main] INFO org.keysupport.api.pkix.cache.DownloadAndVerifyAllPlaybookCRLs - CRL Issuer: OU=Entrust NFI Medium Assurance SSP CA,OU=Certification Authorities,O=Entrust,C=US
18:24:28.985 [main] INFO org.keysupport.api.pkix.cache.DownloadAndVerifyAllPlaybookCRLs - CRL thisUpdate: Tue Nov 29 17:23:49 EST 2022
18:24:28.985 [main] INFO org.keysupport.api.pkix.cache.DownloadAndVerifyAllPlaybookCRLs - CRL nextUpdate: Tue Nov 29 17:23:49 EST 2022
18:24:29.014 [main] INFO org.keysupport.api.pkix.cache.DownloadAndVerifyAllPlaybookCRLs - CRL Entries: 93845
18:24:29.015 [main] INFO org.keysupport.api.pkix.cache.DownloadAndVerifyAllPlaybookCRLs - Found issuer in our intermediate store: OU=Entrust NFI Medium Assurance SSP CA,OU=Certification Authorities,O=Entrust,C=US
18:24:29.018 [main] INFO org.keysupport.api.pkix.cache.DownloadAndVerifyAllPlaybookCRLs - CRL Signature verified: http://nfimediumsspweb.managed.entrust.com/CRLs/NFIMEDIUMSSPCA2.crl
18:24:29.018 [main] INFO org.keysupport.api.pkix.cache.DownloadAndVerifyAllPlaybookCRLs - Downloading CRL data: http://nfimediumsspweb.managed.entrust.com/CRLs/NFIMEDIUMSSPCA1.crl
18:24:29.243 [main] INFO org.keysupport.api.pkix.cache.DownloadAndVerifyAllPlaybookCRLs - File is 2373152 bytes in size
18:24:29.243 [main] INFO org.keysupport.api.pkix.cache.DownloadAndVerifyAllPlaybookCRLs - HTTP fetch time: 225ms
18:24:29.359 [main] INFO org.keysupport.api.pkix.cache.DownloadAndVerifyAllPlaybookCRLs - CRL Issuer: OU=Entrust NFI Medium Assurance SSP CA,OU=Certification Authorities,O=Entrust,C=US
18:24:29.359 [main] INFO org.keysupport.api.pkix.cache.DownloadAndVerifyAllPlaybookCRLs - CRL thisUpdate: Tue Nov 29 17:23:49 EST 2022
18:24:29.359 [main] INFO org.keysupport.api.pkix.cache.DownloadAndVerifyAllPlaybookCRLs - CRL nextUpdate: Tue Nov 29 17:23:49 EST 2022
18:24:29.389 [main] INFO org.keysupport.api.pkix.cache.DownloadAndVerifyAllPlaybookCRLs - CRL Entries: 93845
18:24:29.390 [main] INFO org.keysupport.api.pkix.cache.DownloadAndVerifyAllPlaybookCRLs - Found issuer in our intermediate store: OU=Entrust NFI Medium Assurance SSP CA,OU=Certification Authorities,O=Entrust,C=US
18:24:29.393 [main] INFO org.keysupport.api.pkix.cache.DownloadAndVerifyAllPlaybookCRLs - CRL Signature verified: http://nfimediumsspweb.managed.entrust.com/CRLs/NFIMEDIUMSSPCA1.crl
18:24:29.393 [main] INFO org.keysupport.api.pkix.cache.DownloadAndVerifyAllPlaybookCRLs - Downloading CRL data: http://sspweb.managed.entrust.com/CRLs/EMSSSPCA3.crl
18:24:30.558 [main] INFO org.keysupport.api.pkix.cache.DownloadAndVerifyAllPlaybookCRLs - File is 24422688 bytes in size
18:24:30.559 [main] INFO org.keysupport.api.pkix.cache.DownloadAndVerifyAllPlaybookCRLs - HTTP fetch time: 1166ms
18:24:31.620 [main] INFO org.keysupport.api.pkix.cache.DownloadAndVerifyAllPlaybookCRLs - CRL Issuer: OU=Entrust Managed Services SSP CA,OU=Certification Authorities,O=Entrust,C=US
18:24:31.620 [main] INFO org.keysupport.api.pkix.cache.DownloadAndVerifyAllPlaybookCRLs - CRL thisUpdate: Tue Nov 29 05:00:07 EST 2022
18:24:31.620 [main] INFO org.keysupport.api.pkix.cache.DownloadAndVerifyAllPlaybookCRLs - CRL nextUpdate: Tue Nov 29 05:00:07 EST 2022
18:24:32.034 [main] INFO org.keysupport.api.pkix.cache.DownloadAndVerifyAllPlaybookCRLs - CRL Entries: 1044213
18:24:32.035 [main] INFO org.keysupport.api.pkix.cache.DownloadAndVerifyAllPlaybookCRLs - Found issuer in our intermediate store: OU=Entrust Managed Services SSP CA,OU=Certification Authorities,O=Entrust,C=US
18:24:32.056 [main] INFO org.keysupport.api.pkix.cache.DownloadAndVerifyAllPlaybookCRLs - CRL Signature verified: http://sspweb.managed.entrust.com/CRLs/EMSSSPCA3.crl
18:24:32.056 [main] INFO org.keysupport.api.pkix.cache.DownloadAndVerifyAllPlaybookCRLs - Downloading CRL data: http://feddcsweb.managed.entrust.com/CRLs/FedDCSCA1.crl
18:24:32.642 [main] INFO org.keysupport.api.pkix.cache.DownloadAndVerifyAllPlaybookCRLs - File is 8099993 bytes in size
18:24:32.642 [main] INFO org.keysupport.api.pkix.cache.DownloadAndVerifyAllPlaybookCRLs - HTTP fetch time: 586ms
18:24:32.996 [main] INFO org.keysupport.api.pkix.cache.DownloadAndVerifyAllPlaybookCRLs - CRL Issuer: CN=Entrust Derived Credential SSP CA,OU=Certification Authorities,O=Entrust,C=US
18:24:32.996 [main] INFO org.keysupport.api.pkix.cache.DownloadAndVerifyAllPlaybookCRLs - CRL thisUpdate: Tue Nov 29 13:59:43 EST 2022
18:24:32.996 [main] INFO org.keysupport.api.pkix.cache.DownloadAndVerifyAllPlaybookCRLs - CRL nextUpdate: Tue Nov 29 13:59:43 EST 2022
18:24:33.077 [main] INFO org.keysupport.api.pkix.cache.DownloadAndVerifyAllPlaybookCRLs - CRL Entries: 218915
18:24:33.077 [main] INFO org.keysupport.api.pkix.cache.DownloadAndVerifyAllPlaybookCRLs - Found issuer in our intermediate store: CN=Entrust Derived Credential SSP CA,OU=Certification Authorities,O=Entrust,C=US
18:24:33.085 [main] INFO org.keysupport.api.pkix.cache.DownloadAndVerifyAllPlaybookCRLs - CRL Signature verified: http://feddcsweb.managed.entrust.com/CRLs/FedDCSCA1.crl
18:24:33.085 [main] INFO org.keysupport.api.pkix.cache.DownloadAndVerifyAllPlaybookCRLs - Downloading CRL data: http://pki.fti.org/fti_ca/crl/FTICA.crl
18:24:33.639 [main] INFO org.keysupport.api.pkix.cache.DownloadAndVerifyAllPlaybookCRLs - File is 160608 bytes in size
18:24:33.639 [main] INFO org.keysupport.api.pkix.cache.DownloadAndVerifyAllPlaybookCRLs - HTTP fetch time: 554ms
18:24:33.649 [main] INFO org.keysupport.api.pkix.cache.DownloadAndVerifyAllPlaybookCRLs - CRL Issuer: CN=FTI Certification Authority,OU=FTI PKI Trust Infrastructure,O=Foundation for Trusted Identity,C=US
18:24:33.650 [main] INFO org.keysupport.api.pkix.cache.DownloadAndVerifyAllPlaybookCRLs - CRL thisUpdate: Tue Nov 29 17:00:01 EST 2022
18:24:33.650 [main] INFO org.keysupport.api.pkix.cache.DownloadAndVerifyAllPlaybookCRLs - CRL nextUpdate: Tue Nov 29 17:00:01 EST 2022
18:24:33.652 [main] INFO org.keysupport.api.pkix.cache.DownloadAndVerifyAllPlaybookCRLs - CRL Entries: 4568
18:24:33.653 [main] INFO org.keysupport.api.pkix.cache.DownloadAndVerifyAllPlaybookCRLs - Found issuer in our intermediate store: CN=FTI Certification Authority,OU=FTI PKI Trust Infrastructure,O=Foundation for Trusted Identity,C=US
18:24:33.656 [main] INFO org.keysupport.api.pkix.cache.DownloadAndVerifyAllPlaybookCRLs - CRL Signature verified: http://pki.fti.org/fti_ca/crl/FTICA.crl
18:24:33.656 [main] INFO org.keysupport.api.pkix.cache.DownloadAndVerifyAllPlaybookCRLs - Downloading CRL data: http://hhspkicrl.managed.entrust.com/CRLs/HHSEntrustCA2.crl
18:24:38.345 [main] INFO org.keysupport.api.pkix.cache.DownloadAndVerifyAllPlaybookCRLs - File is 7084145 bytes in size
18:24:38.345 [main] INFO org.keysupport.api.pkix.cache.DownloadAndVerifyAllPlaybookCRLs - HTTP fetch time: 4689ms
18:24:38.636 [main] INFO org.keysupport.api.pkix.cache.DownloadAndVerifyAllPlaybookCRLs - CRL Issuer: CN=HHS-FPKI-Intermediate-CA-E1,OU=Certification Authorities,OU=HHS,O=U.S. Government,C=US
18:24:38.636 [main] INFO org.keysupport.api.pkix.cache.DownloadAndVerifyAllPlaybookCRLs - CRL thisUpdate: Tue Nov 29 15:43:05 EST 2022
18:24:38.636 [main] INFO org.keysupport.api.pkix.cache.DownloadAndVerifyAllPlaybookCRLs - CRL nextUpdate: Tue Nov 29 15:43:05 EST 2022
18:24:38.726 [main] INFO org.keysupport.api.pkix.cache.DownloadAndVerifyAllPlaybookCRLs - CRL Entries: 244565
18:24:38.726 [main] INFO org.keysupport.api.pkix.cache.DownloadAndVerifyAllPlaybookCRLs - Found issuer in our intermediate store: CN=HHS-FPKI-Intermediate-CA-E1,OU=Certification Authorities,OU=HHS,O=U.S. Government,C=US
18:24:38.733 [main] INFO org.keysupport.api.pkix.cache.DownloadAndVerifyAllPlaybookCRLs - CRL Signature verified: http://hhspkicrl.managed.entrust.com/CRLs/HHSEntrustCA2.crl
18:24:38.733 [main] INFO org.keysupport.api.pkix.cache.DownloadAndVerifyAllPlaybookCRLs - Downloading CRL data: http://onsite-crl.pki.digicert.com/USDepartmentofEnergyNavalReactorsPIVG3/LatestCRL.crl
18:24:38.928 [main] INFO org.keysupport.api.pkix.cache.DownloadAndVerifyAllPlaybookCRLs - File is 500 bytes in size
18:24:38.928 [main] INFO org.keysupport.api.pkix.cache.DownloadAndVerifyAllPlaybookCRLs - HTTP fetch time: 195ms
18:24:38.928 [main] INFO org.keysupport.api.pkix.cache.DownloadAndVerifyAllPlaybookCRLs - CRL Issuer: CN=Naval Reactors SSP Agency CA G3,OU=U.S. Department of Energy,O=U.S. Government,C=US
18:24:38.928 [main] INFO org.keysupport.api.pkix.cache.DownloadAndVerifyAllPlaybookCRLs - CRL thisUpdate: Tue Nov 29 13:50:26 EST 2022
18:24:38.928 [main] INFO org.keysupport.api.pkix.cache.DownloadAndVerifyAllPlaybookCRLs - CRL nextUpdate: Tue Nov 29 13:50:26 EST 2022
18:24:38.928 [main] INFO org.keysupport.api.pkix.cache.DownloadAndVerifyAllPlaybookCRLs - CRL Entries: 0
18:24:38.929 [main] INFO org.keysupport.api.pkix.cache.DownloadAndVerifyAllPlaybookCRLs - Found issuer in our intermediate store: CN=Naval Reactors SSP Agency CA G3,OU=U.S. Department of Energy,O=U.S. Government,C=US
18:24:38.930 [main] INFO org.keysupport.api.pkix.cache.DownloadAndVerifyAllPlaybookCRLs - CRL Signature verified: http://onsite-crl.pki.digicert.com/USDepartmentofEnergyNavalReactorsPIVG3/LatestCRL.crl
18:24:38.930 [main] INFO org.keysupport.api.pkix.cache.DownloadAndVerifyAllPlaybookCRLs - Downloading CRL data: http://pki-crl.symauth.com/ca_23580f2ce24946eab1793386d8e1b510/LatestCRL.crl
18:24:39.348 [main] INFO org.keysupport.api.pkix.cache.DownloadAndVerifyAllPlaybookCRLs - File is 142003 bytes in size
18:24:39.348 [main] INFO org.keysupport.api.pkix.cache.DownloadAndVerifyAllPlaybookCRLs - HTTP fetch time: 418ms
18:24:39.356 [main] INFO org.keysupport.api.pkix.cache.DownloadAndVerifyAllPlaybookCRLs - CRL Issuer: CN=NRC SSP Agency CA G4,OU=U.S. Nuclear Regulatory Commission,O=U.S. Government,C=US
18:24:39.357 [main] INFO org.keysupport.api.pkix.cache.DownloadAndVerifyAllPlaybookCRLs - CRL thisUpdate: Tue Nov 29 13:51:11 EST 2022
18:24:39.357 [main] INFO org.keysupport.api.pkix.cache.DownloadAndVerifyAllPlaybookCRLs - CRL nextUpdate: Tue Nov 29 13:51:11 EST 2022
18:24:39.358 [main] INFO org.keysupport.api.pkix.cache.DownloadAndVerifyAllPlaybookCRLs - CRL Entries: 2888
18:24:39.359 [main] INFO org.keysupport.api.pkix.cache.DownloadAndVerifyAllPlaybookCRLs - Found issuer in our intermediate store: CN=NRC SSP Agency CA G4,OU=U.S. Nuclear Regulatory Commission,O=U.S. Government,C=US
18:24:39.360 [main] INFO org.keysupport.api.pkix.cache.DownloadAndVerifyAllPlaybookCRLs - CRL Signature verified: http://pki-crl.symauth.com/ca_23580f2ce24946eab1793386d8e1b510/LatestCRL.crl
18:24:39.360 [main] INFO org.keysupport.api.pkix.cache.DownloadAndVerifyAllPlaybookCRLs - Downloading CRL data: http://pki-crl.symauth.com/ca_ce00affea217ea042db01becf36671a4/LatestCRL.crl
18:24:39.528 [main] INFO org.keysupport.api.pkix.cache.DownloadAndVerifyAllPlaybookCRLs - File is 756 bytes in size
18:24:39.528 [main] INFO org.keysupport.api.pkix.cache.DownloadAndVerifyAllPlaybookCRLs - HTTP fetch time: 168ms
18:24:39.528 [main] INFO org.keysupport.api.pkix.cache.DownloadAndVerifyAllPlaybookCRLs - CRL Issuer: CN=NRC PROD G6 Fed SSP CA,OU=U.S. Nuclear Regulatory Commission,O=U.S. Government,C=US
18:24:39.528 [main] INFO org.keysupport.api.pkix.cache.DownloadAndVerifyAllPlaybookCRLs - CRL thisUpdate: Tue Nov 29 13:48:04 EST 2022
18:24:39.529 [main] INFO org.keysupport.api.pkix.cache.DownloadAndVerifyAllPlaybookCRLs - CRL nextUpdate: Tue Nov 29 13:48:04 EST 2022
18:24:39.529 [main] INFO org.keysupport.api.pkix.cache.DownloadAndVerifyAllPlaybookCRLs - CRL Entries: 0
18:24:39.529 [main] INFO org.keysupport.api.pkix.cache.DownloadAndVerifyAllPlaybookCRLs - Found issuer in our intermediate store: CN=NRC PROD G6 Fed SSP CA,OU=U.S. Nuclear Regulatory Commission,O=U.S. Government,C=US
18:24:39.532 [main] INFO org.keysupport.api.pkix.cache.DownloadAndVerifyAllPlaybookCRLs - CRL Signature verified: http://pki-crl.symauth.com/ca_ce00affea217ea042db01becf36671a4/LatestCRL.crl
18:24:39.532 [main] INFO org.keysupport.api.pkix.cache.DownloadAndVerifyAllPlaybookCRLs - Downloading CRL data: http://crl-server.orc.com/CRLs/ORCSSP4.crl
18:24:39.637 [main] INFO org.keysupport.api.pkix.cache.DownloadAndVerifyAllPlaybookCRLs - File is 10164 bytes in size
18:24:39.637 [main] INFO org.keysupport.api.pkix.cache.DownloadAndVerifyAllPlaybookCRLs - HTTP fetch time: 105ms
18:24:39.638 [main] INFO org.keysupport.api.pkix.cache.DownloadAndVerifyAllPlaybookCRLs - CRL Issuer: CN=ORC SSP 4,O=ORC PKI,C=US
18:24:39.638 [main] INFO org.keysupport.api.pkix.cache.DownloadAndVerifyAllPlaybookCRLs - CRL thisUpdate: Tue Nov 29 14:28:53 EST 2022
18:24:39.638 [main] INFO org.keysupport.api.pkix.cache.DownloadAndVerifyAllPlaybookCRLs - CRL nextUpdate: Tue Nov 29 14:28:53 EST 2022
18:24:39.638 [main] INFO org.keysupport.api.pkix.cache.DownloadAndVerifyAllPlaybookCRLs - CRL Entries: 232
18:24:39.639 [main] INFO org.keysupport.api.pkix.cache.DownloadAndVerifyAllPlaybookCRLs - Found issuer in our intermediate store: CN=ORC SSP 4,O=ORC PKI,C=US
18:24:39.639 [main] INFO org.keysupport.api.pkix.cache.DownloadAndVerifyAllPlaybookCRLs - CRL Signature verified: http://crl-server.orc.com/CRLs/ORCSSP4.crl
18:24:39.639 [main] INFO org.keysupport.api.pkix.cache.DownloadAndVerifyAllPlaybookCRLs - Downloading CRL data: http://pki-crl.symauth.com/ca_fc26996dc726cf860f12aa77d4270098/LatestCRL.crl
18:24:39.809 [main] INFO org.keysupport.api.pkix.cache.DownloadAndVerifyAllPlaybookCRLs - File is 13067 bytes in size
18:24:39.809 [main] INFO org.keysupport.api.pkix.cache.DownloadAndVerifyAllPlaybookCRLs - HTTP fetch time: 170ms
18:24:39.810 [main] INFO org.keysupport.api.pkix.cache.DownloadAndVerifyAllPlaybookCRLs - CRL Issuer: CN=Senate PIV-I CA G5 PROD,OU=Office of the Sergeant at Arms,OU=U.S. Senate,O=U.S. Government,C=US
18:24:39.810 [main] INFO org.keysupport.api.pkix.cache.DownloadAndVerifyAllPlaybookCRLs - CRL thisUpdate: Tue Nov 29 13:48:29 EST 2022
18:24:39.810 [main] INFO org.keysupport.api.pkix.cache.DownloadAndVerifyAllPlaybookCRLs - CRL nextUpdate: Tue Nov 29 13:48:29 EST 2022
18:24:39.811 [main] INFO org.keysupport.api.pkix.cache.DownloadAndVerifyAllPlaybookCRLs - CRL Entries: 256
18:24:39.811 [main] INFO org.keysupport.api.pkix.cache.DownloadAndVerifyAllPlaybookCRLs - Found issuer in our intermediate store: CN=Senate PIV-I CA G5 PROD,OU=Office of the Sergeant at Arms,OU=U.S. Senate,O=U.S. Government,C=US
18:24:39.812 [main] INFO org.keysupport.api.pkix.cache.DownloadAndVerifyAllPlaybookCRLs - CRL Signature verified: http://pki-crl.symauth.com/ca_fc26996dc726cf860f12aa77d4270098/LatestCRL.crl
18:24:39.812 [main] INFO org.keysupport.api.pkix.cache.DownloadAndVerifyAllPlaybookCRLs - Downloading CRL data: http://pki-crl.symauth.com/ca_db1ff205d5a9b79af46c7896d15cb2a9/LatestCRL.crl
18:24:40.066 [main] INFO org.keysupport.api.pkix.cache.DownloadAndVerifyAllPlaybookCRLs - File is 65492 bytes in size
18:24:40.066 [main] INFO org.keysupport.api.pkix.cache.DownloadAndVerifyAllPlaybookCRLs - HTTP fetch time: 254ms
18:24:40.070 [main] INFO org.keysupport.api.pkix.cache.DownloadAndVerifyAllPlaybookCRLs - CRL Issuer: CN=U.S. Department of Education Agency CA - G5,OU=U.S. Department of Education,O=U.S. Government,C=US
18:24:40.070 [main] INFO org.keysupport.api.pkix.cache.DownloadAndVerifyAllPlaybookCRLs - CRL thisUpdate: Tue Nov 29 13:48:13 EST 2022
18:24:40.070 [main] INFO org.keysupport.api.pkix.cache.DownloadAndVerifyAllPlaybookCRLs - CRL nextUpdate: Tue Nov 29 13:48:13 EST 2022
18:24:40.071 [main] INFO org.keysupport.api.pkix.cache.DownloadAndVerifyAllPlaybookCRLs - CRL Entries: 1326
18:24:40.071 [main] INFO org.keysupport.api.pkix.cache.DownloadAndVerifyAllPlaybookCRLs - Found issuer in our intermediate store: CN=U.S. Department of Education Agency CA - G5,OU=U.S. Department of Education,O=U.S. Government,C=US
18:24:40.072 [main] INFO org.keysupport.api.pkix.cache.DownloadAndVerifyAllPlaybookCRLs - CRL Signature verified: http://pki-crl.symauth.com/ca_db1ff205d5a9b79af46c7896d15cb2a9/LatestCRL.crl
18:24:40.072 [main] INFO org.keysupport.api.pkix.cache.DownloadAndVerifyAllPlaybookCRLs - Downloading CRL data: http://crls.pki.state.gov/crls/DoSADPKIPIVCA2-1.crl
18:24:49.408 [main] INFO org.keysupport.api.pkix.cache.DownloadAndVerifyAllPlaybookCRLs - File is 3946843 bytes in size
18:24:49.408 [main] INFO org.keysupport.api.pkix.cache.DownloadAndVerifyAllPlaybookCRLs - HTTP fetch time: 9336ms
18:24:49.568 [main] INFO org.keysupport.api.pkix.cache.DownloadAndVerifyAllPlaybookCRLs - CRL Issuer: OU=U.S. Department of State PIV CA2,OU=Certification Authorities,OU=PIV,OU=Department of State,O=U.S. Government,C=US
18:24:49.568 [main] INFO org.keysupport.api.pkix.cache.DownloadAndVerifyAllPlaybookCRLs - CRL thisUpdate: Tue Nov 29 10:45:36 EST 2022
18:24:49.568 [main] INFO org.keysupport.api.pkix.cache.DownloadAndVerifyAllPlaybookCRLs - CRL nextUpdate: Tue Nov 29 10:45:36 EST 2022
18:24:49.610 [main] INFO org.keysupport.api.pkix.cache.DownloadAndVerifyAllPlaybookCRLs - CRL Entries: 105275
18:24:49.611 [main] INFO org.keysupport.api.pkix.cache.DownloadAndVerifyAllPlaybookCRLs - Found issuer in our intermediate store: OU=U.S. Department of State PIV CA2,OU=Certification Authorities,OU=PIV,OU=Department of State,O=U.S. Government,C=US
18:24:49.615 [main] INFO org.keysupport.api.pkix.cache.DownloadAndVerifyAllPlaybookCRLs - CRL Signature verified: http://crls.pki.state.gov/crls/DoSADPKIPIVCA2-1.crl
18:24:49.615 [main] INFO org.keysupport.api.pkix.cache.DownloadAndVerifyAllPlaybookCRLs - Downloading CRL data: http://onsite-crl.pki.digicert.com/USDepartmentofTransportationFAAPIVG5/LatestCRL.crl
18:24:56.632 [main] INFO org.keysupport.api.pkix.cache.DownloadAndVerifyAllPlaybookCRLs - File is 4141501 bytes in size
18:24:56.632 [main] INFO org.keysupport.api.pkix.cache.DownloadAndVerifyAllPlaybookCRLs - HTTP fetch time: 7017ms
18:24:56.760 [main] INFO org.keysupport.api.pkix.cache.DownloadAndVerifyAllPlaybookCRLs - CRL Issuer: CN=U.S. Department of Transportation Agency CA G5,OU=U.S. Department of Transportation,O=U.S. Government,C=US
18:24:56.760 [main] INFO org.keysupport.api.pkix.cache.DownloadAndVerifyAllPlaybookCRLs - CRL thisUpdate: Tue Nov 29 13:50:34 EST 2022
18:24:56.760 [main] INFO org.keysupport.api.pkix.cache.DownloadAndVerifyAllPlaybookCRLs - CRL nextUpdate: Tue Nov 29 13:50:34 EST 2022
18:24:56.791 [main] INFO org.keysupport.api.pkix.cache.DownloadAndVerifyAllPlaybookCRLs - CRL Entries: 84533
18:24:56.792 [main] INFO org.keysupport.api.pkix.cache.DownloadAndVerifyAllPlaybookCRLs - Found issuer in our intermediate store: CN=U.S. Department of Transportation Agency CA G5,OU=U.S. Department of Transportation,O=U.S. Government,C=US
18:24:56.796 [main] INFO org.keysupport.api.pkix.cache.DownloadAndVerifyAllPlaybookCRLs - CRL Signature verified: http://onsite-crl.pki.digicert.com/USDepartmentofTransportationFAAPIVG5/LatestCRL.crl
18:24:56.796 [main] INFO org.keysupport.api.pkix.cache.DownloadAndVerifyAllPlaybookCRLs - Downloading CRL data: http://ipki.uspto.gov/IPKI/CRLs/CombinedCRL3.crl
18:24:57.133 [main] INFO org.keysupport.api.pkix.cache.DownloadAndVerifyAllPlaybookCRLs - File is 738217 bytes in size
18:24:57.133 [main] INFO org.keysupport.api.pkix.cache.DownloadAndVerifyAllPlaybookCRLs - HTTP fetch time: 337ms
18:24:57.174 [main] INFO org.keysupport.api.pkix.cache.DownloadAndVerifyAllPlaybookCRLs - CRL Issuer: CN=USPTO_INTR_CA1,CN=AIA,CN=Public Key Services,CN=Services,CN=Configuration,DC=uspto,DC=gov
18:24:57.175 [main] INFO org.keysupport.api.pkix.cache.DownloadAndVerifyAllPlaybookCRLs - CRL thisUpdate: Tue Nov 29 15:38:38 EST 2022
18:24:57.175 [main] INFO org.keysupport.api.pkix.cache.DownloadAndVerifyAllPlaybookCRLs - CRL nextUpdate: Tue Nov 29 15:38:38 EST 2022
18:24:57.186 [main] INFO org.keysupport.api.pkix.cache.DownloadAndVerifyAllPlaybookCRLs - CRL Entries: 19937
18:24:57.186 [main] INFO org.keysupport.api.pkix.cache.DownloadAndVerifyAllPlaybookCRLs - Found issuer in our intermediate store: CN=USPTO_INTR_CA1,CN=AIA,CN=Public Key Services,CN=Services,CN=Configuration,DC=uspto,DC=gov
18:24:57.188 [main] INFO org.keysupport.api.pkix.cache.DownloadAndVerifyAllPlaybookCRLs - CRL Signature verified: http://ipki.uspto.gov/IPKI/CRLs/CombinedCRL3.crl
18:24:57.188 [main] INFO org.keysupport.api.pkix.cache.DownloadAndVerifyAllPlaybookCRLs - Downloading CRL data: http://crl.pki.va.gov/PKI/CRL/VET-SSP-CA-B1.crl
18:24:57.296 [main] INFO org.keysupport.api.pkix.cache.DownloadAndVerifyAllPlaybookCRLs - File is 785 bytes in size
18:24:57.296 [main] INFO org.keysupport.api.pkix.cache.DownloadAndVerifyAllPlaybookCRLs - HTTP fetch time: 108ms
18:24:57.297 [main] ERROR org.keysupport.api.pkix.cache.DownloadAndVerifyAllPlaybookCRLs - Failed to render CRL
java.security.cert.CRLException: Empty input
	at java.base/sun.security.provider.X509Factory.engineGenerateCRL(X509Factory.java:402)
	at java.base/java.security.cert.CertificateFactory.generateCRL(CertificateFactory.java:513)
	at org.keysupport.api.pkix.cache.DownloadAndVerifyAllPlaybookCRLs.main(DownloadAndVerifyAllPlaybookCRLs.java:131)
18:24:57.301 [main] ERROR org.keysupport.api.pkix.cache.DownloadAndVerifyAllPlaybookCRLs - Failed to render CRL
18:24:57.301 [main] INFO org.keysupport.api.pkix.cache.DownloadAndVerifyAllPlaybookCRLs - Downloading CRL data: http://crl.pki.va.gov/PKI/CRL/VACAB3.crl
18:24:57.362 [main] INFO org.keysupport.api.pkix.cache.DownloadAndVerifyAllPlaybookCRLs - File is 785 bytes in size
18:24:57.362 [main] INFO org.keysupport.api.pkix.cache.DownloadAndVerifyAllPlaybookCRLs - HTTP fetch time: 61ms
18:24:57.362 [main] ERROR org.keysupport.api.pkix.cache.DownloadAndVerifyAllPlaybookCRLs - Failed to render CRL
java.security.cert.CRLException: Empty input
	at java.base/sun.security.provider.X509Factory.engineGenerateCRL(X509Factory.java:402)
	at java.base/java.security.cert.CertificateFactory.generateCRL(CertificateFactory.java:513)
	at org.keysupport.api.pkix.cache.DownloadAndVerifyAllPlaybookCRLs.main(DownloadAndVerifyAllPlaybookCRLs.java:131)
18:24:57.362 [main] ERROR org.keysupport.api.pkix.cache.DownloadAndVerifyAllPlaybookCRLs - Failed to render CRL
18:24:57.363 [main] INFO org.keysupport.api.pkix.cache.DownloadAndVerifyAllPlaybookCRLs - Downloading CRL data: http://crl.xca.xpki.com/CRLs/XTec_PIVI_CA1.crl
18:24:57.906 [main] INFO org.keysupport.api.pkix.cache.DownloadAndVerifyAllPlaybookCRLs - File is 1248225 bytes in size
18:24:57.907 [main] INFO org.keysupport.api.pkix.cache.DownloadAndVerifyAllPlaybookCRLs - HTTP fetch time: 544ms
18:24:57.969 [main] INFO org.keysupport.api.pkix.cache.DownloadAndVerifyAllPlaybookCRLs - CRL Issuer: CN=WidePoint ORC NFI 4,OU=Certification Authorities,O=WidePoint,C=US
18:24:57.969 [main] INFO org.keysupport.api.pkix.cache.DownloadAndVerifyAllPlaybookCRLs - CRL thisUpdate: Tue Nov 29 14:47:02 EST 2022
18:24:57.969 [main] INFO org.keysupport.api.pkix.cache.DownloadAndVerifyAllPlaybookCRLs - CRL nextUpdate: Tue Nov 29 14:47:02 EST 2022
18:24:57.982 [main] INFO org.keysupport.api.pkix.cache.DownloadAndVerifyAllPlaybookCRLs - CRL Entries: 29011
18:24:57.982 [main] INFO org.keysupport.api.pkix.cache.DownloadAndVerifyAllPlaybookCRLs - Found issuer in our intermediate store: CN=WidePoint ORC NFI 4,OU=Certification Authorities,O=WidePoint,C=US
18:24:57.985 [main] INFO org.keysupport.api.pkix.cache.DownloadAndVerifyAllPlaybookCRLs - CRL Signature verified: http://crl.xca.xpki.com/CRLs/XTec_PIVI_CA1.crl
18:24:57.985 [main] INFO org.keysupport.api.pkix.cache.DownloadAndVerifyAllPlaybookCRLs - Downloading CRL data: http://crl-server.orc.com/CRLs/WIDEPOINTORCSSP5.crl
18:24:58.101 [main] INFO org.keysupport.api.pkix.cache.DownloadAndVerifyAllPlaybookCRLs - File is 21540 bytes in size
18:24:58.101 [main] INFO org.keysupport.api.pkix.cache.DownloadAndVerifyAllPlaybookCRLs - HTTP fetch time: 116ms
18:24:58.103 [main] INFO org.keysupport.api.pkix.cache.DownloadAndVerifyAllPlaybookCRLs - CRL Issuer: CN=WidePoint ORC SSP 5,O=ORC PKI,C=US
18:24:58.103 [main] INFO org.keysupport.api.pkix.cache.DownloadAndVerifyAllPlaybookCRLs - CRL thisUpdate: Tue Nov 29 14:28:54 EST 2022
18:24:58.103 [main] INFO org.keysupport.api.pkix.cache.DownloadAndVerifyAllPlaybookCRLs - CRL nextUpdate: Tue Nov 29 14:28:54 EST 2022
18:24:58.104 [main] INFO org.keysupport.api.pkix.cache.DownloadAndVerifyAllPlaybookCRLs - CRL Entries: 399
18:24:58.104 [main] INFO org.keysupport.api.pkix.cache.DownloadAndVerifyAllPlaybookCRLs - Found issuer in our intermediate store: CN=WidePoint ORC SSP 5,O=ORC PKI,C=US
18:24:58.106 [main] INFO org.keysupport.api.pkix.cache.DownloadAndVerifyAllPlaybookCRLs - CRL Signature verified: http://crl-server.orc.com/CRLs/WIDEPOINTORCSSP5.crl
18:24:58.107 [main] INFO org.keysupport.api.pkix.cache.DownloadAndVerifyAllPlaybookCRLs - Downloading CRL data: http://crl-server.orc.com/CRLs/WIDEPOINTNFI5.crl
18:24:58.158 [main] INFO org.keysupport.api.pkix.cache.DownloadAndVerifyAllPlaybookCRLs - File is 53823 bytes in size
18:24:58.158 [main] INFO org.keysupport.api.pkix.cache.DownloadAndVerifyAllPlaybookCRLs - HTTP fetch time: 51ms
18:24:58.161 [main] INFO org.keysupport.api.pkix.cache.DownloadAndVerifyAllPlaybookCRLs - CRL Issuer: CN=WidePoint NFI CA 5,O=ORC PKI,C=US
18:24:58.162 [main] INFO org.keysupport.api.pkix.cache.DownloadAndVerifyAllPlaybookCRLs - CRL thisUpdate: Tue Nov 29 15:10:00 EST 2022
18:24:58.162 [main] INFO org.keysupport.api.pkix.cache.DownloadAndVerifyAllPlaybookCRLs - CRL nextUpdate: Tue Nov 29 15:10:00 EST 2022
18:24:58.162 [main] INFO org.keysupport.api.pkix.cache.DownloadAndVerifyAllPlaybookCRLs - CRL Entries: 771
18:24:58.163 [main] INFO org.keysupport.api.pkix.cache.DownloadAndVerifyAllPlaybookCRLs - Found issuer in our intermediate store: CN=WidePoint NFI CA 5,O=ORC PKI,C=US
18:24:58.164 [main] INFO org.keysupport.api.pkix.cache.DownloadAndVerifyAllPlaybookCRLs - CRL Signature verified: http://crl-server.orc.com/CRLs/WIDEPOINTNFI5.crl
18:24:58.164 [main] INFO org.keysupport.api.pkix.cache.DownloadAndVerifyAllPlaybookCRLs - Downloading CRL data: http://crl-server.orc.com/CRLs/WIDEPOINTNFI6.crl
18:24:58.190 [main] INFO org.keysupport.api.pkix.cache.DownloadAndVerifyAllPlaybookCRLs - File is 40554 bytes in size
18:24:58.190 [main] INFO org.keysupport.api.pkix.cache.DownloadAndVerifyAllPlaybookCRLs - HTTP fetch time: 26ms
18:24:58.192 [main] INFO org.keysupport.api.pkix.cache.DownloadAndVerifyAllPlaybookCRLs - CRL Issuer: CN=WidePoint NFI CA 6,O=ORC PKI,C=US
18:24:58.193 [main] INFO org.keysupport.api.pkix.cache.DownloadAndVerifyAllPlaybookCRLs - CRL thisUpdate: Tue Nov 29 14:28:53 EST 2022
18:24:58.193 [main] INFO org.keysupport.api.pkix.cache.DownloadAndVerifyAllPlaybookCRLs - CRL nextUpdate: Tue Nov 29 14:28:53 EST 2022
18:24:58.194 [main] INFO org.keysupport.api.pkix.cache.DownloadAndVerifyAllPlaybookCRLs - CRL Entries: 1014
18:24:58.195 [main] INFO org.keysupport.api.pkix.cache.DownloadAndVerifyAllPlaybookCRLs - Found issuer in our intermediate store: CN=WidePoint NFI CA 6,O=ORC PKI,C=US
18:24:58.196 [main] INFO org.keysupport.api.pkix.cache.DownloadAndVerifyAllPlaybookCRLs - CRL Signature verified: http://crl-server.orc.com/CRLs/WIDEPOINTNFI6.crl
18:24:58.196 [main] INFO org.keysupport.api.pkix.cache.DownloadAndVerifyAllPlaybookCRLs - Downloading CRL data: http://pki.treasury.gov/VA_CA1.crl
18:25:01.505 [main] INFO org.keysupport.api.pkix.cache.DownloadAndVerifyAllPlaybookCRLs - File is 5318921 bytes in size
18:25:01.505 [main] INFO org.keysupport.api.pkix.cache.DownloadAndVerifyAllPlaybookCRLs - HTTP fetch time: 3309ms
18:25:01.772 [main] INFO org.keysupport.api.pkix.cache.DownloadAndVerifyAllPlaybookCRLs - CRL Issuer: OU=Department of Veterans Affairs CA,OU=Certification Authorities,OU=Department of Veterans Affairs,O=U.S. Government,C=US
18:25:01.772 [main] INFO org.keysupport.api.pkix.cache.DownloadAndVerifyAllPlaybookCRLs - CRL thisUpdate: Tue Nov 29 13:50:48 EST 2022
18:25:01.772 [main] INFO org.keysupport.api.pkix.cache.DownloadAndVerifyAllPlaybookCRLs - CRL nextUpdate: Tue Nov 29 13:50:48 EST 2022
18:25:01.844 [main] INFO org.keysupport.api.pkix.cache.DownloadAndVerifyAllPlaybookCRLs - CRL Entries: 230607
18:25:01.845 [main] INFO org.keysupport.api.pkix.cache.DownloadAndVerifyAllPlaybookCRLs - Found issuer in our intermediate store: OU=Department of Veterans Affairs CA,OU=Certification Authorities,OU=Department of Veterans Affairs,O=U.S. Government,C=US
18:25:01.850 [main] INFO org.keysupport.api.pkix.cache.DownloadAndVerifyAllPlaybookCRLs - CRL Signature verified: http://pki.treasury.gov/VA_CA1.crl
18:25:01.850 [main] INFO org.keysupport.api.pkix.cache.DownloadAndVerifyAllPlaybookCRLs - Downloading CRL data: http://pki.treasury.gov/VA_CA.crl
18:25:03.822 [main] INFO org.keysupport.api.pkix.cache.DownloadAndVerifyAllPlaybookCRLs - File is 5318921 bytes in size
18:25:03.822 [main] INFO org.keysupport.api.pkix.cache.DownloadAndVerifyAllPlaybookCRLs - HTTP fetch time: 1972ms
18:25:04.020 [main] INFO org.keysupport.api.pkix.cache.DownloadAndVerifyAllPlaybookCRLs - CRL Issuer: OU=Department of Veterans Affairs CA,OU=Certification Authorities,OU=Department of Veterans Affairs,O=U.S. Government,C=US
18:25:04.020 [main] INFO org.keysupport.api.pkix.cache.DownloadAndVerifyAllPlaybookCRLs - CRL thisUpdate: Tue Nov 29 13:50:48 EST 2022
18:25:04.020 [main] INFO org.keysupport.api.pkix.cache.DownloadAndVerifyAllPlaybookCRLs - CRL nextUpdate: Tue Nov 29 13:50:48 EST 2022
18:25:04.097 [main] INFO org.keysupport.api.pkix.cache.DownloadAndVerifyAllPlaybookCRLs - CRL Entries: 230607
18:25:04.098 [main] INFO org.keysupport.api.pkix.cache.DownloadAndVerifyAllPlaybookCRLs - Found issuer in our intermediate store: OU=Department of Veterans Affairs CA,OU=Certification Authorities,OU=Department of Veterans Affairs,O=U.S. Government,C=US
18:25:04.103 [main] INFO org.keysupport.api.pkix.cache.DownloadAndVerifyAllPlaybookCRLs - CRL Signature verified: http://pki.treasury.gov/VA_CA.crl
18:25:04.103 [main] INFO org.keysupport.api.pkix.cache.DownloadAndVerifyAllPlaybookCRLs - Downloading CRL data: http://pki.treasury.gov/DHS_CA2.crl
18:25:09.518 [main] INFO org.keysupport.api.pkix.cache.DownloadAndVerifyAllPlaybookCRLs - File is 16592019 bytes in size
18:25:09.518 [main] INFO org.keysupport.api.pkix.cache.DownloadAndVerifyAllPlaybookCRLs - HTTP fetch time: 5415ms
18:25:10.079 [main] INFO org.keysupport.api.pkix.cache.DownloadAndVerifyAllPlaybookCRLs - CRL Issuer: OU=DHS CA4,OU=Certification Authorities,OU=Department of Homeland Security,O=U.S. Government,C=US
18:25:10.079 [main] INFO org.keysupport.api.pkix.cache.DownloadAndVerifyAllPlaybookCRLs - CRL thisUpdate: Tue Nov 29 18:12:15 EST 2022
18:25:10.079 [main] INFO org.keysupport.api.pkix.cache.DownloadAndVerifyAllPlaybookCRLs - CRL nextUpdate: Tue Nov 29 18:12:15 EST 2022
18:25:10.281 [main] INFO org.keysupport.api.pkix.cache.DownloadAndVerifyAllPlaybookCRLs - CRL Entries: 439656
18:25:10.282 [main] INFO org.keysupport.api.pkix.cache.DownloadAndVerifyAllPlaybookCRLs - Found issuer in our intermediate store: OU=DHS CA4,OU=Certification Authorities,OU=Department of Homeland Security,O=U.S. Government,C=US
18:25:10.296 [main] INFO org.keysupport.api.pkix.cache.DownloadAndVerifyAllPlaybookCRLs - CRL Signature verified: http://pki.treasury.gov/DHS_CA2.crl
18:25:10.296 [main] INFO org.keysupport.api.pkix.cache.DownloadAndVerifyAllPlaybookCRLs - Downloading CRL data: http://crl.disa.mil/crl/DODIDCA_52.crl
18:25:10.423 [main] INFO org.keysupport.api.pkix.cache.DownloadAndVerifyAllPlaybookCRLs - File is 473 bytes in size
18:25:10.423 [main] INFO org.keysupport.api.pkix.cache.DownloadAndVerifyAllPlaybookCRLs - HTTP fetch time: 127ms
18:25:10.423 [main] INFO org.keysupport.api.pkix.cache.DownloadAndVerifyAllPlaybookCRLs - CRL Issuer: CN=DOD ID CA-52,OU=PKI,OU=DoD,O=U.S. Government,C=US
18:25:10.423 [main] INFO org.keysupport.api.pkix.cache.DownloadAndVerifyAllPlaybookCRLs - CRL thisUpdate: Tue Nov 29 04:00:00 EST 2022
18:25:10.423 [main] INFO org.keysupport.api.pkix.cache.DownloadAndVerifyAllPlaybookCRLs - CRL nextUpdate: Tue Nov 29 04:00:00 EST 2022
18:25:10.423 [main] INFO org.keysupport.api.pkix.cache.DownloadAndVerifyAllPlaybookCRLs - CRL Entries: 0
18:25:10.424 [main] INFO org.keysupport.api.pkix.cache.DownloadAndVerifyAllPlaybookCRLs - Found issuer in our intermediate store: CN=DOD ID CA-52,OU=PKI,OU=DoD,O=U.S. Government,C=US
18:25:10.424 [main] INFO org.keysupport.api.pkix.cache.DownloadAndVerifyAllPlaybookCRLs - CRL Signature verified: http://crl.disa.mil/crl/DODIDCA_52.crl
18:25:10.424 [main] INFO org.keysupport.api.pkix.cache.DownloadAndVerifyAllPlaybookCRLs - Downloading CRL data: http://crl.disa.mil/crl/DODIDCA_51.crl
18:25:10.445 [main] INFO org.keysupport.api.pkix.cache.DownloadAndVerifyAllPlaybookCRLs - File is 473 bytes in size
18:25:10.445 [main] INFO org.keysupport.api.pkix.cache.DownloadAndVerifyAllPlaybookCRLs - HTTP fetch time: 21ms
18:25:10.445 [main] INFO org.keysupport.api.pkix.cache.DownloadAndVerifyAllPlaybookCRLs - CRL Issuer: CN=DOD ID CA-51,OU=PKI,OU=DoD,O=U.S. Government,C=US
18:25:10.446 [main] INFO org.keysupport.api.pkix.cache.DownloadAndVerifyAllPlaybookCRLs - CRL thisUpdate: Tue Nov 29 05:20:14 EST 2022
18:25:10.446 [main] INFO org.keysupport.api.pkix.cache.DownloadAndVerifyAllPlaybookCRLs - CRL nextUpdate: Tue Nov 29 05:20:14 EST 2022
18:25:10.446 [main] INFO org.keysupport.api.pkix.cache.DownloadAndVerifyAllPlaybookCRLs - CRL Entries: 0
18:25:10.446 [main] INFO org.keysupport.api.pkix.cache.DownloadAndVerifyAllPlaybookCRLs - Found issuer in our intermediate store: CN=DOD ID CA-51,OU=PKI,OU=DoD,O=U.S. Government,C=US
18:25:10.447 [main] INFO org.keysupport.api.pkix.cache.DownloadAndVerifyAllPlaybookCRLs - CRL Signature verified: http://crl.disa.mil/crl/DODIDCA_51.crl
18:25:10.447 [main] INFO org.keysupport.api.pkix.cache.DownloadAndVerifyAllPlaybookCRLs - Downloading CRL data: http://crl.disa.mil/crl/DODIDCA_50.crl
18:25:10.467 [main] INFO org.keysupport.api.pkix.cache.DownloadAndVerifyAllPlaybookCRLs - File is 473 bytes in size
18:25:10.467 [main] INFO org.keysupport.api.pkix.cache.DownloadAndVerifyAllPlaybookCRLs - HTTP fetch time: 20ms
18:25:10.467 [main] INFO org.keysupport.api.pkix.cache.DownloadAndVerifyAllPlaybookCRLs - CRL Issuer: CN=DOD ID CA-50,OU=PKI,OU=DoD,O=U.S. Government,C=US
18:25:10.467 [main] INFO org.keysupport.api.pkix.cache.DownloadAndVerifyAllPlaybookCRLs - CRL thisUpdate: Tue Nov 29 06:00:00 EST 2022
18:25:10.467 [main] INFO org.keysupport.api.pkix.cache.DownloadAndVerifyAllPlaybookCRLs - CRL nextUpdate: Tue Nov 29 06:00:00 EST 2022
18:25:10.467 [main] INFO org.keysupport.api.pkix.cache.DownloadAndVerifyAllPlaybookCRLs - CRL Entries: 0
18:25:10.468 [main] INFO org.keysupport.api.pkix.cache.DownloadAndVerifyAllPlaybookCRLs - Found issuer in our intermediate store: CN=DOD ID CA-50,OU=PKI,OU=DoD,O=U.S. Government,C=US
18:25:10.469 [main] INFO org.keysupport.api.pkix.cache.DownloadAndVerifyAllPlaybookCRLs - CRL Signature verified: http://crl.disa.mil/crl/DODIDCA_50.crl
18:25:10.469 [main] INFO org.keysupport.api.pkix.cache.DownloadAndVerifyAllPlaybookCRLs - Downloading CRL data: http://crl.disa.mil/crl/DODIDCA_49.crl
18:25:10.488 [main] INFO org.keysupport.api.pkix.cache.DownloadAndVerifyAllPlaybookCRLs - File is 473 bytes in size
18:25:10.488 [main] INFO org.keysupport.api.pkix.cache.DownloadAndVerifyAllPlaybookCRLs - HTTP fetch time: 19ms
18:25:10.488 [main] INFO org.keysupport.api.pkix.cache.DownloadAndVerifyAllPlaybookCRLs - CRL Issuer: CN=DOD ID CA-49,OU=PKI,OU=DoD,O=U.S. Government,C=US
18:25:10.488 [main] INFO org.keysupport.api.pkix.cache.DownloadAndVerifyAllPlaybookCRLs - CRL thisUpdate: Tue Nov 29 07:00:00 EST 2022
18:25:10.488 [main] INFO org.keysupport.api.pkix.cache.DownloadAndVerifyAllPlaybookCRLs - CRL nextUpdate: Tue Nov 29 07:00:00 EST 2022
18:25:10.488 [main] INFO org.keysupport.api.pkix.cache.DownloadAndVerifyAllPlaybookCRLs - CRL Entries: 0
18:25:10.489 [main] INFO org.keysupport.api.pkix.cache.DownloadAndVerifyAllPlaybookCRLs - Found issuer in our intermediate store: CN=DOD ID CA-49,OU=PKI,OU=DoD,O=U.S. Government,C=US
18:25:10.490 [main] INFO org.keysupport.api.pkix.cache.DownloadAndVerifyAllPlaybookCRLs - CRL Signature verified: http://crl.disa.mil/crl/DODIDCA_49.crl
18:25:10.490 [main] INFO org.keysupport.api.pkix.cache.DownloadAndVerifyAllPlaybookCRLs - Downloading CRL data: http://sspweb.managed.entrust.com/CRLs/EMSSSPCA2.crl
18:25:11.370 [main] INFO org.keysupport.api.pkix.cache.DownloadAndVerifyAllPlaybookCRLs - File is 24422688 bytes in size
18:25:11.370 [main] INFO org.keysupport.api.pkix.cache.DownloadAndVerifyAllPlaybookCRLs - HTTP fetch time: 880ms
18:25:12.612 [main] INFO org.keysupport.api.pkix.cache.DownloadAndVerifyAllPlaybookCRLs - CRL Issuer: OU=Entrust Managed Services SSP CA,OU=Certification Authorities,O=Entrust,C=US
18:25:12.612 [main] INFO org.keysupport.api.pkix.cache.DownloadAndVerifyAllPlaybookCRLs - CRL thisUpdate: Tue Nov 29 05:00:07 EST 2022
18:25:12.612 [main] INFO org.keysupport.api.pkix.cache.DownloadAndVerifyAllPlaybookCRLs - CRL nextUpdate: Tue Nov 29 05:00:07 EST 2022
18:25:13.086 [main] INFO org.keysupport.api.pkix.cache.DownloadAndVerifyAllPlaybookCRLs - CRL Entries: 1044213
18:25:13.087 [main] INFO org.keysupport.api.pkix.cache.DownloadAndVerifyAllPlaybookCRLs - Found issuer in our intermediate store: OU=Entrust Managed Services SSP CA,OU=Certification Authorities,O=Entrust,C=US
18:25:13.109 [main] INFO org.keysupport.api.pkix.cache.DownloadAndVerifyAllPlaybookCRLs - CRL Signature verified: http://sspweb.managed.entrust.com/CRLs/EMSSSPCA2.crl
18:25:13.109 [main] INFO org.keysupport.api.pkix.cache.DownloadAndVerifyAllPlaybookCRLs - Downloading CRL data: http://feddcsweb.managed.entrust.com/CRLs/FedDCSCA.crl
18:25:13.429 [main] INFO org.keysupport.api.pkix.cache.DownloadAndVerifyAllPlaybookCRLs - File is 8099993 bytes in size
18:25:13.429 [main] INFO org.keysupport.api.pkix.cache.DownloadAndVerifyAllPlaybookCRLs - HTTP fetch time: 320ms
18:25:13.740 [main] INFO org.keysupport.api.pkix.cache.DownloadAndVerifyAllPlaybookCRLs - CRL Issuer: CN=Entrust Derived Credential SSP CA,OU=Certification Authorities,O=Entrust,C=US
18:25:13.740 [main] INFO org.keysupport.api.pkix.cache.DownloadAndVerifyAllPlaybookCRLs - CRL thisUpdate: Tue Nov 29 13:59:43 EST 2022
18:25:13.740 [main] INFO org.keysupport.api.pkix.cache.DownloadAndVerifyAllPlaybookCRLs - CRL nextUpdate: Tue Nov 29 13:59:43 EST 2022
18:25:13.823 [main] INFO org.keysupport.api.pkix.cache.DownloadAndVerifyAllPlaybookCRLs - CRL Entries: 218915
18:25:13.823 [main] INFO org.keysupport.api.pkix.cache.DownloadAndVerifyAllPlaybookCRLs - Found issuer in our intermediate store: CN=Entrust Derived Credential SSP CA,OU=Certification Authorities,O=Entrust,C=US
18:25:13.831 [main] INFO org.keysupport.api.pkix.cache.DownloadAndVerifyAllPlaybookCRLs - CRL Signature verified: http://feddcsweb.managed.entrust.com/CRLs/FedDCSCA.crl
18:25:13.831 [main] INFO org.keysupport.api.pkix.cache.DownloadAndVerifyAllPlaybookCRLs - Downloading CRL data: http://hhspkicrl.managed.entrust.com/CRLs/HHSEntrustCA1.crl
18:25:17.686 [main] INFO org.keysupport.api.pkix.cache.DownloadAndVerifyAllPlaybookCRLs - File is 7084145 bytes in size
18:25:17.687 [main] INFO org.keysupport.api.pkix.cache.DownloadAndVerifyAllPlaybookCRLs - HTTP fetch time: 3856ms
18:25:18.010 [main] INFO org.keysupport.api.pkix.cache.DownloadAndVerifyAllPlaybookCRLs - CRL Issuer: CN=HHS-FPKI-Intermediate-CA-E1,OU=Certification Authorities,OU=HHS,O=U.S. Government,C=US
18:25:18.010 [main] INFO org.keysupport.api.pkix.cache.DownloadAndVerifyAllPlaybookCRLs - CRL thisUpdate: Tue Nov 29 15:43:05 EST 2022
18:25:18.010 [main] INFO org.keysupport.api.pkix.cache.DownloadAndVerifyAllPlaybookCRLs - CRL nextUpdate: Tue Nov 29 15:43:05 EST 2022
18:25:18.101 [main] INFO org.keysupport.api.pkix.cache.DownloadAndVerifyAllPlaybookCRLs - CRL Entries: 244565
18:25:18.102 [main] INFO org.keysupport.api.pkix.cache.DownloadAndVerifyAllPlaybookCRLs - Found issuer in our intermediate store: CN=HHS-FPKI-Intermediate-CA-E1,OU=Certification Authorities,OU=HHS,O=U.S. Government,C=US
18:25:18.109 [main] INFO org.keysupport.api.pkix.cache.DownloadAndVerifyAllPlaybookCRLs - CRL Signature verified: http://hhspkicrl.managed.entrust.com/CRLs/HHSEntrustCA1.crl
18:25:18.109 [main] INFO org.keysupport.api.pkix.cache.DownloadAndVerifyAllPlaybookCRLs - Downloading CRL data: http://pki.treasury.gov/NASA_Operational_CA3.crl
18:25:20.043 [main] INFO org.keysupport.api.pkix.cache.DownloadAndVerifyAllPlaybookCRLs - File is 3950380 bytes in size
18:25:20.043 [main] INFO org.keysupport.api.pkix.cache.DownloadAndVerifyAllPlaybookCRLs - HTTP fetch time: 1934ms
18:25:20.248 [main] INFO org.keysupport.api.pkix.cache.DownloadAndVerifyAllPlaybookCRLs - CRL Issuer: OU=NASA Operational CA,OU=Certification Authorities,OU=NASA,O=U.S. Government,C=US
18:25:20.248 [main] INFO org.keysupport.api.pkix.cache.DownloadAndVerifyAllPlaybookCRLs - CRL thisUpdate: Tue Nov 29 16:58:27 EST 2022
18:25:20.248 [main] INFO org.keysupport.api.pkix.cache.DownloadAndVerifyAllPlaybookCRLs - CRL nextUpdate: Tue Nov 29 16:58:27 EST 2022
18:25:20.286 [main] INFO org.keysupport.api.pkix.cache.DownloadAndVerifyAllPlaybookCRLs - CRL Entries: 106723
18:25:20.287 [main] INFO org.keysupport.api.pkix.cache.DownloadAndVerifyAllPlaybookCRLs - Found issuer in our intermediate store: OU=NASA Operational CA,OU=Certification Authorities,OU=NASA,O=U.S. Government,C=US
18:25:20.291 [main] INFO org.keysupport.api.pkix.cache.DownloadAndVerifyAllPlaybookCRLs - CRL Signature verified: http://pki.treasury.gov/NASA_Operational_CA3.crl
18:25:20.291 [main] INFO org.keysupport.api.pkix.cache.DownloadAndVerifyAllPlaybookCRLs - Downloading CRL data: http://onsite-crl.pki.digicert.com/USNuclearRegulatoryCommissionSSPPIVG3/LatestCRL.crl
18:25:20.724 [main] INFO org.keysupport.api.pkix.cache.DownloadAndVerifyAllPlaybookCRLs - File is 161451 bytes in size
18:25:20.724 [main] INFO org.keysupport.api.pkix.cache.DownloadAndVerifyAllPlaybookCRLs - HTTP fetch time: 433ms
18:25:20.731 [main] INFO org.keysupport.api.pkix.cache.DownloadAndVerifyAllPlaybookCRLs - CRL Issuer: CN=NRC SSP Agency CA G3,OU=U.S. Nuclear Regulatory Commission,O=U.S. Government,C=US
18:25:20.731 [main] INFO org.keysupport.api.pkix.cache.DownloadAndVerifyAllPlaybookCRLs - CRL thisUpdate: Tue Nov 29 13:50:39 EST 2022
18:25:20.731 [main] INFO org.keysupport.api.pkix.cache.DownloadAndVerifyAllPlaybookCRLs - CRL nextUpdate: Tue Nov 29 13:50:39 EST 2022
18:25:20.733 [main] INFO org.keysupport.api.pkix.cache.DownloadAndVerifyAllPlaybookCRLs - CRL Entries: 3840
18:25:20.734 [main] INFO org.keysupport.api.pkix.cache.DownloadAndVerifyAllPlaybookCRLs - Found issuer in our intermediate store: CN=NRC SSP Agency CA G3,OU=U.S. Nuclear Regulatory Commission,O=U.S. Government,C=US
18:25:20.735 [main] INFO org.keysupport.api.pkix.cache.DownloadAndVerifyAllPlaybookCRLs - CRL Signature verified: http://onsite-crl.pki.digicert.com/USNuclearRegulatoryCommissionSSPPIVG3/LatestCRL.crl
18:25:20.735 [main] INFO org.keysupport.api.pkix.cache.DownloadAndVerifyAllPlaybookCRLs - Downloading CRL data: http://onsite-crl.pki.digicert.com/USSenateSSPPIVIG4PROD/LatestCRL.crl
18:25:20.904 [main] INFO org.keysupport.api.pkix.cache.DownloadAndVerifyAllPlaybookCRLs - File is 20566 bytes in size
18:25:20.904 [main] INFO org.keysupport.api.pkix.cache.DownloadAndVerifyAllPlaybookCRLs - HTTP fetch time: 169ms
18:25:20.905 [main] INFO org.keysupport.api.pkix.cache.DownloadAndVerifyAllPlaybookCRLs - CRL Issuer: CN=Senate PIV-I CA G4,OU=Office of the Sergeant at Arms,OU=U.S. Senate,O=U.S. Government,C=US
18:25:20.905 [main] INFO org.keysupport.api.pkix.cache.DownloadAndVerifyAllPlaybookCRLs - CRL thisUpdate: Tue Nov 29 13:50:39 EST 2022
18:25:20.905 [main] INFO org.keysupport.api.pkix.cache.DownloadAndVerifyAllPlaybookCRLs - CRL nextUpdate: Tue Nov 29 13:50:39 EST 2022
18:25:20.905 [main] INFO org.keysupport.api.pkix.cache.DownloadAndVerifyAllPlaybookCRLs - CRL Entries: 486
18:25:20.906 [main] INFO org.keysupport.api.pkix.cache.DownloadAndVerifyAllPlaybookCRLs - Found issuer in our intermediate store: CN=Senate PIV-I CA G4,OU=Office of the Sergeant at Arms,OU=U.S. Senate,O=U.S. Government,C=US
18:25:20.907 [main] INFO org.keysupport.api.pkix.cache.DownloadAndVerifyAllPlaybookCRLs - CRL Signature verified: http://onsite-crl.pki.digicert.com/USSenateSSPPIVIG4PROD/LatestCRL.crl
18:25:20.907 [main] INFO org.keysupport.api.pkix.cache.DownloadAndVerifyAllPlaybookCRLs - Downloading CRL data: http://pki.treasury.gov/SSA_CA2.crl
18:25:21.883 [main] INFO org.keysupport.api.pkix.cache.DownloadAndVerifyAllPlaybookCRLs - File is 2227627 bytes in size
18:25:21.883 [main] INFO org.keysupport.api.pkix.cache.DownloadAndVerifyAllPlaybookCRLs - HTTP fetch time: 976ms
18:25:22.002 [main] INFO org.keysupport.api.pkix.cache.DownloadAndVerifyAllPlaybookCRLs - CRL Issuer: OU=Social Security Administration Certification Authority,OU=SSA,O=U.S. Government,C=US
18:25:22.002 [main] INFO org.keysupport.api.pkix.cache.DownloadAndVerifyAllPlaybookCRLs - CRL thisUpdate: Tue Nov 29 17:16:37 EST 2022
18:25:22.002 [main] INFO org.keysupport.api.pkix.cache.DownloadAndVerifyAllPlaybookCRLs - CRL nextUpdate: Tue Nov 29 17:16:37 EST 2022
18:25:22.025 [main] INFO org.keysupport.api.pkix.cache.DownloadAndVerifyAllPlaybookCRLs - CRL Entries: 60094
18:25:22.025 [main] INFO org.keysupport.api.pkix.cache.DownloadAndVerifyAllPlaybookCRLs - Found issuer in our intermediate store: OU=Social Security Administration Certification Authority,OU=SSA,O=U.S. Government,C=US
18:25:22.028 [main] INFO org.keysupport.api.pkix.cache.DownloadAndVerifyAllPlaybookCRLs - CRL Signature verified: http://pki.treasury.gov/SSA_CA2.crl
18:25:22.028 [main] INFO org.keysupport.api.pkix.cache.DownloadAndVerifyAllPlaybookCRLs - Downloading CRL data: http://pki.treasury.gov/OCIO_CA4.crl
18:25:24.972 [main] INFO org.keysupport.api.pkix.cache.DownloadAndVerifyAllPlaybookCRLs - File is 5437598 bytes in size
18:25:24.972 [main] INFO org.keysupport.api.pkix.cache.DownloadAndVerifyAllPlaybookCRLs - HTTP fetch time: 2944ms
18:25:25.159 [main] INFO org.keysupport.api.pkix.cache.DownloadAndVerifyAllPlaybookCRLs - CRL Issuer: OU=OCIO CA,OU=Certification Authorities,OU=Department of the Treasury,O=U.S. Government,C=US
18:25:25.159 [main] INFO org.keysupport.api.pkix.cache.DownloadAndVerifyAllPlaybookCRLs - CRL thisUpdate: Tue Nov 29 14:33:25 EST 2022
18:25:25.159 [main] INFO org.keysupport.api.pkix.cache.DownloadAndVerifyAllPlaybookCRLs - CRL nextUpdate: Tue Nov 29 14:33:25 EST 2022
18:25:25.225 [main] INFO org.keysupport.api.pkix.cache.DownloadAndVerifyAllPlaybookCRLs - CRL Entries: 146948
18:25:25.225 [main] INFO org.keysupport.api.pkix.cache.DownloadAndVerifyAllPlaybookCRLs - Found issuer in our intermediate store: OU=OCIO CA,OU=Certification Authorities,OU=Department of the Treasury,O=U.S. Government,C=US
18:25:25.231 [main] INFO org.keysupport.api.pkix.cache.DownloadAndVerifyAllPlaybookCRLs - CRL Signature verified: http://pki.treasury.gov/OCIO_CA4.crl
18:25:25.231 [main] INFO org.keysupport.api.pkix.cache.DownloadAndVerifyAllPlaybookCRLs - Downloading CRL data: http://onsite-crl.pki.digicert.com/USDepartmentofEducationDoEDG4PIV/LatestCRL.crl
18:25:25.741 [main] INFO org.keysupport.api.pkix.cache.DownloadAndVerifyAllPlaybookCRLs - File is 254252 bytes in size
18:25:25.741 [main] INFO org.keysupport.api.pkix.cache.DownloadAndVerifyAllPlaybookCRLs - HTTP fetch time: 510ms
18:25:25.754 [main] INFO org.keysupport.api.pkix.cache.DownloadAndVerifyAllPlaybookCRLs - CRL Issuer: CN=U.S. Department of Education Agency CA - G4,OU=U.S. Department of Education,O=U.S. Government,C=US
18:25:25.754 [main] INFO org.keysupport.api.pkix.cache.DownloadAndVerifyAllPlaybookCRLs - CRL thisUpdate: Tue Nov 29 13:50:26 EST 2022
18:25:25.754 [main] INFO org.keysupport.api.pkix.cache.DownloadAndVerifyAllPlaybookCRLs - CRL nextUpdate: Tue Nov 29 13:50:26 EST 2022
18:25:25.757 [main] INFO org.keysupport.api.pkix.cache.DownloadAndVerifyAllPlaybookCRLs - CRL Entries: 5790
18:25:25.758 [main] INFO org.keysupport.api.pkix.cache.DownloadAndVerifyAllPlaybookCRLs - Found issuer in our intermediate store: CN=U.S. Department of Education Agency CA - G4,OU=U.S. Department of Education,O=U.S. Government,C=US
18:25:25.759 [main] INFO org.keysupport.api.pkix.cache.DownloadAndVerifyAllPlaybookCRLs - CRL Signature verified: http://onsite-crl.pki.digicert.com/USDepartmentofEducationDoEDG4PIV/LatestCRL.crl
18:25:25.759 [main] INFO org.keysupport.api.pkix.cache.DownloadAndVerifyAllPlaybookCRLs - Downloading CRL data: http://crls.pki.state.gov/crls/DoSADPKIPIVCA2.crl
18:25:32.288 [main] INFO org.keysupport.api.pkix.cache.DownloadAndVerifyAllPlaybookCRLs - File is 3946715 bytes in size
18:25:32.288 [main] INFO org.keysupport.api.pkix.cache.DownloadAndVerifyAllPlaybookCRLs - HTTP fetch time: 6529ms
18:25:32.470 [main] INFO org.keysupport.api.pkix.cache.DownloadAndVerifyAllPlaybookCRLs - CRL Issuer: OU=U.S. Department of State PIV CA2,OU=Certification Authorities,OU=PIV,OU=Department of State,O=U.S. Government,C=US
18:25:32.470 [main] INFO org.keysupport.api.pkix.cache.DownloadAndVerifyAllPlaybookCRLs - CRL thisUpdate: Tue Nov 29 10:45:35 EST 2022
18:25:32.470 [main] INFO org.keysupport.api.pkix.cache.DownloadAndVerifyAllPlaybookCRLs - CRL nextUpdate: Tue Nov 29 10:45:35 EST 2022
18:25:32.507 [main] INFO org.keysupport.api.pkix.cache.DownloadAndVerifyAllPlaybookCRLs - CRL Entries: 105275
18:25:32.507 [main] INFO org.keysupport.api.pkix.cache.DownloadAndVerifyAllPlaybookCRLs - Found issuer in our intermediate store: OU=U.S. Department of State PIV CA2,OU=Certification Authorities,OU=PIV,OU=Department of State,O=U.S. Government,C=US
18:25:32.511 [main] INFO org.keysupport.api.pkix.cache.DownloadAndVerifyAllPlaybookCRLs - CRL Signature verified: http://crls.pki.state.gov/crls/DoSADPKIPIVCA2.crl
18:25:32.511 [main] INFO org.keysupport.api.pkix.cache.DownloadAndVerifyAllPlaybookCRLs - Downloading CRL data: http://onsite-crl.pki.digicert.com/USDepartmentofTransportationFAAPIVG4/LatestCRL.crl
18:25:38.394 [main] INFO org.keysupport.api.pkix.cache.DownloadAndVerifyAllPlaybookCRLs - File is 3720570 bytes in size
18:25:38.395 [main] INFO org.keysupport.api.pkix.cache.DownloadAndVerifyAllPlaybookCRLs - HTTP fetch time: 5884ms
18:25:38.495 [main] INFO org.keysupport.api.pkix.cache.DownloadAndVerifyAllPlaybookCRLs - CRL Issuer: CN=U.S. Department of Transportation Agency CA G4,OU=U.S. Department of Transportation,O=U.S. Government,C=US
18:25:38.495 [main] INFO org.keysupport.api.pkix.cache.DownloadAndVerifyAllPlaybookCRLs - CRL thisUpdate: Tue Nov 29 13:50:32 EST 2022
18:25:38.495 [main] INFO org.keysupport.api.pkix.cache.DownloadAndVerifyAllPlaybookCRLs - CRL nextUpdate: Tue Nov 29 13:50:32 EST 2022
18:25:38.529 [main] INFO org.keysupport.api.pkix.cache.DownloadAndVerifyAllPlaybookCRLs - CRL Entries: 93508
18:25:38.530 [main] INFO org.keysupport.api.pkix.cache.DownloadAndVerifyAllPlaybookCRLs - Found issuer in our intermediate store: CN=U.S. Department of Transportation Agency CA G4,OU=U.S. Department of Transportation,O=U.S. Government,C=US
18:25:38.533 [main] INFO org.keysupport.api.pkix.cache.DownloadAndVerifyAllPlaybookCRLs - CRL Signature verified: http://onsite-crl.pki.digicert.com/USDepartmentofTransportationFAAPIVG4/LatestCRL.crl
18:25:38.533 [main] INFO org.keysupport.api.pkix.cache.DownloadAndVerifyAllPlaybookCRLs - Total number of revoked certificates: 7937200
