22:50:04.016 [main] INFO org.keysupport.api.pkix.cache.DownloadAndVerifyAllPlaybookCRLs - CMS object is 239569 bytes in size
22:50:04.025 [main] INFO org.keysupport.api.pkix.cache.DownloadAndVerifyAllPlaybookCRLs - CMS object contains 150 certificates
22:50:04.025 [main] INFO org.keysupport.api.pkix.cache.DownloadAndVerifyAllPlaybookCRLs - CMS Cert: CN=Boeing PCA G3,OU=certservers,O=Boeing,C=US
22:50:04.025 [main] INFO org.keysupport.api.pkix.cache.DownloadAndVerifyAllPlaybookCRLs - CMS Cert: CN=Bureau of the Census Agency CA,OU=Department of Commerce,O=U.S. Government,C=US
22:50:04.025 [main] INFO org.keysupport.api.pkix.cache.DownloadAndVerifyAllPlaybookCRLs - CMS Cert: CN=Carillon Federal Services PIV-I CA1,OU=Certification Authorities,O=Carillon Federal Services Inc.,C=US
22:50:04.025 [main] INFO org.keysupport.api.pkix.cache.DownloadAndVerifyAllPlaybookCRLs - CMS Cert: CN=Carillon Federal Services PIV-I CA2,OU=Certification Authorities,O=Carillon Federal Services Inc.,C=US
22:50:04.026 [main] INFO org.keysupport.api.pkix.cache.DownloadAndVerifyAllPlaybookCRLs - CMS Cert: CN=Carillon PKI Services G2 Root CA 2,OU=Certification Authorities,O=Carillon Information Security Inc.,C=CA
22:50:04.026 [main] INFO org.keysupport.api.pkix.cache.DownloadAndVerifyAllPlaybookCRLs - CMS Cert: CN=CertiPath Bridge CA - G3,OU=Certification Authorities,O=CertiPath,C=US
22:50:04.026 [main] INFO org.keysupport.api.pkix.cache.DownloadAndVerifyAllPlaybookCRLs - CMS Cert: CN=CertiPath Bridge CA - G3,OU=Certification Authorities,O=CertiPath,C=US
22:50:04.026 [main] INFO org.keysupport.api.pkix.cache.DownloadAndVerifyAllPlaybookCRLs - CMS Cert: CN=CertiPath Bridge CA - G3,OU=Certification Authorities,O=CertiPath,C=US
22:50:04.026 [main] INFO org.keysupport.api.pkix.cache.DownloadAndVerifyAllPlaybookCRLs - CMS Cert: CN=CertiPath Bridge CA - G3,OU=Certification Authorities,O=CertiPath,C=US
22:50:04.026 [main] INFO org.keysupport.api.pkix.cache.DownloadAndVerifyAllPlaybookCRLs - CMS Cert: CN=DigiCert Class 3 SSP Intermediate CA - G4,O=DigiCert\, Inc.,C=US
22:50:04.026 [main] INFO org.keysupport.api.pkix.cache.DownloadAndVerifyAllPlaybookCRLs - CMS Cert: CN=DigiCert Federal SSP Intermediate CA - G5,O=DigiCert\, Inc.,C=US
22:50:04.026 [main] INFO org.keysupport.api.pkix.cache.DownloadAndVerifyAllPlaybookCRLs - CMS Cert: CN=DigiCert Federal SSP Intermediate CA - G6,O=DigiCert\, Inc.,C=US
22:50:04.026 [main] INFO org.keysupport.api.pkix.cache.DownloadAndVerifyAllPlaybookCRLs - CMS Cert: CN=DigiCert Federated ID CA - G2,O=DigiCert\, Inc.,C=US
22:50:04.027 [main] INFO org.keysupport.api.pkix.cache.DownloadAndVerifyAllPlaybookCRLs - CMS Cert: CN=DigiCert Federated ID L3 CA,OU=www.digicert.com,O=DigiCert Inc,C=US
22:50:04.027 [main] INFO org.keysupport.api.pkix.cache.DownloadAndVerifyAllPlaybookCRLs - CMS Cert: CN=DocuSign Root CA,OU=TSCP,O=DocuSign Inc.,C=US
22:50:04.027 [main] INFO org.keysupport.api.pkix.cache.DownloadAndVerifyAllPlaybookCRLs - CMS Cert: CN=DOD DERILITY CA-1,OU=PKI,OU=DoD,O=U.S. Government,C=US
22:50:04.027 [main] INFO org.keysupport.api.pkix.cache.DownloadAndVerifyAllPlaybookCRLs - CMS Cert: CN=DOD EMAIL CA-49,OU=PKI,OU=DoD,O=U.S. Government,C=US
22:50:04.027 [main] INFO org.keysupport.api.pkix.cache.DownloadAndVerifyAllPlaybookCRLs - CMS Cert: CN=DOD EMAIL CA-50,OU=PKI,OU=DoD,O=U.S. Government,C=US
22:50:04.027 [main] INFO org.keysupport.api.pkix.cache.DownloadAndVerifyAllPlaybookCRLs - CMS Cert: CN=DOD EMAIL CA-51,OU=PKI,OU=DoD,O=U.S. Government,C=US
22:50:04.027 [main] INFO org.keysupport.api.pkix.cache.DownloadAndVerifyAllPlaybookCRLs - CMS Cert: CN=DOD EMAIL CA-52,OU=PKI,OU=DoD,O=U.S. Government,C=US
22:50:04.027 [main] INFO org.keysupport.api.pkix.cache.DownloadAndVerifyAllPlaybookCRLs - CMS Cert: CN=DOD EMAIL CA-59,OU=PKI,OU=DoD,O=U.S. Government,C=US
22:50:04.027 [main] INFO org.keysupport.api.pkix.cache.DownloadAndVerifyAllPlaybookCRLs - CMS Cert: CN=DOD EMAIL CA-62,OU=PKI,OU=DoD,O=U.S. Government,C=US
22:50:04.027 [main] INFO org.keysupport.api.pkix.cache.DownloadAndVerifyAllPlaybookCRLs - CMS Cert: CN=DOD EMAIL CA-63,OU=PKI,OU=DoD,O=U.S. Government,C=US
22:50:04.027 [main] INFO org.keysupport.api.pkix.cache.DownloadAndVerifyAllPlaybookCRLs - CMS Cert: CN=DOD EMAIL CA-64,OU=PKI,OU=DoD,O=U.S. Government,C=US
22:50:04.028 [main] INFO org.keysupport.api.pkix.cache.DownloadAndVerifyAllPlaybookCRLs - CMS Cert: CN=DOD EMAIL CA-65,OU=PKI,OU=DoD,O=U.S. Government,C=US
22:50:04.028 [main] INFO org.keysupport.api.pkix.cache.DownloadAndVerifyAllPlaybookCRLs - CMS Cert: CN=DOD ID CA-49,OU=PKI,OU=DoD,O=U.S. Government,C=US
22:50:04.028 [main] INFO org.keysupport.api.pkix.cache.DownloadAndVerifyAllPlaybookCRLs - CMS Cert: CN=DOD ID CA-50,OU=PKI,OU=DoD,O=U.S. Government,C=US
22:50:04.028 [main] INFO org.keysupport.api.pkix.cache.DownloadAndVerifyAllPlaybookCRLs - CMS Cert: CN=DOD ID CA-51,OU=PKI,OU=DoD,O=U.S. Government,C=US
22:50:04.028 [main] INFO org.keysupport.api.pkix.cache.DownloadAndVerifyAllPlaybookCRLs - CMS Cert: CN=DOD ID CA-52,OU=PKI,OU=DoD,O=U.S. Government,C=US
22:50:04.028 [main] INFO org.keysupport.api.pkix.cache.DownloadAndVerifyAllPlaybookCRLs - CMS Cert: CN=DOD ID CA-59,OU=PKI,OU=DoD,O=U.S. Government,C=US
22:50:04.028 [main] INFO org.keysupport.api.pkix.cache.DownloadAndVerifyAllPlaybookCRLs - CMS Cert: CN=DOD ID CA-62,OU=PKI,OU=DoD,O=U.S. Government,C=US
22:50:04.028 [main] INFO org.keysupport.api.pkix.cache.DownloadAndVerifyAllPlaybookCRLs - CMS Cert: CN=DOD ID CA-63,OU=PKI,OU=DoD,O=U.S. Government,C=US
22:50:04.028 [main] INFO org.keysupport.api.pkix.cache.DownloadAndVerifyAllPlaybookCRLs - CMS Cert: CN=DOD ID CA-64,OU=PKI,OU=DoD,O=U.S. Government,C=US
22:50:04.028 [main] INFO org.keysupport.api.pkix.cache.DownloadAndVerifyAllPlaybookCRLs - CMS Cert: CN=DOD ID CA-65,OU=PKI,OU=DoD,O=U.S. Government,C=US
22:50:04.028 [main] INFO org.keysupport.api.pkix.cache.DownloadAndVerifyAllPlaybookCRLs - CMS Cert: CN=DoD Interoperability Root CA 2,OU=PKI,OU=DoD,O=U.S. Government,C=US
22:50:04.028 [main] INFO org.keysupport.api.pkix.cache.DownloadAndVerifyAllPlaybookCRLs - CMS Cert: CN=DoD Root CA 3,OU=PKI,OU=DoD,O=U.S. Government,C=US
22:50:04.029 [main] INFO org.keysupport.api.pkix.cache.DownloadAndVerifyAllPlaybookCRLs - CMS Cert: CN=DOD SW CA-53,OU=PKI,OU=DoD,O=U.S. Government,C=US
22:50:04.029 [main] INFO org.keysupport.api.pkix.cache.DownloadAndVerifyAllPlaybookCRLs - CMS Cert: CN=DOD SW CA-54,OU=PKI,OU=DoD,O=U.S. Government,C=US
22:50:04.029 [main] INFO org.keysupport.api.pkix.cache.DownloadAndVerifyAllPlaybookCRLs - CMS Cert: CN=DOD SW CA-60,OU=PKI,OU=DoD,O=U.S. Government,C=US
22:50:04.029 [main] INFO org.keysupport.api.pkix.cache.DownloadAndVerifyAllPlaybookCRLs - CMS Cert: CN=DOD SW CA-66,OU=PKI,OU=DoD,O=U.S. Government,C=US
22:50:04.029 [main] INFO org.keysupport.api.pkix.cache.DownloadAndVerifyAllPlaybookCRLs - CMS Cert: CN=DOD SW CA-67,OU=PKI,OU=DoD,O=U.S. Government,C=US
22:50:04.029 [main] INFO org.keysupport.api.pkix.cache.DownloadAndVerifyAllPlaybookCRLs - CMS Cert: CN=DOE SSP CA,OU=Certification Authorities,OU=Department of Energy,O=U.S. Government,C=US
22:50:04.029 [main] INFO org.keysupport.api.pkix.cache.DownloadAndVerifyAllPlaybookCRLs - CMS Cert: CN=ECA Root CA 4,OU=ECA,O=U.S. Government,C=US
22:50:04.029 [main] INFO org.keysupport.api.pkix.cache.DownloadAndVerifyAllPlaybookCRLs - CMS Cert: CN=Eid Passport LRA 2 CA,OU=Eid Passport PIV-I LRA Network,O=Eid Passport\, Inc.,C=US
22:50:04.029 [main] INFO org.keysupport.api.pkix.cache.DownloadAndVerifyAllPlaybookCRLs - CMS Cert: CN=Eid Passport LRA CA 3,OU=RAPIDGate PIV Interoperable LRA,O=Eid Passport\, Inc.,C=US
22:50:04.030 [main] INFO org.keysupport.api.pkix.cache.DownloadAndVerifyAllPlaybookCRLs - CMS Cert: CN=Entrust Derived Credential SSP CA,OU=Certification Authorities,O=Entrust,C=US
22:50:04.030 [main] INFO org.keysupport.api.pkix.cache.DownloadAndVerifyAllPlaybookCRLs - CMS Cert: CN=Entrust Derived Credential SSP CA,OU=Certification Authorities,O=Entrust,C=US
22:50:04.030 [main] INFO org.keysupport.api.pkix.cache.DownloadAndVerifyAllPlaybookCRLs - CMS Cert: CN=Exostar Digital Certificate Service Signing CA 1,O=Exostar UK Limited,C=GB
22:50:04.030 [main] INFO org.keysupport.api.pkix.cache.DownloadAndVerifyAllPlaybookCRLs - CMS Cert: CN=Exostar Federated Identity Service Root CA 2,OU=Certification Authorities,O=Exostar LLC,C=US
22:50:04.030 [main] INFO org.keysupport.api.pkix.cache.DownloadAndVerifyAllPlaybookCRLs - CMS Cert: CN=Exostar Federated Identity Service Signing CA 3,DC=evincible,DC=com
22:50:04.030 [main] INFO org.keysupport.api.pkix.cache.DownloadAndVerifyAllPlaybookCRLs - CMS Cert: CN=Exostar Federated Identity Service Signing CA 4,DC=evincible,DC=com
22:50:04.030 [main] INFO org.keysupport.api.pkix.cache.DownloadAndVerifyAllPlaybookCRLs - CMS Cert: CN=Federal Bridge CA G4,OU=FPKI,O=U.S. Government,C=US
22:50:04.030 [main] INFO org.keysupport.api.pkix.cache.DownloadAndVerifyAllPlaybookCRLs - CMS Cert: CN=Federal Bridge CA G4,OU=FPKI,O=U.S. Government,C=US
22:50:04.030 [main] INFO org.keysupport.api.pkix.cache.DownloadAndVerifyAllPlaybookCRLs - CMS Cert: CN=Federal Bridge CA G4,OU=FPKI,O=U.S. Government,C=US
22:50:04.030 [main] INFO org.keysupport.api.pkix.cache.DownloadAndVerifyAllPlaybookCRLs - CMS Cert: CN=Federal Bridge CA G4,OU=FPKI,O=U.S. Government,C=US
22:50:04.031 [main] INFO org.keysupport.api.pkix.cache.DownloadAndVerifyAllPlaybookCRLs - CMS Cert: CN=Federal Bridge CA G4,OU=FPKI,O=U.S. Government,C=US
22:50:04.031 [main] INFO org.keysupport.api.pkix.cache.DownloadAndVerifyAllPlaybookCRLs - CMS Cert: CN=Federal Bridge CA G4,OU=FPKI,O=U.S. Government,C=US
22:50:04.031 [main] INFO org.keysupport.api.pkix.cache.DownloadAndVerifyAllPlaybookCRLs - CMS Cert: CN=Federal Common Policy CA G2,OU=FPKI,O=U.S. Government,C=US
22:50:04.031 [main] INFO org.keysupport.api.pkix.cache.DownloadAndVerifyAllPlaybookCRLs - CMS Cert: CN=Federal Common Policy CA G2,OU=FPKI,O=U.S. Government,C=US
22:50:04.031 [main] INFO org.keysupport.api.pkix.cache.DownloadAndVerifyAllPlaybookCRLs - CMS Cert: CN=FTI Certification Authority,OU=FTI PKI Trust Infrastructure,O=Foundation for Trusted Identity,C=US
22:50:04.031 [main] INFO org.keysupport.api.pkix.cache.DownloadAndVerifyAllPlaybookCRLs - CMS Cert: CN=HHS-FPKI-Intermediate-CA-E1,OU=Certification Authorities,OU=HHS,O=U.S. Government,C=US
22:50:04.031 [main] INFO org.keysupport.api.pkix.cache.DownloadAndVerifyAllPlaybookCRLs - CMS Cert: CN=HHS-FPKI-Intermediate-CA-E1,OU=Certification Authorities,OU=HHS,O=U.S. Government,C=US
22:50:04.031 [main] INFO org.keysupport.api.pkix.cache.DownloadAndVerifyAllPlaybookCRLs - CMS Cert: CN=IdenTrust ECA Component S23,OU=Certification Authorities,OU=ECA,O=U.S. Government,C=US
22:50:04.031 [main] INFO org.keysupport.api.pkix.cache.DownloadAndVerifyAllPlaybookCRLs - CMS Cert: CN=IdenTrust ECA S22,OU=Certification Authorities,OU=ECA,O=U.S. Government,C=US
22:50:04.032 [main] INFO org.keysupport.api.pkix.cache.DownloadAndVerifyAllPlaybookCRLs - CMS Cert: CN=IdenTrust ECA S22C,OU=Certification Authorities,OU=ECA,O=U.S. Government,C=US
22:50:04.032 [main] INFO org.keysupport.api.pkix.cache.DownloadAndVerifyAllPlaybookCRLs - CMS Cert: CN=IdenTrust ECA S23,OU=Certification Authorities,OU=ECA,O=U.S. Government,C=US
22:50:04.032 [main] INFO org.keysupport.api.pkix.cache.DownloadAndVerifyAllPlaybookCRLs - CMS Cert: CN=IdenTrust Global Common Root CA 1,O=IdenTrust,C=US
22:50:04.032 [main] INFO org.keysupport.api.pkix.cache.DownloadAndVerifyAllPlaybookCRLs - CMS Cert: CN=IGC CA 1,OU=IdenTrust Global Common,O=IdenTrust,C=US
22:50:04.032 [main] INFO org.keysupport.api.pkix.cache.DownloadAndVerifyAllPlaybookCRLs - CMS Cert: CN=IGC Device CA 1,OU=IdenTrust Global Common,O=IdenTrust,C=US
22:50:04.032 [main] INFO org.keysupport.api.pkix.cache.DownloadAndVerifyAllPlaybookCRLs - CMS Cert: CN=IGC Device CA 2,OU=IdenTrust Global Common,O=IdenTrust,C=US
22:50:04.032 [main] INFO org.keysupport.api.pkix.cache.DownloadAndVerifyAllPlaybookCRLs - CMS Cert: CN=IGC Server CA 1,OU=IdenTrust Global Common,O=IdenTrust,C=US
22:50:04.032 [main] INFO org.keysupport.api.pkix.cache.DownloadAndVerifyAllPlaybookCRLs - CMS Cert: CN=Leidos FBCA Cloud PKI CA-1,O=Leidos
22:50:04.032 [main] INFO org.keysupport.api.pkix.cache.DownloadAndVerifyAllPlaybookCRLs - CMS Cert: CN=Lockheed Martin Certification Authority 4 G2,OU=Certification Authorities,O=Lockheed Martin Corporation,C=US
22:50:04.032 [main] INFO org.keysupport.api.pkix.cache.DownloadAndVerifyAllPlaybookCRLs - CMS Cert: CN=Lockheed Martin Root Certification Authority 2,OU=Certification Authorities,O=Lockheed Martin Corporation,L=Denver,ST=Colorado,C=US
22:50:04.032 [main] INFO org.keysupport.api.pkix.cache.DownloadAndVerifyAllPlaybookCRLs - CMS Cert: CN=Ministerie van Defensie PKIoverheid Organisatie Persoon CA - G3,2.5.4.97=#0c0e4e54524e4c2d3237333730393835,O=Ministerie van Defensie,C=NL
22:50:04.032 [main] INFO org.keysupport.api.pkix.cache.DownloadAndVerifyAllPlaybookCRLs - CMS Cert: CN=Naval Reactors SSP Agency CA G3,OU=U.S. Department of Energy,O=U.S. Government,C=US
22:50:04.032 [main] INFO org.keysupport.api.pkix.cache.DownloadAndVerifyAllPlaybookCRLs - CMS Cert: CN=Naval Reactors SSP Device CA G3,OU=U.S. Department of Energy,O=U.S. Government,C=US
22:50:04.032 [main] INFO org.keysupport.api.pkix.cache.DownloadAndVerifyAllPlaybookCRLs - CMS Cert: CN=Northrop Grumman Corporate Root CA-G2,OU=Northrop Grumman Information Technology,O=Northrop Grumman Corporation,C=US
22:50:04.033 [main] INFO org.keysupport.api.pkix.cache.DownloadAndVerifyAllPlaybookCRLs - CMS Cert: CN=Northrop Grumman Corporate Signing CA-G2,OU=Northrop Grumman Information Technology,O=Northrop Grumman Corporation,C=US
22:50:04.033 [main] INFO org.keysupport.api.pkix.cache.DownloadAndVerifyAllPlaybookCRLs - CMS Cert: CN=NRC PROD G6 Fed SSP CA,OU=U.S. Nuclear Regulatory Commission,O=U.S. Government,C=US
22:50:04.033 [main] INFO org.keysupport.api.pkix.cache.DownloadAndVerifyAllPlaybookCRLs - CMS Cert: CN=NRC SSP Agency CA G3,OU=U.S. Nuclear Regulatory Commission,O=U.S. Government,C=US
22:50:04.033 [main] INFO org.keysupport.api.pkix.cache.DownloadAndVerifyAllPlaybookCRLs - CMS Cert: CN=NRC SSP Agency CA G4,OU=U.S. Nuclear Regulatory Commission,O=U.S. Government,C=US
22:50:04.033 [main] INFO org.keysupport.api.pkix.cache.DownloadAndVerifyAllPlaybookCRLs - CMS Cert: CN=NRC SSP Device CA G3,OU=U.S. Nuclear Regulatory Commission,O=U.S. Government,C=US
22:50:04.033 [main] INFO org.keysupport.api.pkix.cache.DownloadAndVerifyAllPlaybookCRLs - CMS Cert: CN=NRC SSP Device CA G4,OU=U.S. Nuclear Regulatory Commission,O=U.S. Government,C=US
22:50:04.033 [main] INFO org.keysupport.api.pkix.cache.DownloadAndVerifyAllPlaybookCRLs - CMS Cert: CN=ORC NFI CA 3,O=ORC PKI,C=US
22:50:04.033 [main] INFO org.keysupport.api.pkix.cache.DownloadAndVerifyAllPlaybookCRLs - CMS Cert: CN=ORC SSP 4,O=ORC PKI,C=US
22:50:04.033 [main] INFO org.keysupport.api.pkix.cache.DownloadAndVerifyAllPlaybookCRLs - CMS Cert: CN=Raytheon Class 3 MASCA,OU=Class3-g2,O=cas,DC=raytheon,DC=com
22:50:04.033 [main] INFO org.keysupport.api.pkix.cache.DownloadAndVerifyAllPlaybookCRLs - CMS Cert: CN=Raytheon Technologies Medium Assurance CA,OU=Class3-G3,O=CAs,DC=rtx,DC=com
22:50:04.033 [main] INFO org.keysupport.api.pkix.cache.DownloadAndVerifyAllPlaybookCRLs - CMS Cert: CN=SAFE Identity Bridge CA,OU=Certification Authorities,O=SAFE Identity,C=US
22:50:04.033 [main] INFO org.keysupport.api.pkix.cache.DownloadAndVerifyAllPlaybookCRLs - CMS Cert: CN=SAIC FBCA Cloud PKI CA 1,OU=IdenTrust Global Common,O=SAIC LLC,C=US
22:50:04.033 [main] INFO org.keysupport.api.pkix.cache.DownloadAndVerifyAllPlaybookCRLs - CMS Cert: CN=Senate PIV-I CA G4,OU=Office of the Sergeant at Arms,OU=U.S. Senate,O=U.S. Government,C=US
22:50:04.033 [main] INFO org.keysupport.api.pkix.cache.DownloadAndVerifyAllPlaybookCRLs - CMS Cert: CN=Senate PIV-I CA G5 PROD,OU=Office of the Sergeant at Arms,OU=U.S. Senate,O=U.S. Government,C=US
22:50:04.034 [main] INFO org.keysupport.api.pkix.cache.DownloadAndVerifyAllPlaybookCRLs - CMS Cert: CN=Senate PIV-I Device CA G4,OU=Office of the Sergeant at Arms,OU=U.S. Senate,O=U.S. Government,C=US
22:50:04.034 [main] INFO org.keysupport.api.pkix.cache.DownloadAndVerifyAllPlaybookCRLs - CMS Cert: CN=Senate PIV-I Device CA G5 PROD,OU=Office of the Sergeant at Arms,OU=U.S. Senate,O=U.S. Government,C=US
22:50:04.034 [main] INFO org.keysupport.api.pkix.cache.DownloadAndVerifyAllPlaybookCRLs - CMS Cert: CN=STRAC Bridge Root Certification Authority,OU=STRAC PKI Trust Infrastructure,O=STRAC,C=US
22:50:04.034 [main] INFO org.keysupport.api.pkix.cache.DownloadAndVerifyAllPlaybookCRLs - CMS Cert: CN=STRAC Bridge Root Certification Authority,OU=STRAC PKI Trust Infrastructure,O=STRAC,C=US
22:50:04.034 [main] INFO org.keysupport.api.pkix.cache.DownloadAndVerifyAllPlaybookCRLs - CMS Cert: CN=SureID Inc. CA1,OU=SureID PIV-I,O=SureID\, Inc.,C=US
22:50:04.034 [main] INFO org.keysupport.api.pkix.cache.DownloadAndVerifyAllPlaybookCRLs - CMS Cert: CN=SureID Inc. Device CA2,O=SureID\, Inc.,C=US
22:50:04.034 [main] INFO org.keysupport.api.pkix.cache.DownloadAndVerifyAllPlaybookCRLs - CMS Cert: CN=Symantec Class 3 SSP Intermediate CA - G3,OU=Symantec Trust Network,O=Symantec Corporation,C=US
22:50:04.034 [main] INFO org.keysupport.api.pkix.cache.DownloadAndVerifyAllPlaybookCRLs - CMS Cert: CN=Symantec SSP Intermediate CA - G4,O=Symantec Corporation,C=US
22:50:04.034 [main] INFO org.keysupport.api.pkix.cache.DownloadAndVerifyAllPlaybookCRLs - CMS Cert: CN=TSCP SHA256 Bridge CA,OU=CAs,O=TSCP Inc.,C=US
22:50:04.034 [main] INFO org.keysupport.api.pkix.cache.DownloadAndVerifyAllPlaybookCRLs - CMS Cert: CN=U.S. Department of Education Agency CA - G4,OU=U.S. Department of Education,O=U.S. Government,C=US
22:50:04.034 [main] INFO org.keysupport.api.pkix.cache.DownloadAndVerifyAllPlaybookCRLs - CMS Cert: CN=U.S. Department of Education Agency CA - G5,OU=U.S. Department of Education,O=U.S. Government,C=US
22:50:04.034 [main] INFO org.keysupport.api.pkix.cache.DownloadAndVerifyAllPlaybookCRLs - CMS Cert: CN=U.S. Department of Education Device CA - G4,OU=U.S. Department of Education,O=U.S. Government,C=US
22:50:04.034 [main] INFO org.keysupport.api.pkix.cache.DownloadAndVerifyAllPlaybookCRLs - CMS Cert: CN=U.S. Department of Education Device CA - G5,OU=U.S. Department of Education,O=U.S. Government,C=US
22:50:04.035 [main] INFO org.keysupport.api.pkix.cache.DownloadAndVerifyAllPlaybookCRLs - CMS Cert: CN=U.S. Department of State AD High Assurance CA,CN=AIA,CN=Public Key Services,CN=Services,CN=Configuration,DC=state,DC=sbu
22:50:04.035 [main] INFO org.keysupport.api.pkix.cache.DownloadAndVerifyAllPlaybookCRLs - CMS Cert: CN=U.S. Department of State AD Root CA,CN=AIA,CN=Public Key Services,CN=Services,CN=Configuration,DC=state,DC=sbu
22:50:04.035 [main] INFO org.keysupport.api.pkix.cache.DownloadAndVerifyAllPlaybookCRLs - CMS Cert: CN=U.S. Department of State AD Root CA,CN=AIA,CN=Public Key Services,CN=Services,CN=Configuration,DC=state,DC=sbu
22:50:04.035 [main] INFO org.keysupport.api.pkix.cache.DownloadAndVerifyAllPlaybookCRLs - CMS Cert: CN=U.S. Department of Transportation Agency CA G4,OU=U.S. Department of Transportation,O=U.S. Government,C=US
22:50:04.035 [main] INFO org.keysupport.api.pkix.cache.DownloadAndVerifyAllPlaybookCRLs - CMS Cert: CN=U.S. Department of Transportation Agency CA G5,OU=U.S. Department of Transportation,O=U.S. Government,C=US
22:50:04.035 [main] INFO org.keysupport.api.pkix.cache.DownloadAndVerifyAllPlaybookCRLs - CMS Cert: CN=U.S. Department of Transportation Device CA G4,OU=U.S. Department of Transportation,O=U.S. Government,C=US
22:50:04.035 [main] INFO org.keysupport.api.pkix.cache.DownloadAndVerifyAllPlaybookCRLs - CMS Cert: CN=U.S. Department of Transportation Device CA G5,OU=U.S. Department of Transportation,O=U.S. Government,C=US
22:50:04.035 [main] INFO org.keysupport.api.pkix.cache.DownloadAndVerifyAllPlaybookCRLs - CMS Cert: CN=USPTO_INTR_CA1,CN=AIA,CN=Public Key Services,CN=Services,CN=Configuration,DC=uspto,DC=gov
22:50:04.035 [main] INFO org.keysupport.api.pkix.cache.DownloadAndVerifyAllPlaybookCRLs - CMS Cert: CN=USPTO_INTR_CA1,CN=AIA,CN=Public Key Services,CN=Services,CN=Configuration,DC=uspto,DC=gov
22:50:04.035 [main] INFO org.keysupport.api.pkix.cache.DownloadAndVerifyAllPlaybookCRLs - CMS Cert: CN=USPTO_INTR_CA1,CN=AIA,CN=Public Key Services,CN=Services,CN=Configuration,DC=uspto,DC=gov
22:50:04.035 [main] INFO org.keysupport.api.pkix.cache.DownloadAndVerifyAllPlaybookCRLs - CMS Cert: CN=Verizon SSP CA A2,OU=SSP,O=Verizon,C=US
22:50:04.035 [main] INFO org.keysupport.api.pkix.cache.DownloadAndVerifyAllPlaybookCRLs - CMS Cert: CN=Veterans Affairs CA B3,OU=PKI,OU=Services,DC=va,DC=gov
22:50:04.035 [main] INFO org.keysupport.api.pkix.cache.DownloadAndVerifyAllPlaybookCRLs - CMS Cert: CN=Veterans Affairs User CA B1,OU=PKI,OU=Services,DC=va,DC=gov
22:50:04.035 [main] INFO org.keysupport.api.pkix.cache.DownloadAndVerifyAllPlaybookCRLs - CMS Cert: CN=WidePoint ECA 8,OU=Certification Authorities,OU=ECA,O=U.S. Government,C=US
22:50:04.036 [main] INFO org.keysupport.api.pkix.cache.DownloadAndVerifyAllPlaybookCRLs - CMS Cert: CN=WidePoint NFI CA 5,O=ORC PKI,C=US
22:50:04.036 [main] INFO org.keysupport.api.pkix.cache.DownloadAndVerifyAllPlaybookCRLs - CMS Cert: CN=WidePoint NFI CA 6,O=ORC PKI,C=US
22:50:04.036 [main] INFO org.keysupport.api.pkix.cache.DownloadAndVerifyAllPlaybookCRLs - CMS Cert: CN=WidePoint NFI Root 2,OU=Certification Authorities,O=WidePoint,C=US
22:50:04.036 [main] INFO org.keysupport.api.pkix.cache.DownloadAndVerifyAllPlaybookCRLs - CMS Cert: CN=WidePoint ORC ECA 7,OU=Certification Authorities,OU=ECA,O=U.S. Government,C=US
22:50:04.036 [main] INFO org.keysupport.api.pkix.cache.DownloadAndVerifyAllPlaybookCRLs - CMS Cert: CN=WidePoint ORC NFI 4,OU=Certification Authorities,O=WidePoint,C=US
22:50:04.036 [main] INFO org.keysupport.api.pkix.cache.DownloadAndVerifyAllPlaybookCRLs - CMS Cert: CN=WidePoint ORC SSP 5,O=ORC PKI,C=US
22:50:04.036 [main] INFO org.keysupport.api.pkix.cache.DownloadAndVerifyAllPlaybookCRLs - CMS Cert: OU=Department of Veterans Affairs CA,OU=Certification Authorities,OU=Department of Veterans Affairs,O=U.S. Government,C=US
22:50:04.036 [main] INFO org.keysupport.api.pkix.cache.DownloadAndVerifyAllPlaybookCRLs - CMS Cert: OU=Department of Veterans Affairs CA,OU=Certification Authorities,OU=Department of Veterans Affairs,O=U.S. Government,C=US
22:50:04.036 [main] INFO org.keysupport.api.pkix.cache.DownloadAndVerifyAllPlaybookCRLs - CMS Cert: OU=DHS CA4,OU=Certification Authorities,OU=Department of Homeland Security,O=U.S. Government,C=US
22:50:04.036 [main] INFO org.keysupport.api.pkix.cache.DownloadAndVerifyAllPlaybookCRLs - CMS Cert: OU=DHS CA4,OU=Certification Authorities,OU=Department of Homeland Security,O=U.S. Government,C=US
22:50:04.036 [main] INFO org.keysupport.api.pkix.cache.DownloadAndVerifyAllPlaybookCRLs - CMS Cert: OU=Entrust Managed Services NFI Root CA,OU=Certification Authorities,O=Entrust,C=US
22:50:04.036 [main] INFO org.keysupport.api.pkix.cache.DownloadAndVerifyAllPlaybookCRLs - CMS Cert: OU=Entrust Managed Services NFI Root CA,OU=Certification Authorities,O=Entrust,C=US
22:50:04.036 [main] INFO org.keysupport.api.pkix.cache.DownloadAndVerifyAllPlaybookCRLs - CMS Cert: OU=Entrust Managed Services Root CA,OU=Certification Authorities,O=Entrust,C=US
22:50:04.036 [main] INFO org.keysupport.api.pkix.cache.DownloadAndVerifyAllPlaybookCRLs - CMS Cert: OU=Entrust Managed Services Root CA,OU=Certification Authorities,O=Entrust,C=US
22:50:04.037 [main] INFO org.keysupport.api.pkix.cache.DownloadAndVerifyAllPlaybookCRLs - CMS Cert: OU=Entrust Managed Services SSP CA,OU=Certification Authorities,O=Entrust,C=US
22:50:04.037 [main] INFO org.keysupport.api.pkix.cache.DownloadAndVerifyAllPlaybookCRLs - CMS Cert: OU=Entrust Managed Services SSP CA,OU=Certification Authorities,O=Entrust,C=US
22:50:04.037 [main] INFO org.keysupport.api.pkix.cache.DownloadAndVerifyAllPlaybookCRLs - CMS Cert: OU=Entrust NFI Medium Assurance SSP CA,OU=Certification Authorities,O=Entrust,C=US
22:50:04.037 [main] INFO org.keysupport.api.pkix.cache.DownloadAndVerifyAllPlaybookCRLs - CMS Cert: OU=Entrust NFI Medium Assurance SSP CA,OU=Certification Authorities,O=Entrust,C=US
22:50:04.037 [main] INFO org.keysupport.api.pkix.cache.DownloadAndVerifyAllPlaybookCRLs - CMS Cert: OU=Fiscal Service,OU=Department of the Treasury,O=U.S. Government,C=US
22:50:04.037 [main] INFO org.keysupport.api.pkix.cache.DownloadAndVerifyAllPlaybookCRLs - CMS Cert: OU=GPO PCA,OU=Certification Authorities,OU=Government Printing Office,O=U.S. Government,C=US
22:50:04.037 [main] INFO org.keysupport.api.pkix.cache.DownloadAndVerifyAllPlaybookCRLs - CMS Cert: OU=GPO SCA,OU=Certification Authorities,OU=Government Printing Office,O=U.S. Government,C=US
22:50:04.037 [main] INFO org.keysupport.api.pkix.cache.DownloadAndVerifyAllPlaybookCRLs - CMS Cert: OU=NASA Operational CA,OU=Certification Authorities,OU=NASA,O=U.S. Government,C=US
22:50:04.037 [main] INFO org.keysupport.api.pkix.cache.DownloadAndVerifyAllPlaybookCRLs - CMS Cert: OU=NASA Operational CA,OU=Certification Authorities,OU=NASA,O=U.S. Government,C=US
22:50:04.037 [main] INFO org.keysupport.api.pkix.cache.DownloadAndVerifyAllPlaybookCRLs - CMS Cert: OU=OCIO CA,OU=Certification Authorities,OU=Department of the Treasury,O=U.S. Government,C=US
22:50:04.037 [main] INFO org.keysupport.api.pkix.cache.DownloadAndVerifyAllPlaybookCRLs - CMS Cert: OU=OCIO CA,OU=Certification Authorities,OU=Department of the Treasury,O=U.S. Government,C=US
22:50:04.037 [main] INFO org.keysupport.api.pkix.cache.DownloadAndVerifyAllPlaybookCRLs - CMS Cert: OU=Social Security Administration Certification Authority,OU=SSA,O=U.S. Government,C=US
22:50:04.037 [main] INFO org.keysupport.api.pkix.cache.DownloadAndVerifyAllPlaybookCRLs - CMS Cert: OU=Social Security Administration Certification Authority,OU=SSA,O=U.S. Government,C=US
22:50:04.037 [main] INFO org.keysupport.api.pkix.cache.DownloadAndVerifyAllPlaybookCRLs - CMS Cert: OU=U.S. Department of State PIV CA2,OU=Certification Authorities,OU=PIV,OU=Department of State,O=U.S. Government,C=US
22:50:04.037 [main] INFO org.keysupport.api.pkix.cache.DownloadAndVerifyAllPlaybookCRLs - CMS Cert: OU=U.S. Department of State PIV CA2,OU=Certification Authorities,OU=PIV,OU=Department of State,O=U.S. Government,C=US
22:50:04.037 [main] INFO org.keysupport.api.pkix.cache.DownloadAndVerifyAllPlaybookCRLs - CMS Cert: OU=US Treasury Root CA,OU=Certification Authorities,OU=Department of the Treasury,O=U.S. Government,C=US
22:50:04.037 [main] INFO org.keysupport.api.pkix.cache.DownloadAndVerifyAllPlaybookCRLs - CMS Cert: OU=US Treasury Root CA,OU=Certification Authorities,OU=Department of the Treasury,O=U.S. Government,C=US
22:50:04.145 [main] INFO org.keysupport.api.pkix.cache.DownloadAndVerifyAllPlaybookCRLs - File is 29546 bytes in size
22:50:04.219 [main] INFO org.keysupport.api.pkix.cache.DownloadAndVerifyAllPlaybookCRLs - Downloading CRL data: http://pub.carillonfedserv.com/CRL/CFSCA1.crl
22:50:04.505 [main] INFO org.keysupport.api.pkix.cache.DownloadAndVerifyAllPlaybookCRLs - HTTP fetch time: 285ms
22:50:04.505 [main] INFO org.keysupport.api.pkix.cache.DownloadAndVerifyAllPlaybookCRLs - File is 65571 bytes in size
22:50:04.506 [main] INFO org.keysupport.api.pkix.cache.DownloadAndVerifyAllPlaybookCRLs - CRL Issuer: CN=Carillon Federal Services PIV-I CA1,OU=Certification Authorities,O=Carillon Federal Services Inc.,C=US
22:50:04.527 [main] INFO org.keysupport.api.pkix.cache.DownloadAndVerifyAllPlaybookCRLs - CRL thisUpdate: Tue Nov 29 18:00:01 EST 2022
22:50:04.527 [main] INFO org.keysupport.api.pkix.cache.DownloadAndVerifyAllPlaybookCRLs - CRL nextUpdate: Tue Nov 29 18:00:01 EST 2022
22:50:04.531 [main] INFO org.keysupport.api.pkix.cache.DownloadAndVerifyAllPlaybookCRLs - CRL Entries: 1630
22:50:04.672 [main] INFO org.keysupport.api.pkix.cache.DownloadAndVerifyAllPlaybookCRLs - Found issuer in our intermediate store: CN=Carillon Federal Services PIV-I CA1,OU=Certification Authorities,O=Carillon Federal Services Inc.,C=US
22:50:04.673 [main] INFO org.keysupport.api.pkix.cache.DownloadAndVerifyAllPlaybookCRLs - CRL Signature verified: http://pub.carillonfedserv.com/CRL/CFSCA1.crl
22:50:04.673 [main] INFO org.keysupport.api.pkix.cache.DownloadAndVerifyAllPlaybookCRLs - Downloading CRL data: http://pub.carillonfedserv.com/CRL/CFSCA2.crl
22:50:04.755 [main] INFO org.keysupport.api.pkix.cache.DownloadAndVerifyAllPlaybookCRLs - HTTP fetch time: 82ms
22:50:04.755 [main] INFO org.keysupport.api.pkix.cache.DownloadAndVerifyAllPlaybookCRLs - File is 1264 bytes in size
22:50:04.755 [main] INFO org.keysupport.api.pkix.cache.DownloadAndVerifyAllPlaybookCRLs - CRL Issuer: CN=Carillon Federal Services PIV-I CA2,OU=Certification Authorities,O=Carillon Federal Services Inc.,C=US
22:50:04.755 [main] INFO org.keysupport.api.pkix.cache.DownloadAndVerifyAllPlaybookCRLs - CRL thisUpdate: Tue Nov 29 18:00:01 EST 2022
22:50:04.755 [main] INFO org.keysupport.api.pkix.cache.DownloadAndVerifyAllPlaybookCRLs - CRL nextUpdate: Tue Nov 29 18:00:01 EST 2022
22:50:04.755 [main] INFO org.keysupport.api.pkix.cache.DownloadAndVerifyAllPlaybookCRLs - CRL Entries: 12
22:50:04.757 [main] INFO org.keysupport.api.pkix.cache.DownloadAndVerifyAllPlaybookCRLs - Found issuer in our intermediate store: CN=Carillon Federal Services PIV-I CA2,OU=Certification Authorities,O=Carillon Federal Services Inc.,C=US
22:50:04.760 [main] INFO org.keysupport.api.pkix.cache.DownloadAndVerifyAllPlaybookCRLs - CRL Signature verified: http://pub.carillonfedserv.com/CRL/CFSCA2.crl
22:50:04.760 [main] INFO org.keysupport.api.pkix.cache.DownloadAndVerifyAllPlaybookCRLs - Downloading CRL data: http://pki.treas.gov/VA_CA2.crl
22:50:06.319 [main] INFO org.keysupport.api.pkix.cache.DownloadAndVerifyAllPlaybookCRLs - HTTP fetch time: 1559ms
22:50:06.322 [main] INFO org.keysupport.api.pkix.cache.DownloadAndVerifyAllPlaybookCRLs - File is 5329892 bytes in size
22:50:06.322 [main] INFO org.keysupport.api.pkix.cache.DownloadAndVerifyAllPlaybookCRLs - CRL Issuer: OU=Department of Veterans Affairs CA,OU=Certification Authorities,OU=Department of Veterans Affairs,O=U.S. Government,C=US
22:50:06.322 [main] INFO org.keysupport.api.pkix.cache.DownloadAndVerifyAllPlaybookCRLs - CRL thisUpdate: Tue Nov 29 22:44:49 EST 2022
22:50:06.322 [main] INFO org.keysupport.api.pkix.cache.DownloadAndVerifyAllPlaybookCRLs - CRL nextUpdate: Tue Nov 29 22:44:49 EST 2022
22:50:06.409 [main] INFO org.keysupport.api.pkix.cache.DownloadAndVerifyAllPlaybookCRLs - CRL Entries: 231084
22:50:06.410 [main] INFO org.keysupport.api.pkix.cache.DownloadAndVerifyAllPlaybookCRLs - Found issuer in our intermediate store: OU=Department of Veterans Affairs CA,OU=Certification Authorities,OU=Department of Veterans Affairs,O=U.S. Government,C=US
22:50:06.417 [main] INFO org.keysupport.api.pkix.cache.DownloadAndVerifyAllPlaybookCRLs - CRL Signature verified: http://pki.treas.gov/VA_CA2.crl
22:50:06.417 [main] INFO org.keysupport.api.pkix.cache.DownloadAndVerifyAllPlaybookCRLs - Downloading CRL data: http://pki.treas.gov/DHS_CA3.crl
22:50:12.319 [main] INFO org.keysupport.api.pkix.cache.DownloadAndVerifyAllPlaybookCRLs - HTTP fetch time: 5902ms
22:50:12.347 [main] INFO org.keysupport.api.pkix.cache.DownloadAndVerifyAllPlaybookCRLs - File is 16592019 bytes in size
22:50:12.347 [main] INFO org.keysupport.api.pkix.cache.DownloadAndVerifyAllPlaybookCRLs - CRL Issuer: OU=DHS CA4,OU=Certification Authorities,OU=Department of Homeland Security,O=U.S. Government,C=US
22:50:12.348 [main] INFO org.keysupport.api.pkix.cache.DownloadAndVerifyAllPlaybookCRLs - CRL thisUpdate: Tue Nov 29 18:12:15 EST 2022
22:50:12.348 [main] INFO org.keysupport.api.pkix.cache.DownloadAndVerifyAllPlaybookCRLs - CRL nextUpdate: Tue Nov 29 18:12:15 EST 2022
22:50:12.512 [main] INFO org.keysupport.api.pkix.cache.DownloadAndVerifyAllPlaybookCRLs - CRL Entries: 439656
22:50:12.513 [main] INFO org.keysupport.api.pkix.cache.DownloadAndVerifyAllPlaybookCRLs - Found issuer in our intermediate store: OU=DHS CA4,OU=Certification Authorities,OU=Department of Homeland Security,O=U.S. Government,C=US
22:50:12.528 [main] INFO org.keysupport.api.pkix.cache.DownloadAndVerifyAllPlaybookCRLs - CRL Signature verified: http://pki.treas.gov/DHS_CA3.crl
22:50:12.528 [main] INFO org.keysupport.api.pkix.cache.DownloadAndVerifyAllPlaybookCRLs - Downloading CRL data: http://crl.disa.mil/crl/DODIDCA_65.crl
22:50:13.012 [main] INFO org.keysupport.api.pkix.cache.DownloadAndVerifyAllPlaybookCRLs - HTTP fetch time: 484ms
22:50:13.013 [main] INFO org.keysupport.api.pkix.cache.DownloadAndVerifyAllPlaybookCRLs - File is 2462548 bytes in size
22:50:13.013 [main] INFO org.keysupport.api.pkix.cache.DownloadAndVerifyAllPlaybookCRLs - CRL Issuer: CN=DOD ID CA-65,OU=PKI,OU=DoD,O=U.S. Government,C=US
22:50:13.013 [main] INFO org.keysupport.api.pkix.cache.DownloadAndVerifyAllPlaybookCRLs - CRL thisUpdate: Tue Nov 29 03:00:00 EST 2022
22:50:13.013 [main] INFO org.keysupport.api.pkix.cache.DownloadAndVerifyAllPlaybookCRLs - CRL nextUpdate: Tue Nov 29 03:00:00 EST 2022
22:50:13.042 [main] INFO org.keysupport.api.pkix.cache.DownloadAndVerifyAllPlaybookCRLs - CRL Entries: 59845
22:50:13.043 [main] INFO org.keysupport.api.pkix.cache.DownloadAndVerifyAllPlaybookCRLs - Found issuer in our intermediate store: CN=DOD ID CA-65,OU=PKI,OU=DoD,O=U.S. Government,C=US
22:50:13.045 [main] INFO org.keysupport.api.pkix.cache.DownloadAndVerifyAllPlaybookCRLs - CRL Signature verified: http://crl.disa.mil/crl/DODIDCA_65.crl
22:50:13.045 [main] INFO org.keysupport.api.pkix.cache.DownloadAndVerifyAllPlaybookCRLs - Downloading CRL data: http://crl.disa.mil/crl/DODIDCA_64.crl
22:50:13.280 [main] INFO org.keysupport.api.pkix.cache.DownloadAndVerifyAllPlaybookCRLs - HTTP fetch time: 235ms
22:50:13.282 [main] INFO org.keysupport.api.pkix.cache.DownloadAndVerifyAllPlaybookCRLs - File is 2570937 bytes in size
22:50:13.282 [main] INFO org.keysupport.api.pkix.cache.DownloadAndVerifyAllPlaybookCRLs - CRL Issuer: CN=DOD ID CA-64,OU=PKI,OU=DoD,O=U.S. Government,C=US
22:50:13.282 [main] INFO org.keysupport.api.pkix.cache.DownloadAndVerifyAllPlaybookCRLs - CRL thisUpdate: Tue Nov 29 03:00:00 EST 2022
22:50:13.282 [main] INFO org.keysupport.api.pkix.cache.DownloadAndVerifyAllPlaybookCRLs - CRL nextUpdate: Tue Nov 29 03:00:00 EST 2022
22:50:13.311 [main] INFO org.keysupport.api.pkix.cache.DownloadAndVerifyAllPlaybookCRLs - CRL Entries: 62061
22:50:13.311 [main] INFO org.keysupport.api.pkix.cache.DownloadAndVerifyAllPlaybookCRLs - Found issuer in our intermediate store: CN=DOD ID CA-64,OU=PKI,OU=DoD,O=U.S. Government,C=US
22:50:13.314 [main] INFO org.keysupport.api.pkix.cache.DownloadAndVerifyAllPlaybookCRLs - CRL Signature verified: http://crl.disa.mil/crl/DODIDCA_64.crl
22:50:13.314 [main] INFO org.keysupport.api.pkix.cache.DownloadAndVerifyAllPlaybookCRLs - Downloading CRL data: http://crl.disa.mil/crl/DODIDCA_63.crl
22:50:13.537 [main] INFO org.keysupport.api.pkix.cache.DownloadAndVerifyAllPlaybookCRLs - HTTP fetch time: 223ms
22:50:13.539 [main] INFO org.keysupport.api.pkix.cache.DownloadAndVerifyAllPlaybookCRLs - File is 2420855 bytes in size
22:50:13.539 [main] INFO org.keysupport.api.pkix.cache.DownloadAndVerifyAllPlaybookCRLs - CRL Issuer: CN=DOD ID CA-63,OU=PKI,OU=DoD,O=U.S. Government,C=US
22:50:13.539 [main] INFO org.keysupport.api.pkix.cache.DownloadAndVerifyAllPlaybookCRLs - CRL thisUpdate: Tue Nov 29 03:00:00 EST 2022
22:50:13.539 [main] INFO org.keysupport.api.pkix.cache.DownloadAndVerifyAllPlaybookCRLs - CRL nextUpdate: Tue Nov 29 03:00:00 EST 2022
22:50:13.567 [main] INFO org.keysupport.api.pkix.cache.DownloadAndVerifyAllPlaybookCRLs - CRL Entries: 59957
22:50:13.568 [main] INFO org.keysupport.api.pkix.cache.DownloadAndVerifyAllPlaybookCRLs - Found issuer in our intermediate store: CN=DOD ID CA-63,OU=PKI,OU=DoD,O=U.S. Government,C=US
22:50:13.570 [main] INFO org.keysupport.api.pkix.cache.DownloadAndVerifyAllPlaybookCRLs - CRL Signature verified: http://crl.disa.mil/crl/DODIDCA_63.crl
22:50:13.570 [main] INFO org.keysupport.api.pkix.cache.DownloadAndVerifyAllPlaybookCRLs - Downloading CRL data: http://crl.disa.mil/crl/DODIDCA_59.crl
22:50:17.630 [main] INFO org.keysupport.api.pkix.cache.DownloadAndVerifyAllPlaybookCRLs - HTTP fetch time: 4060ms
22:50:17.667 [main] INFO org.keysupport.api.pkix.cache.DownloadAndVerifyAllPlaybookCRLs - File is 50033375 bytes in size
22:50:17.667 [main] INFO org.keysupport.api.pkix.cache.DownloadAndVerifyAllPlaybookCRLs - CRL Issuer: CN=DOD ID CA-59,OU=PKI,OU=DoD,O=U.S. Government,C=US
22:50:17.668 [main] INFO org.keysupport.api.pkix.cache.DownloadAndVerifyAllPlaybookCRLs - CRL thisUpdate: Tue Nov 29 03:00:00 EST 2022
22:50:17.668 [main] INFO org.keysupport.api.pkix.cache.DownloadAndVerifyAllPlaybookCRLs - CRL nextUpdate: Tue Nov 29 03:00:00 EST 2022
22:50:18.597 [main] INFO org.keysupport.api.pkix.cache.DownloadAndVerifyAllPlaybookCRLs - CRL Entries: 2206612
22:50:18.597 [main] INFO org.keysupport.api.pkix.cache.DownloadAndVerifyAllPlaybookCRLs - Found issuer in our intermediate store: CN=DOD ID CA-59,OU=PKI,OU=DoD,O=U.S. Government,C=US
22:50:18.639 [main] INFO org.keysupport.api.pkix.cache.DownloadAndVerifyAllPlaybookCRLs - CRL Signature verified: http://crl.disa.mil/crl/DODIDCA_59.crl
22:50:18.639 [main] INFO org.keysupport.api.pkix.cache.DownloadAndVerifyAllPlaybookCRLs - Downloading CRL data: http://nfimediumsspweb.managed.entrust.com/CRLs/NFIMEDIUMSSPCA2.crl
22:50:19.203 [main] INFO org.keysupport.api.pkix.cache.DownloadAndVerifyAllPlaybookCRLs - HTTP fetch time: 563ms
22:50:19.204 [main] INFO org.keysupport.api.pkix.cache.DownloadAndVerifyAllPlaybookCRLs - File is 2374372 bytes in size
22:50:19.204 [main] INFO org.keysupport.api.pkix.cache.DownloadAndVerifyAllPlaybookCRLs - CRL Issuer: OU=Entrust NFI Medium Assurance SSP CA,OU=Certification Authorities,O=Entrust,C=US
22:50:19.204 [main] INFO org.keysupport.api.pkix.cache.DownloadAndVerifyAllPlaybookCRLs - CRL thisUpdate: Tue Nov 29 20:23:44 EST 2022
22:50:19.204 [main] INFO org.keysupport.api.pkix.cache.DownloadAndVerifyAllPlaybookCRLs - CRL nextUpdate: Tue Nov 29 20:23:44 EST 2022
22:50:19.233 [main] INFO org.keysupport.api.pkix.cache.DownloadAndVerifyAllPlaybookCRLs - CRL Entries: 93878
22:50:19.233 [main] INFO org.keysupport.api.pkix.cache.DownloadAndVerifyAllPlaybookCRLs - Found issuer in our intermediate store: OU=Entrust NFI Medium Assurance SSP CA,OU=Certification Authorities,O=Entrust,C=US
22:50:19.236 [main] INFO org.keysupport.api.pkix.cache.DownloadAndVerifyAllPlaybookCRLs - CRL Signature verified: http://nfimediumsspweb.managed.entrust.com/CRLs/NFIMEDIUMSSPCA2.crl
22:50:19.236 [main] INFO org.keysupport.api.pkix.cache.DownloadAndVerifyAllPlaybookCRLs - Downloading CRL data: http://nfimediumsspweb.managed.entrust.com/CRLs/NFIMEDIUMSSPCA1.crl
22:50:19.476 [main] INFO org.keysupport.api.pkix.cache.DownloadAndVerifyAllPlaybookCRLs - HTTP fetch time: 240ms
22:50:19.490 [main] INFO org.keysupport.api.pkix.cache.DownloadAndVerifyAllPlaybookCRLs - File is 2374373 bytes in size
22:50:19.491 [main] INFO org.keysupport.api.pkix.cache.DownloadAndVerifyAllPlaybookCRLs - CRL Issuer: OU=Entrust NFI Medium Assurance SSP CA,OU=Certification Authorities,O=Entrust,C=US
22:50:19.491 [main] INFO org.keysupport.api.pkix.cache.DownloadAndVerifyAllPlaybookCRLs - CRL thisUpdate: Tue Nov 29 20:23:44 EST 2022
22:50:19.491 [main] INFO org.keysupport.api.pkix.cache.DownloadAndVerifyAllPlaybookCRLs - CRL nextUpdate: Tue Nov 29 20:23:44 EST 2022
22:50:19.524 [main] INFO org.keysupport.api.pkix.cache.DownloadAndVerifyAllPlaybookCRLs - CRL Entries: 93878
22:50:19.524 [main] INFO org.keysupport.api.pkix.cache.DownloadAndVerifyAllPlaybookCRLs - Found issuer in our intermediate store: OU=Entrust NFI Medium Assurance SSP CA,OU=Certification Authorities,O=Entrust,C=US
22:50:19.526 [main] INFO org.keysupport.api.pkix.cache.DownloadAndVerifyAllPlaybookCRLs - CRL Signature verified: http://nfimediumsspweb.managed.entrust.com/CRLs/NFIMEDIUMSSPCA1.crl
22:50:19.527 [main] INFO org.keysupport.api.pkix.cache.DownloadAndVerifyAllPlaybookCRLs - Downloading CRL data: http://sspweb.managed.entrust.com/CRLs/EMSSSPCA3.crl
22:50:21.595 [main] INFO org.keysupport.api.pkix.cache.DownloadAndVerifyAllPlaybookCRLs - HTTP fetch time: 2068ms
22:50:21.601 [main] INFO org.keysupport.api.pkix.cache.DownloadAndVerifyAllPlaybookCRLs - File is 24565419 bytes in size
22:50:21.601 [main] INFO org.keysupport.api.pkix.cache.DownloadAndVerifyAllPlaybookCRLs - CRL Issuer: OU=Entrust Managed Services SSP CA,OU=Certification Authorities,O=Entrust,C=US
22:50:21.601 [main] INFO org.keysupport.api.pkix.cache.DownloadAndVerifyAllPlaybookCRLs - CRL thisUpdate: Tue Nov 29 19:00:06 EST 2022
22:50:21.602 [main] INFO org.keysupport.api.pkix.cache.DownloadAndVerifyAllPlaybookCRLs - CRL nextUpdate: Tue Nov 29 19:00:06 EST 2022
22:50:22.021 [main] INFO org.keysupport.api.pkix.cache.DownloadAndVerifyAllPlaybookCRLs - CRL Entries: 1050244
22:50:22.021 [main] INFO org.keysupport.api.pkix.cache.DownloadAndVerifyAllPlaybookCRLs - Found issuer in our intermediate store: OU=Entrust Managed Services SSP CA,OU=Certification Authorities,O=Entrust,C=US
22:50:22.042 [main] INFO org.keysupport.api.pkix.cache.DownloadAndVerifyAllPlaybookCRLs - CRL Signature verified: http://sspweb.managed.entrust.com/CRLs/EMSSSPCA3.crl
22:50:22.042 [main] INFO org.keysupport.api.pkix.cache.DownloadAndVerifyAllPlaybookCRLs - Downloading CRL data: http://feddcsweb.managed.entrust.com/CRLs/FedDCSCA1.crl
22:50:22.915 [main] INFO org.keysupport.api.pkix.cache.DownloadAndVerifyAllPlaybookCRLs - HTTP fetch time: 873ms
22:50:22.971 [main] INFO org.keysupport.api.pkix.cache.DownloadAndVerifyAllPlaybookCRLs - File is 8104285 bytes in size
22:50:22.971 [main] INFO org.keysupport.api.pkix.cache.DownloadAndVerifyAllPlaybookCRLs - CRL Issuer: CN=Entrust Derived Credential SSP CA,OU=Certification Authorities,O=Entrust,C=US
22:50:22.971 [main] INFO org.keysupport.api.pkix.cache.DownloadAndVerifyAllPlaybookCRLs - CRL thisUpdate: Tue Nov 29 20:29:22 EST 2022
22:50:22.971 [main] INFO org.keysupport.api.pkix.cache.DownloadAndVerifyAllPlaybookCRLs - CRL nextUpdate: Tue Nov 29 20:29:22 EST 2022
22:50:23.058 [main] INFO org.keysupport.api.pkix.cache.DownloadAndVerifyAllPlaybookCRLs - CRL Entries: 219031
22:50:23.058 [main] INFO org.keysupport.api.pkix.cache.DownloadAndVerifyAllPlaybookCRLs - Found issuer in our intermediate store: CN=Entrust Derived Credential SSP CA,OU=Certification Authorities,O=Entrust,C=US
22:50:23.065 [main] INFO org.keysupport.api.pkix.cache.DownloadAndVerifyAllPlaybookCRLs - CRL Signature verified: http://feddcsweb.managed.entrust.com/CRLs/FedDCSCA1.crl
22:50:23.066 [main] INFO org.keysupport.api.pkix.cache.DownloadAndVerifyAllPlaybookCRLs - Downloading CRL data: http://pki.fti.org/fti_ca/crl/FTICA.crl
22:50:23.672 [main] INFO org.keysupport.api.pkix.cache.DownloadAndVerifyAllPlaybookCRLs - HTTP fetch time: 606ms
22:50:23.673 [main] INFO org.keysupport.api.pkix.cache.DownloadAndVerifyAllPlaybookCRLs - File is 160608 bytes in size
22:50:23.673 [main] INFO org.keysupport.api.pkix.cache.DownloadAndVerifyAllPlaybookCRLs - CRL Issuer: CN=FTI Certification Authority,OU=FTI PKI Trust Infrastructure,O=Foundation for Trusted Identity,C=US
22:50:23.673 [main] INFO org.keysupport.api.pkix.cache.DownloadAndVerifyAllPlaybookCRLs - CRL thisUpdate: Tue Nov 29 21:00:01 EST 2022
22:50:23.673 [main] INFO org.keysupport.api.pkix.cache.DownloadAndVerifyAllPlaybookCRLs - CRL nextUpdate: Tue Nov 29 21:00:01 EST 2022
22:50:23.675 [main] INFO org.keysupport.api.pkix.cache.DownloadAndVerifyAllPlaybookCRLs - CRL Entries: 4568
22:50:23.676 [main] INFO org.keysupport.api.pkix.cache.DownloadAndVerifyAllPlaybookCRLs - Found issuer in our intermediate store: CN=FTI Certification Authority,OU=FTI PKI Trust Infrastructure,O=Foundation for Trusted Identity,C=US
22:50:23.679 [main] INFO org.keysupport.api.pkix.cache.DownloadAndVerifyAllPlaybookCRLs - CRL Signature verified: http://pki.fti.org/fti_ca/crl/FTICA.crl
22:50:23.680 [main] INFO org.keysupport.api.pkix.cache.DownloadAndVerifyAllPlaybookCRLs - Downloading CRL data: http://hhspkicrl.managed.entrust.com/CRLs/HHSEntrustCA2.crl
22:50:27.899 [main] INFO org.keysupport.api.pkix.cache.DownloadAndVerifyAllPlaybookCRLs - HTTP fetch time: 4219ms
22:50:27.901 [main] INFO org.keysupport.api.pkix.cache.DownloadAndVerifyAllPlaybookCRLs - File is 7072917 bytes in size
22:50:27.901 [main] INFO org.keysupport.api.pkix.cache.DownloadAndVerifyAllPlaybookCRLs - CRL Issuer: CN=HHS-FPKI-Intermediate-CA-E1,OU=Certification Authorities,OU=HHS,O=U.S. Government,C=US
22:50:27.901 [main] INFO org.keysupport.api.pkix.cache.DownloadAndVerifyAllPlaybookCRLs - CRL thisUpdate: Tue Nov 29 22:06:54 EST 2022
22:50:27.901 [main] INFO org.keysupport.api.pkix.cache.DownloadAndVerifyAllPlaybookCRLs - CRL nextUpdate: Tue Nov 29 22:06:54 EST 2022
22:50:27.992 [main] INFO org.keysupport.api.pkix.cache.DownloadAndVerifyAllPlaybookCRLs - CRL Entries: 244075
22:50:27.992 [main] INFO org.keysupport.api.pkix.cache.DownloadAndVerifyAllPlaybookCRLs - Found issuer in our intermediate store: CN=HHS-FPKI-Intermediate-CA-E1,OU=Certification Authorities,OU=HHS,O=U.S. Government,C=US
22:50:28.000 [main] INFO org.keysupport.api.pkix.cache.DownloadAndVerifyAllPlaybookCRLs - CRL Signature verified: http://hhspkicrl.managed.entrust.com/CRLs/HHSEntrustCA2.crl
22:50:28.000 [main] INFO org.keysupport.api.pkix.cache.DownloadAndVerifyAllPlaybookCRLs - Downloading CRL data: http://onsite-crl.pki.digicert.com/USDepartmentofEnergyNavalReactorsPIVG3/LatestCRL.crl
22:50:28.253 [main] INFO org.keysupport.api.pkix.cache.DownloadAndVerifyAllPlaybookCRLs - HTTP fetch time: 253ms
22:50:28.253 [main] INFO org.keysupport.api.pkix.cache.DownloadAndVerifyAllPlaybookCRLs - File is 500 bytes in size
22:50:28.253 [main] INFO org.keysupport.api.pkix.cache.DownloadAndVerifyAllPlaybookCRLs - CRL Issuer: CN=Naval Reactors SSP Agency CA G3,OU=U.S. Department of Energy,O=U.S. Government,C=US
22:50:28.253 [main] INFO org.keysupport.api.pkix.cache.DownloadAndVerifyAllPlaybookCRLs - CRL thisUpdate: Tue Nov 29 19:51:00 EST 2022
22:50:28.253 [main] INFO org.keysupport.api.pkix.cache.DownloadAndVerifyAllPlaybookCRLs - CRL nextUpdate: Tue Nov 29 19:51:00 EST 2022
22:50:28.253 [main] INFO org.keysupport.api.pkix.cache.DownloadAndVerifyAllPlaybookCRLs - CRL Entries: 0
22:50:28.254 [main] INFO org.keysupport.api.pkix.cache.DownloadAndVerifyAllPlaybookCRLs - Found issuer in our intermediate store: CN=Naval Reactors SSP Agency CA G3,OU=U.S. Department of Energy,O=U.S. Government,C=US
22:50:28.255 [main] INFO org.keysupport.api.pkix.cache.DownloadAndVerifyAllPlaybookCRLs - CRL Signature verified: http://onsite-crl.pki.digicert.com/USDepartmentofEnergyNavalReactorsPIVG3/LatestCRL.crl
22:50:28.256 [main] INFO org.keysupport.api.pkix.cache.DownloadAndVerifyAllPlaybookCRLs - Downloading CRL data: http://pki-crl.symauth.com/ca_23580f2ce24946eab1793386d8e1b510/LatestCRL.crl
22:50:28.893 [main] INFO org.keysupport.api.pkix.cache.DownloadAndVerifyAllPlaybookCRLs - HTTP fetch time: 637ms
22:50:28.894 [main] INFO org.keysupport.api.pkix.cache.DownloadAndVerifyAllPlaybookCRLs - File is 142003 bytes in size
22:50:28.894 [main] INFO org.keysupport.api.pkix.cache.DownloadAndVerifyAllPlaybookCRLs - CRL Issuer: CN=NRC SSP Agency CA G4,OU=U.S. Nuclear Regulatory Commission,O=U.S. Government,C=US
22:50:28.894 [main] INFO org.keysupport.api.pkix.cache.DownloadAndVerifyAllPlaybookCRLs - CRL thisUpdate: Tue Nov 29 19:51:39 EST 2022
22:50:28.894 [main] INFO org.keysupport.api.pkix.cache.DownloadAndVerifyAllPlaybookCRLs - CRL nextUpdate: Tue Nov 29 19:51:39 EST 2022
22:50:28.896 [main] INFO org.keysupport.api.pkix.cache.DownloadAndVerifyAllPlaybookCRLs - CRL Entries: 2888
22:50:28.896 [main] INFO org.keysupport.api.pkix.cache.DownloadAndVerifyAllPlaybookCRLs - Found issuer in our intermediate store: CN=NRC SSP Agency CA G4,OU=U.S. Nuclear Regulatory Commission,O=U.S. Government,C=US
22:50:28.897 [main] INFO org.keysupport.api.pkix.cache.DownloadAndVerifyAllPlaybookCRLs - CRL Signature verified: http://pki-crl.symauth.com/ca_23580f2ce24946eab1793386d8e1b510/LatestCRL.crl
22:50:28.898 [main] INFO org.keysupport.api.pkix.cache.DownloadAndVerifyAllPlaybookCRLs - Downloading CRL data: http://pki-crl.symauth.com/ca_ce00affea217ea042db01becf36671a4/LatestCRL.crl
22:50:29.063 [main] INFO org.keysupport.api.pkix.cache.DownloadAndVerifyAllPlaybookCRLs - HTTP fetch time: 165ms
22:50:29.063 [main] INFO org.keysupport.api.pkix.cache.DownloadAndVerifyAllPlaybookCRLs - File is 756 bytes in size
22:50:29.063 [main] INFO org.keysupport.api.pkix.cache.DownloadAndVerifyAllPlaybookCRLs - CRL Issuer: CN=NRC PROD G6 Fed SSP CA,OU=U.S. Nuclear Regulatory Commission,O=U.S. Government,C=US
22:50:29.063 [main] INFO org.keysupport.api.pkix.cache.DownloadAndVerifyAllPlaybookCRLs - CRL thisUpdate: Tue Nov 29 19:48:31 EST 2022
22:50:29.063 [main] INFO org.keysupport.api.pkix.cache.DownloadAndVerifyAllPlaybookCRLs - CRL nextUpdate: Tue Nov 29 19:48:31 EST 2022
22:50:29.064 [main] INFO org.keysupport.api.pkix.cache.DownloadAndVerifyAllPlaybookCRLs - CRL Entries: 0
22:50:29.064 [main] INFO org.keysupport.api.pkix.cache.DownloadAndVerifyAllPlaybookCRLs - Found issuer in our intermediate store: CN=NRC PROD G6 Fed SSP CA,OU=U.S. Nuclear Regulatory Commission,O=U.S. Government,C=US
22:50:29.067 [main] INFO org.keysupport.api.pkix.cache.DownloadAndVerifyAllPlaybookCRLs - CRL Signature verified: http://pki-crl.symauth.com/ca_ce00affea217ea042db01becf36671a4/LatestCRL.crl
22:50:29.068 [main] INFO org.keysupport.api.pkix.cache.DownloadAndVerifyAllPlaybookCRLs - Downloading CRL data: http://crl-server.orc.com/CRLs/ORCSSP4.crl
22:50:29.165 [main] INFO org.keysupport.api.pkix.cache.DownloadAndVerifyAllPlaybookCRLs - HTTP fetch time: 97ms
22:50:29.165 [main] INFO org.keysupport.api.pkix.cache.DownloadAndVerifyAllPlaybookCRLs - File is 10164 bytes in size
22:50:29.166 [main] INFO org.keysupport.api.pkix.cache.DownloadAndVerifyAllPlaybookCRLs - CRL Issuer: CN=ORC SSP 4,O=ORC PKI,C=US
22:50:29.166 [main] INFO org.keysupport.api.pkix.cache.DownloadAndVerifyAllPlaybookCRLs - CRL thisUpdate: Tue Nov 29 20:28:53 EST 2022
22:50:29.166 [main] INFO org.keysupport.api.pkix.cache.DownloadAndVerifyAllPlaybookCRLs - CRL nextUpdate: Tue Nov 29 20:28:53 EST 2022
22:50:29.166 [main] INFO org.keysupport.api.pkix.cache.DownloadAndVerifyAllPlaybookCRLs - CRL Entries: 232
22:50:29.166 [main] INFO org.keysupport.api.pkix.cache.DownloadAndVerifyAllPlaybookCRLs - Found issuer in our intermediate store: CN=ORC SSP 4,O=ORC PKI,C=US
22:50:29.167 [main] INFO org.keysupport.api.pkix.cache.DownloadAndVerifyAllPlaybookCRLs - CRL Signature verified: http://crl-server.orc.com/CRLs/ORCSSP4.crl
22:50:29.167 [main] INFO org.keysupport.api.pkix.cache.DownloadAndVerifyAllPlaybookCRLs - Downloading CRL data: http://pki-crl.symauth.com/ca_fc26996dc726cf860f12aa77d4270098/LatestCRL.crl
22:50:29.357 [main] INFO org.keysupport.api.pkix.cache.DownloadAndVerifyAllPlaybookCRLs - HTTP fetch time: 190ms
22:50:29.357 [main] INFO org.keysupport.api.pkix.cache.DownloadAndVerifyAllPlaybookCRLs - File is 13067 bytes in size
22:50:29.357 [main] INFO org.keysupport.api.pkix.cache.DownloadAndVerifyAllPlaybookCRLs - CRL Issuer: CN=Senate PIV-I CA G5 PROD,OU=Office of the Sergeant at Arms,OU=U.S. Senate,O=U.S. Government,C=US
22:50:29.357 [main] INFO org.keysupport.api.pkix.cache.DownloadAndVerifyAllPlaybookCRLs - CRL thisUpdate: Tue Nov 29 19:48:54 EST 2022
22:50:29.357 [main] INFO org.keysupport.api.pkix.cache.DownloadAndVerifyAllPlaybookCRLs - CRL nextUpdate: Tue Nov 29 19:48:54 EST 2022
22:50:29.357 [main] INFO org.keysupport.api.pkix.cache.DownloadAndVerifyAllPlaybookCRLs - CRL Entries: 256
22:50:29.358 [main] INFO org.keysupport.api.pkix.cache.DownloadAndVerifyAllPlaybookCRLs - Found issuer in our intermediate store: CN=Senate PIV-I CA G5 PROD,OU=Office of the Sergeant at Arms,OU=U.S. Senate,O=U.S. Government,C=US
22:50:29.359 [main] INFO org.keysupport.api.pkix.cache.DownloadAndVerifyAllPlaybookCRLs - CRL Signature verified: http://pki-crl.symauth.com/ca_fc26996dc726cf860f12aa77d4270098/LatestCRL.crl
22:50:29.359 [main] INFO org.keysupport.api.pkix.cache.DownloadAndVerifyAllPlaybookCRLs - Downloading CRL data: http://pki-crl.symauth.com/ca_db1ff205d5a9b79af46c7896d15cb2a9/LatestCRL.crl
22:50:29.691 [main] INFO org.keysupport.api.pkix.cache.DownloadAndVerifyAllPlaybookCRLs - HTTP fetch time: 332ms
22:50:29.691 [main] INFO org.keysupport.api.pkix.cache.DownloadAndVerifyAllPlaybookCRLs - File is 65492 bytes in size
22:50:29.691 [main] INFO org.keysupport.api.pkix.cache.DownloadAndVerifyAllPlaybookCRLs - CRL Issuer: CN=U.S. Department of Education Agency CA - G5,OU=U.S. Department of Education,O=U.S. Government,C=US
22:50:29.692 [main] INFO org.keysupport.api.pkix.cache.DownloadAndVerifyAllPlaybookCRLs - CRL thisUpdate: Tue Nov 29 19:48:39 EST 2022
22:50:29.692 [main] INFO org.keysupport.api.pkix.cache.DownloadAndVerifyAllPlaybookCRLs - CRL nextUpdate: Tue Nov 29 19:48:39 EST 2022
22:50:29.692 [main] INFO org.keysupport.api.pkix.cache.DownloadAndVerifyAllPlaybookCRLs - CRL Entries: 1326
22:50:29.692 [main] INFO org.keysupport.api.pkix.cache.DownloadAndVerifyAllPlaybookCRLs - Found issuer in our intermediate store: CN=U.S. Department of Education Agency CA - G5,OU=U.S. Department of Education,O=U.S. Government,C=US
22:50:29.693 [main] INFO org.keysupport.api.pkix.cache.DownloadAndVerifyAllPlaybookCRLs - CRL Signature verified: http://pki-crl.symauth.com/ca_db1ff205d5a9b79af46c7896d15cb2a9/LatestCRL.crl
22:50:29.693 [main] INFO org.keysupport.api.pkix.cache.DownloadAndVerifyAllPlaybookCRLs - Downloading CRL data: http://crls.pki.state.gov/crls/DoSADPKIPIVCA2-1.crl
22:50:41.679 [main] INFO org.keysupport.api.pkix.cache.DownloadAndVerifyAllPlaybookCRLs - HTTP fetch time: 11986ms
22:50:41.680 [main] INFO org.keysupport.api.pkix.cache.DownloadAndVerifyAllPlaybookCRLs - File is 3959333 bytes in size
22:50:41.680 [main] INFO org.keysupport.api.pkix.cache.DownloadAndVerifyAllPlaybookCRLs - CRL Issuer: OU=U.S. Department of State PIV CA2,OU=Certification Authorities,OU=PIV,OU=Department of State,O=U.S. Government,C=US
22:50:41.680 [main] INFO org.keysupport.api.pkix.cache.DownloadAndVerifyAllPlaybookCRLs - CRL thisUpdate: Tue Nov 29 17:12:08 EST 2022
22:50:41.680 [main] INFO org.keysupport.api.pkix.cache.DownloadAndVerifyAllPlaybookCRLs - CRL nextUpdate: Tue Nov 29 17:12:08 EST 2022
22:50:41.721 [main] INFO org.keysupport.api.pkix.cache.DownloadAndVerifyAllPlaybookCRLs - CRL Entries: 105569
22:50:41.722 [main] INFO org.keysupport.api.pkix.cache.DownloadAndVerifyAllPlaybookCRLs - Found issuer in our intermediate store: OU=U.S. Department of State PIV CA2,OU=Certification Authorities,OU=PIV,OU=Department of State,O=U.S. Government,C=US
22:50:41.726 [main] INFO org.keysupport.api.pkix.cache.DownloadAndVerifyAllPlaybookCRLs - CRL Signature verified: http://crls.pki.state.gov/crls/DoSADPKIPIVCA2-1.crl
22:50:41.726 [main] INFO org.keysupport.api.pkix.cache.DownloadAndVerifyAllPlaybookCRLs - Downloading CRL data: http://onsite-crl.pki.digicert.com/USDepartmentofTransportationFAAPIVG5/LatestCRL.crl
22:50:48.957 [main] INFO org.keysupport.api.pkix.cache.DownloadAndVerifyAllPlaybookCRLs - HTTP fetch time: 7231ms
22:50:48.978 [main] INFO org.keysupport.api.pkix.cache.DownloadAndVerifyAllPlaybookCRLs - File is 4131702 bytes in size
22:50:48.979 [main] INFO org.keysupport.api.pkix.cache.DownloadAndVerifyAllPlaybookCRLs - CRL Issuer: CN=U.S. Department of Transportation Agency CA G5,OU=U.S. Department of Transportation,O=U.S. Government,C=US
22:50:48.979 [main] INFO org.keysupport.api.pkix.cache.DownloadAndVerifyAllPlaybookCRLs - CRL thisUpdate: Tue Nov 29 19:51:07 EST 2022
22:50:48.979 [main] INFO org.keysupport.api.pkix.cache.DownloadAndVerifyAllPlaybookCRLs - CRL nextUpdate: Tue Nov 29 19:51:07 EST 2022
22:50:49.007 [main] INFO org.keysupport.api.pkix.cache.DownloadAndVerifyAllPlaybookCRLs - CRL Entries: 84333
22:50:49.007 [main] INFO org.keysupport.api.pkix.cache.DownloadAndVerifyAllPlaybookCRLs - Found issuer in our intermediate store: CN=U.S. Department of Transportation Agency CA G5,OU=U.S. Department of Transportation,O=U.S. Government,C=US
22:50:49.011 [main] INFO org.keysupport.api.pkix.cache.DownloadAndVerifyAllPlaybookCRLs - CRL Signature verified: http://onsite-crl.pki.digicert.com/USDepartmentofTransportationFAAPIVG5/LatestCRL.crl
22:50:49.011 [main] INFO org.keysupport.api.pkix.cache.DownloadAndVerifyAllPlaybookCRLs - Downloading CRL data: http://ipki.uspto.gov/IPKI/CRLs/CombinedCRL3.crl
22:50:49.528 [main] INFO org.keysupport.api.pkix.cache.DownloadAndVerifyAllPlaybookCRLs - HTTP fetch time: 517ms
22:50:49.529 [main] INFO org.keysupport.api.pkix.cache.DownloadAndVerifyAllPlaybookCRLs - File is 738217 bytes in size
22:50:49.529 [main] INFO org.keysupport.api.pkix.cache.DownloadAndVerifyAllPlaybookCRLs - CRL Issuer: CN=USPTO_INTR_CA1,CN=AIA,CN=Public Key Services,CN=Services,CN=Configuration,DC=uspto,DC=gov
22:50:49.529 [main] INFO org.keysupport.api.pkix.cache.DownloadAndVerifyAllPlaybookCRLs - CRL thisUpdate: Tue Nov 29 22:34:48 EST 2022
22:50:49.529 [main] INFO org.keysupport.api.pkix.cache.DownloadAndVerifyAllPlaybookCRLs - CRL nextUpdate: Tue Nov 29 22:34:48 EST 2022
22:50:49.540 [main] INFO org.keysupport.api.pkix.cache.DownloadAndVerifyAllPlaybookCRLs - CRL Entries: 19937
22:50:49.541 [main] INFO org.keysupport.api.pkix.cache.DownloadAndVerifyAllPlaybookCRLs - Found issuer in our intermediate store: CN=USPTO_INTR_CA1,CN=AIA,CN=Public Key Services,CN=Services,CN=Configuration,DC=uspto,DC=gov
22:50:49.543 [main] INFO org.keysupport.api.pkix.cache.DownloadAndVerifyAllPlaybookCRLs - CRL Signature verified: http://ipki.uspto.gov/IPKI/CRLs/CombinedCRL3.crl
22:50:49.543 [main] INFO org.keysupport.api.pkix.cache.DownloadAndVerifyAllPlaybookCRLs - Downloading CRL data: http://crl.pki.va.gov/PKI/CRL/VET-SSP-CA-B1.crl
22:50:49.763 [main] ERROR org.keysupport.api.singletons.HTTPClientSingleton - Failed to render CRL
java.security.cert.CRLException: Empty input
	at java.base/sun.security.provider.X509Factory.engineGenerateCRL(X509Factory.java:402)
	at java.base/java.security.cert.CertificateFactory.generateCRL(CertificateFactory.java:513)
	at org.keysupport.api.singletons.HTTPClientSingleton.getCrl(HTTPClientSingleton.java:86)
	at org.keysupport.api.pkix.cache.DownloadAndVerifyAllPlaybookCRLs.main(DownloadAndVerifyAllPlaybookCRLs.java:116)
22:50:49.766 [main] INFO org.keysupport.api.pkix.cache.DownloadAndVerifyAllPlaybookCRLs - HTTP fetch time: 223ms
22:50:49.766 [main] ERROR org.keysupport.api.pkix.cache.DownloadAndVerifyAllPlaybookCRLs - Failed to render CRL
22:50:49.766 [main] ERROR org.keysupport.api.pkix.cache.DownloadAndVerifyAllPlaybookCRLs - We should reject this CRL: http://crl.pki.va.gov/PKI/CRL/VET-SSP-CA-B1.crl
22:50:49.766 [main] INFO org.keysupport.api.pkix.cache.DownloadAndVerifyAllPlaybookCRLs - Downloading CRL data: http://crl.pki.va.gov/PKI/CRL/VACAB3.crl
22:50:49.953 [main] ERROR org.keysupport.api.singletons.HTTPClientSingleton - Failed to render CRL
java.security.cert.CRLException: Empty input
	at java.base/sun.security.provider.X509Factory.engineGenerateCRL(X509Factory.java:402)
	at java.base/java.security.cert.CertificateFactory.generateCRL(CertificateFactory.java:513)
	at org.keysupport.api.singletons.HTTPClientSingleton.getCrl(HTTPClientSingleton.java:86)
	at org.keysupport.api.pkix.cache.DownloadAndVerifyAllPlaybookCRLs.main(DownloadAndVerifyAllPlaybookCRLs.java:116)
22:50:49.953 [main] INFO org.keysupport.api.pkix.cache.DownloadAndVerifyAllPlaybookCRLs - HTTP fetch time: 187ms
22:50:49.953 [main] ERROR org.keysupport.api.pkix.cache.DownloadAndVerifyAllPlaybookCRLs - Failed to render CRL
22:50:49.953 [main] ERROR org.keysupport.api.pkix.cache.DownloadAndVerifyAllPlaybookCRLs - We should reject this CRL: http://crl.pki.va.gov/PKI/CRL/VACAB3.crl
22:50:49.953 [main] INFO org.keysupport.api.pkix.cache.DownloadAndVerifyAllPlaybookCRLs - Downloading CRL data: http://crl.xca.xpki.com/CRLs/XTec_PIVI_CA1.crl
22:50:50.548 [main] INFO org.keysupport.api.pkix.cache.DownloadAndVerifyAllPlaybookCRLs - HTTP fetch time: 595ms
22:50:50.548 [main] INFO org.keysupport.api.pkix.cache.DownloadAndVerifyAllPlaybookCRLs - File is 1248096 bytes in size
22:50:50.548 [main] INFO org.keysupport.api.pkix.cache.DownloadAndVerifyAllPlaybookCRLs - CRL Issuer: CN=WidePoint ORC NFI 4,OU=Certification Authorities,O=WidePoint,C=US
22:50:50.548 [main] INFO org.keysupport.api.pkix.cache.DownloadAndVerifyAllPlaybookCRLs - CRL thisUpdate: Tue Nov 29 20:37:11 EST 2022
22:50:50.548 [main] INFO org.keysupport.api.pkix.cache.DownloadAndVerifyAllPlaybookCRLs - CRL nextUpdate: Tue Nov 29 20:37:11 EST 2022
22:50:50.561 [main] INFO org.keysupport.api.pkix.cache.DownloadAndVerifyAllPlaybookCRLs - CRL Entries: 29008
22:50:50.561 [main] INFO org.keysupport.api.pkix.cache.DownloadAndVerifyAllPlaybookCRLs - Found issuer in our intermediate store: CN=WidePoint ORC NFI 4,OU=Certification Authorities,O=WidePoint,C=US
22:50:50.563 [main] INFO org.keysupport.api.pkix.cache.DownloadAndVerifyAllPlaybookCRLs - CRL Signature verified: http://crl.xca.xpki.com/CRLs/XTec_PIVI_CA1.crl
22:50:50.564 [main] INFO org.keysupport.api.pkix.cache.DownloadAndVerifyAllPlaybookCRLs - Downloading CRL data: http://crl-server.orc.com/CRLs/WIDEPOINTORCSSP5.crl
22:50:50.662 [main] INFO org.keysupport.api.pkix.cache.DownloadAndVerifyAllPlaybookCRLs - HTTP fetch time: 98ms
22:50:50.663 [main] INFO org.keysupport.api.pkix.cache.DownloadAndVerifyAllPlaybookCRLs - File is 21964 bytes in size
22:50:50.663 [main] INFO org.keysupport.api.pkix.cache.DownloadAndVerifyAllPlaybookCRLs - CRL Issuer: CN=WidePoint ORC SSP 5,O=ORC PKI,C=US
22:50:50.663 [main] INFO org.keysupport.api.pkix.cache.DownloadAndVerifyAllPlaybookCRLs - CRL thisUpdate: Tue Nov 29 20:28:54 EST 2022
22:50:50.663 [main] INFO org.keysupport.api.pkix.cache.DownloadAndVerifyAllPlaybookCRLs - CRL nextUpdate: Tue Nov 29 20:28:54 EST 2022
22:50:50.663 [main] INFO org.keysupport.api.pkix.cache.DownloadAndVerifyAllPlaybookCRLs - CRL Entries: 407
22:50:50.664 [main] INFO org.keysupport.api.pkix.cache.DownloadAndVerifyAllPlaybookCRLs - Found issuer in our intermediate store: CN=WidePoint ORC SSP 5,O=ORC PKI,C=US
22:50:50.666 [main] INFO org.keysupport.api.pkix.cache.DownloadAndVerifyAllPlaybookCRLs - CRL Signature verified: http://crl-server.orc.com/CRLs/WIDEPOINTORCSSP5.crl
22:50:50.666 [main] INFO org.keysupport.api.pkix.cache.DownloadAndVerifyAllPlaybookCRLs - Downloading CRL data: http://crl-server.orc.com/CRLs/WIDEPOINTNFI5.crl
22:50:50.763 [main] INFO org.keysupport.api.pkix.cache.DownloadAndVerifyAllPlaybookCRLs - HTTP fetch time: 97ms
22:50:50.763 [main] INFO org.keysupport.api.pkix.cache.DownloadAndVerifyAllPlaybookCRLs - File is 53823 bytes in size
22:50:50.763 [main] INFO org.keysupport.api.pkix.cache.DownloadAndVerifyAllPlaybookCRLs - CRL Issuer: CN=WidePoint NFI CA 5,O=ORC PKI,C=US
22:50:50.763 [main] INFO org.keysupport.api.pkix.cache.DownloadAndVerifyAllPlaybookCRLs - CRL thisUpdate: Tue Nov 29 21:10:00 EST 2022
22:50:50.763 [main] INFO org.keysupport.api.pkix.cache.DownloadAndVerifyAllPlaybookCRLs - CRL nextUpdate: Tue Nov 29 21:10:00 EST 2022
22:50:50.764 [main] INFO org.keysupport.api.pkix.cache.DownloadAndVerifyAllPlaybookCRLs - CRL Entries: 771
22:50:50.764 [main] INFO org.keysupport.api.pkix.cache.DownloadAndVerifyAllPlaybookCRLs - Found issuer in our intermediate store: CN=WidePoint NFI CA 5,O=ORC PKI,C=US
22:50:50.766 [main] INFO org.keysupport.api.pkix.cache.DownloadAndVerifyAllPlaybookCRLs - CRL Signature verified: http://crl-server.orc.com/CRLs/WIDEPOINTNFI5.crl
22:50:50.766 [main] INFO org.keysupport.api.pkix.cache.DownloadAndVerifyAllPlaybookCRLs - Downloading CRL data: http://crl-server.orc.com/CRLs/WIDEPOINTNFI6.crl
22:50:50.801 [main] INFO org.keysupport.api.pkix.cache.DownloadAndVerifyAllPlaybookCRLs - HTTP fetch time: 35ms
22:50:50.801 [main] INFO org.keysupport.api.pkix.cache.DownloadAndVerifyAllPlaybookCRLs - File is 40593 bytes in size
22:50:50.801 [main] INFO org.keysupport.api.pkix.cache.DownloadAndVerifyAllPlaybookCRLs - CRL Issuer: CN=WidePoint NFI CA 6,O=ORC PKI,C=US
22:50:50.801 [main] INFO org.keysupport.api.pkix.cache.DownloadAndVerifyAllPlaybookCRLs - CRL thisUpdate: Tue Nov 29 20:28:53 EST 2022
22:50:50.801 [main] INFO org.keysupport.api.pkix.cache.DownloadAndVerifyAllPlaybookCRLs - CRL nextUpdate: Tue Nov 29 20:28:53 EST 2022
22:50:50.802 [main] INFO org.keysupport.api.pkix.cache.DownloadAndVerifyAllPlaybookCRLs - CRL Entries: 1015
22:50:50.803 [main] INFO org.keysupport.api.pkix.cache.DownloadAndVerifyAllPlaybookCRLs - Found issuer in our intermediate store: CN=WidePoint NFI CA 6,O=ORC PKI,C=US
22:50:50.804 [main] INFO org.keysupport.api.pkix.cache.DownloadAndVerifyAllPlaybookCRLs - CRL Signature verified: http://crl-server.orc.com/CRLs/WIDEPOINTNFI6.crl
22:50:50.804 [main] INFO org.keysupport.api.pkix.cache.DownloadAndVerifyAllPlaybookCRLs - Downloading CRL data: http://pki.treasury.gov/VA_CA1.crl
22:50:51.921 [main] INFO org.keysupport.api.pkix.cache.DownloadAndVerifyAllPlaybookCRLs - HTTP fetch time: 1117ms
22:50:51.923 [main] INFO org.keysupport.api.pkix.cache.DownloadAndVerifyAllPlaybookCRLs - File is 5329892 bytes in size
22:50:51.923 [main] INFO org.keysupport.api.pkix.cache.DownloadAndVerifyAllPlaybookCRLs - CRL Issuer: OU=Department of Veterans Affairs CA,OU=Certification Authorities,OU=Department of Veterans Affairs,O=U.S. Government,C=US
22:50:51.923 [main] INFO org.keysupport.api.pkix.cache.DownloadAndVerifyAllPlaybookCRLs - CRL thisUpdate: Tue Nov 29 22:44:49 EST 2022
22:50:51.923 [main] INFO org.keysupport.api.pkix.cache.DownloadAndVerifyAllPlaybookCRLs - CRL nextUpdate: Tue Nov 29 22:44:49 EST 2022
22:50:52.016 [main] INFO org.keysupport.api.pkix.cache.DownloadAndVerifyAllPlaybookCRLs - CRL Entries: 231084
22:50:52.017 [main] INFO org.keysupport.api.pkix.cache.DownloadAndVerifyAllPlaybookCRLs - Found issuer in our intermediate store: OU=Department of Veterans Affairs CA,OU=Certification Authorities,OU=Department of Veterans Affairs,O=U.S. Government,C=US
22:50:52.023 [main] INFO org.keysupport.api.pkix.cache.DownloadAndVerifyAllPlaybookCRLs - CRL Signature verified: http://pki.treasury.gov/VA_CA1.crl
22:50:52.024 [main] INFO org.keysupport.api.pkix.cache.DownloadAndVerifyAllPlaybookCRLs - Downloading CRL data: http://pki.treasury.gov/VA_CA.crl
22:50:55.083 [main] INFO org.keysupport.api.pkix.cache.DownloadAndVerifyAllPlaybookCRLs - HTTP fetch time: 3059ms
22:50:55.084 [main] INFO org.keysupport.api.pkix.cache.DownloadAndVerifyAllPlaybookCRLs - File is 5329892 bytes in size
22:50:55.084 [main] INFO org.keysupport.api.pkix.cache.DownloadAndVerifyAllPlaybookCRLs - CRL Issuer: OU=Department of Veterans Affairs CA,OU=Certification Authorities,OU=Department of Veterans Affairs,O=U.S. Government,C=US
22:50:55.084 [main] INFO org.keysupport.api.pkix.cache.DownloadAndVerifyAllPlaybookCRLs - CRL thisUpdate: Tue Nov 29 22:44:49 EST 2022
22:50:55.084 [main] INFO org.keysupport.api.pkix.cache.DownloadAndVerifyAllPlaybookCRLs - CRL nextUpdate: Tue Nov 29 22:44:49 EST 2022
22:50:55.225 [main] INFO org.keysupport.api.pkix.cache.DownloadAndVerifyAllPlaybookCRLs - CRL Entries: 231084
22:50:55.225 [main] INFO org.keysupport.api.pkix.cache.DownloadAndVerifyAllPlaybookCRLs - Found issuer in our intermediate store: OU=Department of Veterans Affairs CA,OU=Certification Authorities,OU=Department of Veterans Affairs,O=U.S. Government,C=US
22:50:55.231 [main] INFO org.keysupport.api.pkix.cache.DownloadAndVerifyAllPlaybookCRLs - CRL Signature verified: http://pki.treasury.gov/VA_CA.crl
22:50:55.231 [main] INFO org.keysupport.api.pkix.cache.DownloadAndVerifyAllPlaybookCRLs - Downloading CRL data: http://pki.treasury.gov/DHS_CA2.crl
22:51:01.397 [main] INFO org.keysupport.api.pkix.cache.DownloadAndVerifyAllPlaybookCRLs - HTTP fetch time: 6166ms
22:51:01.425 [main] INFO org.keysupport.api.pkix.cache.DownloadAndVerifyAllPlaybookCRLs - File is 16592019 bytes in size
22:51:01.425 [main] INFO org.keysupport.api.pkix.cache.DownloadAndVerifyAllPlaybookCRLs - CRL Issuer: OU=DHS CA4,OU=Certification Authorities,OU=Department of Homeland Security,O=U.S. Government,C=US
22:51:01.425 [main] INFO org.keysupport.api.pkix.cache.DownloadAndVerifyAllPlaybookCRLs - CRL thisUpdate: Tue Nov 29 18:12:15 EST 2022
22:51:01.425 [main] INFO org.keysupport.api.pkix.cache.DownloadAndVerifyAllPlaybookCRLs - CRL nextUpdate: Tue Nov 29 18:12:15 EST 2022
22:51:01.609 [main] INFO org.keysupport.api.pkix.cache.DownloadAndVerifyAllPlaybookCRLs - CRL Entries: 439656
22:51:01.609 [main] INFO org.keysupport.api.pkix.cache.DownloadAndVerifyAllPlaybookCRLs - Found issuer in our intermediate store: OU=DHS CA4,OU=Certification Authorities,OU=Department of Homeland Security,O=U.S. Government,C=US
22:51:01.624 [main] INFO org.keysupport.api.pkix.cache.DownloadAndVerifyAllPlaybookCRLs - CRL Signature verified: http://pki.treasury.gov/DHS_CA2.crl
22:51:01.624 [main] INFO org.keysupport.api.pkix.cache.DownloadAndVerifyAllPlaybookCRLs - Downloading CRL data: http://crl.disa.mil/crl/DODIDCA_52.crl
22:51:01.693 [main] INFO org.keysupport.api.pkix.cache.DownloadAndVerifyAllPlaybookCRLs - HTTP fetch time: 69ms
22:51:01.693 [main] INFO org.keysupport.api.pkix.cache.DownloadAndVerifyAllPlaybookCRLs - File is 473 bytes in size
22:51:01.693 [main] INFO org.keysupport.api.pkix.cache.DownloadAndVerifyAllPlaybookCRLs - CRL Issuer: CN=DOD ID CA-52,OU=PKI,OU=DoD,O=U.S. Government,C=US
22:51:01.693 [main] INFO org.keysupport.api.pkix.cache.DownloadAndVerifyAllPlaybookCRLs - CRL thisUpdate: Tue Nov 29 04:00:00 EST 2022
22:51:01.693 [main] INFO org.keysupport.api.pkix.cache.DownloadAndVerifyAllPlaybookCRLs - CRL nextUpdate: Tue Nov 29 04:00:00 EST 2022
22:51:01.693 [main] INFO org.keysupport.api.pkix.cache.DownloadAndVerifyAllPlaybookCRLs - CRL Entries: 0
22:51:01.693 [main] INFO org.keysupport.api.pkix.cache.DownloadAndVerifyAllPlaybookCRLs - Found issuer in our intermediate store: CN=DOD ID CA-52,OU=PKI,OU=DoD,O=U.S. Government,C=US
22:51:01.694 [main] INFO org.keysupport.api.pkix.cache.DownloadAndVerifyAllPlaybookCRLs - CRL Signature verified: http://crl.disa.mil/crl/DODIDCA_52.crl
22:51:01.694 [main] INFO org.keysupport.api.pkix.cache.DownloadAndVerifyAllPlaybookCRLs - Downloading CRL data: http://crl.disa.mil/crl/DODIDCA_51.crl
22:51:01.714 [main] INFO org.keysupport.api.pkix.cache.DownloadAndVerifyAllPlaybookCRLs - HTTP fetch time: 20ms
22:51:01.714 [main] INFO org.keysupport.api.pkix.cache.DownloadAndVerifyAllPlaybookCRLs - File is 473 bytes in size
22:51:01.714 [main] INFO org.keysupport.api.pkix.cache.DownloadAndVerifyAllPlaybookCRLs - CRL Issuer: CN=DOD ID CA-51,OU=PKI,OU=DoD,O=U.S. Government,C=US
22:51:01.714 [main] INFO org.keysupport.api.pkix.cache.DownloadAndVerifyAllPlaybookCRLs - CRL thisUpdate: Tue Nov 29 05:20:14 EST 2022
22:51:01.714 [main] INFO org.keysupport.api.pkix.cache.DownloadAndVerifyAllPlaybookCRLs - CRL nextUpdate: Tue Nov 29 05:20:14 EST 2022
22:51:01.714 [main] INFO org.keysupport.api.pkix.cache.DownloadAndVerifyAllPlaybookCRLs - CRL Entries: 0
22:51:01.715 [main] INFO org.keysupport.api.pkix.cache.DownloadAndVerifyAllPlaybookCRLs - Found issuer in our intermediate store: CN=DOD ID CA-51,OU=PKI,OU=DoD,O=U.S. Government,C=US
22:51:01.715 [main] INFO org.keysupport.api.pkix.cache.DownloadAndVerifyAllPlaybookCRLs - CRL Signature verified: http://crl.disa.mil/crl/DODIDCA_51.crl
22:51:01.715 [main] INFO org.keysupport.api.pkix.cache.DownloadAndVerifyAllPlaybookCRLs - Downloading CRL data: http://crl.disa.mil/crl/DODIDCA_50.crl
22:51:01.740 [main] INFO org.keysupport.api.pkix.cache.DownloadAndVerifyAllPlaybookCRLs - HTTP fetch time: 25ms
22:51:01.741 [main] INFO org.keysupport.api.pkix.cache.DownloadAndVerifyAllPlaybookCRLs - File is 473 bytes in size
22:51:01.741 [main] INFO org.keysupport.api.pkix.cache.DownloadAndVerifyAllPlaybookCRLs - CRL Issuer: CN=DOD ID CA-50,OU=PKI,OU=DoD,O=U.S. Government,C=US
22:51:01.741 [main] INFO org.keysupport.api.pkix.cache.DownloadAndVerifyAllPlaybookCRLs - CRL thisUpdate: Tue Nov 29 06:00:00 EST 2022
22:51:01.741 [main] INFO org.keysupport.api.pkix.cache.DownloadAndVerifyAllPlaybookCRLs - CRL nextUpdate: Tue Nov 29 06:00:00 EST 2022
22:51:01.741 [main] INFO org.keysupport.api.pkix.cache.DownloadAndVerifyAllPlaybookCRLs - CRL Entries: 0
22:51:01.741 [main] INFO org.keysupport.api.pkix.cache.DownloadAndVerifyAllPlaybookCRLs - Found issuer in our intermediate store: CN=DOD ID CA-50,OU=PKI,OU=DoD,O=U.S. Government,C=US
22:51:01.742 [main] INFO org.keysupport.api.pkix.cache.DownloadAndVerifyAllPlaybookCRLs - CRL Signature verified: http://crl.disa.mil/crl/DODIDCA_50.crl
22:51:01.742 [main] INFO org.keysupport.api.pkix.cache.DownloadAndVerifyAllPlaybookCRLs - Downloading CRL data: http://crl.disa.mil/crl/DODIDCA_49.crl
22:51:01.759 [main] INFO org.keysupport.api.pkix.cache.DownloadAndVerifyAllPlaybookCRLs - HTTP fetch time: 17ms
22:51:01.760 [main] INFO org.keysupport.api.pkix.cache.DownloadAndVerifyAllPlaybookCRLs - File is 473 bytes in size
22:51:01.760 [main] INFO org.keysupport.api.pkix.cache.DownloadAndVerifyAllPlaybookCRLs - CRL Issuer: CN=DOD ID CA-49,OU=PKI,OU=DoD,O=U.S. Government,C=US
22:51:01.760 [main] INFO org.keysupport.api.pkix.cache.DownloadAndVerifyAllPlaybookCRLs - CRL thisUpdate: Tue Nov 29 07:00:00 EST 2022
22:51:01.760 [main] INFO org.keysupport.api.pkix.cache.DownloadAndVerifyAllPlaybookCRLs - CRL nextUpdate: Tue Nov 29 07:00:00 EST 2022
22:51:01.760 [main] INFO org.keysupport.api.pkix.cache.DownloadAndVerifyAllPlaybookCRLs - CRL Entries: 0
22:51:01.760 [main] INFO org.keysupport.api.pkix.cache.DownloadAndVerifyAllPlaybookCRLs - Found issuer in our intermediate store: CN=DOD ID CA-49,OU=PKI,OU=DoD,O=U.S. Government,C=US
22:51:01.760 [main] INFO org.keysupport.api.pkix.cache.DownloadAndVerifyAllPlaybookCRLs - CRL Signature verified: http://crl.disa.mil/crl/DODIDCA_49.crl
22:51:01.761 [main] INFO org.keysupport.api.pkix.cache.DownloadAndVerifyAllPlaybookCRLs - Downloading CRL data: http://sspweb.managed.entrust.com/CRLs/EMSSSPCA2.crl
22:51:03.592 [main] INFO org.keysupport.api.pkix.cache.DownloadAndVerifyAllPlaybookCRLs - HTTP fetch time: 1831ms
22:51:03.599 [main] INFO org.keysupport.api.pkix.cache.DownloadAndVerifyAllPlaybookCRLs - File is 24565419 bytes in size
22:51:03.599 [main] INFO org.keysupport.api.pkix.cache.DownloadAndVerifyAllPlaybookCRLs - CRL Issuer: OU=Entrust Managed Services SSP CA,OU=Certification Authorities,O=Entrust,C=US
22:51:03.599 [main] INFO org.keysupport.api.pkix.cache.DownloadAndVerifyAllPlaybookCRLs - CRL thisUpdate: Tue Nov 29 19:00:06 EST 2022
22:51:03.599 [main] INFO org.keysupport.api.pkix.cache.DownloadAndVerifyAllPlaybookCRLs - CRL nextUpdate: Tue Nov 29 19:00:06 EST 2022
22:51:04.042 [main] INFO org.keysupport.api.pkix.cache.DownloadAndVerifyAllPlaybookCRLs - CRL Entries: 1050244
22:51:04.042 [main] INFO org.keysupport.api.pkix.cache.DownloadAndVerifyAllPlaybookCRLs - Found issuer in our intermediate store: OU=Entrust Managed Services SSP CA,OU=Certification Authorities,O=Entrust,C=US
22:51:04.063 [main] INFO org.keysupport.api.pkix.cache.DownloadAndVerifyAllPlaybookCRLs - CRL Signature verified: http://sspweb.managed.entrust.com/CRLs/EMSSSPCA2.crl
22:51:04.063 [main] INFO org.keysupport.api.pkix.cache.DownloadAndVerifyAllPlaybookCRLs - Downloading CRL data: http://feddcsweb.managed.entrust.com/CRLs/FedDCSCA.crl
22:51:04.766 [main] INFO org.keysupport.api.pkix.cache.DownloadAndVerifyAllPlaybookCRLs - HTTP fetch time: 703ms
22:51:04.814 [main] INFO org.keysupport.api.pkix.cache.DownloadAndVerifyAllPlaybookCRLs - File is 8104285 bytes in size
22:51:04.814 [main] INFO org.keysupport.api.pkix.cache.DownloadAndVerifyAllPlaybookCRLs - CRL Issuer: CN=Entrust Derived Credential SSP CA,OU=Certification Authorities,O=Entrust,C=US
22:51:04.814 [main] INFO org.keysupport.api.pkix.cache.DownloadAndVerifyAllPlaybookCRLs - CRL thisUpdate: Tue Nov 29 20:29:22 EST 2022
22:51:04.814 [main] INFO org.keysupport.api.pkix.cache.DownloadAndVerifyAllPlaybookCRLs - CRL nextUpdate: Tue Nov 29 20:29:22 EST 2022
22:51:04.898 [main] INFO org.keysupport.api.pkix.cache.DownloadAndVerifyAllPlaybookCRLs - CRL Entries: 219031
22:51:04.898 [main] INFO org.keysupport.api.pkix.cache.DownloadAndVerifyAllPlaybookCRLs - Found issuer in our intermediate store: CN=Entrust Derived Credential SSP CA,OU=Certification Authorities,O=Entrust,C=US
22:51:04.907 [main] INFO org.keysupport.api.pkix.cache.DownloadAndVerifyAllPlaybookCRLs - CRL Signature verified: http://feddcsweb.managed.entrust.com/CRLs/FedDCSCA.crl
22:51:04.907 [main] INFO org.keysupport.api.pkix.cache.DownloadAndVerifyAllPlaybookCRLs - Downloading CRL data: http://hhspkicrl.managed.entrust.com/CRLs/HHSEntrustCA1.crl
22:51:08.875 [main] INFO org.keysupport.api.pkix.cache.DownloadAndVerifyAllPlaybookCRLs - HTTP fetch time: 3968ms
22:51:08.876 [main] INFO org.keysupport.api.pkix.cache.DownloadAndVerifyAllPlaybookCRLs - File is 7072917 bytes in size
22:51:08.876 [main] INFO org.keysupport.api.pkix.cache.DownloadAndVerifyAllPlaybookCRLs - CRL Issuer: CN=HHS-FPKI-Intermediate-CA-E1,OU=Certification Authorities,OU=HHS,O=U.S. Government,C=US
22:51:08.876 [main] INFO org.keysupport.api.pkix.cache.DownloadAndVerifyAllPlaybookCRLs - CRL thisUpdate: Tue Nov 29 22:06:53 EST 2022
22:51:08.876 [main] INFO org.keysupport.api.pkix.cache.DownloadAndVerifyAllPlaybookCRLs - CRL nextUpdate: Tue Nov 29 22:06:53 EST 2022
22:51:08.970 [main] INFO org.keysupport.api.pkix.cache.DownloadAndVerifyAllPlaybookCRLs - CRL Entries: 244075
22:51:08.971 [main] INFO org.keysupport.api.pkix.cache.DownloadAndVerifyAllPlaybookCRLs - Found issuer in our intermediate store: CN=HHS-FPKI-Intermediate-CA-E1,OU=Certification Authorities,OU=HHS,O=U.S. Government,C=US
22:51:08.977 [main] INFO org.keysupport.api.pkix.cache.DownloadAndVerifyAllPlaybookCRLs - CRL Signature verified: http://hhspkicrl.managed.entrust.com/CRLs/HHSEntrustCA1.crl
22:51:08.977 [main] INFO org.keysupport.api.pkix.cache.DownloadAndVerifyAllPlaybookCRLs - Downloading CRL data: http://pki.treasury.gov/NASA_Operational_CA3.crl
22:51:12.007 [main] INFO org.keysupport.api.pkix.cache.DownloadAndVerifyAllPlaybookCRLs - HTTP fetch time: 3030ms
22:51:12.021 [main] INFO org.keysupport.api.pkix.cache.DownloadAndVerifyAllPlaybookCRLs - File is 3951897 bytes in size
22:51:12.021 [main] INFO org.keysupport.api.pkix.cache.DownloadAndVerifyAllPlaybookCRLs - CRL Issuer: OU=NASA Operational CA,OU=Certification Authorities,OU=NASA,O=U.S. Government,C=US
22:51:12.021 [main] INFO org.keysupport.api.pkix.cache.DownloadAndVerifyAllPlaybookCRLs - CRL thisUpdate: Tue Nov 29 21:27:52 EST 2022
22:51:12.021 [main] INFO org.keysupport.api.pkix.cache.DownloadAndVerifyAllPlaybookCRLs - CRL nextUpdate: Tue Nov 29 21:27:52 EST 2022
22:51:12.077 [main] INFO org.keysupport.api.pkix.cache.DownloadAndVerifyAllPlaybookCRLs - CRL Entries: 106764
22:51:12.077 [main] INFO org.keysupport.api.pkix.cache.DownloadAndVerifyAllPlaybookCRLs - Found issuer in our intermediate store: OU=NASA Operational CA,OU=Certification Authorities,OU=NASA,O=U.S. Government,C=US
22:51:12.084 [main] INFO org.keysupport.api.pkix.cache.DownloadAndVerifyAllPlaybookCRLs - CRL Signature verified: http://pki.treasury.gov/NASA_Operational_CA3.crl
22:51:12.084 [main] INFO org.keysupport.api.pkix.cache.DownloadAndVerifyAllPlaybookCRLs - Downloading CRL data: http://onsite-crl.pki.digicert.com/USNuclearRegulatoryCommissionSSPPIVG3/LatestCRL.crl
22:51:12.581 [main] INFO org.keysupport.api.pkix.cache.DownloadAndVerifyAllPlaybookCRLs - HTTP fetch time: 497ms
22:51:12.581 [main] INFO org.keysupport.api.pkix.cache.DownloadAndVerifyAllPlaybookCRLs - File is 161451 bytes in size
22:51:12.581 [main] INFO org.keysupport.api.pkix.cache.DownloadAndVerifyAllPlaybookCRLs - CRL Issuer: CN=NRC SSP Agency CA G3,OU=U.S. Nuclear Regulatory Commission,O=U.S. Government,C=US
22:51:12.581 [main] INFO org.keysupport.api.pkix.cache.DownloadAndVerifyAllPlaybookCRLs - CRL thisUpdate: Tue Nov 29 19:51:12 EST 2022
22:51:12.581 [main] INFO org.keysupport.api.pkix.cache.DownloadAndVerifyAllPlaybookCRLs - CRL nextUpdate: Tue Nov 29 19:51:12 EST 2022
22:51:12.583 [main] INFO org.keysupport.api.pkix.cache.DownloadAndVerifyAllPlaybookCRLs - CRL Entries: 3840
22:51:12.584 [main] INFO org.keysupport.api.pkix.cache.DownloadAndVerifyAllPlaybookCRLs - Found issuer in our intermediate store: CN=NRC SSP Agency CA G3,OU=U.S. Nuclear Regulatory Commission,O=U.S. Government,C=US
22:51:12.585 [main] INFO org.keysupport.api.pkix.cache.DownloadAndVerifyAllPlaybookCRLs - CRL Signature verified: http://onsite-crl.pki.digicert.com/USNuclearRegulatoryCommissionSSPPIVG3/LatestCRL.crl
22:51:12.585 [main] INFO org.keysupport.api.pkix.cache.DownloadAndVerifyAllPlaybookCRLs - Downloading CRL data: http://onsite-crl.pki.digicert.com/USSenateSSPPIVIG4PROD/LatestCRL.crl
22:51:12.773 [main] INFO org.keysupport.api.pkix.cache.DownloadAndVerifyAllPlaybookCRLs - HTTP fetch time: 188ms
22:51:12.774 [main] INFO org.keysupport.api.pkix.cache.DownloadAndVerifyAllPlaybookCRLs - File is 20566 bytes in size
22:51:12.774 [main] INFO org.keysupport.api.pkix.cache.DownloadAndVerifyAllPlaybookCRLs - CRL Issuer: CN=Senate PIV-I CA G4,OU=Office of the Sergeant at Arms,OU=U.S. Senate,O=U.S. Government,C=US
22:51:12.774 [main] INFO org.keysupport.api.pkix.cache.DownloadAndVerifyAllPlaybookCRLs - CRL thisUpdate: Tue Nov 29 19:51:12 EST 2022
22:51:12.774 [main] INFO org.keysupport.api.pkix.cache.DownloadAndVerifyAllPlaybookCRLs - CRL nextUpdate: Tue Nov 29 19:51:12 EST 2022
22:51:12.774 [main] INFO org.keysupport.api.pkix.cache.DownloadAndVerifyAllPlaybookCRLs - CRL Entries: 486
22:51:12.774 [main] INFO org.keysupport.api.pkix.cache.DownloadAndVerifyAllPlaybookCRLs - Found issuer in our intermediate store: CN=Senate PIV-I CA G4,OU=Office of the Sergeant at Arms,OU=U.S. Senate,O=U.S. Government,C=US
22:51:12.775 [main] INFO org.keysupport.api.pkix.cache.DownloadAndVerifyAllPlaybookCRLs - CRL Signature verified: http://onsite-crl.pki.digicert.com/USSenateSSPPIVIG4PROD/LatestCRL.crl
22:51:12.775 [main] INFO org.keysupport.api.pkix.cache.DownloadAndVerifyAllPlaybookCRLs - Downloading CRL data: http://pki.treasury.gov/SSA_CA2.crl
22:51:13.364 [main] INFO org.keysupport.api.pkix.cache.DownloadAndVerifyAllPlaybookCRLs - HTTP fetch time: 589ms
22:51:13.364 [main] INFO org.keysupport.api.pkix.cache.DownloadAndVerifyAllPlaybookCRLs - File is 2228663 bytes in size
22:51:13.364 [main] INFO org.keysupport.api.pkix.cache.DownloadAndVerifyAllPlaybookCRLs - CRL Issuer: OU=Social Security Administration Certification Authority,OU=SSA,O=U.S. Government,C=US
22:51:13.364 [main] INFO org.keysupport.api.pkix.cache.DownloadAndVerifyAllPlaybookCRLs - CRL thisUpdate: Tue Nov 29 21:37:47 EST 2022
22:51:13.364 [main] INFO org.keysupport.api.pkix.cache.DownloadAndVerifyAllPlaybookCRLs - CRL nextUpdate: Tue Nov 29 21:37:47 EST 2022
22:51:13.400 [main] INFO org.keysupport.api.pkix.cache.DownloadAndVerifyAllPlaybookCRLs - CRL Entries: 60122
22:51:13.400 [main] INFO org.keysupport.api.pkix.cache.DownloadAndVerifyAllPlaybookCRLs - Found issuer in our intermediate store: OU=Social Security Administration Certification Authority,OU=SSA,O=U.S. Government,C=US
22:51:13.405 [main] INFO org.keysupport.api.pkix.cache.DownloadAndVerifyAllPlaybookCRLs - CRL Signature verified: http://pki.treasury.gov/SSA_CA2.crl
22:51:13.405 [main] INFO org.keysupport.api.pkix.cache.DownloadAndVerifyAllPlaybookCRLs - Downloading CRL data: http://pki.treasury.gov/OCIO_CA4.crl
22:51:15.852 [main] INFO org.keysupport.api.pkix.cache.DownloadAndVerifyAllPlaybookCRLs - HTTP fetch time: 2447ms
22:51:15.853 [main] INFO org.keysupport.api.pkix.cache.DownloadAndVerifyAllPlaybookCRLs - File is 5445405 bytes in size
22:51:15.853 [main] INFO org.keysupport.api.pkix.cache.DownloadAndVerifyAllPlaybookCRLs - CRL Issuer: OU=OCIO CA,OU=Certification Authorities,OU=Department of the Treasury,O=U.S. Government,C=US
22:51:15.854 [main] INFO org.keysupport.api.pkix.cache.DownloadAndVerifyAllPlaybookCRLs - CRL thisUpdate: Tue Nov 29 19:01:29 EST 2022
22:51:15.854 [main] INFO org.keysupport.api.pkix.cache.DownloadAndVerifyAllPlaybookCRLs - CRL nextUpdate: Tue Nov 29 19:01:29 EST 2022
22:51:15.913 [main] INFO org.keysupport.api.pkix.cache.DownloadAndVerifyAllPlaybookCRLs - CRL Entries: 147159
22:51:15.913 [main] INFO org.keysupport.api.pkix.cache.DownloadAndVerifyAllPlaybookCRLs - Found issuer in our intermediate store: OU=OCIO CA,OU=Certification Authorities,OU=Department of the Treasury,O=U.S. Government,C=US
22:51:15.918 [main] INFO org.keysupport.api.pkix.cache.DownloadAndVerifyAllPlaybookCRLs - CRL Signature verified: http://pki.treasury.gov/OCIO_CA4.crl
22:51:15.918 [main] INFO org.keysupport.api.pkix.cache.DownloadAndVerifyAllPlaybookCRLs - Downloading CRL data: http://onsite-crl.pki.digicert.com/USDepartmentofEducationDoEDG4PIV/LatestCRL.crl
22:51:16.569 [main] INFO org.keysupport.api.pkix.cache.DownloadAndVerifyAllPlaybookCRLs - HTTP fetch time: 651ms
22:51:16.570 [main] INFO org.keysupport.api.pkix.cache.DownloadAndVerifyAllPlaybookCRLs - File is 254252 bytes in size
22:51:16.570 [main] INFO org.keysupport.api.pkix.cache.DownloadAndVerifyAllPlaybookCRLs - CRL Issuer: CN=U.S. Department of Education Agency CA - G4,OU=U.S. Department of Education,O=U.S. Government,C=US
22:51:16.570 [main] INFO org.keysupport.api.pkix.cache.DownloadAndVerifyAllPlaybookCRLs - CRL thisUpdate: Tue Nov 29 19:51:00 EST 2022
22:51:16.570 [main] INFO org.keysupport.api.pkix.cache.DownloadAndVerifyAllPlaybookCRLs - CRL nextUpdate: Tue Nov 29 19:51:00 EST 2022
22:51:16.574 [main] INFO org.keysupport.api.pkix.cache.DownloadAndVerifyAllPlaybookCRLs - CRL Entries: 5790
22:51:16.575 [main] INFO org.keysupport.api.pkix.cache.DownloadAndVerifyAllPlaybookCRLs - Found issuer in our intermediate store: CN=U.S. Department of Education Agency CA - G4,OU=U.S. Department of Education,O=U.S. Government,C=US
22:51:16.576 [main] INFO org.keysupport.api.pkix.cache.DownloadAndVerifyAllPlaybookCRLs - CRL Signature verified: http://onsite-crl.pki.digicert.com/USDepartmentofEducationDoEDG4PIV/LatestCRL.crl
22:51:16.576 [main] INFO org.keysupport.api.pkix.cache.DownloadAndVerifyAllPlaybookCRLs - Downloading CRL data: http://crls.pki.state.gov/crls/DoSADPKIPIVCA2.crl
22:51:22.043 [main] INFO org.keysupport.api.pkix.cache.DownloadAndVerifyAllPlaybookCRLs - HTTP fetch time: 5467ms
22:51:22.044 [main] INFO org.keysupport.api.pkix.cache.DownloadAndVerifyAllPlaybookCRLs - File is 3959205 bytes in size
22:51:22.044 [main] INFO org.keysupport.api.pkix.cache.DownloadAndVerifyAllPlaybookCRLs - CRL Issuer: OU=U.S. Department of State PIV CA2,OU=Certification Authorities,OU=PIV,OU=Department of State,O=U.S. Government,C=US
22:51:22.044 [main] INFO org.keysupport.api.pkix.cache.DownloadAndVerifyAllPlaybookCRLs - CRL thisUpdate: Tue Nov 29 17:12:08 EST 2022
22:51:22.044 [main] INFO org.keysupport.api.pkix.cache.DownloadAndVerifyAllPlaybookCRLs - CRL nextUpdate: Tue Nov 29 17:12:08 EST 2022
22:51:22.085 [main] INFO org.keysupport.api.pkix.cache.DownloadAndVerifyAllPlaybookCRLs - CRL Entries: 105569
22:51:22.085 [main] INFO org.keysupport.api.pkix.cache.DownloadAndVerifyAllPlaybookCRLs - Found issuer in our intermediate store: OU=U.S. Department of State PIV CA2,OU=Certification Authorities,OU=PIV,OU=Department of State,O=U.S. Government,C=US
22:51:22.090 [main] INFO org.keysupport.api.pkix.cache.DownloadAndVerifyAllPlaybookCRLs - CRL Signature verified: http://crls.pki.state.gov/crls/DoSADPKIPIVCA2.crl
22:51:22.090 [main] INFO org.keysupport.api.pkix.cache.DownloadAndVerifyAllPlaybookCRLs - Downloading CRL data: http://onsite-crl.pki.digicert.com/USDepartmentofTransportationFAAPIVG4/LatestCRL.crl
22:51:27.708 [main] INFO org.keysupport.api.pkix.cache.DownloadAndVerifyAllPlaybookCRLs - HTTP fetch time: 5618ms
22:51:27.729 [main] INFO org.keysupport.api.pkix.cache.DownloadAndVerifyAllPlaybookCRLs - File is 3724588 bytes in size
22:51:27.729 [main] INFO org.keysupport.api.pkix.cache.DownloadAndVerifyAllPlaybookCRLs - CRL Issuer: CN=U.S. Department of Transportation Agency CA G4,OU=U.S. Department of Transportation,O=U.S. Government,C=US
22:51:27.729 [main] INFO org.keysupport.api.pkix.cache.DownloadAndVerifyAllPlaybookCRLs - CRL thisUpdate: Tue Nov 29 19:51:05 EST 2022
22:51:27.729 [main] INFO org.keysupport.api.pkix.cache.DownloadAndVerifyAllPlaybookCRLs - CRL nextUpdate: Tue Nov 29 19:51:05 EST 2022
22:51:27.758 [main] INFO org.keysupport.api.pkix.cache.DownloadAndVerifyAllPlaybookCRLs - CRL Entries: 93590
22:51:27.759 [main] INFO org.keysupport.api.pkix.cache.DownloadAndVerifyAllPlaybookCRLs - Found issuer in our intermediate store: CN=U.S. Department of Transportation Agency CA G4,OU=U.S. Department of Transportation,O=U.S. Government,C=US
22:51:27.762 [main] INFO org.keysupport.api.pkix.cache.DownloadAndVerifyAllPlaybookCRLs - CRL Signature verified: http://onsite-crl.pki.digicert.com/USDepartmentofTransportationFAAPIVG4/LatestCRL.crl
22:51:27.762 [main] INFO org.keysupport.api.pkix.cache.DownloadAndVerifyAllPlaybookCRLs - Total number of revoked certificates: 7950767
22:51:27.762 [main] INFO org.keysupport.api.pkix.cache.DownloadAndVerifyAllPlaybookCRLs - Total number of CRL Bytes: 221296488
